www.sesa10.go.th
www.sesa10.sesa10.go.th
www.sesa10.go.th
www.mhc10.go.th
www.sesa20.go.th
www.office.sesa20.go.th
www.myoffice.sesa20.go.th
www.myoffice.sesa20.go.th
www.phone.sesa20.go.th
www.phone.sesa20.go.th
www.linux.sesa20.go.th
www.linux.sesa20.go.th
www.sesao30.go.th
www.km.sesao30.go.th
www.sesao30.go.th
www.sec40.go.th
www.ns1.sec40.go.th
www.ns.sec40.go.th
www.nongphok101.go.th
www.mail.nongphok101.go.th
www.nongphok101.go.th
www.nom101.go.th
www.mail.nom101.go.th
www.nom101.go.th
www.khonkaen101.go.th
www.mail.khonkaen101.go.th
www.policeforensics01.go.th
www.webdisk.policeforensics01.go.th
www.cpanel.policeforensics01.go.th
www.webmail.policeforensics01.go.th
www.1111.go.th
www.web1.1111.go.th
www.mail2.1111.go.th
www.mail.1111.go.th
www.opm.1111.go.th
www.1111.go.th
www.ns2.rdc11.go.th
www.rdc11.go.th
www.hpc11.go.th
www.hpc11.go.th
www.ns1.reo11.go.th
www.reo11.go.th
www.ns1.secondary11.go.th
www.secondary11.go.th
www.sesao21.go.th
www.sesao21.go.th
www.mattayom31.go.th
www.bpp41.go.th
www.mail.bpp41.go.th
www.bpp41.go.th
www.secondary41.go.th
www.mail.secondary41.go.th
www.ns.secondary41.go.th
www.chiangmaiarea1.go.th
www.chiangmaiarea1.go.th
www.mkarea1.go.th
www.mkarea1.go.th
www.surinarea1.go.th
www.sakonarea1.go.th
www.ns1.sakonarea1.go.th
www.ska1.go.th
www.plan.ska1.go.th
www.ska1.go.th
www.yala1.go.th
www.me-office.yala1.go.th
www.smart.yala1.go.th
www.yala1.go.th
www.takesa1.go.th
www.takesa1.go.th
www.aya1.go.th
www.mail.aya1.go.th
www.km.aya1.go.th
www.mail.km.aya1.go.th
www.admin.aya1.go.th
www.amss.aya1.go.th
www.mail.amss.aya1.go.th
www.aya1.go.th
www.nb1.go.th
www.srb1.go.th
www.mail.srb1.go.th
www.srb1.go.th
www.hpc1.go.th
www.ns1.hpc1.go.th
www.cloud.hpc1.go.th
www.mail.hpc1.go.th
www.webapp.hpc1.go.th
www.csd1.go.th
www.utd1.go.th
www.ns1.utd1.go.th
www.ict1.utd1.go.th
www.audutd.utd1.go.th
www.ank.utd1.go.th
www.supplies.utd1.go.th
www.utd1.go.th
www.phrae1.go.th
www.phrae1.go.th
www.police1.go.th
www.kkzone1.go.th
www.db.kkzone1.go.th
www.clound.kkzone1.go.th
