www.mail.phd2000.co.th
www.kuthong2000.co.th
www.mail.kuthong2000.co.th
www.kuthong2000.co.th
www.hh2000.co.th
www.webdisk.hh2000.co.th
www.cpanel.hh2000.co.th
www.webmail.hh2000.co.th
www.bics2000.co.th
www.systems2000.co.th
www.mail.systems2000.co.th
www.systems2000.co.th
www.4x100.co.th
www.8300.co.th
www.plus500.co.th
www.gen10.co.th
www.ns1.gen10.co.th
www.mail.ns1.gen10.co.th
www.ns2.gen10.co.th
www.vwlan.gen10.co.th
www.x10.co.th
www.libra40.co.th
www.asia360.co.th
www.vision360.co.th
www.mail.vision360.co.th
www.vision360.co.th
www.studio360.co.th
www.webdisk.studio360.co.th
www.cpanel.studio360.co.th
www.webmail.studio360.co.th
www.mce60.co.th
www.webmail.mce60.co.th
www.mce60.co.th
www.to70.co.th
www.adsb.to70.co.th
www.to70.co.th
www.eksuwankased2001.co.th
www.eksuwankased2001.co.th
www.lnet2001.co.th
www.mail.lnet2001.co.th
www.yoga101.co.th
www.webdisk.yoga101.co.th
www.cpanel.yoga101.co.th
www.webmail.yoga101.co.th
www.autodiscover.yoga101.co.th
www.cafe101.co.th
www.mail.cafe101.co.th
www.campus101.co.th
www.campus101.co.th
www.intrenddesign2011.co.th
www.chiq-511.co.th
www.ns1.chiq-511.co.th
www.ns2.chiq-511.co.th
www.mail.chiq-511.co.th
www.webmail.chiq-511.co.th
www.e-invitation.chiq-511.co.th
www.911.co.th
www.911.co.th
www.club21.co.th
www.communique.club21.co.th
www.training.club21.co.th
www.mail.club21.co.th
www.est.club21.co.th
www.mdw.club21.co.th
www.mail.c21.co.th
www.i21.co.th
www.i21.co.th
www.terminal21.co.th
www.mail.terminal21.co.th
www.terminal21.co.th
www.bio21.co.th
www.webdisk.bio21.co.th
www.cpanel.bio21.co.th
www.webmail.bio21.co.th
www.app21.co.th
www.century21.co.th
www.mail.century21.co.th
www.century21.co.th
www.strong1961.co.th
www.mail.strong1961.co.th
www.terrace61.co.th
www.ns.terrace61.co.th
www.d1.co.th
www.d1.co.th
www.space1.co.th
www.the1.co.th
www.measure1.co.th
www.mail.measure1.co.th
www.measure1.co.th
www.yg1.co.th
www.ns.yg1.co.th
www.h1.co.th
www.mail.h1.co.th
www.al1.co.th
www.mail.al1.co.th
www.al1.co.th
www.mobil1.co.th
www.no1.co.th
www.t.no1.co.th
www.no1.co.th
