www.sbr22.mi.th
www.mail.sbr22.mi.th
www.mtb42.mi.th
www.mail.mtb42.mi.th
www.mtb42.mi.th
www.ns2.army2.mi.th
www.army2.mi.th
www.ns3.army2.mi.th
www.km.army2.mi.th
www.km.army2.mi.th
www.pr.army2.mi.th
www.post.army2.mi.th
www.army2.mi.th
www.km.army3.mi.th
www.army3.mi.th
www.rta.mi.th
www.ns1.rta.mi.th
www.army1.rta.mi.th
www.ns2.rta.mi.th
www.pdx2.rta.mi.th
www.ns3.rta.mi.th
www.army3.rta.mi.th
www.e-k9.rta.mi.th
www.doca.rta.mi.th
www.buddha.rta.mi.th
www.e-crma.rta.mi.th
www.oac.rta.mi.th
www.learn-oac.rta.mi.th
www.aadc.rta.mi.th
www.e-music.rta.mi.th
www.e-qmc.rta.mi.th
www.sync.rta.mi.th
www.aadoc.rta.mi.th
www.e-arc.rta.mi.th
www.cgsc.rta.mi.th
www.e-cgsc.rta.mi.th
www.e-learningsc.rta.mi.th
www.aisc.rta.mi.th
www.atc.rta.mi.th
www.mtc.rta.mi.th
www.e-mtc.rta.mi.th
www.e-awc.rta.mi.th
www.swc.rta.mi.th
www.e-swc.rta.mi.th
www.aaad.rta.mi.th
www.e-odd.rta.mi.th
www.e-med.rta.mi.th
www.arcmd.rta.mi.th
www.prpd.rta.mi.th
www.signal102.cloud.rta.mi.th
www.army1012.cloud.rta.mi.th
www.umd.cloud.rta.mi.th
www.armykrabi.cloud.rta.mi.th
www.artyschool.cloud.rta.mi.th
www.cavalry10km.cloud.rta.mi.th
www.signalkm.cloud.rta.mi.th
www.pm.cloud.rta.mi.th
www.dop.cloud.rta.mi.th
www.arty.cloud.rta.mi.th
www.smartoffice.rta.mi.th
www.e-science.rta.mi.th
www.expe.rta.mi.th
www.e-inf.rta.mi.th
www.dop-learning.rta.mi.th
www.e-log.rta.mi.th
www.armysmarthealth.rta.mi.th
www.armysmarthealth.rta.mi.th
www.doi.rta.mi.th
www.learn-doi.rta.mi.th
www.e-avi.rta.mi.th
www.edj.rta.mi.th
www.chemical.rta.mi.th
www.e-animal.rta.mi.th
www.signal.rta.mi.th
www.e-signal.rta.mi.th
www.e-civil.rta.mi.th
www.rtaol.rta.mi.th
www.agschool.rta.mi.th
www.artyschool.rta.mi.th
www.km.rta.mi.th
www.chaplain.km.rta.mi.th
www.3ascom.rta.mi.th
www.swcom.rta.mi.th
www.infoasean.rta.mi.th
www.plan.rta.mi.th
www.e-person.rta.mi.th
www.cloudvpn.rta.mi.th
www.e-nco.rta.mi.th
www.doo.rta.mi.th
www.e-mp.rta.mi.th
www.dop.rta.mi.th
www.cyber.rta.mi.th
www.e-border.rta.mi.th
www.e-engineer.rta.mi.th
www.artycenter.rta.mi.th
www.e-doctor.rta.mi.th
www.armypr.rta.mi.th
www.logistics.rta.mi.th
www.armywives.rta.mi.th
www.dlogs.rta.mi.th
