www.studio5000.in.th
www.yume100.in.th
www.yume100.in.th
www.top100.in.th
www.mail.top100.in.th
www.top100.in.th
www.400.in.th
www.2600.in.th
www.top10.in.th
www.webdisk.top10.in.th
www.cpanel.top10.in.th
www.webmail.top10.in.th
www.autodiscover.top10.in.th
www.360.in.th
www.mail.360.in.th
www.ftp.360.in.th
www.360.in.th
www.pano360.in.th
www.mail.pano360.in.th
www.trp2001.in.th
www.mail.trp2001.in.th
www.vi101.in.th
www.mail.vi101.in.th
www.vi101.in.th
www.digital101.in.th
www.digital101.in.th
www.ns1.nakorn11.in.th
www.kmsecondary21.in.th
www.mail.kmsecondary21.in.th
www.kmsecondary21.in.th
www.webmail.oasis91.in.th
www.formula1.in.th
www.f1.in.th
www.f1.in.th
www.bkk1.in.th
www.bkk1.in.th
www.thaischool1.in.th
www.10106510.thaischool1.in.th
www.86101020.thaischool1.in.th
www.34106420.thaischool1.in.th
www.31100430.thaischool1.in.th
www.43104070.thaischool1.in.th
www.73100470.thaischool1.in.th
www.62100970.thaischool1.in.th
www.74100701.thaischool1.in.th
www.20020011.thaischool1.in.th
www.10105751.thaischool1.in.th
www.ns1.thaischool1.in.th
www.66104002.thaischool1.in.th
www.37102102.thaischool1.in.th
www.45106022.thaischool1.in.th
www.64100352.thaischool1.in.th
www.94102652.thaischool1.in.th
www.86101882.thaischool1.in.th
www.ns2.thaischool1.in.th
www.33101103.thaischool1.in.th
www.64100893.thaischool1.in.th
www.12100584.thaischool1.in.th
www.80100685.thaischool1.in.th
www.66105106.thaischool1.in.th
www.66100446.thaischool1.in.th
www.23100217.thaischool1.in.th
www.51103187.thaischool1.in.th
www.54100288.thaischool1.in.th
www.13101249.thaischool1.in.th
www.47101659.thaischool1.in.th
www.57105169.thaischool1.in.th
www.khoksrimuang.thaischool1.in.th
www.pcctrg.thaischool1.in.th
www.aupk.thaischool1.in.th
www.mail.thaischool1.in.th
www.laotonglangschool.thaischool1.in.th
www.phrapathom.thaischool1.in.th
www.nongkrabian.thaischool1.in.th
www.kp.thaischool1.in.th
www.vts.thaischool1.in.th
www.thaischool1.in.th
www.mta-h1z1.in.th
www.dlit.sesao32.in.th
www.witent352.in.th
www.ns1.witent352.in.th
www.ns2.witent352.in.th
www.mail.witent352.in.th
www.dota2.in.th
www.lineage2.in.th
www.tf2.in.th
www.kuf2.in.th
www.k2.in.th
www.l2.in.th
www.mail.l2.in.th
www.kkn2.in.th
www.mail.kkn2.in.th
www.miracleballoon2.in.th
www.mail.miracleballoon2.in.th
www.miracleballoon2.in.th
www.bs2.in.th
www.ns2.in.th
www.12sky2.in.th
www.ts-3.in.th
www.astronet.13.in.th
