www.ioi2011.or.th
www.suanluangrama9.or.th
www.suanluangrama9.or.th
www.iaa.or.th
www.mmaa.or.th
www.bsaa.or.th
www.webdisk.bsaa.or.th
www.cpanel.bsaa.or.th
www.webmail.bsaa.or.th
www.taa.or.th
www.taa.or.th
www.ttaa.or.th
www.member.ttaa.or.th
www.ttaa.or.th
www.auaa.or.th
www.taba.or.th
www.mail.taba.or.th
www.taba.or.th
www.tabba.or.th
www.mail.tabba.or.th
www.cba.or.th
www.mail.cba.or.th
www.dba.or.th
www.dba.or.th
www.treba.or.th
www.mail.treba.or.th
www.treba.or.th
www.thba.or.th
www.mail.thba.or.th
www.thba.or.th
www.tiba.or.th
www.mail.tiba.or.th
www.tiba.or.th
www.tpba.or.th
www.tpba.or.th
www.tsba.or.th
www.mail.tsba.or.th
www.tba.or.th
www.ttba.or.th
www.ttba.or.th
www.tbca.or.th
www.mail.tbca.or.th
www.ns.tbca.or.th
www.eca.or.th
www.mail.eca.or.th
www.eca.or.th
www.reca.or.th
www.tica.or.th
www.pmca.or.th
www.tca.or.th
www.mail.tca.or.th
www.tca.or.th
www.thaitca.or.th
www.acf5.thaitca.or.th
www.cmtca.or.th
www.cmtca.or.th
www.tvca.or.th
www.mail.tvca.or.th
www.tvca.or.th
www.pada.or.th
www.des.cda.or.th
www.cda.or.th
www.tcda.or.th
www.neda.or.th
www.neda.or.th
www.oseda.or.th
www.webdisk.oseda.or.th
www.cpanel.oseda.or.th
www.webmail.oseda.or.th
www.autodiscover.oseda.or.th
www.oseda.or.th
www.ipida.or.th
www.mail.ipida.or.th
www.ipida.or.th
www.tida.or.th
www.tida.or.th
www.pda.or.th
www.pda.or.th
www.tpda.or.th
www.arda.or.th
www.research.arda.or.th
www.email.arda.or.th
www.ten.arda.or.th
www.tarr.arda.or.th
www.dspace.tarr.arda.or.th
www.pdms.arda.or.th
www.epms.arda.or.th
www.arda.or.th
www.tda.or.th
www.ns.tda.or.th
www.etda.or.th
www.ns1.etda.or.th
www.ns2.etda.or.th
www.dcdzitpmx03.etda.or.th
www.oa.etda.or.th
www.standard.etda.or.th
www.ecatalogue.etda.or.th
www.vending.etda.or.th
www.meeting.etda.or.th
www.epi.etda.or.th
