www.ioi2011.or.th
www.suanluangrama9.or.th
www.suanluangrama9.or.th
www.iaa.or.th
www.mmaa.or.th
www.bsaa.or.th
www.webdisk.bsaa.or.th
www.cpanel.bsaa.or.th
www.webmail.bsaa.or.th
www.taa.or.th
www.taa.or.th
www.ttaa.or.th
www.member.ttaa.or.th
www.ttaa.or.th
www.auaa.or.th
www.taba.or.th
www.mail.taba.or.th
www.taba.or.th
www.tabba.or.th
www.mail.tabba.or.th
www.cba.or.th
www.mail.cba.or.th
www.dba.or.th
www.dba.or.th
www.treba.or.th
www.mail.treba.or.th
www.treba.or.th
www.thba.or.th
www.mail.thba.or.th
www.thba.or.th
www.tiba.or.th
www.mail.tiba.or.th
www.tiba.or.th
www.tpba.or.th
www.tpba.or.th
www.tsba.or.th
www.mail.tsba.or.th
www.tba.or.th
www.ttba.or.th
www.ttba.or.th
www.tbca.or.th
www.mail.tbca.or.th
www.ns.tbca.or.th
www.eca.or.th
www.mail.eca.or.th
www.eca.or.th
www.reca.or.th
www.tica.or.th
www.pmca.or.th
www.tca.or.th
www.mail.tca.or.th
www.tca.or.th
www.thaitca.or.th
www.acf5.thaitca.or.th
www.cmtca.or.th
www.cmtca.or.th
www.tvca.or.th
www.mail.tvca.or.th
www.tvca.or.th
www.pada.or.th
www.des.cda.or.th
www.cda.or.th
www.tcda.or.th
www.neda.or.th
www.neda.or.th
www.oseda.or.th
www.webdisk.oseda.or.th
www.cpanel.oseda.or.th
www.webmail.oseda.or.th
www.autodiscover.oseda.or.th
www.oseda.or.th
www.ipida.or.th
www.mail.ipida.or.th
www.ipida.or.th
www.tida.or.th
www.tida.or.th
www.pda.or.th
www.pda.or.th
www.tpda.or.th
www.arda.or.th
www.research.arda.or.th
www.email.arda.or.th
www.ten.arda.or.th
www.tarr.arda.or.th
www.dspace.tarr.arda.or.th
www.pdms.arda.or.th
www.epms.arda.or.th
www.arda.or.th
www.tda.or.th
www.ns.tda.or.th
www.etda.or.th
www.ns1.etda.or.th
www.ns2.etda.or.th
www.dcdzitpmx03.etda.or.th
www.oa.etda.or.th
www.standard.etda.or.th
www.ecatalogue.etda.or.th
www.vending.etda.or.th
www.meeting.etda.or.th
www.epi.etda.or.th
www.imangmoom.etda.or.th
www.ictlawcenter.etda.or.th
www.d3itmailgw.etda.or.th
www.etda.or.th
www.survey.etda.or.th
www.gistda.or.th
www.ns1.gistda.or.th
www.gw1.gistda.or.th
www.acrs2012.gistda.or.th
www.change2.gistda.or.th
www.floodv2.gistda.or.th
www.firev2.gistda.or.th
www.droughtv2.gistda.or.th
www.gw2.gistda.or.th
www.gistda.or.th
www.cospar2013.gistda.or.th
www.gw3.gistda.or.th
www.vossca.gistda.or.th
www.artsa.gistda.or.th
www.dgab.gistda.or.th
www.eecweb.gistda.or.th
www.hammerhead.gistda.or.th
www.change-backend.gistda.or.th
www.flood.gistda.or.th
www.rice.gistda.or.th
www.landslide.gistda.or.th
www.mongle.gistda.or.th
www.tile.gistda.or.th
www.order-online.gistda.or.th
www.agonline.gistda.or.th
www.forestfire.gistda.or.th
www.spacecourse.gistda.or.th
www.training.gistda.or.th
www.elearning.gistda.or.th
www.geoinfotech.gistda.or.th
www.eecbi.gistda.or.th
www.thaisdi.gistda.or.th
www.scgi.gistda.or.th
www.suvarnabhumi.gistda.or.th
www.eecapi.gistda.or.th
www.gsocial.gistda.or.th
www.terminal.gistda.or.th
www.gistdaportal.gistda.or.th
www.giportal.gistda.or.th
www.gisportal.gistda.or.th
www.fram.gistda.or.th
www.gotm.gistda.or.th
www.spaceinspirium.gistda.or.th
www.ocean.gistda.or.th
www.portaltrain.gistda.or.th
www.learn.gistda.or.th
www.jun.gistda.or.th
www.eo.gistda.or.th
www.mapgeo.gistda.or.th
www.go.gistda.or.th
www.g-agro.gistda.or.th
www.gisagro.gistda.or.th
www.skp.gistda.or.th
www.mail.skp.gistda.or.th
www.coastalradar.gistda.or.th
www.gisqr.gistda.or.th
www.gservices.gistda.or.th
www.gs.gistda.or.th
www.eecvallaris.gistda.or.th
www.fms.gistda.or.th
www.tms.gistda.or.th
www.eocns.gistda.or.th
www.sophos.gistda.or.th
www.gmos.gistda.or.th
www.eecmaps.gistda.or.th
www.gnss.gistda.or.th
www.dt.gistda.or.th
www.forest.gistda.or.th
www.w3w.gistda.or.th
www.gistda.or.th
www.library.gistda.or.th
www.nstda.or.th
www.ns1.nstda.or.th
www.ns2.nstda.or.th
www.rdsurvey2.nstda.or.th
www.ns3.nstda.or.th
www.ns4.nstda.or.th
www.spnbar1a.nstda.or.th
www.usada.nstda.or.th
www.maeda.nstda.or.th
www.romania.nstda.or.th
www.belka.nstda.or.th
www.strelka.nstda.or.th
www.mandela.nstda.or.th
www.chocola.nstda.or.th
www.isisweb.intra.nstda.or.th
www.docker-test.intra.nstda.or.th
www.mechazawa.nstda.or.th
www.spasskaya.nstda.or.th
www.spnbar1b.nstda.or.th
www.drobar1b.nstda.or.th
www.spnbar2b.nstda.or.th
www.rbdweb.nstda.or.th
www.mooc.nstda.or.th
www.openid.nstda.or.th
www.vae.nstda.or.th
www.ukraine.nstda.or.th
www.crasm.rdconline.nstda.or.th
www.restm.rdconline.nstda.or.th
www.test.rdconline.nstda.or.th
www.rdconline.nstda.or.th
www.bookstore.nstda.or.th
www.e-meeting.nstda.or.th
www.i.nstda.or.th
www.wlan.wifi.nstda.or.th
www.tsp.wifi.nstda.or.th
www.gori.nstda.or.th
www.mail.nstda.or.th
www.crowmail.nstda.or.th
www.ssl.nstda.or.th
www.m.nstda.or.th
www.trojan.nstda.or.th
www.laughingman.nstda.or.th
www.saipan.nstda.or.th
www.ns1.nn.nstda.or.th
www.ns2.nn.nstda.or.th
www.nn.nstda.or.th
www.redgown.nstda.or.th
www.correo.nstda.or.th
www.eskimo.nstda.or.th
www.sso.nstda.or.th
www.fujimoto.nstda.or.th
www.itap.nstda.or.th
www.mobileapp.nstda.or.th
www.ismtp.nstda.or.th
www.osmtp.nstda.or.th
www.zanzibar.nstda.or.th
www.stscholar.nstda.or.th
www.waa.inter.nstda.or.th
www.wlba.inter.nstda.or.th
www.saprouter.nstda.or.th
www.nnr.nstda.or.th
www.ns1.nnr.nstda.or.th
www.ns2.nnr.nstda.or.th
www.datacenter.nnr.nstda.or.th
www.v.nnr.nstda.or.th
www.nnr.nstda.or.th
www.rds.nstda.or.th
www.dentiis.nstda.or.th
www.iris.nstda.or.th
www.access.nstda.or.th
www.stainless.nstda.or.th
www.harriet.nstda.or.th
www.entnet.nstda.or.th
www.mcu.nstda.or.th
www.gw.nstda.or.th
www.cogw.nstda.or.th
www.nstda.or.th
www.pbx.nstda.or.th
www.mybox.nstda.or.th
www.smallpox.nstda.or.th
www.teddy.nstda.or.th
www.rdsurvey.nstda.or.th
www.wiggily.nstda.or.th
www.tuda.or.th
www.mail.tuda.or.th
www.ns.tuda.or.th
www.cea.or.th
www.tcea.or.th
www.webdisk.tcea.or.th
www.cpanel.tcea.or.th
www.webmail.tcea.or.th
www.thea.or.th
www.mail.thea.or.th
www.thea.or.th
www.mea.or.th
www.mea1130.mea.or.th
www.meamailrb01.mea.or.th
www.meamailyn01.mea.or.th
www.meaussd1.mea.or.th
www.meagate1.mea.or.th
www.ns1.mea.or.th
www.meastmedia02.mea.or.th
www.meamailrb02.mea.or.th
www.meamailyn02.mea.or.th
www.meagate2.mea.or.th
www.ns2.mea.or.th
www.meastmedia.mea.or.th
www.meaextra.mea.or.th
www.smc.mea.or.th
www.safesync.mea.or.th
www.meaoc.mea.or.th
www.mcd.mea.or.th
www.byod.mea.or.th
www.eservice.mea.or.th
www.meamobile.mea.or.th
www.meastore.mea.or.th
www.tracking.mea.or.th
www.meastmeeting.mea.or.th
www.pi.mea.or.th
www.icheck.mea.or.th
www.mail.mea.or.th
www.meamail.mea.or.th
www.meawebmail.mea.or.th
www.aptmail.mea.or.th
www.mdm.mea.or.th
www.ffm.mea.or.th
www.meastturn.mea.or.th
www.meadro.mea.or.th
www.map.mea.or.th
www.mearap.mea.or.th
www.meavoip.mea.or.th
www.meatraveler.mea.or.th
www.vcs.mea.or.th
www.meaeyes.mea.or.th
www.eis.mea.or.th
www.gisweb2.gis.mea.or.th
www.smartservice2.gis.mea.or.th
www.gisportal2.gis.mea.or.th
www.gisapi-r.gis.mea.or.th
www.measms.mea.or.th
www.wms.mea.or.th
www.gps.mea.or.th
www.meaviews.mea.or.th
www.mpayws.mea.or.th
www.meanet.mea.or.th
www.gisnet.mea.or.th
www.irobot.mea.or.th
www.smartrobot.mea.or.th
www.meanew.mea.or.th
www.mea.or.th
www.relay.mea.or.th
www.meastgateway.mea.or.th
www.meastcommunity.mea.or.th
www.meastproxy.mea.or.th
www.tmea.or.th
www.ytea.or.th
www.mail.ytea.or.th
www.efa.or.th
www.tagfa.or.th
www.tfa.or.th
www.mail.tfa.or.th
www.tfa.or.th
www.twfa.or.th
www.cga.or.th
www.mail.cga.or.th
www.cga.or.th
www.dga.or.th
www.data.testapp1.dga.or.th
www.apps.data.testapp1.dga.or.th
www.apps.testapp1.dga.or.th
www.ns1.dga.or.th
www.testapp2.dga.or.th
www.file.testapp2.dga.or.th
www.vmsarchive.testapp2.dga.or.th
www.log.testapp2.dga.or.th
www.ersem.testapp2.dga.or.th
www.vms.testapp2.dga.or.th
www.em-ers.testapp2.dga.or.th
www.em-ers-dev.testapp2.dga.or.th
www.vmsview.testapp2.dga.or.th
www.ns2.dga.or.th
www.tdga.dga.or.th
www.mega.dga.or.th
www.gdcc.dga.or.th
www.sc.dga.or.th
www.ngsc.dga.or.th
www.openid.dga.or.th
www.testopenid.dga.or.th
www.govid.dga.or.th
www.auth.cloud.dga.or.th
www.stack.cloud.dga.or.th
www.docs.cloud.dga.or.th
www.file.dga.or.th
www.problemtracking.dga.or.th
www.gintracking.dga.or.th
www.e-learning.dga.or.th
www.wifi.dga.or.th
www.gdcm.dga.or.th
www.ersem.dga.or.th
www.mykm.dga.or.th
www.km-enm.dga.or.th
www.km.enm.dga.or.th
www.crm.dga.or.th
www.en.dga.or.th
www.gincon.dga.or.th
www.pigeon.dga.or.th
www.calendar.dga.or.th
www.seminar.dga.or.th
www.master.dga.or.th
www.monitor.dga.or.th
www.exchange.ecms.dga.or.th
www.dev.exchange.ecms.dga.or.th
www.monitor.ecms.dga.or.th
www.test.monitor.ecms.dga.or.th
www.dev.monitor.ecms.dga.or.th
www.dms.dga.or.th
www.report-nms.dga.or.th
www.sms.dga.or.th
www.vms.dga.or.th
www.its.dga.or.th
www.agent-its.dga.or.th
www.ws.dga.or.th
www.egaws.dga.or.th
www.project.dga.or.th
www.intranet.dga.or.th
www.caldav.dga.or.th
www.crmdev.dga.or.th
www.vmsview.dga.or.th
www.gdx.dga.or.th
www.directory.dga.or.th
www.ega.or.th
www.sechost01.ega.or.th
www.data.testapp1.ega.or.th
www.apps.testapp1.ega.or.th
www.ns1.ega.or.th
www.tiwrm-ns1.ega.or.th
www.sechost02.ega.or.th
www.data.testapp2.ega.or.th
www.ile.testapp2.ega.or.th
www.file.testapp2.ega.or.th
www.log.testapp2.ega.or.th
www.dataapi.testapp2.ega.or.th
www.ersem.testapp2.ega.or.th
www.vms.testapp2.ega.or.th
www.apps.testapp2.ega.or.th
www.em-ers.testapp2.ega.or.th
www.vmsview.testapp2.ega.or.th
www.nms2.ega.or.th
www.ns2.ega.or.th
www.cat-ns2.ega.or.th
www.photokingrama9.ega.or.th
www.registerphotorama9.ega.or.th
www.tdga.ega.or.th
www.mega.ega.or.th
www.cloudma.ega.or.th
www.gdcc.ega.or.th
www.sc.ega.or.th
www.ngsc.ega.or.th
www.openid.ega.or.th
www.flood.ega.or.th
www.file.ega.or.th
www.ciacvmconsole.ega.or.th
www.e-learning.ega.or.th
www.gitng.ega.or.th
www.wifi.ega.or.th
www.ngtk.ega.or.th
www.webmail.ega.or.th
www.gdcm.ega.or.th
www.ersem.ega.or.th
www.mykm.ega.or.th
www.km-enm.ega.or.th
www.km.enm.ega.or.th
www.crm.ega.or.th
www.srm-saraban.ega.or.th
www.en.ega.or.th
www.pigeon.ega.or.th
www.svn.ega.or.th
www.calendar.ega.or.th
www.osccserver.ega.or.th
www.monitor.ega.or.th
www.adfs.ega.or.th
www.meetings.ega.or.th
www.exchange.ecms.ega.or.th
www.test.exchange.ecms.ega.or.th
www.dev.exchange.ecms.ega.or.th
www.monitor.ecms.ega.or.th
www.test.monitor.ecms.ega.or.th
www.dev.monitor.ecms.ega.or.th
www.dms.ega.or.th
www.nms.ega.or.th
www.report-nms.ega.or.th
www.sms.ega.or.th
www.vms.ega.or.th
www.its.ega.or.th
www.agent-its.ega.or.th
www.ws.ega.or.th
www.egaws.ega.or.th
www.srm-saraban-test.ega.or.th
www.caldav.ega.or.th
www.crmdev.ega.or.th
www.vmsview.ega.or.th
www.thaiga.or.th
www.mail.thaiga.or.th
www.ns.thaiga.or.th
www.thailandpga.or.th
www.thailandpga.or.th
www.tga.or.th
www.mail.tga.or.th
www.ha.or.th
www.mail.ha.or.th
www.hscs.ha.or.th
www.hospitaldiagnosis.ha.or.th
www.hrms.ha.or.th
www.ha.or.th
www.pex.ha.or.th
www.sikkha.or.th
www.pop3.sikkha.or.th
www.sikkha.or.th
www.thaisha.or.th
www.kusonsattha.or.th
www.kusonsattha.or.th
www.taia.or.th
www.mail.taia.or.th
www.taia.or.th
www.bia.or.th
www.ns1.bia.or.th
www.ns2.bia.or.th
www.phonebook.bia.or.th
www.register.bia.or.th
www.archives.bia.or.th
www.nesbia.or.th
www.tbia.or.th
www.ns1.tbia.or.th
www.ns2.tbia.or.th
www.mail.tbia.or.th
www.mail.tdia.or.th
www.tdia.or.th
www.thalassemia.or.th
www.tsmia.or.th
www.mail.tsmia.or.th
www.nia.or.th
www.award.nia.or.th
www.spark.nia.or.th
www.social.nia.or.th
www.open.nia.or.th
www.coupon.nia.or.th
www.mail.coupon.nia.or.th
www.event.nia.or.th
www.estonia.or.th
www.mail.estonia.or.th
www.tia.or.th
www.mail.tia.or.th
www.twia.or.th
www.mail.twia.or.th
www.twia.or.th
www.tja.or.th
www.ns1.tja.or.th
www.ns2.tja.or.th
www.tala.or.th
www.sme-songkhla.or.th
www.mail.sme-songkhla.or.th
www.sme-songkhla.or.th
www.joomla.or.th
www.webdisk.joomla.or.th
www.cpanel.joomla.or.th
www.webmail.joomla.or.th
www.autodiscover.joomla.or.th
www.joomla.or.th
www.tla.or.th
www.mail.tla.or.th
www.ttla.or.th
www.ws1.thaibma.or.th
www.ws2.thaibma.or.th
www.ibond.thaibma.or.th
www.irisk.thaibma.or.th
www.mail.thaibma.or.th
www.thaibma.or.th
www.thaicma.or.th
www.mail.thaicma.or.th
www.thaicma.or.th
www.tcma.or.th
www.mail.tcma.or.th
www.prema.or.th
www.mail.prema.or.th
www.prema.or.th
www.fma.or.th
www.tfma.or.th
www.webdisk.tfma.or.th
www.cpanel.tfma.or.th
www.webmail.tfma.or.th
www.thma.or.th
www.asthma.or.th
www.mail.asthma.or.th
www.asthma.or.th
www.tima.or.th
www.mail.tima.or.th
www.fatima.or.th
www.mail.fatima.or.th
www.fatima.or.th
www.dhamma.or.th
www.tamma.or.th
www.mail.tamma.or.th
www.tpma.or.th
www.mail.tpma.or.th
www.ns.tpma.or.th
www.tma.or.th
www.abf.tma.or.th
www.webcrm.tma.or.th
www.tma.or.th
www.wma.or.th
www.mail.wma.or.th
www.wma.or.th
www.dhammadana.or.th
www.bunchana.or.th
www.mail.bunchana.or.th
www.chartthaipattana.or.th
www.gw.chartthaipattana.or.th
www.chartthaipattana.or.th
www.dhammasavana.or.th
www.mail.dhammasavana.or.th
www.dhammasavana.or.th
www.ena.or.th
www.mail.ena.or.th
www.ena.or.th
www.tpna.or.th
www.webdisk.tpna.or.th
www.cpanel.tpna.or.th
www.webmail.tpna.or.th
www.napa.or.th
www.tbpa.or.th
www.exch.dpa.or.th
www.mail.dpa.or.th
www.efms.dpa.or.th
www.drs.dpa.or.th
www.dpa.or.th
www.depa.or.th
www.eservice.depa.or.th
www.cm.depa.or.th
www.ecms.depa.or.th
www.apps.depa.or.th
www.dev-apps.depa.or.th
www.doss.depa.or.th
www.depa.or.th
www.tepa.or.th
www.tfpa.or.th
www.tfpa.or.th
www.hpa.or.th
www.tipa.or.th
www.tmpa.or.th
www.rpa.or.th
www.mail.rpa.or.th
www.rpa.or.th
www.thaibispa.or.th
www.thaibispa.or.th
www.tispa.or.th
www.tispa.or.th
www.tpa.or.th
www.slc.tpa.or.th
www.training.tpa.or.th
www.monodzukuri.tpa.or.th
www.j.tpa.or.th
www.tpm.tpa.or.th
www.tpa.or.th
www.aqa.onesqa.or.th
www.mail.onesqa.or.th
www.mailgw.onesqa.or.th
www.onesqa.or.th
www.sbai.tqa.or.th
www.mail.tqa.or.th
www.tqa.or.th
www.cra.or.th
www.tcra.or.th
www.mail.tcra.or.th
www.tcra.or.th
www.isra.or.th
www.mail.isra.or.th
www.isra.or.th
www.tra.or.th
www.asa.or.th
www.download.asa.or.th
www.oldsite.asa.or.th
www.architectsearch.asa.or.th
www.mail.asa.or.th
www.maplaw.asa.or.th
www.vps.maplaw.asa.or.th
www.asa.or.th
www.jitasa.or.th
www.mail.jitasa.or.th
www.bsa.or.th
www.tdsa.or.th
www.mail.tdsa.or.th
www.demo.tdsa.or.th
www.mail.demo.tdsa.or.th
www.demo.tdsa.or.th
www.tdsa.or.th
www.oesa.or.th
www.mail.oesa.or.th
www.oesa.or.th
www.tesa.or.th
www.mail.tesa.or.th
www.tesa.or.th
www.tisa.or.th
www.isec.tisa.or.th
www.tisa.or.th
www.buddharaksa.or.th
www.dc-047455aec272.buddharaksa.or.th
www.mail.buddharaksa.or.th
www.webmail.buddharaksa.or.th
www.buddharaksa.or.th
www.psa.or.th
www.bikefordad.psa.or.th
www.bikefordad.psa.or.th
www.webdisk.psa.or.th
www.mail.psa.or.th
www.autodiscover.psa.or.th
www.carfreeday.psa.or.th
www.carfreeday.psa.or.th
www.data.or.th
www.data.or.th
www.teata.or.th
www.mail.teata.or.th
www.teata.or.th
www.tcta.or.th
www.mail.tcta.or.th
www.tcta.or.th
www.itcta.or.th
www.mail.itcta.or.th
www.ldta.or.th
www.mail.ldta.or.th
www.ldta.or.th
www.tfta.or.th
www.thta.or.th
www.ppta.or.th
www.dasta.or.th
www.mail.dasta.or.th
www.intranet.dasta.or.th
www.mailgw.dasta.or.th
www.dasta.or.th
www.tta.or.th
www.tta.or.th
www.atta.or.th
www.atta.or.th
www.phrabuddhametta.or.th
www.stta.or.th
www.mail.stta.or.th
www.stta.or.th
www.ttta.or.th
www.dc-c739640a7b4c.ttta.or.th
www.ttta.or.th
www.acua.or.th
www.mail.acua.or.th
www.chonghua.or.th
www.mva.or.th
www.innova.or.th
www.tsva.or.th
www.mail.tsva.or.th
www.tva.or.th
www.mail.tva.or.th
www.kuva.or.th
www.ns.kuva.or.th
www.tawa.or.th
www.mail.tawa.or.th
www.ns.tawa.or.th
www.samakomarcheewa.or.th
www.mail.samakomarcheewa.or.th
www.samakomarcheewa.or.th
www.tmwa.or.th
www.mail.tmwa.or.th
www.tmwa.or.th
www.ohswa.or.th
www.ohswa.or.th
www.twwa.or.th
www.mail.twwa.or.th
www.ns.twwa.or.th
www.dhammakaya.or.th
www.dhammakaya.or.th
www.panpanya.or.th
www.sab.or.th
www.mail.sab.or.th
www.sab.or.th
www.tab.or.th
www.tab1.tab.or.th
www.donation.tab.or.th
www.tabgroup.tab.or.th
www.tceb.or.th
www.mail.tceb.or.th
www.tcebmail.tceb.or.th
www.bizconnect.tceb.or.th
www.tceb.or.th
www.ns1.shb.or.th
www.shb.or.th
www.ppe1.gsb.or.th
www.viruswall1.gsb.or.th
www.pp1.gsb.or.th
www.ns1.gsb.or.th
www.infoblox-ext1.gsb.or.th
www.edge2.gsb.or.th
www.ppe2.gsb.or.th
www.pp2.gsb.or.th
www.ns2.gsb.or.th
www.eva.gsb.or.th
www.ib.gsb.or.th
www.lib.gsb.or.th
www.ftpgsb.gsb.or.th
www.psc.gsb.or.th
www.smartdevice.gsb.or.th
www.kmgovernance.gsb.or.th
www.corporate.gsb.or.th
www.lightoflove.gsb.or.th
www.pre-screening.gsb.or.th
www.elearning.gsb.or.th
www.monitoring.gsb.or.th
www.msearch.gsb.or.th
www.merchmpi.gsb.or.th
www.merchportal.gsb.or.th
www.mposmerchportal.gsb.or.th
www.viruswall.gsb.or.th
www.gsbkm.gsb.or.th
www.memo-bo.gsb.or.th
www.mymo.gsb.or.th
www.otep.gsb.or.th
www.gsbotep.gsb.or.th
www.smestartup.gsb.or.th
www.pscinq.gsb.or.th
www.webhr.gsb.or.th
www.gsbqr.gsb.or.th
www.acs.gsb.or.th
www.properties.gsb.or.th
www.lms.gsb.or.th
www.mpos.gsb.or.th
www.merchpgw.gsb.or.th
www.gsb.or.th
www.ansb.or.th
www.webdisk.ansb.or.th
www.cpanel.ansb.or.th
www.webmail.ansb.or.th
www.ssb.or.th
www.ssb.or.th
www.seub.or.th
www.web.seub.or.th
www.mail.seub.or.th
www.porar.seub.or.th
www.seub.or.th
www.policeclub.or.th
www.mail.policeclub.or.th
www.policeclub.or.th
www.thaifurnitureclub.or.th
www.mail.thaifurnitureclub.or.th
www.ns.thaifurnitureclub.or.th
www.vintagecarclub.or.th
www.mail.vintagecarclub.or.th
www.vintagecarclub.or.th
www.ns1.baac.or.th
www.mc.baac.or.th
www.lync.baac.or.th
www.learningfield.baac.or.th
www.rice.baac.or.th
www.mdinote.baac.or.th
www.thinknote.baac.or.th
www.hadhafang.baac.or.th
www.pandinthong.baac.or.th
www.salak.baac.or.th
www.ebook.baac.or.th
www.wscl.baac.or.th
www.webmail.baac.or.th
www.anduril.baac.or.th
www.narsil.baac.or.th
www.museum.baac.or.th
www.unicorn.baac.or.th
www.dino.baac.or.th
www.lifedep.baac.or.th
www.sip.baac.or.th
www.rp.baac.or.th
www.member.baac.or.th
www.slayer.baac.or.th
www.andromeda.mbs.baac.or.th
www.pmpb.mbs.baac.or.th
www.amobile.mbs.baac.or.th
www.digitalarchives.baac.or.th
www.post.baac.or.th
www.hibou.baac.or.th
www.baac.or.th
www.lifetax.baac.or.th
www.library.baac.or.th
www.thac.or.th
www.sac.or.th
www.ns1.sac.or.th
www.db.sac.or.th
www.sendquick.sac.or.th
www.portal.sac.or.th
www.channel.sac.or.th
www.mis.sac.or.th
www.thehumans.sac.or.th
www.sac.or.th
www.tac.or.th
www.ns.tac.or.th
www.tac.or.th
www.tcbc.or.th
www.mail.tcbc.or.th
www.ns.tcbc.or.th
www.bacc.or.th
www.ns1.bacc.or.th
www.ns2.bacc.or.th
www.w3.bacc.or.th
www.cloud.bacc.or.th
www.mail.cloud.bacc.or.th
www.en.bacc.or.th
www.bacc.or.th
www.decc.or.th
www.decc.or.th
www.thcc.or.th
www.thcc.or.th
www.singaporethaicc.or.th
www.dc-ca3f6639a699.singaporethaicc.or.th
www.webdisk.singaporethaicc.or.th
www.cpanel.singaporethaicc.or.th
www.webmail.singaporethaicc.or.th
www.autodiscover.singaporethaicc.or.th
www.singaporethaicc.or.th
www.jcc.or.th
www.116.68.154.91.jcc.or.th
www.116.68.154.92.jcc.or.th
www.116.68.154.93.jcc.or.th
www.116.68.154.94.jcc.or.th
www.bc.jcc.or.th
www.jcc-rt.jcc.or.th
www.jcc-fw.jcc.or.th
www.nw.jcc.or.th
www.jcc.or.th
www.mx.jcc.or.th
www.ncc.or.th
www.mail.ncc.or.th
www.ncc.or.th
www.fscc.or.th
www.mail.fscc.or.th
www.fscc.or.th
www.itcc.or.th
www.mtcc.or.th
www.ns.mtcc.or.th
www.otcc.or.th
www.webdisk.otcc.or.th
www.cpanel.otcc.or.th
www.webmail.otcc.or.th
www.cdc.or.th
www.tcdc.or.th
www.energytopia.tcdc.or.th
www.mdb.tcdc.or.th
www.web.tcdc.or.th
www.hr-cloud.tcdc.or.th
www.invoice.tcdc.or.th
www.conference.tcdc.or.th
www.resource.tcdc.or.th
www.live.tcdc.or.th
www.api.tcdc.or.th
www.observium.tcdc.or.th
www.video.tcdc.or.th
www.go.tcdc.or.th
www.member.tcdc.or.th
www.hr.tcdc.or.th
www.status.tcdc.or.th
www.uat.tcdc.or.th
www.revivalproject.tcdc.or.th
www.meet.tcdc.or.th
www.git.tcdc.or.th
www.procurement.tcdc.or.th
www.bot.tcdc.or.th
www.tcdc.or.th
www.my.tcdc.or.th
www.library.tcdc.or.th
www.fddc.or.th
www.cdec.or.th
www.mail.cdec.or.th
www.cdec.or.th
www.seafdec.or.th
www.ns1.seafdec.or.th
www.ns2.seafdec.or.th
www.mail.seafdec.or.th
www.seafdec.or.th
www.somdej-mec.or.th
www.mailgw2.sec.or.th
www.dividend.sec.or.th
www.capital.sec.or.th
www.sec-mail.sec.or.th
www.market.sec.or.th
www.tcmcert.sec.or.th
www.law.sec.or.th
www.mailgw.sec.or.th
www.sec.or.th
www.aiesec.or.th
www.webdisk.aiesec.or.th
www.cpanel.aiesec.or.th
www.webmail.aiesec.or.th
www.nectec.or.th
www.ftp00.nectec.or.th
www.nscache1.nectec.or.th
www.lotus-p1.nectec.or.th
www.tis1.nectec.or.th
www.ns1.nectec.or.th
www.lotus1.nectec.or.th
www.nscache2.nectec.or.th
www.lotus-p2.nectec.or.th
www.ns2.nectec.or.th
www.lotus2.nectec.or.th
www.nectec.or.th
www.lotus3.nectec.or.th
www.ns4.nectec.or.th
www.ipv6.nectec.or.th
www.mukda.nectec.or.th
www.vaja.nectec.or.th
www.matra.nectec.or.th
www.aqua.nectec.or.th
www.pclab.nectec.or.th
www.gitlab.nectec.or.th
www.rdcgrid1.hpcc.nectec.or.th
www.rdcgrid2.hpcc.nectec.or.th
www.rdcgrid3.hpcc.nectec.or.th
www.compute0.rdcgrid3.hpcc.nectec.or.th
www.grid64.hpcc.nectec.or.th
www.compute-1-1.grid64.hpcc.nectec.or.th
www.compute-1-2.grid64.hpcc.nectec.or.th
www.rdcca.hpcc.nectec.or.th
www.admin.rdcca.hpcc.nectec.or.th
www.gridra.hpcc.nectec.or.th
www.zodiac.hpcc.nectec.or.th
www.globe.hpcc.nectec.or.th
www.ag.hpcc.nectec.or.th
www.log.hpcc.nectec.or.th
www.tiwrm.hpcc.nectec.or.th
www.itanium.hpcc.nectec.or.th
www.vm.hpcc.nectec.or.th
www.origin.hpcc.nectec.or.th
www.bio.hpcc.nectec.or.th
www.csep.hpcc.nectec.or.th
www.gatekeeper.hpcc.nectec.or.th
www.vs.hpcc.nectec.or.th
www.dust.hpcc.nectec.or.th
www.hpcc.nectec.or.th
www.tmec.nectec.or.th
www.astec.nectec.or.th
www.fic.nectec.or.th
www.traffic.nectec.or.th
www.semantic.nectec.or.th
www.garfield.nectec.or.th
www.old.nectec.or.th
www.pld.nectec.or.th
www.diamond.nectec.or.th
www.service.nectec.or.th
www.see.nectec.or.th
www.converttle.nectec.or.th
www.automotive.nectec.or.th
www.img.nectec.or.th
www.thailang.nectec.or.th
www.wang.nectec.or.th
www.elearning.nectec.or.th
www.wiki.nectec.or.th
www.mali.nectec.or.th
www.giti.nectec.or.th
www.thaweesak.nectec.or.th
www.clock.nectec.or.th
www.quark.nectec.or.th
www.imail.nectec.or.th
www.ntl.nectec.or.th
www.vs01.ntl.nectec.or.th
www.dc1.ntl.nectec.or.th
www.vs02.ntl.nectec.or.th
www.idc.ntl.nectec.or.th
www.log.ntl.nectec.or.th
www.mysql.ntl.nectec.or.th
www.netham-tsn.ntl.nectec.or.th
www.iir.ntl.nectec.or.th
www.air.sensor.ntl.nectec.or.th
www.box.ntl.nectec.or.th
www.ascom.nectec.or.th
www.atom.nectec.or.th
www.oldman.nectec.or.th
www.karen.nectec.or.th
www.ic-design.nectec.or.th
www.komain.nectec.or.th
www.non.nectec.or.th
www.lexitron.nectec.or.th
www.thaisarn.nectec.or.th
www.corn.nectec.or.th
www.hub.ino.nectec.or.th
www.sso.ino.nectec.or.th
www.thaiastro.nectec.or.th
www.pop.nectec.or.th
www.ftp.nectec.or.th
www.buffer.nectec.or.th
www.mailr.nectec.or.th
www.lsr.nectec.or.th
www.mercury-1.lsr.nectec.or.th
www.igrid1.lsr.nectec.or.th
www.mercury-2.lsr.nectec.or.th
www.freeipa.lsr.nectec.or.th
www.chaophraya.lsr.nectec.or.th
www.flood.lsr.nectec.or.th
www.cloud.lsr.nectec.or.th
www.iaam.lsr.nectec.or.th
www.erbium.lsr.nectec.or.th
www.terbium.lsr.nectec.or.th
www.lithium.lsr.nectec.or.th
www.thulium.lsr.nectec.or.th
www.holmium.lsr.nectec.or.th
www.fermium.lsr.nectec.or.th
www.uranium.lsr.nectec.or.th
www.plutonium.lsr.nectec.or.th
www.samarium.lsr.nectec.or.th
www.cerium.lsr.nectec.or.th
www.thorium.lsr.nectec.or.th
www.curium.lsr.nectec.or.th
www.lion.lsr.nectec.or.th
www.rhino.lsr.nectec.or.th
www.cougar.lsr.nectec.or.th
www.render.lsr.nectec.or.th
www.gaur.lsr.nectec.or.th
www.ocs.lsr.nectec.or.th
www.oidcclient.lsr.nectec.or.th
www.watchtest.lsr.nectec.or.th
www.iaamtest.lsr.nectec.or.th
www.gluutest.lsr.nectec.or.th
www.webhost.lsr.nectec.or.th
www.nvis.nectec.or.th
www.tvis.nectec.or.th
www.missingpersons.nectec.or.th
www.nucleus.nectec.or.th
www.violet.nectec.or.th
www.nnet.nectec.or.th
www.internet.nectec.or.th
www.spt.nectec.or.th
www.tpt.nectec.or.th
www.speedtest.nectec.or.th
www.lst.nectec.or.th
www.malayu.nectec.or.th
www.cyberreview.nectec.or.th
www.nectec.or.th
www.mx.nectec.or.th
www.ruby.nectec.or.th
www.traffy.nectec.or.th
www.pooky.nectec.or.th
www.blueberry.nectec.or.th
www.adtec.or.th
www.promotion-scitec.or.th
www.mail.promotion-scitec.or.th
www.promotion-scitec.or.th
www.mtec.or.th
www.wela.mtec.or.th
www.chrysocolla.mtec.or.th
www.mtiwebhap1b.mtec.or.th
www.diamond.mtec.or.th
www.tourmaline.mtec.or.th
www.ametrine.mtec.or.th
www.pyrope.mtec.or.th
www.agate.mtec.or.th
www.sodalite.mtec.or.th
www.axinite.mtec.or.th
www.cassiterite.mtec.or.th
www.pyrite.mtec.or.th
www.spinel.mtec.or.th
www.obsidian.m.mtec.or.th
www.larimar.mtec.or.th
www.amber.mtec.or.th
www.onyx.mtec.or.th
www.proxy.mtec.or.th
www.biotec.or.th
www.spmfe01.biotec.or.th
www.121.biotec.or.th
www.mail1.biotec.or.th
www.nat1.biotec.or.th
www.spavw02.biotec.or.th
www.ns2.biotec.or.th
www.spmfe03.biotec.or.th
www.ns3.biotec.or.th
www.ns4.biotec.or.th
www.ns5.biotec.or.th
www.spodns1a.biotec.or.th
www.www1a.biotec.or.th
www.spodns2a.biotec.or.th
www.www3a.biotec.or.th
www.www4a.biotec.or.th
www.zebra.biotec.or.th
www.spowac1b.biotec.or.th
www.spimht1b.biotec.or.th
www.www3b.biotec.or.th
www.www3c.biotec.or.th
www.biotec.biotec.or.th
www.prgd.biotec.or.th
www.www4g.biotec.or.th
www.psiphi.biotec.or.th
www.biobank.biotec.or.th
www.mail.biotec.or.th
www.im.biotec.or.th
www.pmonodon.biotec.or.th
www.bioinfo.biotec.or.th
www.imap.biotec.or.th
www.pop.biotec.or.th
www.spnmtp.biotec.or.th
www.smtp.biotec.or.th
www.thalinterpreter.biotec.or.th
www.homes.biotec.or.th
www.sites.biotec.or.th
www.ns.biotec.or.th
www.nat.biotec.or.th
www.proxy.biotec.or.th
www.nanotec.or.th
www.nanoweb2.nanotec.or.th
www.nanotec.or.th
www.fablab.nanotec.or.th
www.nanoweb.nanotec.or.th
www.nanodc.nanotec.or.th
www.mail.nanotec.or.th
www.nanomail.nanotec.or.th
www.nanotec.or.th
www.legacy.nanotec.or.th
www.ptec.or.th
www.ibqs.ptec.or.th
www.ptec.or.th
www.ffc.or.th
www.ns1.ffc.or.th
www.mail.ns1.ffc.or.th
www.ns2.ffc.or.th
www.ffc.or.th
www.nfc.or.th
www.ns1.nfc.or.th
www.ns2.nfc.or.th
www.ns3.nfc.or.th
www.ns4.nfc.or.th
www.rmhc.or.th
www.rmhc.or.th
www.ic.or.th
www.icmember.ic.or.th
www.ic.or.th
www.thaithoracic.or.th
www.mail.thaithoracic.or.th
www.webmail.thaithoracic.or.th
www.demo.thaithoracic.or.th
www.thaithoracic.or.th
www.reic.or.th
www.ns1.reic.or.th
www.mail.reic.or.th
www.holykm8.catholic.or.th
www.haab.catholic.or.th
www.nicolasbunkerd.catholic.or.th
www.layapostle.catholic.or.th
www.stjohnbpchurch.catholic.or.th
www.ccbkk.catholic.or.th
www.youthbkk.catholic.or.th
www.assumptioncathedral.catholic.or.th
www.forum.catholic.or.th
www.tv.catholic.or.th
www.catholic.or.th
www.rosary.catholic.or.th
www.nativity.catholic.or.th
www.organic.or.th
www.thnic.or.th
www.thnic.or.th
www.onlineservice10.oic.or.th
www.mail1.oic.or.th
www.www1.oic.or.th
www.gtm02.oic.or.th
www.mailgw2.oic.or.th
www.extwebsvc.oic.or.th
www.upload.oic.or.th
www.eservice.oic.or.th
www.oiceservice.oic.or.th
www.insurance.oic.or.th
www.elearning.oic.or.th
www.aii.oic.or.th
www.mail.oic.or.th
www.ecompclaim.oic.or.th
www.education.oic.or.th
www.insureroadmap.oic.or.th
www.mis.oic.or.th
www.intranet.oic.or.th
www.apiibsauthentication-iwt.oic.or.th
www.mailgw.oic.or.th
www.oic.or.th
www.elibrary.oic.or.th
www.services.botlc.or.th
www.tfmc.or.th
www.tfmc.or.th
www.aimc.or.th
www.oldweb.aimc.or.th
www.mail.oldweb.aimc.or.th
www.aimc.or.th
www.tnmc.or.th
www.dc-085f22304003.tnmc.or.th
www.inrc.tnmc.or.th
www.museum.tnmc.or.th
www.services.tnmc.or.th
www.tnmc.or.th
www.mail.smc.or.th
www.smc.or.th
www.tmc.or.th
www.clinical1.tmc.or.th
www.clinical1.tmc.or.th
www.mdcard.tmc.or.th
www.mdcard.tmc.or.th
www.mdforking.tmc.or.th
www.mdforking.tmc.or.th
www.webdisk.tmc.or.th
www.cpanel.tmc.or.th
www.webmail.tmc.or.th
www.smartzap.tmc.or.th
www.smartzap.tmc.or.th
www.ptp.tmc.or.th
www.ptp.tmc.or.th
www.tester.tmc.or.th
www.tester.tmc.or.th
www.resident.tmc.or.th
www.resident.tmc.or.th
www.twmc.or.th
www.paoc.or.th
www.scisoc.or.th
www.mail.scisoc.or.th
www.scisoc.or.th
www.statassoc.or.th
www.mail.statassoc.or.th
www.statassoc.or.th
www.ftipc.or.th
www.webdisk.ftipc.or.th
www.cpanel.ftipc.or.th
www.webmail.ftipc.or.th
www.mpc.or.th
www.itpc.or.th
www.mail.itpc.or.th
www.itpc.or.th
www.tarc.or.th
www.mail.tarc.or.th
www.tarc.or.th
www.erc.or.th
www.app06.erc.or.th
www.pdf-media.erc.or.th
www.extranet-ekc.erc.or.th
www.nrt-ekc.erc.or.th
www.exchange.erc.or.th
www.rnd-mobile.erc.or.th
www.pdf.erc.or.th
www.e-learning.erc.or.th
www.erp.erc.or.th
www.autodiscover.erc.or.th
www.dms.erc.or.th
www.erc.or.th
www.mailex.erc.or.th
www.survey.erc.or.th
www.nhrc.or.th
www.intra.nhrc.or.th
www.mail.nhrc.or.th
www.nhrc.or.th
www.library.nhrc.or.th
www.trc.or.th
www.tphsc.or.th
www.mail.tphsc.or.th
www.tphsc.or.th
www.tatsc.or.th
www.mail.tatsc.or.th
www.reg.catc.or.th
www.mail.catc.or.th
www.symposium.catc.or.th
www.itrain.catc.or.th
www.avionics.catc.or.th
www.catc.or.th
www.mtc.or.th
www.daad.or.th
www.webdisk.daad.or.th
www.cpanel.daad.or.th
www.mail.daad.or.th
www.webmail.daad.or.th
www.escd.or.th
www.mail.escd.or.th
www.escd.or.th
www.ddd.or.th
www.ddd.or.th
www.seed.or.th
www.mail.seed.or.th
www.ns.seed.or.th
www.teachercoop-ged.or.th
www.ns1.teachercoop-ged.or.th
www.ns2.teachercoop-ged.or.th
www.mail.teachercoop-ged.or.th
www.rehabmed.or.th
www.mail.rehabmed.or.th
www.rehabmed.or.th
www.thaimed.or.th
www.ismed.or.th
www.ismed.or.th
www.tsmed.or.th
www.tsmed.or.th
www.ifd.or.th
www.mail.ifd.or.th
www.ifd.or.th
www.actionaid.or.th
www.mail.actionaid.or.th
www.actionaid.or.th
www.rfid.or.th
www.mail.rfid.or.th
www.digitalid.or.th
www.openid1.digitalid.or.th
www.openid-test1.digitalid.or.th
www.eid-t-idp1.proxytest1.digitalid.or.th
www.eid-t-rp1.proxytest1.digitalid.or.th
www.proxy1.digitalid.or.th
www.eid-pi-idp1.proxy1.digitalid.or.th
www.eid-pi-rp1.proxy1.digitalid.or.th
www.eid-pi-idp2.proxy1.digitalid.or.th
www.openid2.digitalid.or.th
www.openid-test2.digitalid.or.th
www.greenworld.or.th
www.punmuang.greenworld.or.th
www.punmuang.greenworld.or.th
www.greenworld.or.th
www.okmd.or.th
www.mlic.okmd.or.th
www.mail.okmd.or.th
www.eeco.okmd.or.th
www.autodiscover.okmd.or.th
www.okmd.or.th
www.okmd-mbx.okmd.or.th
www.tdg-thailand.or.th
www.mail.tdg-thailand.or.th
www.iccthailand.or.th
www.ashthailand.or.th
www.ashthailand.or.th
www.sosthailand.or.th
www.finland.or.th
www.blind.or.th
www.thaimediafund.or.th
www.thaimediafund.or.th
www.wildlifefund.or.th
www.mail.wildlifefund.or.th
www.wildlifefund.or.th
www.sportfund.or.th
www.mail.thairath-found.or.th
www.kingrama2found.or.th
www.kingrama2found.or.th
www.chorsaard.or.th
www.mail.chorsaard.or.th
www.chorsaard.or.th
www.playingcard.or.th
www.mail.playingcard.or.th
www.playingcard.or.th
www.hsd.or.th
www.hsd.or.th
www.itd.or.th
www.itd.or.th
www.tsae.or.th
www.icae.tsae.or.th
www.tsae.or.th
www.greenpeace.or.th
www.greenpeace.or.th
www.housingfinance.or.th
www.sportscience.or.th
www.mail.sportscience.or.th
www.ecommerce.or.th
www.mail.ecommerce.or.th
www.ecommerce.or.th
www.goldenjubilee.or.th
www.creditinfocommittee.or.th
www.creditinfocommittee.or.th
www.tcfe.or.th
www.donate.tcfe.or.th
www.staging.donate.tcfe.or.th
www.staging.tcfe.or.th
www.tcfe.or.th
www.efe.or.th
www.efe.or.th
www.foundationforbetterlife.or.th
www.mail.foundationforbetterlife.or.th
www.ns.foundationforbetterlife.or.th
www.forlife.or.th
www.mail.forlife.or.th
www.tsge.or.th
www.tsge.or.th
www.iie.or.th
www.pop3.iie.or.th
www.mail.iie.or.th
www.iie.or.th
www.thaibible.or.th
www.mail.thaibible.or.th
www.thaibible.or.th
www.english.operationsmile.or.th
www.operationsmile.or.th
www.ccme.or.th
www.webdisk.ccme.or.th
www.cpanel.ccme.or.th
www.webmail.ccme.or.th
www.tasme.or.th
www.mail.tasme.or.th
www.smtp.tasme.or.th
www.tasme.or.th
www.tcsme.or.th
www.thailandquitline.or.th
www.mail.thailandquitline.or.th
www.tql-dc-crm.thailandquitline.or.th
www.thailandquitline.or.th
www.hotline.or.th
www.mail.hotline.or.th
www.ns.hotline.or.th
www.smokefreezone.or.th
www.mail.smokefreezone.or.th
www.smokefreezone.or.th
www.natne.or.th
www.mail.natne.or.th
www.natne.or.th
www.coe.or.th
www.coe.or.th
www.zoe.or.th
www.zoe.or.th
www.hope.or.th
www.responsiblecare.or.th
www.webdisk.responsiblecare.or.th
www.cpanel.responsiblecare.or.th
www.webmail.responsiblecare.or.th
www.ictcare.or.th
www.worldshare.or.th
www.agrinature.or.th
www.mail.agrinature.or.th
www.agrinature.or.th
www.nsdiocese.or.th
www.mail.nsdiocese.or.th
www.nsdiocese.or.th
www.cgse.or.th
www.bonjour.alliance-francaise.or.th
www.alliance-francaise.or.th
www.tipmse.or.th
www.mail.tipmse.or.th
www.create.or.th
www.phuketrealestate.or.th
www.cpte.or.th
www.mail.cpte.or.th
www.cpte.or.th
www.daf.or.th
www.mail.daf.or.th
www.daf.or.th
www.whaf.or.th
www.saf.or.th
www.mail.saf.or.th
www.pbf.or.th
www.mail.pbf.or.th
www.atbf.or.th
www.atbf.or.th
www.pecf.or.th
www.anrcf.or.th
www.scf.or.th
www.mail.scf.or.th
www.scf.or.th
www.tddf.or.th
www.mail.tddf.or.th
www.tddf.or.th
www.tjedf.or.th
www.mail.tjedf.or.th
www.ns.tjedf.or.th
www.epdf.or.th
www.dc-fe99c8aa9312.epdf.or.th
www.epdf.or.th
www.tsdf.or.th
www.tdf.or.th
www.rudf.or.th
www.unicef.or.th
www.adef.or.th
www.eef.or.th
www.gpef.or.th
www.mail.gpef.or.th
www.gpef.or.th
www.tff.or.th
www.frdgf.or.th
www.hgf.or.th
www.tgf.or.th
www.tpif.or.th
www.tpif.or.th
www.sif.or.th
www.qlf.or.th
www.apps.qlf.or.th
www.qlf.or.th
www.pmf.or.th
www.itsmf.or.th
www.snf.or.th
www.mail.snf.or.th
www.snf.or.th
www.mof.or.th
www.oc.mof.or.th
www.mof.or.th
www.tof.or.th
www.tof.or.th
www.dpf.or.th
www.kmcd.dpf.or.th
www.dpf.or.th
www.owa2.gpf.or.th
www.vdi2.gpf.or.th
www.mail3.gpf.or.th
www.mail4.gpf.or.th
www.ns4.gpf.or.th
www.mail5.gpf.or.th
www.notesvr5.gpf.or.th
www.ns5.gpf.or.th
www.ns6.gpf.or.th
www.owa.gpf.or.th
www.smc.gpf.or.th
www.vdi-drc.gpf.or.th
www.meeting.gpf.or.th
www.vdi.gpf.or.th
www.facebook.gpf.or.th
www.mail.gpf.or.th
www.mdm.gpf.or.th
www.mysap.gpf.or.th
www.aomtor.gpf.or.th
www.gpfservices.gpf.or.th
www.net-ws.gpf.or.th
www.chat.gpf.or.th
www.gpfpromkt.gpf.or.th
www.gw.gpf.or.th
www.gpf.or.th
www.proxy.gpf.or.th
www.topf.or.th
www.webdisk.topf.or.th
www.cpanel.topf.or.th
www.mail.topf.or.th
www.webmail.topf.or.th
www.topf.or.th
www.ppf.or.th
www.upf.or.th
www.frf.or.th
www.thai.frf.or.th
www.trfmail01.trf.or.th
www.trf2.trf.or.th
www.biodata.trf.or.th
www.abc.trf.or.th
www.academic.trf.or.th
www.rgjadvanced.trf.or.th
www.rriphd.trf.or.th
www.rrimsd.trf.or.th
www.ezknowledge.trf.or.th
www.rrisurf.trf.or.th
www.mag.trf.or.th
www.meeting.trf.or.th
www.ibpg.trf.or.th
www.vijai.trf.or.th
www.rri.trf.or.th
www.rgj.trf.or.th
www.abcjournal.trf.or.th
www.rescom.trf.or.th
www.landforum.trf.or.th
www.rgjasean.trf.or.th
www.newgen.trf.or.th
www.ten.trf.or.th
www.irn.trf.or.th
www.info.trf.or.th
www.rgjadvisor.trf.or.th
www.pr.trf.or.th
www.academics.trf.or.th
www.ns.trf.or.th
www.spunits.trf.or.th
www.smart.trf.or.th
www.tv.trf.or.th
www.trf.or.th
www.gateway.trf.or.th
www.elibrary.trf.or.th
www.ocsf.or.th
www.tesf.or.th
www.uesf.or.th
www.mail.uesf.or.th
www.uesf.or.th
www.pmsf.or.th
www.nsf.or.th
www.kpsf.or.th
www.ttsf.or.th
www.mail.ttsf.or.th
www.ttsf.or.th
www.yavf.or.th
www.wwf.or.th
www.donate.wwf.or.th
www.scp.wwf.or.th
www.support.wwf.or.th
www.cyf.or.th
www.qsbg.or.th
www.qsbg.or.th
www.tcg.or.th
www.elearning.tcg.or.th
www.mail.tcg.or.th
www.smtp.tcg.or.th
www.tcg.or.th
www.glang.or.th
www.wisdomking.or.th
www.webdisk.wisdomking.or.th
www.cpanel.wisdomking.or.th
www.thaicycling.or.th
www.mail.thaicycling.or.th
www.thaicycling.or.th
www.poweroflearning.or.th
www.thaiscreenprinting.or.th
www.thaiscreenprinting.or.th
www.cheehong.or.th
www.webdisk.cheehong.or.th
www.cpanel.cheehong.or.th
www.webmail.cheehong.or.th
www.autodiscover.cheehong.or.th
www.merimekong.or.th
www.merimekong.or.th
www.ratchaprasong.or.th
www.mail.ratchaprasong.or.th
www.rtcog.or.th
www.mail.rtcog.or.th
www.ns.rtcog.or.th
www.rtcog.or.th
www.mail.thainog.or.th
www.rspg.or.th
www.mail.rspg.or.th
www.foundation.rspg.or.th
www.oer.rspg.or.th
www.rspg.or.th
www.iesg.or.th
www.webdisk.iesg.or.th
www.cpanel.iesg.or.th
www.webmail.iesg.or.th
www.socialtech.or.th
www.thairailtech.or.th
www.thairailtech.or.th
www.research.or.th
www.ccph.or.th
www.mail.ccph.or.th
www.lms.ccph.or.th
www.ccph.or.th
www.makeawish.or.th
www.makeawish.or.th
www.tosh.or.th
www.mail.tosh.or.th
www.tosh.or.th
www.tsh.or.th
www.mail.tsh.or.th
www.tsh.or.th
www.dth.or.th
www.thaigoldsmith.or.th
www.mail.thaigoldsmith.or.th
www.thaigoldsmith.or.th
www.path2health.or.th
www.mentalhealth.path2health.or.th
www.path2health.or.th
www.muslim4health.or.th
www.mail.muslim4health.or.th
www.muslim4health.or.th
www.mail.uaehealth.or.th
www.thaihealth.or.th
www.base10.thaihealth.or.th
www.ns2.thaihealth.or.th
www.apple2015.thaihealth.or.th
www.crma.thaihealth.or.th
www.thacademic.thaihealth.or.th
www.dtc.thaihealth.or.th
www.resource.thaihealth.or.th
www.base.thaihealth.or.th
www.socialmarketing.thaihealth.or.th
www.en.thaihealth.or.th
www.info.thaihealth.or.th
www.webpro.thaihealth.or.th
www.sso-uat.thaihealth.or.th
www.connect.thaihealth.or.th
www.intranet.thaihealth.or.th
www.it-support.thaihealth.or.th
www.thaihealth.or.th
www.talkaboutsex.thaihealth.or.th
www.nationalhealth.or.th
www.en.nationalhealth.or.th
www.suchon.nationalhealth.or.th
www.kbphpp.nationalhealth.or.th
www.infocenter.nationalhealth.or.th
www.womenhealth.or.th
www.mail.womenhealth.or.th
www.mediaforyouth.or.th
www.mail.mediaforyouth.or.th
www.labai.or.th
www.cloud.labai.or.th
www.ns.labai.or.th
www.msx-tm.efai.or.th
www.bahai.or.th
www.bahai.or.th
www.smethai.or.th
www.mail.smethai.or.th
www.smethai.or.th
www.ccfthai.or.th
www.prathep60th.ccfthai.or.th
www.donation.ccfthai.or.th
www.ccefthai.or.th
www.mail.ccefthai.or.th
www.ccefthai.or.th
www.rakmuangthai.or.th
www.webdisk.rakmuangthai.or.th
www.cpanel.rakmuangthai.or.th
www.webmail.rakmuangthai.or.th
www.marketingthai.or.th
www.saijaithai.or.th
www.mail.saijaithai.or.th
www.saranukromthai.or.th
www.niyomthai.or.th
www.mail.niyomthai.or.th
www.genthai.or.th
www.chumchonthai.or.th
www.mail.chumchonthai.or.th
www.chumchonthai.or.th
www.badmintonthai.or.th
www.mail.badmintonthai.or.th
www.badmintonthai.or.th
www.nfc-sukhothai.or.th
www.chartthai.or.th
www.pop3.chartthai.or.th
www.chartthai.or.th
www.peruthai.or.th
www.krumuaythai.or.th
www.ns1.krumuaythai.or.th
www.mail.ns1.krumuaythai.or.th
www.ns2.krumuaythai.or.th
www.mail.krumuaythai.or.th
www.krumuaythai.or.th
www.celltherapythai.or.th
www.bict2012.celltherapythai.or.th
www.bict2012.celltherapythai.or.th
www.webdisk.celltherapythai.or.th
www.cpanel.celltherapythai.or.th
www.webmail.celltherapythai.or.th
www.autodiscover.celltherapythai.or.th
www.kamlangjai.or.th
www.kamlangjai.or.th
www.mai.or.th
www.mai.or.th
www.tgbi.or.th
www.mail.tgbi.or.th
www.tgbi.or.th
www.eeci.or.th
www.eeci.or.th
www.masci.or.th
www.ns1.masci.or.th
www.mail.masci.or.th
www.atci.or.th
www.tadi.or.th
www.mail.tadi.or.th
www.tadi.or.th
www.ldi.or.th
www.mail.ldi.or.th
www.ldi.or.th
www.codi.or.th
www.ns2.codi.or.th
www.helpdesk.codi.or.th
www.m.codi.or.th
www.app.codi.or.th
www.eis.codi.or.th
www.gis.codi.or.th
www.hris.codi.or.th
www.codi.or.th
www.hrdi.or.th
www.mail01.hrdi.or.th
www.ns01.hrdi.or.th
www.web2012.hrdi.or.th
www.hrdi.or.th
www.eherb.hrdi.or.th
www.edoc.hrdi.or.th
www.cropland.hrdi.or.th
www.ope.hrdi.or.th
www.research.hrdi.or.th
www.proresearch.hrdi.or.th
www.ihh.hrdi.or.th
www.kpi.hrdi.or.th
www.foodbank.hrdi.or.th
www.mail.hrdi.or.th
www.cm.hrdi.or.th
www.hkm.hrdi.or.th
www.hrm.hrdi.or.th
www.projectplan.hrdi.or.th
www.sbasin.hrdi.or.th
www.hdkn.hrdi.or.th
www.meteo.hrdi.or.th
www.highlandinfo.hrdi.or.th
www.ip.hrdi.or.th
www.erp.hrdi.or.th
www.farmer.hrdi.or.th
www.gianalytics.hrdi.or.th
www.hses.hrdi.or.th
www.gis.hrdi.or.th
www.croplandgis.hrdi.or.th
www.mregis.hrdi.or.th
www.his.hrdi.or.th
www.mis.hrdi.or.th
www.panalysis.hrdi.or.th
www.hkmcms.hrdi.or.th
www.contract.hrdi.or.th
www.cmt.hrdi.or.th
www.support.hrdi.or.th
www.forecast.hrdi.or.th
www.giserv.hrdi.or.th
www.hrdi.or.th
www.highlandsurvey.hrdi.or.th
www.plantpathology.hrdi.or.th
www.meteorology.hrdi.or.th
www.library.hrdi.or.th
www.iei.or.th
www.gsei.or.th
www.mail.gsei.or.th
www.gsei.or.th
www.mailman.tei.or.th
www.teenet.tei.or.th
www.tei.or.th
www.nfi.or.th
www.fic.nfi.or.th
www.printer.nfi.or.th
www.lims.nfi.or.th
www.pt.nfi.or.th
www.elibrary.nfi.or.th
www.tgi.or.th
www.mail.tgi.or.th
www.mailgw.tgi.or.th
www.tgi.or.th
www.cs1.chi.or.th
www.chisvr02.chi.or.th
www.cs3.chi.or.th
www.cs4.chi.or.th
www.chidns.chi.or.th
www.shi.or.th
www.shi.or.th
www.haii.or.th
www.live1.haii.or.th
www.floodgatecam-encoder1.haii.or.th
www.ns1.haii.or.th
www.floodgatecam-encoder2.haii.or.th
www.ns2.haii.or.th
www.intranet2.haii.or.th
www.ns3.haii.or.th
www.wea.haii.or.th
www.job.haii.or.th
www.nhc.haii.or.th
www.ce.haii.or.th
www.village.haii.or.th
www.isotope.haii.or.th
www.se.haii.or.th
www.drive.haii.or.th
www.gwhaii.haii.or.th
www.ui.haii.or.th
www.floodgatecam.haii.or.th
www.km.haii.or.th
www.dpm.haii.or.th
www.tiwrm.haii.or.th
www.itman.haii.or.th
www.telein.haii.or.th
www.cwrmn.haii.or.th
www.mon.haii.or.th
www.hydro.haii.or.th
www.ncwp.haii.or.th
www.thaiweather.haii.or.th
www.iotbroker.haii.or.th
www.thaiwater.haii.or.th
www.ns.haii.or.th
www.git.haii.or.th
www.ptt.haii.or.th
www.tiwrmdev.haii.or.th
www.haii.or.th
www.nfccmi.or.th
www.mail.nfccmi.or.th
www.ndmi.or.th
www.mail.ndmi.or.th
www.ndmi.or.th
www.library.ndmi.or.th
www.kmi.or.th
www.mail.kmi.or.th
www.kmi.or.th
www.smi.or.th
www.mail.smi.or.th
www.smi.or.th
www.rasmi.or.th
www.webdisk.rasmi.or.th
www.cpanel.rasmi.or.th
www.webmail.rasmi.or.th
www.tmi.or.th
www.tmi.or.th
www.umdalumni.or.th
www.mail.umdalumni.or.th
www.horwangalumni.or.th
www.mail.horwangalumni.or.th
www.horwangalumni.or.th
www.euroalumni.or.th
www.mail.euroalumni.or.th
www.ftpi.or.th
www.web0.ftpi.or.th
www.web2.ftpi.or.th
www.piu2.ftpi.or.th
www.ftpi.or.th
www.web3.ftpi.or.th
www.ftpi-mail2k3.ftpi.or.th
www.pfac.ftpi.or.th
www.opdc.ftpi.or.th
www.timecard.ftpi.or.th
www.babe.ftpi.or.th
www.surveyonline.ftpi.or.th
www.i-zone.ftpi.or.th
www.izone.ftpi.or.th
www.cef.ftpi.or.th
www.training.ftpi.or.th
www.shopping.ftpi.or.th
www.youth.ftpi.or.th
www.mail.ftpi.or.th
www.webmail.ftpi.or.th
www.youthm.ftpi.or.th
www.opdc-km.ftpi.or.th
www.plan.ftpi.or.th
www.login.ftpi.or.th
www.bp.ftpi.or.th
www.shop.ftpi.or.th
www.bestcenter.ftpi.or.th
www.register.ftpi.or.th
www.assessor.ftpi.or.th
www.sas.ftpi.or.th
www.fis.ftpi.or.th
www.ns.ftpi.or.th
www.news.ftpi.or.th
www.invent.ftpi.or.th
www.careerconnext.ftpi.or.th
www.piu.ftpi.or.th
www.ftpi.or.th
www.library.ftpi.or.th
www.apec-ibiz.ftpi.or.th
www.ns1.cri.or.th
www.vpn2.cri.or.th
www.intranet2.cri.or.th
www.cri.or.th
www.icceoca13.cri.or.th
www.vpn3.cri.or.th
www.ract2014.cri.or.th
www.pc8.cri.or.th
www.lib.cri.or.th
www.pc.cri.or.th
www.file.cri.or.th
www.training.cri.or.th
www.baannamsai.cri.or.th
www.ceramicsbycri.cri.or.th
www.chemhelpdesk.cri.or.th
www.vpn.cri.or.th
www.reservation.rs.cri.or.th
www.researchers.cri.or.th
www.paperless.cri.or.th
www.scout.cri.or.th
www.cri.or.th
www.library.cri.or.th
www.tdri.or.th
www.mailmta.tdri.or.th
www.office.tdri.or.th
www.mail.tdri.or.th
www.projects.tdri.or.th
www.tdri.or.th
www.relay.tdri.or.th
www.library.tdri.or.th
www.dhammagiri.or.th
www.dhammasiri.or.th
www.dhammasiri.or.th
www.slri.or.th
www.360.slri.or.th
www.mail.slri.or.th
www.beamapp.slri.or.th
www.accelerator.slri.or.th
www.services.slri.or.th
www.ns.slri.or.th
www.slri.or.th
www.mailgateway.slri.or.th
www.fpri.or.th
www.fpri.or.th
www.csri.or.th
www.hsri.or.th
www.ns2.hsri.or.th
www.imsa.hsri.or.th
www.hsridata.hsri.or.th
www.kb.hsri.or.th
www.mail.hsri.or.th
www.hrchonburi.or.th
www.wasi.or.th
www.mail.wasi.or.th
www.wasi.or.th
www.ppsi.or.th
www.atsi.or.th
www.atsi.or.th
www.ecti.or.th
www.ns1.ecti.or.th
www.ns2.ecti.or.th
www.ectiweb.ecti.or.th
www.icti.or.th
www.dti.or.th
www.tsc.dti.or.th
www.dtd.dti.or.th
www.eoffice.dti.or.th
www.dtitalk.dti.or.th
www.startvpn.dti.or.th
www.ogsvr.dti.or.th
www.tgsvr.dti.or.th
www.kmsvr.dti.or.th
www.fti.or.th
www.mobile.fti.or.th
www.off.fti.or.th
www.mail2.off.fti.or.th
www.ftiweb.off.fti.or.th
www.ftijob.off.fti.or.th
www.tidic.off.fti.or.th
www.emarketing.off.fti.or.th
www.ftimember.off.fti.or.th
www.mail.fti.or.th
www.fact.fti.or.th
www.fti.or.th
www.ecofactory.fti.or.th
www.webdisk.ecofactory.fti.or.th
www.cpanel.ecofactory.fti.or.th
www.webmail.ecofactory.fti.or.th
www.sti.or.th
www.smg1.sti.or.th
www.mgw1.sti.or.th
www.intra.sti.or.th
www.stiic.sti.or.th
www.e-meeting.sti.or.th
www.mail.sti.or.th
www.horizon.sti.or.th
www.pmp.sti.or.th
www.stibox.sti.or.th
www.academy.sti.or.th
www.somdej.or.th
www.rad.somdej.or.th
www.nurse.somdej.or.th
www.somdej.or.th
www.cukj.or.th
www.mail.cukj.or.th
www.cukj.or.th
www.ctj.or.th
www.mail.ctj.or.th
www.ctj.or.th
www.pattanarak.or.th
www.thaipack.or.th
www.mail.thaipack.or.th
www.ick.or.th
www.rakdek.or.th
www.mail.rakdek.or.th
www.kanchanapisek.or.th
www.archive1.kanchanapisek.or.th
www.archive2.kanchanapisek.or.th
www.archive3.kanchanapisek.or.th
www.archive4.kanchanapisek.or.th
www.kanchanapisek.or.th
www.journallink.or.th
www.journallink.or.th
www.islamicbangkok.or.th
www.masjid.islamicbangkok.or.th
www.hajj.islamicbangkok.or.th
www.mail.islamicbangkok.or.th
www.islamicbangkok.or.th
www.sciencepark.or.th
www.sciencepark.or.th
www.tkpark.or.th
www.tcr2011.tkpark.or.th
www.tkcr2012.tkpark.or.th
www.valuablebook2.tkpark.or.th
www.iflabangkok2013.tkpark.or.th
www.tcr2013.tkpark.or.th
www.tkforum2014.tkpark.or.th
www.tkforum2015.tkpark.or.th
www.tkforum2016.tkpark.or.th
www.tkforum2017.tkpark.or.th
www.royalmusic.tkpark.or.th
www.search.tkpark.or.th
www.valuablebook.tkpark.or.th
www.audiobook.tkpark.or.th
www.mailtk.tkpark.or.th
www.tkforum.tkpark.or.th
www.sso.tkpark.or.th
www.tkpark.or.th
www.elibrary.tkpark.or.th
www.sirindhornpark.or.th
www.swpark.or.th
www.mail.swpark.or.th
www.knowhow.swpark.or.th
www.swpark.or.th
www.familynetwork.or.th
www.familynetwork.or.th
www.redcross-sk.or.th
www.mail.redcross-sk.or.th
www.redcross-sk.or.th
www.santisuk.or.th
www.santisuk.or.th
www.craniofacial.or.th
www.mail.craniofacial.or.th
www.craniofacial.or.th
www.halal.or.th
www.mail.halal.or.th
www.halal.or.th
www.drive.thaidental.or.th
www.ail.or.th
www.webdisk.ail.or.th
www.cpanel.ail.or.th
www.webmail.ail.or.th
www.newsbroadcastingcouncil.or.th
www.mail.newsbroadcastingcouncil.or.th
www.newsbroadcastingcouncil.or.th
www.britishcouncil.or.th
www.dentalcouncil.or.th
www.dentalcouncil.or.th
www.lawyerscouncil.or.th
www.ns1.lawyerscouncil.or.th
www.ns2.lawyerscouncil.or.th
www.presscouncil.or.th
www.presscouncil.or.th
www.vetcouncil.or.th
www.ns1.vetcouncil.or.th
www.ns2.vetcouncil.or.th
www.vetcouncil.or.th
www.baseball.or.th
www.volleyball.or.th
www.server1.volleyball.or.th
www.mail.server1.volleyball.or.th
www.pop.server1.volleyball.or.th
www.ftp.server1.volleyball.or.th
www.smtp.server1.volleyball.or.th
www.server1.volleyball.or.th
www.ns1.volleyball.or.th
www.ns2.volleyball.or.th
www.volleyball.or.th
www.artforall.or.th
www.watchol.or.th
www.watchol.or.th
www.preschool.or.th
www.ns1.preschool.or.th
www.ns2.preschool.or.th
www.webdisk.preschool.or.th
www.cpanel.preschool.or.th
www.webmail.preschool.or.th
www.autodiscover.preschool.or.th
www.oxfam.or.th
www.oxfam.or.th
www.dancham.or.th
www.sam.or.th
www.mail.sam.or.th
www.postman.sam.or.th
www.resam.or.th
www.resam.or.th
www.mail.cbm.or.th
www.hualaem.or.th
www.reg.hualaem.or.th
www.taem.or.th
www.research.taem.or.th
www.research.taem.or.th
www.webdisk.taem.or.th
www.cpanel.taem.or.th
www.webmail.taem.or.th
www.ggm.or.th
www.mail.ggm.or.th
www.ptp.ggm.or.th
www.ggm.or.th
www.sihm.or.th
www.mail.sihm.or.th
www.sihm.or.th
www.lim.or.th
www.mail.lim.or.th
www.ns.lim.or.th
www.ftqm.or.th
www.reform.or.th
www.reform.or.th
www.healthreform.or.th
www.econreform.or.th
www.mail2.nsm.or.th
www.edoc.nsm.or.th
www.e-learning.nsm.or.th
www.vdi.nsm.or.th
www.virtual.nsm.or.th
www.anti-corruption.nsm.or.th
www.intranet.nsm.or.th
www.nsm.or.th
www.thaibankmuseum.or.th
www.cathedralchan.or.th
www.mail.cathedralchan.or.th
www.studentloan.or.th
www.studentloan.or.th
www.mail.studentloan.or.th
www.nssrvslfmail.studentloan.or.th
www.smtp.studentloan.or.th
www.autodiscover.studentloan.or.th
www.jobs.studentloan.or.th
www.eservices.studentloan.or.th
www.suksapan.or.th
www.mail.suksapan.or.th
www.suksapan.or.th
www.mrigadayavan.or.th
www.mail.mrigadayavan.or.th
www.ns.mrigadayavan.or.th
www.thaiwomen.or.th
www.mail.thaiwomen.or.th
www.ns.thaiwomen.or.th
www.samsen.or.th
www.mail.samsen.or.th
www.samsen.or.th
www.netizen.or.th
www.netizen.or.th
www.thai-frozen.or.th
www.mail.thai-frozen.or.th
www.thai-frozen.or.th
www.radion.or.th
www.worldvision.or.th
www.mail.worldvision.or.th
www.gifts.worldvision.or.th
www.worldvision.or.th
www.catholic-education.or.th
www.mail.catholic-education.or.th
www.catholic-education.or.th
www.financialeducation.or.th
www.rama-foundation.or.th
www.mail.rama-foundation.or.th
www.rama-foundation.or.th
www.ramafoundation.or.th
www.inet-161.ramafoundation.or.th
www.inet-165.ramafoundation.or.th
www.give.ramafoundation.or.th
www.mail.ramafoundation.or.th
www.pgw.ramafoundation.or.th
www.ramafoundation.or.th
www.pavenafoundation.or.th
www.mail.pavenafoundation.or.th
www.pavenafoundation.or.th
www.tmbfoundation.or.th
www.mail.tmbfoundation.or.th
www.tmbfoundation.or.th
www.lovefoundation.or.th
www.lovefoundation.or.th
www.sirifoundation.or.th
www.mail.sirifoundation.or.th
www.ajinomotofoundation.or.th
www.smallkidsfoundation.or.th
www.prosthesesfoundation.or.th
www.suthiratfoundation.or.th
www.suthiratfoundation.or.th
www.inetfoundation.or.th
www.mail.inetfoundation.or.th
www.inetfoundation.or.th
www.setfoundation.or.th
www.mail.setfoundation.or.th
www.gloryhutfoundation.or.th
www.mail.gloryhutfoundation.or.th
www.nanoassociation.or.th
www.powerofinnovation.or.th
www.market-organization.or.th
www.mail.market-organization.or.th
www.market-organization.or.th
www.worldanimalprotection.or.th
www.donate.worldanimalprotection.or.th
www.actnow.worldanimalprotection.or.th
www.worldanimalprotection.or.th
www.consumerprotection.or.th
www.mail.consumerprotection.or.th
www.tonboon.or.th
www.mail.tonboon.or.th
www.thaigeron.or.th
www.thaigeron.or.th
www.missingperson.or.th
www.missingperson.or.th
www.firn.or.th
www.webdisk.firn.or.th
www.cpanel.firn.or.th
www.webmail.firn.or.th
www.narenthorn.or.th
www.ns1.narenthorn.or.th
www.ns2.narenthorn.or.th
www.mail.narenthorn.or.th
www.pinkanakorn.or.th
www.eoffice.pinkanakorn.or.th
www.mail.pinkanakorn.or.th
www.uat.pinkanakorn.or.th
www.asc2015.posn.or.th
www.cosmos.posn.or.th
www.un.or.th
www.eprotocol.un.or.th
www.intranet.un.or.th
www.un.or.th
www.fao.or.th
www.mambo.or.th
www.ns1.mambo.or.th
www.ns2.mambo.or.th
www.webdisk.mambo.or.th
www.cpanel.mambo.or.th
www.webmail.mambo.or.th
www.autodiscover.mambo.or.th
www.thaitobacco.or.th
www.ilc.thaitobacco.or.th
www.qc.thaitobacco.or.th
www.ttm-authen.thaitobacco.or.th
www.smtp.thaitobacco.or.th
www.dw.thaitobacco.or.th
www.thaitobacco.or.th
www.eeco.or.th
www.tracking.eeco.or.th
www.hris.eeco.or.th
www.eeco.or.th
www.emco.or.th
www.mail.emco.or.th
www.asco.or.th
www.mail.asco.or.th
www.asco.or.th
www.tsco.or.th
www.mail.tsco.or.th
www.fetco.or.th
www.bedo.or.th
www.app1.bedo.or.th
www.infoma.bedo.or.th
www.eweb.bedo.or.th
www.edoc.bedo.or.th
www.mail.bedo.or.th
www.bedo.or.th
www.thaicondo.or.th
www.conference.tgo.or.th
www.lccgame.tgo.or.th
www.thaicarbonlabel.tgo.or.th
www.ghgreduction.tgo.or.th
www.thaicfcalculator.tgo.or.th
www.carbonmarket.tgo.or.th
www.tgo.or.th
www.thaibio.or.th
www.ratchaburidio.or.th
www.mail.ratchaburidio.or.th
www.ratchaburidio.or.th
www.handing1.glo.or.th
www.broadcast1.glo.or.th
www.handing2.glo.or.th
www.mdoc.glo.or.th
www.echannel.glo.or.th
www.mail.glo.or.th
www.smtp.glo.or.th
www.services.glo.or.th
www.hopes.glo.or.th
www.glo.or.th
www.esurvey.glo.or.th
www.lottery.glo.or.th
www.thailandpolo.or.th
www.mail.thailandpolo.or.th
www.market-complain.mo.or.th
www.svr2.gpo.or.th
www.gpo.or.th
www.erpweb.gpo.or.th
www.scm.gpo.or.th
www.com3crm.gpo.or.th
www.vpn.gpo.or.th
www.inter.gpo.or.th
www.ess.gpo.or.th
www.vmishipment.gpo.or.th
www.com3srv.gpo.or.th
www.gpo.or.th
www.hisro.or.th
www.neuro.or.th
www.mail.neuro.or.th
www.neuro.or.th
www.hiso.or.th
www.mail.hiso.or.th
www.hiso.or.th
www.thai-japanasso.or.th
www.thai-japanasso.or.th
www.kto.or.th
www.kto.or.th
www.mail.jnto.or.th
www.seminar.jnto.or.th
www.thaiauto.or.th
www.data.thaiauto.or.th
www.thaiauto.or.th
www.fap.or.th
www.cpa.fap.or.th
www.eservice.fap.or.th
www.mail.fap.or.th
www.gwmail.fap.or.th
www.notification.fap.or.th
www.mailalert.notification.fap.or.th
www.apps.fap.or.th
www.fap.or.th
www.bp.or.th
www.ubdp.or.th
www.mail.ubdp.or.th
www.undp.or.th
www.th-devas10.undp.or.th
www.llb1.undp.or.th
www.dpex02.undp.or.th
www.th-devas22.undp.or.th
www.llb2.undp.or.th
www.th-devas15.undp.or.th
www.intra.undp.or.th
www.donate.undp.or.th
www.webconf.undp.or.th
www.regionalcentrebangkok.undp.or.th
www.portal.undp.or.th
www.dialin.undp.or.th
www.sip.undp.or.th
www.lyncdiscover.undp.or.th
www.meet.undp.or.th
www.support.undp.or.th
www.av.undp.or.th
www.undp.or.th
www.tcep.or.th
www.webmail.tcep.or.th
www.cukp.or.th
www.mail.cukp.or.th
www.wmp.or.th
www.wmp.or.th
www.sonp.or.th
www.mail.sonp.or.th
www.ccop.or.th
www.casm-asia.ccop.or.th
www.ccop.or.th
www.iop.or.th
www.webbased.iop.or.th
www.mail.webbased.iop.or.th
www.mail.iop.or.th
www.patho-admin.iop.or.th
www.demo.iop.or.th
www.intranet.peacoop.or.th
www.peacoop.or.th
www.lpnphcoop.or.th
www.mail.lpnphcoop.or.th
www.healthcoop.or.th
www.mail.healthcoop.or.th
www.healthcoop.or.th
www.molcoop.or.th
www.mail.molcoop.or.th
www.ns.molcoop.or.th
www.cmcoop.or.th
www.ns1.cmcoop.or.th
www.ns2.cmcoop.or.th
www.mail.cmcoop.or.th
www.macocoop.or.th
www.ns1.macocoop.or.th
www.ns2.macocoop.or.th
www.system.macocoop.or.th
www.cayasocoop.or.th
www.appp.or.th
www.webdisk.appp.or.th
www.cpanel.appp.or.th
www.webmail.appp.or.th
www.ihrp.or.th
www.nrfurp.or.th
www.wrp.or.th
www.tasp.or.th
www.webdisk.tasp.or.th
www.cpanel.tasp.or.th
www.webmail.tasp.or.th
www.ksp.or.th
www.upload.ksp.or.th
www.service.ksp.or.th
www.selfservice.ksp.or.th
www.site.ksp.or.th
www.api.ksp.or.th
www.ksptalk.ksp.or.th
www.link.ksp.or.th
www.school.ksp.or.th
www.news.ksp.or.th
www.bundit.ksp.or.th
www.ksp.or.th
www.nsp.or.th
www.mail.nsp.or.th
www.nsp.or.th
www.bphosp.or.th
www.mail.bphosp.or.th
www.pdadmin.bphosp.or.th
www.checkup.bphosp.or.th
www.appoint.bphosp.or.th
www.ns2.thailandgrsp.or.th
www.ns3.thailandgrsp.or.th
www.ns4.thailandgrsp.or.th
www.ns.thailandgrsp.or.th
www.psusp.or.th
www.mail.psusp.or.th
www.psusp.or.th
www.fetp.or.th
www.ptp.or.th
www.cstp.or.th
www.mail.cstp.or.th
www.cstp.or.th
www.adeq.or.th
www.mail.adeq.or.th
www.adeq.or.th
www.ar.or.th
www.ns1.ar.or.th
www.ns2.ar.or.th
www.thethaibar.or.th
www.thethaibar.or.th
www.alkawthar.or.th
www.mail.alkawthar.or.th
www.unhcr.or.th
www.mail.unhcr.or.th
www.unhcr.or.th
www.coopofficer.or.th
www.mail.coopofficer.or.th
www.coopofficer.or.th
www.pier.or.th
www.pier.or.th
www.tahper.or.th
www.mail.tahper.or.th
www.blindcenter.or.th
www.icenter.or.th
www.moralcenter.or.th
www.dl.moralcenter.or.th
www.moralcenter.or.th
www.webmaster.or.th
www.mail.webmaster.or.th
www.ns.webmaster.or.th
www.webmaster.or.th
www.aichr.or.th
www.air.or.th
www.autorepair.or.th
www.webdisk.autorepair.or.th
www.cpanel.autorepair.or.th
www.webmail.autorepair.or.th
www.tsvir.or.th
www.mail.tsvir.or.th
www.ns.tsvir.or.th
www.mirror.or.th
www.read4thai.mirror.or.th
www.ngoscyber.mirror.or.th
www.mirror.or.th
www.charity.mirror.or.th
www.doctor.or.th
www.staging.doctor.or.th
www.publishing.doctor.or.th
www.mail.doctor.or.th
www.foundation.doctor.or.th
www.learn.doctor.or.th
www.doctor.or.th
www.taxauditor.or.th
www.mail.taxauditor.or.th
www.ns.taxauditor.or.th
www.liquor.or.th
www.liquor.or.th
www.erp.liquor.or.th
www.cssr.or.th
www.mail.cssr.or.th
www.cssr.or.th
www.tistr.or.th
www.opac.tistr.or.th
www.klc.tistr.or.th
www.tistr.or.th
www.cas.or.th
www.mail.cas.or.th
www.cas.or.th
www.peas.or.th
www.peas.or.th
www.cuas.or.th
www.thaipbs.or.th
www.thaipbs.or.th
www3.thaipbs.or.th
www.ip-a.thaipbs.or.th
www.data.thaipbs.or.th
www.xa.thaipbs.or.th
www.ip-b.thaipbs.or.th
www.friend.thaipbs.or.th
www.myspace.thaipbs.or.th
www.newswire.thaipbs.or.th
www.training.thaipbs.or.th
www.training.thaipbs.or.th
www.wiki.thaipbs.or.th
www.portal.thaipbs.or.th
www.webmail.thaipbs.or.th
www.mm.thaipbs.or.th
www.citizen.thaipbs.or.th
www.shop.thaipbs.or.th
www.catchup.thaipbs.or.th
www.seminar.thaipbs.or.th
www.autodiscover.thaipbs.or.th
www.plastics.or.th
www.ns1.plastics.or.th
www.ns2.plastics.or.th
www.interactive.plastics.or.th
www.mail.plastics.or.th
www.wasteapp.plastics.or.th
www.tcs.or.th
www.mail.tcs.or.th
www.tcs.or.th
www.lds.or.th
www.sds.or.th
www.mail.sds.or.th
www.ires.or.th
www.mail.ires.or.th
www.magiceyes.or.th
www.mail.magiceyes.or.th
www.magiceyes.or.th
www.afs.or.th
www.trafs.or.th
www.webdisk.trafs.or.th
www.cpanel.trafs.or.th
www.webmail.trafs.or.th
www.savings.or.th
www.mail.savings.or.th
www.pop.savings.or.th
www.ftp.savings.or.th
www.smtp.savings.or.th
www.savings.or.th
www.this.or.th
www.this.or.th
www.mail2.thailis.or.th
www.tdc.thailis.or.th
www.newtdc.thailis.or.th
www.uc.thailis.or.th
www.itwg.thailis.or.th
www.ebook.thailis.or.th
www.trial.thailis.or.th
www.trial.thailis.or.th
www.mail.thailis.or.th
www.tar.thailis.or.th
www.dcms.thailis.or.th
www.venus.thailis.or.th
www.pulinet.thailis.or.th
www.thailis.or.th
www.saintlouis.or.th
www.mail2.saintlouis.or.th
www.mailmx2.saintlouis.or.th
www.sa.saintlouis.or.th
www.sd.saintlouis.or.th
www.mail.saintlouis.or.th
www.qdpm.saintlouis.or.th
www.saintlouis.or.th
www.gateway.saintlouis.or.th
www.passthrough6.gateway.saintlouis.or.th
www.download.gateway.saintlouis.or.th
www.passthrough.gateway.saintlouis.or.th
www.gallery.saintlouis.or.th
www.wis.or.th
www.wis.or.th
www.stks.or.th
www.thesis2.stks.or.th
www.stks.or.th
www.library.stks.or.th
www.tcels.or.th
www.mail.tcels.or.th
www.smtp.tcels.or.th
www.sms.or.th
www.webdisk.sms.or.th
www.cpanel.sms.or.th
www.webmail.sms.or.th
www.autodiscover.sms.or.th
www.thaisurgeons.or.th
www.mail.thaisurgeons.or.th
www.thons.or.th
www.missingpersons.or.th
www.phradabos.or.th
www.mail.phradabos.or.th
www.ns.phradabos.or.th
www.thaps.or.th
www.tlaps.or.th
www.tmps.or.th
www.meacoops.or.th
www.meacoops.or.th
www.fpps.or.th
www.mail.fpps.or.th
www.fpps.or.th
www.goldtraders.or.th
www.board.goldtraders.or.th
www.neo.goldtraders.or.th
www.goldtraders.or.th
www.xyz.goldtraders.or.th
www.helpwithoutfrontiers.or.th
www.webdisk.helpwithoutfrontiers.or.th
www.cpanel.helpwithoutfrontiers.or.th
www.webmail.helpwithoutfrontiers.or.th
www.helpwithoutfrontiers.or.th
www.thairicepackers.or.th
www.mail.thairicepackers.or.th
www.jrs.or.th
www.jrs.or.th
www.tmrs.or.th
www.mail.tmrs.or.th
www.trs.or.th
www.ttrs.or.th
www.mail.ttrs.or.th
www.app.ttrs.or.th
www.support.ttrs.or.th
www.test.ttrs.or.th
www.ttrs.or.th
www.thailandchess.or.th
www.webdisk.thailandchess.or.th
www.mail.thailandchess.or.th
www.autodiscover.thailandchess.or.th
www.chinesechess.or.th
www.tess.or.th
www.ns1.tess.or.th
www.ns2.tess.or.th
www.dc-4c85b5ad192f.tess.or.th
www.redcross.or.th
www.ns2.redcross.or.th
www.ns3.redcross.or.th
www.ns4.redcross.or.th
www.multimedia.redcross.or.th
www.odc.redcross.or.th
www.edoc.redcross.or.th
www.pmistrc.redcross.or.th
www.webrtc.redcross.or.th
www.upload.redcross.or.th
www.fileupload.redcross.or.th
www.blood.redcross.or.th
www.giveblood.redcross.or.th
www.eservice.redcross.or.th
www.thaihemovigilance.redcross.or.th
www.thaihemovigilance.redcross.or.th
www.training.redcross.or.th
www.training.redcross.or.th
www.meeting.redcross.or.th
www.fmislog.redcross.or.th
www.prtg.redcross.or.th
www.english.redcross.or.th
www.eyebankthai.redcross.or.th
www.hrbi.redcross.or.th
www.cctv01.qsmi.redcross.or.th
www.cctv02.qsmi.redcross.or.th
www.cctv03.qsmi.redcross.or.th
www.cctv04.qsmi.redcross.or.th
www.cctv05.qsmi.redcross.or.th
www.eyebank.redcross.or.th
www.personnel.redcross.or.th
www.eduroam.redcross.or.th
www.museum.redcross.or.th
www.museum.redcross.or.th
www.khaolan.redcross.or.th
www.vpn.redcross.or.th
www.webvpn.redcross.or.th
www.vidyo.redcross.or.th
www.chapter.redcross.or.th
www.nsmaster.redcross.or.th
www.disaster.redcross.or.th
www.hr.redcross.or.th
www.pacs.redcross.or.th
www.hrtrcs.redcross.or.th
www.hrdis.redcross.or.th
www.fmis.redcross.or.th
www.pmis.redcross.or.th
www.vtris.redcross.or.th
www.ns.redcross.or.th
www.chapters.redcross.or.th
www.chapternews.redcross.or.th
www.it.redcross.or.th
www.audit.redcross.or.th
www.mail-gw.redcross.or.th
www.redcross.or.th
www.thaircy.redcross.or.th
www.property.redcross.or.th
www.sss.or.th
www.webdisk.sss.or.th
www.cpanel.sss.or.th
www.webmail.sss.or.th
www.autodiscover.sss.or.th
www.ats.or.th
www.mail.ats.or.th
www.dc-gss-01.niets.or.th
www.dr-gss-01.niets.or.th
www.nietscloud.niets.or.th
www.escore.niets.or.th
www.drive.niets.or.th
www.mail.niets.or.th
www.adm.niets.or.th
www.appsep.niets.or.th
www.rps.niets.or.th
www.gatpat.niets.or.th
www.newonetresult.niets.or.th
www.niets.or.th
www.thaigifts.or.th
www.thaiautoparts.or.th
www.mail.thaiautoparts.or.th
www.thaiautoparts.or.th
www.redemptorists.or.th
www.webdisk.redemptorists.or.th
www.cpanel.redemptorists.or.th
www.webmail.redemptorists.or.th
www.autodiscover.redemptorists.or.th
www.utts.or.th
www.mail.utts.or.th
www.utts.or.th
www.sws.or.th
www.mail.sws.or.th
www.tws.or.th
www.aat.or.th
www.caat.or.th
www.edoc.caat.or.th
www.eservice.caat.or.th
www.elicense.caat.or.th
www.intranetapi.caat.or.th
www.aim.caat.or.th
www.hr.caat.or.th
www.webdas.caat.or.th
www.ais.caat.or.th
www.intranet.caat.or.th
www.safetyreport.caat.or.th
www.caat.or.th
www.eeaat.or.th
www.jaat.or.th
www.mail.jaat.or.th
www.naat.or.th
www.mail.naat.or.th
www.naat.or.th
www.raat.or.th
www.ns.raat.or.th
www.pubat.or.th
www.webdisk.pubat.or.th
www.mail.pubat.or.th
www.autodiscover.pubat.or.th
www.cat.or.th
www.mail.cat.or.th
www.cat.or.th
www.acat.or.th
www.mail.acat.or.th
www.member.acat.or.th
www.new.acat.or.th
www.wafcat.or.th
www.old.wafcat.or.th
www.old.wafcat.or.th
www.backend.wafcat.or.th
www.backend.wafcat.or.th
www.webdisk.wafcat.or.th
www.cpanel.wafcat.or.th
www.webmail.wafcat.or.th
www.rcat.or.th
www.rcat.or.th
www.ceat.or.th
www.mail.ceat.or.th
www.ceat.or.th
www.eeat.or.th
www.mail.eeat.or.th
www.eeat.or.th
www.egat.or.th
www.egat.or.th
www.ihat.or.th
www.aiat.or.th
www.airobic2018.aiat.or.th
www.kicss2018.aiat.or.th
www.conf.aiat.or.th
www.star.aiat.or.th
www.resources.aiat.or.th
www.stars.aiat.or.th
www.contest.aiat.or.th
www.academy.aiat.or.th
www.theiiat.or.th
www.theiiat.or.th
www.jat.or.th
www.e-lat.or.th
www.mail.e-lat.or.th
www.e-lat.or.th
www.ilat.or.th
www.mail.ilat.or.th
www.mat.or.th
www.cepmart-mat.or.th
www.webdisk.cepmart-mat.or.th
www.cpanel.cepmart-mat.or.th
www.webmail.cepmart-mat.or.th
www.mat.or.th
www.cmat.or.th
www.mail.cmat.or.th
www.pmat.or.th
www.ns1.pmat.or.th
www.ns2.pmat.or.th
www.pmat.or.th
www.moat.or.th
www.mail.moat.or.th
www.moat.or.th
www.soat.or.th
www.v21.soat.or.th
www.pat.or.th
www.ns1.pat.or.th
www.ns2.pat.or.th
www.ns.pat.or.th
www.pat.or.th
www.ipat.or.th
www.mail.ipat.or.th
www.ipat.or.th
www.chaipat.or.th
www.chaipat-mail01.chaipat.or.th
www.edoc.chaipat.or.th
www.fis.chaipat.or.th
www.pmis.chaipat.or.th
www.chaipat.or.th
www.cipat.or.th
www.ns2.cipat.or.th
www.regis.cipat.or.th
www.cipat.or.th
www.ppat.or.th
www.ppat.or.th
www.shawpat.or.th
www.mail.shawpat.or.th
www.shawpat.or.th
www.rat.or.th
www.mail.rat.or.th
www.rat.or.th
www.democrat.or.th
www.mail.democrat.or.th
www.cms.democrat.or.th
www.dconnect.democrat.or.th
www.ns1dconnect.democrat.or.th
www.democrat.or.th
www.yrat.or.th
www.mail.yrat.or.th
www.yrat.or.th
www.sat.or.th
www.suphanburigames42.sat.or.th
www.web2.sat.or.th
www.sat.or.th
www3.sat.or.th
www.nakhonsawangames44.sat.or.th
www.thanyaburi45.sat.or.th
www.buriramgames2557.sat.or.th
www.newweb.sat.or.th
www.sportfund.sat.or.th
www.muayoffice.sat.or.th
www.mchongame.sat.or.th
www.reg.sat.or.th
www.seg.sat.or.th
www.bungchawak.sat.or.th
www.regional.sat.or.th
www.mail.sat.or.th
www.webmail.sat.or.th
www.sskm.sat.or.th
www.samilagames.sat.or.th
www.phechaburagames.sat.or.th
www.lablaegames.sat.or.th
www.suphanburigames.sat.or.th
www.khonkaengames.sat.or.th
www.kankraogames.sat.or.th
www.phuketgames.sat.or.th
www.uttaraditgames.sat.or.th
www.eis.sat.or.th
www.ns.sat.or.th
www.intranet.sat.or.th
www.tst.sat.or.th
www.satlaw.sat.or.th
www.smtpgw.sat.or.th
www.ww.sat.or.th
www.sat.or.th
www.officemuay.sat.or.th
www.fsat.or.th
www.mail.fsat.or.th
www.isat.or.th
www.jsat.or.th
www.ojsat.or.th
www.school.ojsat.or.th
www.ojsat.or.th
www.hosat.or.th
www.mail.hosat.or.th
www.hosat.or.th
www.tat.or.th
www.eis2.tat.or.th
www.tat.or.th
www.marketingdb.tat.or.th
www.tatic.tat.or.th
www.grc.tat.or.th
www.eoffice.tat.or.th
www.centralpage.tat.or.th
www.marketingdatabase.tat.or.th
www.earlywarning.tat.or.th
www.boardmeeting.tat.or.th
www.photobankth.tat.or.th
www.marketingbi.tat.or.th
www.helpdesk.tat.or.th
www.personnel.tat.or.th
www.mail.tat.or.th
www.pool.tat.or.th
www.marketingdm.tat.or.th
www.km.tat.or.th
www.actionplan.tat.or.th
www.photobanken.tat.or.th
www.tco.tat.or.th
www.sip.tat.or.th
www.erpapp.tat.or.th
www.mdgrprp.tat.or.th
www.smtp.tat.or.th
www.mailbackup.tat.or.th
www.intelligencecenter.tat.or.th
www.eis.tat.or.th
www.pms.tat.or.th
www.isms.tat.or.th
www.interstat.tat.or.th
www.intranet.tat.or.th
www.paymentaudit.tat.or.th
www.econtent.tat.or.th
www.branch-account.tat.or.th
www.tourisminvest.tat.or.th
www.tourisminvest.tat.or.th
www.erpext.tat.or.th
www.tat.or.th
www.ctat.or.th
www.mail.ctat.or.th
www.new.ctat.or.th
www.ww.ctat.or.th
www.vtat.or.th
www.mail.vtat.or.th
www.ns.vtat.or.th
www.vat.or.th
www.cfbt.or.th
www.mail.cfbt.or.th
www.cfbt.or.th
www.act.or.th
www.mail.act.or.th
www.ns.act.or.th
www.fact.or.th
www.mail.fact.or.th
www.fact.or.th
www.ns1.cct.or.th
www.conference.cct.or.th
www.expe.cct.or.th
www.mail.cct.or.th
www.pmu.cct.or.th
www.cct.or.th
www.fscct.or.th
www.mect.or.th
www.webdisk.mect.or.th
www.cpanel.mect.or.th
www.webmail.mect.or.th
www.impect.or.th
www.mail.impect.or.th
www.impect.or.th
www.ict.or.th
www.ns1.ict.or.th
www.ns2.ict.or.th
www.mail.ict.or.th
www.ns1.sacict.or.th
www.ns2.sacict.or.th
www.sacict.or.th
www.cpct.or.th
www.csct.or.th
www.csct.or.th
www.srusct.or.th
www.tct.or.th
www.tct.or.th
www.nadt.or.th
www.ns1.nadt.or.th
www.test1.nadt.or.th
www.ns2.nadt.or.th
www.reg.nadt.or.th
www.mail.nadt.or.th
www.nadt.or.th
www.greennet.or.th
www.set.or.th
www.secpg-imsva01.set.or.th
www.secpn-imsva01.set.or.th
www.secpc-imsvc01.set.or.th
www.mgwpn01.set.or.th
www.mgwpr01.set.or.th
www.exam1.set.or.th
www.ttcportal.wip1.set.or.th
www.avmnp1.set.or.th
www.setinter1.set.or.th
www.malgw1.set.or.th
www.secpn-imsva02.set.or.th
www.cpmapi2.set.or.th
www.raportal2.set.or.th
www.ttcportal2.set.or.th
www.exam2.set.or.th
www.setscm2.set.or.th
www.cpm2.set.or.th
www.setlogin2.set.or.th
www.setinter2.set.or.th
www.register2.set.or.th
www.thaicsd3.set.or.th
www.setscm3.set.or.th
www.marketdata1.wip9.set.or.th
www.wip9.set.or.th
www.portal.wip9.set.or.th
www.scm.wip9.set.or.th
www.member.wip9.set.or.th
www.wip9.set.or.th
www.test2.marketdata.set.or.th
www.oac.set.or.th
www.conference.set.or.th
www.nightingale.set.or.th
www.enterprise.set.or.th
www.test2.enterprise.set.or.th
www.test.enterprise.set.or.th
www.teleconf.set.or.th
www.elearning.set.or.th
www.prod.elearning.set.or.th
www.uat.elearning.set.or.th
www.test.elearning.set.or.th
www.cpmapi.set.or.th
www.test.portal.set.or.th
www.raportal.set.or.th
www.dca1.setportal.set.or.th
www.dca2.setportal.set.or.th
www3.setportal.set.or.th
www.dca.setportal.set.or.th
www.setportal.set.or.th
www.caltool.set.or.th
www.setscm.set.or.th
www.mdm.set.or.th
www.cpm.set.or.th
www.dipotrain.set.or.th
www.fsc.scptrain.set.or.th
www.scptrain.set.or.th
www.setlogin.set.or.th
www.test.registration.set.or.th
www.etrader.set.or.th
www.sur.set.or.th
www.tsicas.set.or.th
www.cpmapitest.set.or.th
www.cpmtest.set.or.th
www.setlogintest.set.or.th
www.dca.scptest.set.or.th
www.scptest.set.or.th
www.guesttest.set.or.th
www.guest.set.or.th
www.new.set.or.th
www.maruey.set.or.th
www.eft.or.th
www.eft.or.th
www.fft.or.th
www.ns1.fft.or.th
www.fft.or.th
www.sgt.or.th
www.ns.sgt.or.th
www.thaifulbright.or.th
www.pht.or.th
www.princess-it.or.th
www.eit.or.th
www.eit.or.th
www.fit.or.th
www.mail.fit.or.th
www.tfit.or.th
www.appsrv2.git.or.th
www.git.or.th
www.gemandjewelrydb.git.or.th
www.eservice.git.or.th
www.infocenter.git.or.th
www.git.or.th
www.knit.or.th
www.ns.knit.or.th
www.knit.or.th
www.narit.or.th
www.rangd.narit.or.th
www.conference.narit.or.th
www.store.narit.or.th
www.mail.narit.or.th
www.webmail.narit.or.th
www.chalawan.narit.or.th
www.indico.narit.or.th
www.nso.narit.or.th
www.engineer.narit.or.th
www.fits.narit.or.th
www.astronet.narit.or.th
www.trt.narit.or.th
www.narit.or.th
www.frit.or.th
www.mail.frit.or.th
www.volunteerspirit.or.th
www.isit.or.th
www.mail.isit.or.th
www.imail.isit.or.th
www.demo.isit.or.th
www.iiu.isit.or.th
www.miu.isit.or.th
www.isit.or.th
www.clt.or.th
www.mail.clt.or.th
www.clt.or.th
www.aslt.or.th
www.pscmt.or.th
www.pscmt.or.th
www.nimt.or.th
www.lesspaper.nimt.or.th
www.intranet.nimt.or.th
www.nimt.or.th
www.nmt.or.th
www.mail.nmt.or.th
www.nmt.or.th
www.accident.or.th
www.mail.accident.or.th
www.accident.or.th
www.work2.tint.or.th
www.ns2.tint.or.th
www.zimbra.tint.or.th
www.rdd.tint.or.th
www.eservice.tint.or.th
www.meeting.tint.or.th
www.ark.tint.or.th
www.mail.tint.or.th
www.indico.tint.or.th
www.mostap.tint.or.th
www.challenger.tint.or.th
www.ns.tint.or.th
www.32087-tint.tint.or.th
www.nsw.tint.or.th
www.tint.or.th
www.nginx.tint.or.th
www.calvary.tint.or.th
www.proxy.tint.or.th
www.mail1.bot.or.th
www.mail2.bot.or.th
www.mail3.bot.or.th
www.mail4.bot.or.th
www.byod.bot.or.th
www.iservice.bot.or.th
www.iapi.bot.or.th
www.m-iapi.bot.or.th
www.mail.bot.or.th
www.botmail.bot.or.th
www.ilogin.bot.or.th
www.bot-vpn.bot.or.th
www.botvpn.bot.or.th
www.adfs.bot.or.th
www.access.bot.or.th
www.uccaccess.bot.or.th
www.client.bot.or.th
www.bottest.bot.or.th
www.iservice-iwt.bot.or.th
www.iapi-iwt.bot.or.th
www.p-iapi-iwt.bot.or.th
www.ilogin-iwt.bot.or.th
www.accot.or.th
www.mail.accot.or.th
www.ecot.or.th
www.cicot.or.th
www.register.cicot.or.th
www.register.cicot.or.th
www.cicot.or.th
www.pt.or.th
www.mail.pt.or.th
www.pt.or.th
www.aupt.or.th
www.start.or.th
www.start.or.th
www.rcrt.or.th
www.mail.rcrt.or.th
www.rx0.tb-cert.or.th
www.actorganic-cert.or.th
www.webdisk.actorganic-cert.or.th
www.cpanel.actorganic-cert.or.th
www.mail.actorganic-cert.or.th
www.webmail.actorganic-cert.or.th
www.test.actorganic-cert.or.th
www.test.actorganic-cert.or.th
www.thaicert.or.th
www.mx-e01.thaicert.or.th
www.mx-e02.thaicert.or.th
www.ns-e2.thaicert.or.th
www.ns-gms.thaicert.or.th
www.thaicert.or.th
www.extremesport.or.th
www.tsrt.or.th
www.mail.tsrt.or.th
www.tsrt.or.th
www.deka2007.supremecourt.or.th
www.deka2007.supremecourt.or.th
www.deka.supremecourt.or.th
www.senddoc.supremecourt.or.th
www.oscjc-seek.supremecourt.or.th
www.mail.supremecourt.or.th
www.supremecourt.or.th
www.constitutionalcourt.or.th
www.office.constitutionalcourt.or.th
www.institute.constitutionalcourt.or.th
www.webmail.constitutionalcourt.or.th
www.constitutionalcourt.or.th
www.mx.constitutionalcourt.or.th
www.library.constitutionalcourt.or.th
www.tast.or.th
www.tast.or.th
www.bcst.or.th
www.mail.bcst.or.th
www.bcst.or.th
www.rcst.or.th
www.mail.rcst.or.th
www.rcst.or.th
www.dst.or.th
www.webdisk.dst.or.th
www.cpanel.dst.or.th
www.webmail.dst.or.th
www.pidst.or.th
www.ns.pidst.or.th
www.est.or.th
www.adventist.or.th
www.ns.adventist.or.th
www.mst.or.th
www.nst.or.th
www.nst.or.th
www.rcost.or.th
www.mail.rcost.or.th
www.pst.or.th
www.rpst.or.th
www.rpst.or.th
www.parst.or.th
www.mail.parst.or.th
www.sst.or.th
www.mail.sst.or.th
www.ns.sst.or.th
www.aett.or.th
www.mail.aett.or.th
www.ns.aett.or.th
www.citt.or.th
www.mail.citt.or.th
www.ns.citt.or.th
www.ns1.ptt.or.th
www.srut.or.th
www.ncswt.or.th
www.ns.ncswt.or.th
www.ambu.or.th
www.webdisk.ambu.or.th
www.cpanel.ambu.or.th
www.webmail.ambu.or.th
www.nichirenshoshu.or.th
www.nichirenshoshu.or.th
www.savingscmu.or.th
www.emeeting.savingscmu.or.th
www.mail.savingscmu.or.th
www.abaru.or.th
www.mail.abaru.or.th
www.ns.abaru.or.th
www.tu.or.th
www.tu.or.th
www.fopdev.or.th
www.freedomlife.fopdev.or.th
www.freedomlife.fopdev.or.th
www.demosite.fopdev.or.th
www.demosite.fopdev.or.th
www.forexrobot.fopdev.or.th
www.forexrobot.fopdev.or.th
www.buddy.fopdev.or.th
www.buddy.fopdev.or.th
www.pmmv.or.th
www.csv.or.th
www.mail.csv.or.th
www.csv.or.th
www.cisv.or.th
www.mail.cisv.or.th
www.ffwv.or.th
www.mail.ffwv.or.th
www.ilaw.or.th
www.freedom.ilaw.or.th
www.staging.freedom.ilaw.or.th
www.ilaw.or.th
www.ligimgiew.or.th
www.bex.or.th
www.orthodox.or.th
www.cambodia.orthodox.or.th
www.bkk.orthodox.or.th
www.bkk.orthodox.or.th
www.mail.orthodox.or.th
www.orthodox.or.th
www.emb-norway.or.th
www.allergy.or.th
www.mail.allergy.or.th
www.allergy.or.th
www.family.or.th
www.surgery.or.th
www.mail.surgery.or.th
www.surgery.or.th
www.mbox.surgery.or.th
www.cosmeticsurgery.or.th
www.mail.cosmeticsurgery.or.th
www.cosmeticsurgery.or.th
www.plasticsurgery.or.th
www.mail.plasticsurgery.or.th
www.new.plasticsurgery.or.th
www.plasticsurgery.or.th
www.mbox.plasticsurgery.or.th
www.thaigemjewelry.or.th
www.web1.thaigemjewelry.or.th
www.ns1.thaigemjewelry.or.th
www.en.thaigemjewelry.or.th
www.thaigemjewelry.or.th
www.psychiatry.or.th
www.mail.psychiatry.or.th
www.psychiatry.or.th
www.kenyaembassy.or.th
www.blog.kenyaembassy.or.th
www.blog.kenyaembassy.or.th
www.qatarembassy.or.th
www.m.qatarembassy.or.th
www.m.qatarembassy.or.th
www.thaiceramicsociety.or.th
www.mail.thaiceramicsociety.or.th
www.ns.thaiceramicsociety.or.th
www.geneticsociety.or.th
www.mail.geneticsociety.or.th
www.geneticsociety.or.th
www.econsociety.or.th
www.econsociety.or.th
www.talentmobility.or.th
www.thaimotility.or.th
www.mail.thaimotility.or.th
www.thaimotility.or.th
www.thailandsportactivity.or.th
www.crownproperty.or.th
www.mail.crownproperty.or.th
www.vpn.crownproperty.or.th
www.mailgw.crownproperty.or.th
www.crownproperty.or.th
www.amnesty.or.th
www.donate.amnesty.or.th
www.amnesty.or.th
www.alz.or.th
www.mail.alz.or.th
