www.sbr22.mi.th
www.mail.sbr22.mi.th
www.mtb42.mi.th
www.mail.mtb42.mi.th
www.mtb42.mi.th
www.ns2.army2.mi.th
www.army2.mi.th
www.ns3.army2.mi.th
www.km.army2.mi.th
www.km.army2.mi.th
www.pr.army2.mi.th
www.post.army2.mi.th
www.army2.mi.th
www.km.army3.mi.th
www.army3.mi.th
www.rta.mi.th
www.ns1.rta.mi.th
www.army1.rta.mi.th
www.ns2.rta.mi.th
www.pdx2.rta.mi.th
www.ns3.rta.mi.th
www.army3.rta.mi.th
www.e-k9.rta.mi.th
www.doca.rta.mi.th
www.buddha.rta.mi.th
www.e-crma.rta.mi.th
www.oac.rta.mi.th
www.learn-oac.rta.mi.th
www.aadc.rta.mi.th
www.e-music.rta.mi.th
www.e-qmc.rta.mi.th
www.sync.rta.mi.th
www.aadoc.rta.mi.th
www.e-arc.rta.mi.th
www.cgsc.rta.mi.th
www.e-cgsc.rta.mi.th
www.e-learningsc.rta.mi.th
www.aisc.rta.mi.th
www.atc.rta.mi.th
www.mtc.rta.mi.th
www.e-mtc.rta.mi.th
www.e-awc.rta.mi.th
www.swc.rta.mi.th
www.e-swc.rta.mi.th
www.aaad.rta.mi.th
www.e-odd.rta.mi.th
www.e-med.rta.mi.th
www.arcmd.rta.mi.th
www.prpd.rta.mi.th
www.signal102.cloud.rta.mi.th
www.army1012.cloud.rta.mi.th
www.umd.cloud.rta.mi.th
www.armykrabi.cloud.rta.mi.th
www.artyschool.cloud.rta.mi.th
www.cavalry10km.cloud.rta.mi.th
www.signalkm.cloud.rta.mi.th
www.pm.cloud.rta.mi.th
www.dop.cloud.rta.mi.th
www.arty.cloud.rta.mi.th
www.smartoffice.rta.mi.th
www.e-science.rta.mi.th
www.expe.rta.mi.th
www.e-inf.rta.mi.th
www.dop-learning.rta.mi.th
www.e-log.rta.mi.th
www.armysmarthealth.rta.mi.th
www.armysmarthealth.rta.mi.th
www.doi.rta.mi.th
www.learn-doi.rta.mi.th
www.e-avi.rta.mi.th
www.edj.rta.mi.th
www.chemical.rta.mi.th
www.e-animal.rta.mi.th
www.signal.rta.mi.th
www.e-signal.rta.mi.th
www.e-civil.rta.mi.th
www.rtaol.rta.mi.th
www.agschool.rta.mi.th
www.artyschool.rta.mi.th
www.km.rta.mi.th
www.chaplain.km.rta.mi.th
www.3ascom.rta.mi.th
www.swcom.rta.mi.th
www.infoasean.rta.mi.th
www.plan.rta.mi.th
www.e-person.rta.mi.th
www.cloudvpn.rta.mi.th
www.e-nco.rta.mi.th
www.doo.rta.mi.th
www.e-mp.rta.mi.th
www.dop.rta.mi.th
www.cyber.rta.mi.th
www.e-border.rta.mi.th
www.e-engineer.rta.mi.th
www.artycenter.rta.mi.th
www.e-doctor.rta.mi.th
www.armypr.rta.mi.th
www.logistics.rta.mi.th
www.armywives.rta.mi.th
www.dlogs.rta.mi.th
www.cloudgis.rta.mi.th
www.dpis.rta.mi.th
www.dopns.rta.mi.th
www.e-audit.rta.mi.th
www.e-int.rta.mi.th
www.dint.rta.mi.th
www.learn-dint.rta.mi.th
www.imint.rta.mi.th
www.agdept.rta.mi.th
www.vetdept.rta.mi.th
www.e-art.rta.mi.th
www.e-transport.rta.mi.th
www.e-adjust.rta.mi.th
www.e-edu.rta.mi.th
www.e-cav.rta.mi.th
www.cav2div.rta.mi.th
www.fadiv.rta.mi.th
www.e-reserv.rta.mi.th
www.rta.mi.th
www.pdx.rta.mi.th
www.e-money.rta.mi.th
www.e-army.rta.mi.th
www.library.rta.mi.th
www.armysecretary.rta.mi.th
www.dint-connect2.mz.rta.mi.th
www.dint-web.mz.rta.mi.th
www.dint-static.mz.rta.mi.th
www.dint-node.mz.rta.mi.th
www.dint-img.mz.rta.mi.th
www.dint-api.mz.rta.mi.th
www.dint-onair.mz.rta.mi.th
www.afdc.mi.th
www.wa.afdc.mi.th
www.wa.afdc.mi.th
www.npdc.mi.th
www.ns2.npdc.mi.th
www.tdc.mi.th
www.mail.tdc.mi.th
www.ns.tdc.mi.th
www.tdc.mi.th
www.smic.mi.th
www.ns1.smic.mi.th
www.ns2.smic.mi.th
www.mail.smic.mi.th
www.register.smic.mi.th
www.mail.mod.mi.th
www.clearinghouse.rtsd.mi.th
www.84th.rtsd.mi.th
www.geoportal.rtsd.mi.th
www.mail.rtsd.mi.th
www.webmap.rtsd.mi.th
www.webapp.rtsd.mi.th
www.rtsd.mi.th
www.dstd.mi.th
www.rtaf.mi.th
www.www20.rtaf.mi.th
www.www40.rtaf.mi.th
www.www101.rtaf.mi.th
www.www111.rtaf.mi.th
www.www31.rtaf.mi.th
www.www41.rtaf.mi.th
www.www71.rtaf.mi.th
www.www81.rtaf.mi.th
www.wing1.rtaf.mi.th
www.ns1.rtaf.mi.th
www.imss1.rtaf.mi.th
www.www42.rtaf.mi.th
www.www82.rtaf.mi.th
www.ns2.rtaf.mi.th
www.imss2.rtaf.mi.th
www.www103.rtaf.mi.th
www.www123.rtaf.mi.th
www.www43.rtaf.mi.th
www.www153.rtaf.mi.th
www.www83.rtaf.mi.th
www.www93.rtaf.mi.th
www3.rtaf.mi.th
www.www44.rtaf.mi.th
www.www84.rtaf.mi.th
www4.rtaf.mi.th
www.www35.rtaf.mi.th
www.www75.rtaf.mi.th
www.www85.rtaf.mi.th
www.www195.rtaf.mi.th
www.wing46.rtaf.mi.th
www.wing56.rtaf.mi.th
www.www86.rtaf.mi.th
www.siambharat2017.rtaf.mi.th
www.www87.rtaf.mi.th
www.atts38.rtaf.mi.th
www.www158.rtaf.mi.th
www.www88.rtaf.mi.th
www.pct1329.rtaf.mi.th
www.dakota.rtaf.mi.th
www.vtclog-web.rtaf.mi.th
www.lmisweb.rtaf.mi.th
www.rfaac.rtaf.mi.th
www.nc.rtaf.mi.th
www.elearning.nc.rtaf.mi.th
www.acsc.rtaf.mi.th
www.awc.rtaf.mi.th
www.thaiswedefence.rtaf.mi.th
www.opensource.rtaf.mi.th
www.airforcemagazine.rtaf.mi.th
www.control-one.rtaf.mi.th
www.welfare.rtaf.mi.th
www.secure.rtaf.mi.th
www.educate.rtaf.mi.th
www.kmrtaf.rtaf.mi.th
www.elearning.rtaf.mi.th
www.ncos.elearning.rtaf.mi.th
www.c2log.rtaf.mi.th
www.antidrug.rtaf.mi.th
www.elearning.english.rtaf.mi.th
www.chandruhospital.rtaf.mi.th
www.stan-eval.rtaf.mi.th
www.mail.rtaf.mi.th
www.securewebmail.rtaf.mi.th
www.intell.rtaf.mi.th
www.boxawmdm.rtaf.mi.th
www.comm.rtaf.mi.th
www.arm.rtaf.mi.th
www.imgcdn.rtaf.mi.th
www.602sqdn.rtaf.mi.th
www.gripen.rtaf.mi.th
www.vpn.rtaf.mi.th
www.cybertracer.rtaf.mi.th
www.officer.rtaf.mi.th
www.weather.rtaf.mi.th
www.is.rtaf.mi.th
www.ots.elearning.is.rtaf.mi.th
www.comm.is.rtaf.mi.th
www.elect.is.rtaf.mi.th
www.dict.is.rtaf.mi.th
www.dev.is.rtaf.mi.th
www.ais.rtaf.mi.th
www.sos.rtaf.mi.th
www.rtaf.mi.th
www.rtafwebex.rtaf.mi.th
www.dropbox.rtaf.mi.th
www.competency.rtaf.mi.th
www.filescompetency.rtaf.mi.th
www.web.mz.rtaf.mi.th
www.static.mz.rtaf.mi.th
www.node.mz.rtaf.mi.th
www.img.mz.rtaf.mi.th
www.api.mz.rtaf.mi.th
www.rtmp.mz.rtaf.mi.th
www.connect.mz.rtaf.mi.th
www.rtarf.mi.th
www.afdc-mdu11.rtarf.mi.th
www.j1.rtarf.mi.th
www.afdc-rbs912.rtarf.mi.th
www.afdc-mdu42.rtarf.mi.th
www.afdc-mdu52.rtarf.mi.th
www.j2.rtarf.mi.th
www.mailsys2.rtarf.mi.th
www.afdc-mdu23.rtarf.mi.th
www.afdc-mdu43.rtarf.mi.th
www.afdc-mdu53.rtarf.mi.th
www.j3.rtarf.mi.th
www.mailsys3.rtarf.mi.th
www.afdc-rbs934.rtarf.mi.th
www.j4.rtarf.mi.th
www.mailsys4.rtarf.mi.th
www.j5.rtarf.mi.th
www.afdc-mdu46.rtarf.mi.th
www.data.rtarf.mi.th
www.millib.rtarf.mi.th
www.tncbcc.rtarf.mi.th
www.mc.rtarf.mi.th
www.edoc.rtarf.mi.th
www.rtafdroc.rtarf.mi.th
www.rdsc.rtarf.mi.th
www.afsc.rtarf.mi.th
www.jsc.rtarf.mi.th
www.mitc.rtarf.mi.th
www.micttc.rtarf.mi.th
www.persd.rtarf.mi.th
www.drive.rtarf.mi.th
www.aaf.rtarf.mi.th
www.ocg.rtarf.mi.th
www.oig.rtarf.mi.th
www.stming.rtarf.mi.th
www.api.rtarf.mi.th
www.ndsi.rtarf.mi.th
www.ndsi-ebook.rtarf.mi.th
www.royal.rtarf.mi.th
www.mail.rtarf.mi.th
www.mdo.rtarf.mi.th
www.afdc-4rdo.rtarf.mi.th
www.sdo.rtarf.mi.th
www.afdc-gso.rtarf.mi.th
www.smtp.rtarf.mi.th
www.afdc-ict.rtarf.mi.th
www.webcast.rtarf.mi.th
www.afdc-sdu.rtarf.mi.th
www.box.rtarf.mi.th
www.suriyapong.mi.th
www.chairentacar.suriyapong.mi.th
www.chairentacar.suriyapong.mi.th
www.fsh.mi.th
www.mail.fsh.mi.th
www.km.fsh.mi.th
www.fsh.mi.th
www.tak.mi.th
www.mail.tak.mi.th
www.tak.mi.th
www.mail.yodfahospital.mi.th
www.yodfahospital.mi.th
www.surasakhospital.mi.th
www.mail.surasakhospital.mi.th
www.surasakhospital.mi.th
www.swcom.mi.th
www.sp.mi.th
www.mail.sp.mi.th
www.artillery-marines.mi.th
www.mail.artillery-marines.mi.th
www.artillery-marines.mi.th
www.nac1.navy.mi.th
www.inter1.navy.mi.th
www.ns1.navy.mi.th
www.nac2.navy.mi.th
www.nac2.navy.mi.th
www.judge2.navy.mi.th
www.n2.navy.mi.th
www.marines2.navy.mi.th
www.ns2.navy.mi.th
www.nac3.navy.mi.th
www.team3.navy.mi.th
www.aseannavy2014.navy.mi.th
www.prtnex57.navy.mi.th
www.ndc59.navy.mi.th
www.hmkingrama9.navy.mi.th
www.attachejakarta.navy.mi.th
www.ctbdc.navy.mi.th
www.acdc.navy.mi.th
www.ndrc.navy.mi.th
www.rtc.navy.mi.th
www.cloud.navy.mi.th
www.blueforce.navy.mi.th
www.supplyonline.navy.mi.th
www.expe.navy.mi.th
www.shop.welfare.navy.mi.th
www.g4share.navy.mi.th
www.pmquestionnaire.navy.mi.th
www.attachesingapore.navy.mi.th
www.exch.navy.mi.th
www.expesth.navy.mi.th
www.bi.navy.mi.th
www.alumni.navy.mi.th
www.rongtook.navy.mi.th
www.mail.navy.mi.th
www.navyhall.navy.mi.th
www.expewongdeam.navy.mi.th
www.team.navy.mi.th
www.wam.navy.mi.th
www.hydro.navy.mi.th
www.nidpttep.navy.mi.th
www.tourofsattahip.navy.mi.th
www.icalendar.navy.mi.th
www.marines.navy.mi.th
www.hdgis.navy.mi.th
www.marinesgis.navy.mi.th
www.navychat.navy.mi.th
www.ncit.navy.mi.th
www.navedu.navy.mi.th
www.navydev.navy.mi.th
www.fw.navy.mi.th
www.navy.mi.th
www.box.navy.mi.th
www.ibox.navy.mi.th
www.proxy.navy.mi.th
