www.mail.phd2000.co.th
www.kuthong2000.co.th
www.mail.kuthong2000.co.th
www.kuthong2000.co.th
www.hh2000.co.th
www.webdisk.hh2000.co.th
www.cpanel.hh2000.co.th
www.webmail.hh2000.co.th
www.bics2000.co.th
www.systems2000.co.th
www.mail.systems2000.co.th
www.systems2000.co.th
www.4x100.co.th
www.8300.co.th
www.plus500.co.th
www.gen10.co.th
www.ns1.gen10.co.th
www.mail.ns1.gen10.co.th
www.ns2.gen10.co.th
www.vwlan.gen10.co.th
www.x10.co.th
www.libra40.co.th
www.asia360.co.th
www.vision360.co.th
www.mail.vision360.co.th
www.vision360.co.th
www.studio360.co.th
www.webdisk.studio360.co.th
www.cpanel.studio360.co.th
www.webmail.studio360.co.th
www.mce60.co.th
www.webmail.mce60.co.th
www.mce60.co.th
www.to70.co.th
www.adsb.to70.co.th
www.to70.co.th
www.eksuwankased2001.co.th
www.eksuwankased2001.co.th
www.lnet2001.co.th
www.mail.lnet2001.co.th
www.yoga101.co.th
www.webdisk.yoga101.co.th
www.cpanel.yoga101.co.th
www.webmail.yoga101.co.th
www.autodiscover.yoga101.co.th
www.cafe101.co.th
www.mail.cafe101.co.th
www.campus101.co.th
www.campus101.co.th
www.intrenddesign2011.co.th
www.chiq-511.co.th
www.ns1.chiq-511.co.th
www.ns2.chiq-511.co.th
www.mail.chiq-511.co.th
www.webmail.chiq-511.co.th
www.e-invitation.chiq-511.co.th
www.911.co.th
www.911.co.th
www.club21.co.th
www.communique.club21.co.th
www.training.club21.co.th
www.mail.club21.co.th
www.est.club21.co.th
www.mdw.club21.co.th
www.mail.c21.co.th
www.i21.co.th
www.i21.co.th
www.terminal21.co.th
www.mail.terminal21.co.th
www.terminal21.co.th
www.bio21.co.th
www.webdisk.bio21.co.th
www.cpanel.bio21.co.th
www.webmail.bio21.co.th
www.app21.co.th
www.century21.co.th
www.mail.century21.co.th
www.century21.co.th
www.strong1961.co.th
www.mail.strong1961.co.th
www.terrace61.co.th
www.ns.terrace61.co.th
www.d1.co.th
www.d1.co.th
www.space1.co.th
www.the1.co.th
www.measure1.co.th
www.mail.measure1.co.th
www.measure1.co.th
www.yg1.co.th
www.ns.yg1.co.th
www.h1.co.th
www.mail.h1.co.th
www.al1.co.th
www.mail.al1.co.th
www.al1.co.th
www.mobil1.co.th
www.no1.co.th
www.t.no1.co.th
www.no1.co.th
www.pro1.co.th
www.mail.pro1.co.th
www.infocenter.fiber1.co.th
www.dev.fiber1.co.th
www.fiber1.co.th
www.sukinumber1.co.th
www.sukinumber1.co.th
www.mail.plus1.co.th
www.toys1.co.th
www.net1.co.th
www.noc.net1.co.th
www.net1mail.net1.co.th
www.post.net1.co.th
www.net1.co.th
www.thebest1.co.th
www.dcc.thebest1.co.th
www.pc.thebest1.co.th
www.thebest1card.thebest1.co.th
www.vipcard.thebest1.co.th
www.mobile.thebest1.co.th
www.store.thebest1.co.th
www.mail.thebest1.co.th
www.fn.thebest1.co.th
www.pop.thebest1.co.th
www.ftp.thebest1.co.th
www.smtp.thebest1.co.th
www.mis.thebest1.co.th
www.contact.thebest1.co.th
www.thebest1.co.th
www.ctg2002.co.th
www.mnop2002.co.th
www.etc1992.co.th
www.intersupply1992.co.th
www.ob2.co.th
www.ns1.ob2.co.th
www.ns2.ob2.co.th
www.mail.ob2.co.th
www.d2.co.th
www.spam.d2.co.th
www.ns.d2.co.th
www.ce2.co.th
www.mail.ce2.co.th
www.f2.co.th
www.webdisk.f2.co.th
www.cpanel.f2.co.th
www.webmail.f2.co.th
www.k2.co.th
www.mail.k2.co.th
www.sk2.co.th
www.webdisk.sk2.co.th
www.cpanel.sk2.co.th
www.webmail.sk2.co.th
www.s2.co.th
www.mail.s2.co.th
www.webmail.s2.co.th
www.ns.s2.co.th
www.s2.co.th
www.art2.co.th
www.trx2.co.th
www.play2.co.th
www.kamonchakrawan2003.co.th
www.rts2003.co.th
www.smtp-idc.rts2003.co.th
www.abstract13.co.th
www.mail.abstract13.co.th
www.123.co.th
www.uat2.123.co.th
www.secure.123.co.th
www.uat.123.co.th
www.hao123.co.th
www.stgroup623.co.th
www.mail.stgroup623.co.th
www.vichai1983.co.th
www.mail.vichai1983.co.th
www.vichai1983.co.th
www.itc-1993.co.th
www.id3.co.th
www.i3.co.th
www.mail.i3.co.th
www.ini3.co.th
www.ns1.ini3.co.th
www.ns2.ini3.co.th
www.zimbra.ini3.co.th
www.sendmail.ini3.co.th
www.cdn.ini3.co.th
www.system3.co.th
www.mail.system3.co.th
www.system3.co.th
www.group3.co.th
www.webdisk.group3.co.th
www.cpanel.group3.co.th
www.webmail.group3.co.th
www.tts2004.co.th
www.tts2004.co.th
www.design304.co.th
www.korsang14.co.th
www.mail.korsang14.co.th
www.724.co.th
www.724.co.th
www.food24.co.th
www.food24.co.th
www.office24.co.th
www.cleaning24.co.th
www.mail.cleaning24.co.th
www.wynntech24.co.th
www.mail.wynntech24.co.th
www.stats.wynntech24.co.th
www.wynntech24.co.th
www.i24.co.th
www.mx.i24.co.th
www.tri24.co.th
www.ns.tri24.co.th
www.park24.co.th
www.chrono24.co.th
www.mail.chrono24.co.th
www.mip-mail.chrono24.co.th
www.chrono24.co.th
www.number24.co.th
www.mail.number24.co.th
www.every24.co.th
www.wynn444.co.th
www.mail.wynn444.co.th
www.wynn444.co.th
www.sapmuenlan54.co.th
www.mail.sapmuenlan54.co.th
www.4484.co.th
www.d4.co.th
www.mail.d4.co.th
www.d4.co.th
www.vision4.co.th
www.mail.vision4.co.th
www.vision4.co.th
www.h4sio4.co.th
www.mail.h4sio4.co.th
www.prafic2005.co.th
www.thaicando2005.co.th
www.mail.thaicando2005.co.th
www.lasal105.co.th
www.ns1.lasal105.co.th
www.ns2.lasal105.co.th
www.mail.lasal105.co.th
www.webmail.lasal105.co.th
www.rayongcrane2015.co.th
www.mail.rayongcrane2015.co.th
www.rayongcrane2015.co.th
www.smart2015.co.th
www.webmail.smart2015.co.th
www.rpc.brands1835.co.th
www.mail.brands1835.co.th
www.salus.brands1835.co.th
www.tup45.co.th
www.business555.co.th
www.mail.business555.co.th
www.pk365.co.th
www.pk365.co.th
www.rd65.co.th
www.attorney285.co.th
www.attorney285.co.th
www.shwattana1995.co.th
www.mail.shwattana1995.co.th
www.subtract95.co.th
www.ai5.co.th
www.mail.ai5.co.th
www.ai5.co.th
www.number5.co.th
www.id.number5.co.th
www.mail.number5.co.th
www.number5.co.th
www.tv5.co.th
www.ns1.tv5.co.th
www.tv5.co.th
www.fm94.tv5.co.th
www.nova.tv5.co.th
www.expe.tv5.co.th
www.elearning.tv5.co.th
www.api.tv5.co.th
www.book.tv5.co.th
www.mail.tv5.co.th
www.radio.tv5.co.th
www.app.tv5.co.th
www.stringer.tv5.co.th
www.filter.tv5.co.th
www.onair.tv5.co.th
www.iris.tv5.co.th
www.clips.tv5.co.th
www.radius.tv5.co.th
www.bot.tv5.co.th
www.tv5.co.th
www.dolly.tv5.co.th
www.106.co.th
www.106.co.th
www.mail.rss2016.co.th
www.webdisk.project26.co.th
www.cpanel.project26.co.th
www.mail.project26.co.th
www.webmail.project26.co.th
www.element26.co.th
www.thongthai1956.co.th
www.mail.thongthai1956.co.th
www.ns.thongthai1956.co.th
www.taweephol1976.co.th
www.s6.co.th
www.online.s6.co.th
www.online.s6.co.th
www.network.s6.co.th
www.network.s6.co.th
www.webdisk.s6.co.th
www.cpanel.s6.co.th
www.webmail.s6.co.th
www.cm-7.co.th
www.ns.cm-7.co.th
www.pts2007.co.th
www.webdisk.pts2007.co.th
www.mail.pts2007.co.th
www.autodiscover.pts2007.co.th
www.sky007.co.th
www.cocoathai2017.co.th
www.mail.cocoathai2017.co.th
www.cocoathai2017.co.th
www.neo727.co.th
www.mail.neo727.co.th
www.healthy247.co.th
www.mail.healthy247.co.th
www.healthy247.co.th
www.1577.co.th
www.mozart2.1577.co.th
www.sms.1577.co.th
www.mozart.1577.co.th
www.1577.co.th
www.grsupply1997.co.th
www.mail.grsupply1997.co.th
www.volume7.co.th
www.ns1.volume7.co.th
www.affiliate.volume7.co.th
www.affiliate.volume7.co.th
www.blog.volume7.co.th
www.blog.volume7.co.th
www.webdisk.volume7.co.th
www.cpanel.volume7.co.th
www.webmail.volume7.co.th
www.westcon.volume7.co.th
www.westcon.volume7.co.th
www.autodiscover.volume7.co.th
www.teerayoot.volume7.co.th
www.teerayoot.volume7.co.th
www.opencart.volume7.co.th
www.opencart.volume7.co.th
www.group7.co.th
www.mail.group7.co.th
www.u7.co.th
www.mail.u7.co.th
www.sosuco2008.co.th
www.online.sosuco2008.co.th
www.mail.sosuco2008.co.th
www.sosuco2008.co.th
www.sun108.co.th
www.ns.sun108.co.th
www.sun108.co.th
www.kingfisher108.co.th
www.api.kingfisher108.co.th
www.kingfisher108.co.th
www.tdh08.co.th
www.cloudmail2.tdh08.co.th
www.tdh08.co.th
www.manoonkg2018.co.th
www.webdisk.manoonkg2018.co.th
www.cpanel.manoonkg2018.co.th
www.webmail.manoonkg2018.co.th
www.onepoint618.co.th
www.128.co.th
www.baan168.co.th
www.g1978.co.th
www.osk188.co.th
www.meta888.co.th
www.backoffice.meta888.co.th
www.staging.meta888.co.th
www.meta888.co.th
www.pscgroup1988.co.th
www.mail.pscgroup1988.co.th
www.pscgroup1988.co.th
www.ipay88.co.th
www.payment.ipay88.co.th
www.vertiplus98.co.th
www.meedee8.co.th
www.mail.meedee8.co.th
www.infinite8.co.th
www.8g8.co.th
www.mark8.co.th
www.admin.mark8.co.th
www.mark8.co.th
www.gear8.co.th
www.key8.co.th
www.mail.port09.co.th
www.anm2219.co.th
www.mail.anm2219.co.th
www.anm2219.co.th
www.mail.29.co.th
www.a49.co.th
www.a49.co.th
www.ia49.co.th
www.ia49.co.th
www.ld49.co.th
www.ld49.co.th
www.ae49.co.th
www.ae49.co.th
www.me49.co.th
www.mail.me49.co.th
www.me49.co.th
www.g49.co.th
www.g49.co.th
www.l49.co.th
www.l49.co.th
www.cm49.co.th
www.gdh559.co.th
www.ns1.area59.co.th
www.ns2.area59.co.th
www.success189.co.th
www.webdisk.success189.co.th
www.cpanel.success189.co.th
www.webmail.success189.co.th
www.autodiscover.success189.co.th
www.9889.co.th
www.kangval1989.co.th
www.mail.kangval1989.co.th
www.autocity899.co.th
www.webdisk.autocity899.co.th
www.cpanel.autocity899.co.th
www.webmail.autocity899.co.th
www.999.co.th
www.asiagroup1999.co.th
www.mail.asiagroup1999.co.th
www.rs1999.co.th
www.ns.rs1999.co.th
www.mail.uwork999.co.th
www.pruchya99.co.th
www.mail.pruchya99.co.th
www.pruchya99.co.th
www.cdf99.co.th
www.webdisk.cdf99.co.th
www.cpanel.cdf99.co.th
www.mail.cdf99.co.th
www.webmail.cdf99.co.th
www.bio99.co.th
www.miracle9.co.th
www.member.miracle9.co.th
www.triple9.co.th
www.i9.co.th
www.m.i9.co.th
www.mx.i9.co.th
www.pr9.co.th
www.pr9.co.th
www.r-and-a.co.th
www.mail.r-and-a.co.th
www.grade-a.co.th
www.webdisk.grade-a.co.th
www.cpanel.grade-a.co.th
www.webmail.grade-a.co.th
www.triple-a.co.th
www.heung-a.co.th
www.mail.heung-a.co.th
www.thai-a.co.th
www.s4a.co.th
www.webdisk.s4a.co.th
www.cpanel.s4a.co.th
www.webmail.s4a.co.th
www.autodiscover.s4a.co.th
www.aa.co.th
www.mail.aaa.co.th
www.k71.saaa.co.th
www.aaldb.saaa.co.th
www.mail.saaa.co.th
www.fleet-kp.saaa.co.th
www.filter.saaa.co.th
www.chabaa.co.th
www.daa.co.th
www.daa.co.th
www.ahaa.co.th
www.kaa.co.th
www.mail.kaa.co.th
www.kaa.co.th
www.mimaa.co.th
www.mail.mimaa.co.th
www.mimaa.co.th
www.baba.co.th
www.kaba.co.th
www.phuruabussaba.co.th
www.mail.phuruabussaba.co.th
www.phuruabussaba.co.th
www.taba.co.th
www.mail.taba.co.th
www.ns.taba.co.th
www.cba.co.th
www.webdisk.cba.co.th
www.cpanel.cba.co.th
www.webmail.cba.co.th
www.toshiba.co.th
www.fs01.toshiba.co.th
www.ttcwex01.toshiba.co.th
www.server1.toshiba.co.th
www.ttlc.toshiba.co.th
www.mail2.ttlc.toshiba.co.th
www.mail.ttlc.toshiba.co.th
www.ttc.toshiba.co.th
www.ttcedge01.ttc.toshiba.co.th
www.ttcsmtpgw.ttc.toshiba.co.th
www.ttei.toshiba.co.th
www.mail.ttei.toshiba.co.th
www.ttcmail.toshiba.co.th
www.toshiba.co.th
www.pba.co.th
www.fisba.co.th
www.mail.fisba.co.th
www.uba.co.th
www.uabsence.uba.co.th
www.mail.uba.co.th
www.ho-notes.uba.co.th
www.eukanuba.co.th
www.kadokawa-ca.co.th
www.ns.kadokawa-ca.co.th
www.paca.co.th
www.mail.paca.co.th
www.decca.co.th
www.stcnicca.co.th
www.mail.stcnicca.co.th
www.deca.co.th
www.astrazeneca.co.th
www.astrazeneca.co.th
www.etneca.co.th
www.mail.etneca.co.th
www.etneca.co.th
www.interhoreca.co.th
www.interhoreca.co.th
www.teca.co.th
www.rezeca.co.th
www.nutramedica.co.th
www.mail.nutramedica.co.th
www.trbchemedica.co.th
www.mail.trbchemedica.co.th
www.intermedica.co.th
www.pacifica.co.th
www.pacifica.co.th
www.dermalogica.co.th
www.mail.dermalogica.co.th
www.energica.co.th
www.mail.energica.co.th
www.energica.co.th
www.palica.co.th
www.homica.co.th
www.mail.homica.co.th
www.homica.co.th
www.formica.co.th
www.uniontechnica.co.th
www.webdisk.uniontechnica.co.th
www.cpanel.uniontechnica.co.th
www.webmail.uniontechnica.co.th
www.ethnica.co.th
www.webdisk.ethnica.co.th
www.cpanel.ethnica.co.th
www.webmail.ethnica.co.th
www.autodiscover.ethnica.co.th
www.punica.co.th
www.tropica.co.th
www.signalr.topica.co.th
www.sps.topica.co.th
www.jobsamerica.co.th
www.paprica.co.th
www.webdisk.paprica.co.th
www.cpanel.paprica.co.th
www.webmail.paprica.co.th
www.mail.centrica.co.th
www.classica.co.th
www.jessica.co.th
www.jessica.co.th
www.aquatica.co.th
www.aquatica.co.th
www.tactica.co.th
www.mail.tactica.co.th
www.domotica.co.th
www.nautica.co.th
www.civica.co.th
www.mail.civica.co.th
www.civica.co.th
www.texica.co.th
www.webdisk.texica.co.th
www.cpanel.texica.co.th
www.webmail.texica.co.th
www.demo.texica.co.th
www.demo.texica.co.th
www.luxica.co.th
www.telca.co.th
www.mail.nca.co.th
www.nca.co.th
www.coca.co.th
www.mail.coca.co.th
www.jtca.co.th
www.jtca.co.th
www.deandeluca.co.th
www.z.deandeluca.co.th
www.exca.co.th
www.da.co.th
www.ns1.da.co.th
www.mail.da.co.th
www.vm-vcenter.da.co.th
www.scada.co.th
www.mail.scada.co.th
www.scada.co.th
www.rachada.co.th
www.rachada.co.th
www.thaitakada.co.th
www.webdisk.thaitakada.co.th
www.cpanel.thaitakada.co.th
www.mail.thaitakada.co.th
www.webmail.thaitakada.co.th
www.lada.co.th
www.mail.lada.co.th
www.villada.co.th
www.mail.villada.co.th
www.amada.co.th
www.yamada.co.th
www.mail.yamada.co.th
www.ns.yamada.co.th
www.nirada.co.th
www.asada.co.th
www.mail.tada.co.th
www.pricetada.co.th
www.img.pricetada.co.th
www.lazada.co.th
www.bob.lazada.co.th
www.sellercenter-static.lazada.co.th
www.asc-hub-old.lazada.co.th
www.sofp.lazada.co.th
www.homer.lazada.co.th
www.oms.lazada.co.th
www.layout.lazada.co.th
www.olay.lazada.co.th
www.pazada.co.th
www.bda.co.th
www.ns1.bda.co.th
www.ns2.bda.co.th
www.mt2.bda.co.th
www.mt2.bda.co.th
www.scmc.bda.co.th
www.scmc.bda.co.th
www.moffile.bda.co.th
www.moffile.bda.co.th
www.slc-time.bda.co.th
www.slc-time.bda.co.th
www.samuraiwifi.bda.co.th
www.samuraiwifi.bda.co.th
www.e-notification-api.bda.co.th
www.sitewalk.bda.co.th
www.sitewalk.bda.co.th
www.webdisk.bda.co.th
www.mail.bda.co.th
www.webmail.bda.co.th
www.whm.bda.co.th
www.run.bda.co.th
www.tgdemo.bda.co.th
www.tgdemo.bda.co.th
www.entaneerfair.bda.co.th
www.ts.bda.co.th
www.ts.bda.co.th
www.cockpit.bda.co.th
www.cockpit.bda.co.th
www.bda.co.th
www.cda.co.th
www.mail.cda.co.th
www.cda.co.th
www.adda.co.th
www.eservice.adda.co.th
www.adda.co.th
www.idda.co.th
www.webdisk.idda.co.th
www.cpanel.idda.co.th
www.webmail.idda.co.th
www.eda.co.th
www.mail.eda.co.th
www.eda.co.th
www.ceda.co.th
www.takeda.co.th
www.ikeda.co.th
www.umeda.co.th
www.mail.neda.co.th
www.calpeda.co.th
www.mail.calpeda.co.th
www.calpeda.co.th
www.seda.co.th
www.mx.seda.co.th
www.teda.co.th
www.aveda.co.th
www.hongda.co.th
www.mail.hongda.co.th
www.ida.co.th
www.mail.ida.co.th
www.dida.co.th
www.ufida.co.th
www.mail.ufida.co.th
www.shichida.co.th
www.yoshida.co.th
www.yoshida.co.th
www.mail.thaiiida.co.th
www.palida.co.th
www.amida.co.th
www.sumida.co.th
www.mail.sumida.co.th
www.orida.co.th
www.orida.co.th
www.tida.co.th
www.tida.co.th
www.amda.co.th
www.store.amda.co.th
www.amda-test.amda.co.th
www.amda.co.th
www.anda.co.th
www.aanda.co.th
www.mail.aanda.co.th
www.ananda.co.th
www.ananda.co.th
www.vs-anit005.ananda.co.th
www.vs-anit006.ananda.co.th
www.sps3idc.ananda.co.th
www.an-exp-e.ananda.co.th
www.sps3fyi.ananda.co.th
www.qlik.ananda.co.th
www.mail.ananda.co.th
www.smtp.ananda.co.th
www.documentcenter.ananda.co.th
www.autodiscover.ananda.co.th
www.sps3lr.ananda.co.th
www.cas.ananda.co.th
www.vpn.aws.ananda.co.th
www.jenkins.aws.ananda.co.th
www.fit.ananda.co.th
www.anandawebex.ananda.co.th
www.agency.ananda.co.th
www.panda.co.th
www.mail.panda.co.th
www.panda.co.th
www.foodpanda.co.th
www.lb.foodpanda.co.th
www.cf-ssl59450-protected.foodpanda.co.th
www.corporate.foodpanda.co.th
www.foodpanda.co.th
www.pricepanda.co.th
www.pranda.co.th
www.mail2.pranda.co.th
www.mail.pranda.co.th
www.webmail.pranda.co.th
www.esafemail.pranda.co.th
www.smtp.pranda.co.th
www.autodiscover.pranda.co.th
www.novatrenda.co.th
www.webdisk.novatrenda.co.th
www.cpanel.novatrenda.co.th
www.mail.novatrenda.co.th
www.mail.novatrenda.co.th
www.webmail.novatrenda.co.th
www.demo.novatrenda.co.th
www.demo.novatrenda.co.th
www.autodiscover.novatrenda.co.th
www.benchachinda.co.th
www.sornchinda.co.th
www.jinda.co.th
www.meilinda.co.th
www.meilinda.co.th
www.honda.co.th
www.nghatcs001.honda.co.th
www.ids2.honda.co.th
www.nshatcs003.honda.co.th
www.ids3.honda.co.th
www.ids4.honda.co.th
www.hic.honda.co.th
www.testdrive.honda.co.th
www.servicebooking.honda.co.th
www.vinsearch.honda.co.th
www.mail.honda.co.th
www.creativepool.honda.co.th
www.usedcar.honda.co.th
www.dealer.honda.co.th
www.csr.honda.co.th
www.ids.honda.co.th
www.aphonda.co.th
www.nsaph001.aphonda.co.th
www.ns1.aphonda.co.th
www.nsaph002.aphonda.co.th
www.ns2.aphonda.co.th
www.aphns2.aphonda.co.th
www.aphda.aphonda.co.th
www.intra.aphonda.co.th
www.aphlapi.aphonda.co.th
www.dasi.aphonda.co.th
www.hondasafetyridingpark.aphonda.co.th
www.devhondasafetyridingpark.aphonda.co.th
www.crmsvr.crm.aphonda.co.th
www.auction.aphonda.co.th
www.dealer.aphonda.co.th
www.nids.aphonda.co.th
www.ios.aphonda.co.th
www.vwmgmt.aphonda.co.th
www.dsv.aphonda.co.th
www.aphonda.co.th
www.hcpawy.aphonda.co.th
www.summithonda.co.th
www.mail.ronda.co.th
www.smtp.ronda.co.th
www.agoda.co.th
www.nipda.co.th
www.jasda.co.th
www.jasda.co.th
www.tda.co.th
www.mail.tda.co.th
www.tda.co.th
www.auda.co.th
www.mail.auda.co.th
www.auda.co.th
www.ninabuda.co.th
www.clouda.co.th
www.mail.clouda.co.th
www.vda.co.th
www.mazda.co.th
www.mmcpro.mazda.co.th
www.skyactiv.mazda.co.th
www.minebea.co.th
www.mail01.minebea.co.th
www.mail.minebea.co.th
www.dmail.minebea.co.th
www.minebea.co.th
www.cea.co.th
www.idea.co.th
www.d-idea.co.th
www.mail.d-idea.co.th
www.ns.idea.co.th
www.de2idea.co.th
www.istyleidea.co.th
www.mail.istyleidea.co.th
www.zoneidea.co.th
www.zoneidea.co.th
www.pureidea.co.th
www.mail.pureidea.co.th
www.fidea.co.th
www.fidea.co.th
www.workidea.co.th
www.workidea.co.th
www.orientalidea.co.th
www.orientalidea.co.th
www.coolidea.co.th
www.ns.coolidea.co.th
www.iconidea.co.th
www.mail.iconidea.co.th
www.iconidea.co.th
www.punidea.co.th
www.indegoidea.co.th
www.webdisk.indegoidea.co.th
www.cpanel.indegoidea.co.th
www.webmail.indegoidea.co.th
www.appidea.co.th
www.mail.demo.appidea.co.th
www.appidea.co.th
www.betteridea.co.th
www.shop.betteridea.co.th
www.bizidea.co.th
www.sv1.bizidea.co.th
www.gitlab.bizidea.co.th
www.cloud.bizidea.co.th
www.marketing.bizidea.co.th
www.webexpress-central.bizidea.co.th
www.buriram.bizidea.co.th
www.guts.bizidea.co.th
www.bizidea.co.th
www.mail.www.bizidea.co.th
www.ikea.co.th
www.family.ikea.co.th
www.mykea.co.th
www.melilea.co.th
www.triplea.co.th
www.mail.triplea.co.th
www.triplea.co.th
www.pea.co.th
www.byod_maas360.pea.co.th
www.nix9010-1.pea.co.th
www.peadb1.pea.co.th
www.peac1.pea.co.th
www.docc1.pea.co.th
www.greenofficec1.pea.co.th
www.peane1.pea.co.th
www.docne1.pea.co.th
www.tg0-0.ixp-core1.pea.co.th
www.tg2-1.ixp-core1.pea.co.th
www.be1-12.ixp-core1.pea.co.th
www.mobile-im1.pea.co.th
www.pean1.pea.co.th
www.docn1.pea.co.th
www.region1.pea.co.th
www.map1.pea.co.th
www.peas1.pea.co.th
www.docs1.pea.co.th
www.nix9010-2.pea.co.th
www.peadb2.pea.co.th
www.peac2.pea.co.th
www.docc2.pea.co.th
www.peane2.pea.co.th
www.docne2.pea.co.th
www.tg0-0.ixp-core2.pea.co.th
www.tg0-0-2-3.iig2.pea.co.th
www.rmh2.pea.co.th
www.mobile-im2.pea.co.th
www.pean2.pea.co.th
www.docn2.pea.co.th
www.pjr2.pea.co.th
www.peas2.pea.co.th
www.docs2.pea.co.th
www.ns2.pea.co.th
www.pea.co.th
www.peac3.pea.co.th
www.docc3.pea.co.th
www.peane3.pea.co.th
www.docne3.pea.co.th
www.pean3.pea.co.th
www.docn3.pea.co.th
www.peas3.pea.co.th
www.docs3.pea.co.th
www.ns3.pea.co.th
www3.pea.co.th
www.peacon2015.pea.co.th
www.peacon2016.pea.co.th
www.peacon2017.pea.co.th
www.peacon2018.pea.co.th
www.kcdaaa.pea.co.th
www.egpea.pea.co.th
www.pastpea.pea.co.th
www.pudcha.pea.co.th
www.spa.pea.co.th
www.intra.pea.co.th
www.asa.pea.co.th
www.nsa.pea.co.th
www.tamsbeta.pea.co.th
www.web.pea.co.th
www.lyncweb.pea.co.th
www.job.pea.co.th
www.spb.pea.co.th
www.nsb.pea.co.th
www.peabc.pea.co.th
www.mobile-sbc.pea.co.th
www.adc.pea.co.th
www.peaoc.pea.co.th
www.qrdoc.pea.co.th
www.ppc.pea.co.th
www.smartgrid.pea.co.th
www.esd.pea.co.th
www.peace.pea.co.th
www.webservice.pea.co.th
www.payment-webservice.pea.co.th
www.epay-webservice.pea.co.th
www.eservice.pea.co.th
www.elgservice.pea.co.th
www.moodle.pea.co.th
www.peamobile.pea.co.th
www.time.pea.co.th
www.peane.pea.co.th
www.sechuledonline.pea.co.th
www.wiringcourse.pea.co.th
www.mysite.pea.co.th
www.mobile-conf.pea.co.th
www.eservice-bg.pea.co.th
www.elg.pea.co.th
www.tamstraining.pea.co.th
www.wiring.pea.co.th
www.msg.pea.co.th
www.egpea-vg.pea.co.th
www.byod-airwatch.pea.co.th
www.lai.pea.co.th
www.vdi.pea.co.th
www.smi.pea.co.th
www.chargingnetwork.pea.co.th
www.mobile-portal.pea.co.th
www.peaportal.pea.co.th
www.webmail.pea.co.th
www.email.pea.co.th
www.bdm.pea.co.th
www.idm.pea.co.th
www.awmdm.pea.co.th
www.rhm.pea.co.th
www.ppim.pea.co.th
www.crm.pea.co.th
www.wiringform.pea.co.th
www.namsan.pea.co.th
www.dial-in.pea.co.th
www.webcon.pea.co.th
www.netmon.pea.co.th
www.dragoon.pea.co.th
www.vpn.pea.co.th
www.gpvpn.pea.co.th
www.iktn.pea.co.th
www.eservice-iktn.pea.co.th
www.gisn1-mco.pea.co.th
www.pesco.pea.co.th
www.pesco.pea.co.th
www.ffmdemo.pea.co.th
www.solarhero.pea.co.th
www.mailspro.pea.co.th
www.map.pea.co.th
www.mobile-voip.pea.co.th
www.sip.pea.co.th
www.cservice-app.pea.co.th
www.vspp.pea.co.th
www.sv-srp.pea.co.th
www.lsrp.pea.co.th
www.callcenter.pea.co.th
www.egpea-master.pea.co.th
www.lyncdiscover.pea.co.th
www.egpea-failover.pea.co.th
www.doc-server.pea.co.th
www.hq-lms-server.pea.co.th
www.amr.pea.co.th
www.service.amr.pea.co.th
www.billing.amr.pea.co.th
www.amr.pea.co.th
www.arr.pea.co.th
www.s2s.pea.co.th
www.vcs.pea.co.th
www.peaforkids.pea.co.th
www.e-services.pea.co.th
www.eservices.pea.co.th
www.tams.pea.co.th
www.training.tams.pea.co.th
www.msrp.ims.pea.co.th
www.plms.pea.co.th
www.sms.pea.co.th
www.ns.pea.co.th
www.energysolutions.pea.co.th
www.peacos.pea.co.th
www.access.pea.co.th
www.sipaccess.pea.co.th
www.uaccess.pea.co.th
www.tg1-3.cp21400vs.pea.co.th
www.smartplus-ws.pea.co.th
www.meet.pea.co.th
www.intranet.pea.co.th
www.babyintranet.pea.co.th
www.extranet.pea.co.th
www.enterpriseenrollment.pea.co.th
www.complaint.pea.co.th
www.speedtest.pea.co.th
www.fmtt.pea.co.th
www.mcu.pea.co.th
www.av.pea.co.th
www.onlinepay-dev.pea.co.th
www.mv.pea.co.th
www.mqttsrv.pea.co.th
www.netflow.pea.co.th
www.pea.co.th
www.cbsex.pea.co.th
www.qfx.pea.co.th
www.remotecitrix.pea.co.th
www.dmsx.pea.co.th
www.registerictday.pea.co.th
www.epay.pea.co.th
www.peagateway.pea.co.th
www.directory.pea.co.th
www.imsproxy.pea.co.th
www.pabxproxy.pea.co.th
www.area.co.th
www.mail.area.co.th
www.area.co.th
www.gusarea.co.th
www.gasea.co.th
www.mail.gasea.co.th
www.unitedsea.co.th
www.mail.unitedsea.co.th
www.pharmanordsea.co.th
www.smtp.pharmanordsea.co.th
www.pharmanordsea.co.th
www.bigsea.co.th
www.allsea.co.th
www.mail.allsea.co.th
www.allsea.co.th
www.mmsea.co.th
www.mail.mmsea.co.th
www.opensea.co.th
www.ns1.opensea.co.th
www.ns2.opensea.co.th
www.mail.opensea.co.th
www.kosea.co.th
www.siamintersea.co.th
www.mail.siamintersea.co.th
www.doversea.co.th
www.mail.doversea.co.th
www.webmail.doversea.co.th
www.ftp.doversea.co.th
www.doversea.co.th
www.taetea.co.th
www.mail.taetea.co.th
www.taetea.co.th
www.thegivingtea.co.th
www.thegivingtea.co.th
www.theindiantea.co.th
www.nivea.co.th
www.univea.co.th
www.mail.univea.co.th
www.shop.univea.co.th
www.pop.univea.co.th
www.ftp.univea.co.th
www.smtp.univea.co.th
www.order.univea.co.th
www.univea.co.th
www.rafa.co.th
www.mail2.asefa.co.th
www.media.asefa.co.th
www.cloud.asefa.co.th
www.estapproval.asefa.co.th
www.mail.asefa.co.th
www.crm.asefa.co.th
www.autodiscover.asefa.co.th
www.connect.asefa.co.th
www.asefa.co.th
www.gfa.co.th
www.hfa.co.th
www.storefaifa.co.th
www.webdisk.storefaifa.co.th
www.cpanel.storefaifa.co.th
www.webmail.storefaifa.co.th
www.mitsubishifa.co.th
www.mail.mitsubishifa.co.th
www.mungkornfa.co.th
www.webdisk.mungkornfa.co.th
www.cpanel.mungkornfa.co.th
www.webmail.mungkornfa.co.th
www.contoursofa.co.th
www.mail.contoursofa.co.th
www.sfa.co.th
www.remote.sfa.co.th
www.disk.sfa.co.th
www.mail.sfa.co.th
www.sfa.co.th
www.jvsfa.co.th
www.maga.co.th
www.toyonaga.co.th
www.webdisk.toyonaga.co.th
www.cpanel.toyonaga.co.th
www.webmail.toyonaga.co.th
www.whm.toyonaga.co.th
www.vps.toyonaga.co.th
www.cga.co.th
www.mail.cga.co.th
www.cga.co.th
www.dga.co.th
www.strega.co.th
www.strega-hdd.strega.co.th
www.strega-hdd.strega.co.th
www.webdisk.strega.co.th
www.cpanel.strega.co.th
www.webmail.strega.co.th
www.stregatest.strega.co.th
www.stregatest.strega.co.th
www.mail.hga.co.th
www.webmail.hga.co.th
www.intechga.co.th
www.mail.intechga.co.th
www.intechga.co.th
www.auriga.co.th
www.mail.auriga.co.th
www.auriga.co.th
www.tiga.co.th
www.ns1.tiga.co.th
www.ns2.tiga.co.th
www.mail.napattiga.co.th
www.ziga.co.th
www.ziga.co.th
www.mga.co.th
www.mga.co.th
www.manga.co.th
www.mail.manga.co.th
www.singa.co.th
www.webdisk.singa.co.th
www.cpanel.singa.co.th
www.webmail.singa.co.th
www.onga.co.th
www.onga.co.th
www.oga.co.th
www.mail.oga.co.th
www.mailsrv.oga.co.th
www.moga.co.th
www.mail.moga.co.th
www.metoga.co.th
www.tan.metoga.co.th
www.metoga.co.th
www.pbx.metoga.co.th
www.yoga.co.th
www.ns520.yoga.co.th
www.ns741.yoga.co.th
www.ns786.yoga.co.th
www.webdisk.yoga.co.th
www.cpanel.yoga.co.th
www.webmail.yoga.co.th
www.whm.yoga.co.th
www.autodiscover.yoga.co.th
www.prabhuyoga.co.th
www.ns520.prabhuyoga.co.th
www.ns741.prabhuyoga.co.th
www.ns786.prabhuyoga.co.th
www.webdisk.prabhuyoga.co.th
www.cpanel.prabhuyoga.co.th
www.webmail.prabhuyoga.co.th
www.whm.prabhuyoga.co.th
www.autodiscover.prabhuyoga.co.th
www.sga.co.th
www.mail.sga.co.th
www.sga.co.th
www.suruga.co.th
www.batuga.co.th
www.mail.batuga.co.th
www.batuga.co.th
www.aha.co.th
www.aha.co.th
www.ahaaha.co.th
www.ahaaha.co.th
www.yamaha.co.th
www.mail.yamaha.co.th
www.traveler.yamaha.co.th
www.daracha.co.th
www.mail.daracha.co.th
www.daracha.co.th
www.mail.drnicha.co.th
www.staging.dealcha.co.th
www.kitcha.co.th
www.mail.kitcha.co.th
www.kitcha.co.th
www.gotcha.co.th
www.gotcha.co.th
www.dha.co.th
www.dha.co.th
www.ariha.co.th
www.webdisk.ariha.co.th
www.cpanel.ariha.co.th
www.webmail.ariha.co.th
www.whm.ariha.co.th
www.autodiscover.ariha.co.th
www.pukha.co.th
www.mail.pukha.co.th
www.ns1.nha.co.th
www.kmnha.nha.co.th
www.crmnha.nha.co.th
www.lawnha.nha.co.th
www.vmwangkrod.nha.co.th
www.mservice.nha.co.th
www.customercare.nha.co.th
www.vmresearch.nha.co.th
www.gisresearch.nha.co.th
www.ebook.nha.co.th
www.innovation.nha.co.th
www.dhds.nha.co.th
www.ns.nha.co.th
www.eservicedev.nha.co.th
www.ebookdev.nha.co.th
www.nha.co.th
www.mail.saoha.co.th
www.alpha.co.th
www.mail.alpha.co.th
www.koasha.co.th
www.taikisha.co.th
www.office.taikisha.co.th
www.ssl.taikisha.co.th
www.erp.taikisha.co.th
www.monitor.taikisha.co.th
www.eidensha.co.th
www.mail.eidensha.co.th
www.eidensha.co.th
www.shodensha.co.th
www.kinyosha.co.th
www.mail.kinyosha.co.th
www.ns.kinyosha.co.th
www.tha.co.th
www.krungthepkreetha.co.th
www.mail.krungthepkreetha.co.th
www.yetha.co.th
www.mail.yetha.co.th
www.sattha.co.th
www.mail.jutha.co.th
www.tsuruha.co.th
www.wha.co.th
www.samwha.co.th
www.ia.co.th
www.aia.co.th
www.iserviceuat2.aia.co.th
www.healthcare.aia.co.th
www.imoshare.aia.co.th
www.smtp-elearning.aia.co.th
www.portal.aia.co.th
www.imo.aia.co.th
www.mypageapp.aia.co.th
www.smtp.aia.co.th
www.lms.aia.co.th
www.campaigns.aia.co.th
www.iaia-uat.aia.co.th
www.awa-uat.aia.co.th
www.imo-uat.aia.co.th
www.myapp-uat.aia.co.th
www.irpas-uat.aia.co.th
www.ipos-uat.aia.co.th
www.banc4ipos-uat.aia.co.th
www.connect-uat.aia.co.th
www.direct-uat.aia.co.th
www.mypageappuat.aia.co.th
www.payment.aia.co.th
www.bia.co.th
www.bbia.co.th
www.colorobbia.co.th
www.webmail.colorobbia.co.th
www.traveler.colorobbia.co.th
www.btacia.co.th
www.medicia.co.th
www.vanercia.co.th
www.mail.vanercia.co.th
www.vanercia.co.th
www.acadia.co.th
www.acadia.co.th
www.arcadia.co.th
www.mail.arcadia.co.th
www.nadia.co.th
www.mail.nadia.co.th
www.nadia.co.th
www.freestyle-media.co.th
www.ns1.freestyle-media.co.th
www.ns2.freestyle-media.co.th
www.mail.freestyle-media.co.th
www.freestyle-media.co.th
www.j-media.co.th
www.mail.j-media.co.th
www.j-media.co.th
www.101media.co.th
www.mail.101media.co.th
www.megamedia.co.th
www.alohamedia.co.th
www.mail.alohamedia.co.th
www.athenamedia.co.th
www.athenamedia.co.th
www.arenamedia.co.th
www.new230.arenamedia.co.th
www.mail.new230.arenamedia.co.th
www.arenamedia.co.th
www.lannamedia.co.th
www.qa.lannamedia.co.th
www.static.lannamedia.co.th
www.demo.lannamedia.co.th
www.test.lannamedia.co.th
www.lannamedia.co.th
www.planbmedia.co.th
www.mail2.planbmedia.co.th
www.pop3.planbmedia.co.th
www.mail.planbmedia.co.th
www.webmail.planbmedia.co.th
www.imap.planbmedia.co.th
www.smtp.planbmedia.co.th
www.planbmedia.co.th
www.aecmedia.co.th
www.mail.aecmedia.co.th
www.aecmedia.co.th
www.sahamicmedia.co.th
www.mail.sahamicmedia.co.th
www.vcmedia.co.th
www.moveaheadmedia.co.th
www.mail.moveaheadmedia.co.th
www.moveaheadmedia.co.th
www.greenworldmedia.co.th
www.ns.greenworldmedia.co.th
www.goodmedia.co.th
www.emedia.co.th
www.ns1.emedia.co.th
www.ns2.emedia.co.th
www.ns3.emedia.co.th
www.ns4.emedia.co.th
www.unix.emedia.co.th
www.beemedia.co.th
www.whalemedia.co.th
www.mail.whalemedia.co.th
www.bbu.whalemedia.co.th
www.bubbleu.whalemedia.co.th
www.whalemedia.co.th
www.interprimemedia.co.th
www.interprimemedia.co.th
www.onlinemedia.co.th
www.ns1.onlinemedia.co.th
www.ns2.onlinemedia.co.th
www.mail.onlinemedia.co.th
www.wisdomonlinemedia.co.th
www.getonemedia.co.th
www.mail.getonemedia.co.th
www.signaturemedia.co.th
www.mail.signaturemedia.co.th
www.signaturemedia.co.th
www.bluemedia.co.th
www.mail.bluemedia.co.th
www.uniquemedia.co.th
www.nativemedia.co.th
www.webdisk.nativemedia.co.th
www.cpanel.nativemedia.co.th
www.webmail.nativemedia.co.th
www.activemedia.co.th
www.boss.activemedia.co.th
www.kingmedia.co.th
www.kingmedia.co.th
www.punchmedia.co.th
www.punchmedia.co.th
www.splashmedia.co.th
www.webdisk.splashmedia.co.th
www.cpanel.splashmedia.co.th
www.webmail.splashmedia.co.th
www.ftpvlikeradio.splashmedia.co.th
www.ftpvlikeradio.splashmedia.co.th
www.ftplivemediagroup.splashmedia.co.th
www.ftplivemediagroup.splashmedia.co.th
www.ftplsbservices.splashmedia.co.th
www.ftplsbservices.splashmedia.co.th
www.ftpthaichaiyotv.splashmedia.co.th
www.ftpthaichaiyotv.splashmedia.co.th
www.ftppoptv.splashmedia.co.th
www.ftppoptv.splashmedia.co.th
www.miraimedia.co.th
www.ucimedia.co.th
www.himedia.co.th
www.sirimedia.co.th
www.mail.sirimedia.co.th
www.simedia.co.th
www.cm.simedia.co.th
www.ssm.simedia.co.th
www.simedia.co.th
www.rms2.multimedia.co.th
www.conference.multimedia.co.th
www.mail.multimedia.co.th
www.sip.multimedia.co.th
www.rms.multimedia.co.th
www.ns.multimedia.co.th
www.multimedia.co.th
www.clickmultimedia.co.th
www.planetmultimedia.co.th
www.thebestmultimedia.co.th
www.t-imsthai.tjmedia.co.th
www.t-agencythai.tjmedia.co.th
www.mail.tjmedia.co.th
www.spam.tjmedia.co.th
www.t-thcs.tjmedia.co.th
www.t-tcms.tjmedia.co.th
www.t-tbss.tjmedia.co.th
www.t-baws.tjmedia.co.th
www.t-haws.tjmedia.co.th
www.starduckmedia.co.th
www.mail.starduckmedia.co.th
www.starduckmedia.co.th
www.askmedia.co.th
www.askmedia.co.th
www.digitalmedia.co.th
www.orangedigitalmedia.co.th
www.orangedigitalmedia.co.th
www.presidentdigitalmedia.co.th
www.webdisk.presidentdigitalmedia.co.th
www.cpanel.presidentdigitalmedia.co.th
www.webmail.presidentdigitalmedia.co.th
www.chillmedia.co.th
www.mail.chillmedia.co.th
www.boommedia.co.th
www.mail.boommedia.co.th
www.boommedia.co.th
www.oceanmedia.co.th
www.mail.oceanmedia.co.th
www.oceanmedia.co.th
www.peakwanmedia.co.th
www.blockchainmedia.co.th
www.webdisk.blockchainmedia.co.th
www.cpanel.blockchainmedia.co.th
www.mail.blockchainmedia.co.th
www.webmail.blockchainmedia.co.th
www.allinmedia.co.th
www.mail.allinmedia.co.th
www.2bpnmedia.co.th
www.infomedia.co.th
www.mail.infomedia.co.th
www.mailiec.teleinfomedia.co.th
www.teleinfomedia.co.th
www.macromedia.co.th
www.rkpmedia.co.th
www.mail.rkpmedia.co.th
www.rkpmedia.co.th
www.spmedia.co.th
www.ns1.spmedia.co.th
www.ns2.spmedia.co.th
www.mail.spmedia.co.th
www.luckystarmedia.co.th
www.webdisk.luckystarmedia.co.th
www.cpanel.luckystarmedia.co.th
www.webmail.luckystarmedia.co.th
www.autodiscover.luckystarmedia.co.th
www.ligermedia.co.th
www.avermedia.co.th
www.ns1.avermedia.co.th
www.ns2.avermedia.co.th
www.lrmedia.co.th
www.majormedia.co.th
www.mail.majormedia.co.th
www.m.majormedia.co.th
www.majormedia.co.th
www.timesmedia.co.th
www.ns1.timesmedia.co.th
www.ns2.timesmedia.co.th
www.mail.timesmedia.co.th
www.timesmedia.co.th
www.oasismedia.co.th
www.mail.oasismedia.co.th
www.ns.oasismedia.co.th
www.acrossmedia.co.th
www.pos.acrossmedia.co.th
www.velvetmedia.co.th
www.velvetmedia.co.th
www.carrotmedia.co.th
www.signage.carrotmedia.co.th
www.carrotmedia.co.th
www.fastmedia.co.th
www.webdisk.fastmedia.co.th
www.cpanel.fastmedia.co.th
www.webmail.fastmedia.co.th
www.nowmedia.co.th
www.mail.nowmedia.co.th
www.nowmedia.co.th
www.arrowmedia.co.th
www.mail.arrowmedia.co.th
www.flexmedia.co.th
www.dev.flexmedia.co.th
www.ebdev.flexmedia.co.th
www.phoenixmedia.co.th
www.boardwaymedia.co.th
www.boardwaymedia.co.th
www.technologymedia.co.th
www.mail.technologymedia.co.th
www.skymedia.co.th
www.mail.skymedia.co.th
www.skymedia.co.th
www.helpdesk.bizmedia.co.th
www.sciencepedia.co.th
www.prpedia.co.th
www.mail.prpedia.co.th
www.ns.prpedia.co.th
www.expedia.co.th
www.wwch.expedia.co.th
www.m.expedia.co.th
www.msn.expedia.co.th
www.credia.co.th
www.mail.credia.co.th
www.infidia.co.th
www.mail.infidia.co.th
www.pop.infidia.co.th
www.ftp.infidia.co.th
www.smtp.infidia.co.th
www.infidia.co.th
www.diidia.co.th
www.webdisk.diidia.co.th
www.cpanel.diidia.co.th
www.webmail.diidia.co.th
www.destinotailandia.co.th
www.jackchia.co.th
www.sophia.co.th
www.kia.co.th
www.webmail.kia.co.th
www.kia.co.th
www.nokia.co.th
www.qa.nokia.co.th
www.web.nokia.co.th
www.club.nokia.co.th
www.uviqaustralia.co.th
www.uviqaustralia.co.th
www.qualia.co.th
www.amelia.co.th
www.mail.amelia.co.th
www.amelia.co.th
www.magnolia.co.th
www.mail.magnolia.co.th
www.magnolia.co.th
www.clubacademia.co.th
www.scania.co.th
www.mail.scania.co.th
www.asiania.co.th
www.pizzamania.co.th
www.staff.pizzamania.co.th
www.pizzamania.co.th
www.musicmania.co.th
www.mail.musicmania.co.th
www.musicmania.co.th
www.animania.co.th
www.feilosylvania.co.th
www.mail.feilosylvania.co.th
www.feilosylvania.co.th
www.kidzania.co.th
www.mail.kidzania.co.th
www.toytopia.co.th
www.webdisk.toytopia.co.th
www.cpanel.toytopia.co.th
www.webmail.toytopia.co.th
www.autodiscover.toytopia.co.th
www.ppia.co.th
www.webdisk.ppia.co.th
www.cpanel.ppia.co.th
www.webmail.ppia.co.th
www.ria.co.th
www.mail.ria.co.th
www.ria.co.th
www.galleria.co.th
www.galleria.co.th
www.sia.co.th
www.mail.sia.co.th
www.sia.co.th
www.asia.co.th
www.viva-asia.co.th
www.webdisk.viva-asia.co.th
www.cpanel.viva-asia.co.th
www.webmail.viva-asia.co.th
www.nbc-asia.co.th
www.navgwas.nbc-asia.co.th
www.prime-asia.co.th
www.prime-asia.co.th
www.princess-of-asia.co.th
www.mail.princess-of-asia.co.th
www.h-asia.co.th
www.webdisk.h-asia.co.th
www.cpanel.h-asia.co.th
www.webmail.h-asia.co.th
www.chs-asia.co.th
www.chs-asia.co.th
www.bluecons-asia.co.th
www.ns.bluecons-asia.co.th
www.hirochiku-asia.co.th
www.webdisk.hirochiku-asia.co.th
www.cpanel.hirochiku-asia.co.th
www.webmail.hirochiku-asia.co.th
www.gpv-asia.co.th
www.barracuda.gpv-asia.co.th
www.mail.gpv-asia.co.th
www.webmail.gpv-asia.co.th
www.vpn.gpv-asia.co.th
www.ftp.gpv-asia.co.th
www.gpv-asia.co.th
www.mail2.asia.co.th
www.webdisk.asia.co.th
www.cpanel.asia.co.th
www.webmail.asia.co.th
www.ns1.d1asia.co.th
www.ns2.d1asia.co.th
www.streaming.d1asia.co.th
www.meeting.d1asia.co.th
www.mail.d1asia.co.th
www.iwebmail.d1asia.co.th
www.d1asia.co.th
www.aasia.co.th
www.athenaasia.co.th
www.kingsmanbkk.athenaasia.co.th
www.kingsmanbkk.athenaasia.co.th
www.webdisk.athenaasia.co.th
www.mail.athenaasia.co.th
www.autodiscover.athenaasia.co.th
www.astraasia.co.th
www.mail.astraasia.co.th
www.ogawaasia.co.th
www.gw.ogawaasia.co.th
www.daiwaasia.co.th
www.mail.daiwaasia.co.th
www.tbasia.co.th
www.mail.tbasia.co.th
www.epicasia.co.th
www.webdisk.epicasia.co.th
www.cpanel.epicasia.co.th
www.webmail.epicasia.co.th
www.whm.epicasia.co.th
www.scasia.co.th
www.mail.scasia.co.th
www.sip-pa.seedasia.co.th
www.sip-am.seedasia.co.th
www.didasia.co.th
www.didasia.co.th
www.mx.didasia.co.th
www.splendidasia.co.th
www.mail.splendidasia.co.th
www.mx.splendidasia.co.th
www.modasia.co.th
www.aeasia.co.th
www.mail.aeasia.co.th
www.smtp.aeasia.co.th
www.largeasia.co.th
www.primeasia.co.th
www.webdisk.primeasia.co.th
www.webmail.primeasia.co.th
www.creasia.co.th
www.foreasia.co.th
www.futurestateasia.co.th
www.mail.futurestateasia.co.th
www.futurestateasia.co.th
www.beehiveasia.co.th
www.beehiveasia.co.th
www.thaiofasia.co.th
www.thaiofasia.co.th
www.colorsofasia.co.th
www.bciasia.co.th
www.mail.bciasia.co.th
www.bciasia.co.th
www.bpiasia.co.th
www.mail.bpiasia.co.th
www.mogyiasia.co.th
www.mail.mogyiasia.co.th
www.akasia.co.th
www.webdisk.akasia.co.th
www.cpanel.akasia.co.th
www.webmail.akasia.co.th
www.autodiscover.akasia.co.th
www.edc-networkasia.co.th
www.mail01.ttkasia.co.th
www.webmail.ttkasia.co.th
www.ttkasia.co.th
www.drukasia.co.th
www.drukasia.co.th
www.m2masia.co.th
www.mail.m2masia.co.th
www.pandmasia.co.th
www.pandmasia.co.th
www.chemasia.co.th
www.accomasia.co.th
www.scanasia.co.th
www.pop.scanasia.co.th
www.panasia.co.th
www.sv1.panasia.co.th
www.panasia.co.th
www.aquatecmaxconasia.co.th
www.aquatecmaxconasia.co.th
www.orionasia.co.th
www.webdisk.orionasia.co.th
www.cpanel.orionasia.co.th
www.webmail.orionasia.co.th
www.autodiscover.orionasia.co.th
www.lawtonasia.co.th
www.turboasia.co.th
www.mail.turboasia.co.th
www.bioasia.co.th
www.mail.bioasia.co.th
www.helioasia.co.th
www.ftp.helioasia.co.th
www.helioasia.co.th
www.euroasia.co.th
www.thatsoasia.co.th
www.thatsoasia.co.th
www.denyoasia.co.th
www.webdisk.denyoasia.co.th
www.cpanel.denyoasia.co.th
www.webmail.denyoasia.co.th
www.mpasia.co.th
www.mpasia.co.th
www.gemcarasia.co.th
www.crasia.co.th
www.cloud.crasia.co.th
www.mail.crasia.co.th
www.nm.crasia.co.th
www.miron.crasia.co.th
www.crasia.co.th
www.citrix.crasia.co.th
www.synergy.crasia.co.th
www.interasia.co.th
www.primayerasia.co.th
www.thaiairasia.co.th
www.amecsmg.mitsubishielevatorasia.co.th
www.amecvdi.mitsubishielevatorasia.co.th
www.scm.mitsubishielevatorasia.co.th
www.amecdns.mitsubishielevatorasia.co.th
www.sasasia.co.th
www.mail.sasasia.co.th
www.sasasia.co.th
www.mail.logisticsasia.co.th
www.vcsasia.co.th
www.kingsasia.co.th
www.kingsasia.co.th
www.nsasia.co.th
www.do2.nsasia.co.th
www.astaro3.nsasia.co.th
www.helpdesk.nsasia.co.th
www.asterisk.nsasia.co.th
www.mail.nsasia.co.th
www.heineken.nsasia.co.th
www.astaro.nsasia.co.th
www.zendto.nsasia.co.th
www.nsasia.co.th
www.mobility.nsasia.co.th
www.gpsasia.co.th
www.mail.gpsasia.co.th
www.gssasia.co.th
www.cpanel.gssasia.co.th
www.mail.gssasia.co.th
www.webmail.gssasia.co.th
www.gssasia.co.th
www.tsasia.co.th
www.projectsasia.co.th
www.webdisk.projectsasia.co.th
www.cpanel.projectsasia.co.th
www.webmail.projectsasia.co.th
www.greatasia.co.th
www.mail.greatasia.co.th
www.directasia.co.th
www.secure.vip.directasia.co.th
www.wip.directasia.co.th
www.assetasia.co.th
www.mail.assetasia.co.th
www.itasia.co.th
www.smtasia.co.th
www.fantasia.co.th
www.mail.fantasia.co.th
www.fantasia.co.th
www.tentasia.co.th
www.krugerventasia.co.th
www.mail.krugerventasia.co.th
www.mailserver.krugerventasia.co.th
www.smartasia.co.th
www.mail.smartasia.co.th
www.smartasia.co.th
www.webtvasia.co.th
www.indexasia.co.th
www.tietexasia.co.th
www.gw.tietexasia.co.th
www.gatewayasia.co.th
www.webmail.gatewayasia.co.th
www.telmail.gatewayasia.co.th
www.gyasia.co.th
www.mail.gyasia.co.th
www.pop.gyasia.co.th
www.smtp.gyasia.co.th
www.gyasia.co.th
www.polyasia.co.th
www.destinyasia.co.th
www.mail.destinyasia.co.th
www.destinyasia.co.th
www.kleanzasia.co.th
www.kleanzasia.co.th
www.mail.eurosia.co.th
www.galassia.co.th
www.creatia.co.th
www.mail.creatia.co.th
www.alitia.co.th
www.mail.alitia.co.th
www.antia.co.th
www.th.antia.co.th
www.th.antia.co.th
www.webdisk.antia.co.th
www.cpanel.antia.co.th
www.isentia.co.th
www.advertia.co.th
www.questia.co.th
www.uia.co.th
www.mail.uia.co.th
www.uia.co.th
www.la-via.co.th
www.mail.la-via.co.th
www.la-via.co.th
www.sravia.co.th
www.mail.sravia.co.th
www.intranet.sravia.co.th
www.sravia.co.th
www.activia.co.th
www.activia.co.th
www.xia.co.th
www.xia.co.th
www.sigizia.co.th
www.school.sigizia.co.th
www.school.sigizia.co.th
www.students.sigizia.co.th
www.students.sigizia.co.th
www.strelitzia.co.th
www.raja.co.th
www.mail.raja.co.th
www.raja.co.th
www.jeraja.co.th
www.demo.jeraja.co.th
www.sangja.co.th
www.phairojkijja.co.th
www.mail.phairojkijja.co.th
www.ginja.co.th
www.gamma.ginja.co.th
www.beta.ginja.co.th
www.tcc.ginja.co.th
www.stagingtcc.ginja.co.th
www.staging.ginja.co.th
www.api.ginja.co.th
www.gammaapi.ginja.co.th
www.betaapi.ginja.co.th
www.stagingapi.ginja.co.th
www.developapi.ginja.co.th
www.chounan.ginja.co.th
www.developchounan.ginja.co.th
www.zen.ginja.co.th
www.bonchon.ginja.co.th
www.developbonchon.ginja.co.th
www.demo.ginja.co.th
www.develop.ginja.co.th
www.dq.ginja.co.th
www.jobs.ginja.co.th
www.devtools.ginja.co.th
www.vendors.ginja.co.th
www.stagingvendors.ginja.co.th
www.developvendors.ginja.co.th
www.stagingsupport.ginja.co.th
www.developsupport.ginja.co.th
www.omu.ginja.co.th
www.developomu.ginja.co.th
www.audrey.ginja.co.th
www.yja.co.th
www.mail.yja.co.th
www.aka.co.th
www.webdisk.aka.co.th
www.cpanel.aka.co.th
www.webmail.aka.co.th
www.nadaka.co.th
www.mail.nadaka.co.th
www.ns.nadaka.co.th
www.116.68.151.163.idaka.co.th
www.116.68.151.164.idaka.co.th
www.116.68.151.165.idaka.co.th
www.116.68.151.166.idaka.co.th
www.bc.idaka.co.th
www.e0.idaka-rt.idaka.co.th
www.untrust.idaka-fw.idaka.co.th
www.nw.idaka.co.th
www.hodaka.co.th
www.mail.hodaka.co.th
www.nichaka.co.th
www.mail.nichaka.co.th
www.nichaka.co.th
www.hamaka.co.th
www.mail.hamaka.co.th
www.tanaka.co.th
www.mail.tanaka.co.th
www.takenaka.co.th
www.mbox.takenaka.co.th
www.nonaka.co.th
www.mail.nonaka.co.th
www.kornpaka.co.th
www.webdisk.kornpaka.co.th
www.cpanel.kornpaka.co.th
www.webmail.kornpaka.co.th
www.biraka.co.th
www.mail.biraka.co.th
www.waka.co.th
www.mail.waka.co.th
www.cka.co.th
www.webdisk.cka.co.th
www.cpanel.cka.co.th
www.webmail.cka.co.th
www.leeka.co.th
www.webdisk.leeka.co.th
www.cpanel.leeka.co.th
www.webmail.leeka.co.th
www.heka.co.th
www.mozart2.heka.co.th
www.mozart.heka.co.th
www.eureka.co.th
www.webdisk.teka.co.th
www.cpanel.teka.co.th
www.webmail.teka.co.th
www.seika.co.th
www.seika.co.th
www.lika.co.th
www.talika.co.th
www.shopping.celika.co.th
www.member.celika.co.th
www.mallika.co.th
www.mika.co.th
www.mechanika.co.th
www.voika.co.th
www.mail.voika.co.th
www.sika.co.th
www.sika.co.th
www.rasika.co.th
www.rasika.co.th
www.practika.co.th
www.mail.practika.co.th
www.practika.co.th
www.arctika.co.th
www.webdisk.arctika.co.th
www.cpanel.arctika.co.th
www.webmail.arctika.co.th
www.fotikamail.fotika.co.th
www.jka.co.th
www.makka.co.th
www.mka.co.th
www.shinka.co.th
www.yoshioka.co.th
www.webdisk.yoshioka.co.th
www.cpanel.yoshioka.co.th
www.webmail.yoshioka.co.th
www.traveloka.co.th
www.mirka.co.th
www.tka.co.th
www.thai-otsuka.co.th
www.topmail.thai-otsuka.co.th
www.vpn-ftu.thai-otsuka.co.th
www.thai-otsuka.co.th
www.mandala.co.th
www.pop3.mandala.co.th
www.hosting.mandala.co.th
www.ns1.hosting.mandala.co.th
www.ns2.hosting.mandala.co.th
www.mail.hosting.mandala.co.th
www.mandala.co.th
www.diyayogashala.co.th
www.mail.diyayogashala.co.th
www.diyayogashala.co.th
www.ohlala.co.th
www.inzone.ohlala.co.th
www.mail.ohlala.co.th
www.bbn.ohlala.co.th
www.bby.ohlala.co.th
www.hulala.co.th
www.webdisk.hulala.co.th
www.cpanel.hulala.co.th
www.webmail.hulala.co.th
www.mysql.hulala.co.th
www.mysql.hulala.co.th
www.admin.hulala.co.th
www.admin.hulala.co.th
www.demo.hulala.co.th
www.demo.hulala.co.th
www.sala.co.th
www.mail.sala.co.th
www.sala.co.th
www.banntazala.co.th
www.mail.banntazala.co.th
www.bla.co.th
www.media.bla.co.th
www.owa.bla.co.th
www.mail.agent.bla.co.th
www.bla.co.th
www.babla.co.th
www.static.beta.babla.co.th
www.static.babla.co.th
www.babla.co.th
www.fidela.co.th
www.ns3.fidela.co.th
www.mail.fidela.co.th
www.fidela.co.th
www.kela.co.th
www.mail.kela.co.th
www.ila.co.th
www.mail.ila.co.th
www.ila.co.th
www.laila.co.th
www.webdisk.laila.co.th
www.cpanel.laila.co.th
www.webmail.laila.co.th
www.mail.hvfila.co.th
www.wasila.co.th
www.xn--12c9diamnxw0n7c.wasila.co.th
www.xn--12c9diamnxw0n7c.wasila.co.th
www.coconutcandleswholesale.wasila.co.th
www.coconutcandleswholesale.wasila.co.th
www.wasilatrading.wasila.co.th
www.wasilatrading.wasila.co.th
www.blog.wasila.co.th
www.blog.wasila.co.th
www.wasilablog.wasila.co.th
www.wasilablog.wasila.co.th
www.thailandhandicrafts-org.wasila.co.th
www.thailandhandicrafts-org.wasila.co.th
www.candle-in-th.wasila.co.th
www.candle-in-th.wasila.co.th
www.sweetscent-in-th.wasila.co.th
www.sweetscent-in-th.wasila.co.th
www.mail.wasila.co.th
www.mail.wasila.co.th
www.m.wasila.co.th
www.m.wasila.co.th
www.xn--12c9diamnxw0n7ccom.wasila.co.th
www.xn--12c9diamnxw0n7ccom.wasila.co.th
www.alla.co.th
www.mail.alla.co.th
www.portal.cristalla.co.th
www.connect.cristalla.co.th
www.ctl-internet.cristalla.co.th
www.cristalla.co.th
www.mobella.co.th
www.mobella.co.th
www.excella.co.th
www.webdisk.excella.co.th
www.cpanel.excella.co.th
www.mail.excella.co.th
www.webmail.excella.co.th
www.autodiscover.excella.co.th
www.excella.co.th
www.pulcinella.co.th
www.pandpumbrella.co.th
www.mail.pandpumbrella.co.th
www.spirella.co.th
www.kretella.co.th
www.vanilla.co.th
www.dedicate.vanilla.co.th
www.worklog.vanilla.co.th
www.mail.vanilla.co.th
www.labs.vanilla.co.th
www.mail.gorilla.co.th
www.gorilla.co.th
www.villa.co.th
www.fantasiavilla.co.th
www.ns.fantasiavilla.co.th
www.gadgetvilla.co.th
www.pixilla.co.th
www.ns1.pixilla.co.th
www.ns2.pixilla.co.th
www.rwa.pixilla.co.th
www.app.pixilla.co.th
www.server.pixilla.co.th
www.dev.pixilla.co.th
www.cola.co.th
www.mail.cola.co.th
www.weola.co.th
www.webdisk.weola.co.th
www.cpanel.weola.co.th
www.webmail.weola.co.th
www.asiola.co.th
www.dashboard.asiola.co.th
www.jymgxk.asiola.co.th
www.asiola.co.th
www.pola.co.th
www.motorola.co.th
www.mail2.motorola.co.th
www.mail.motorola.co.th
www.controla.co.th
www.gm.controla.co.th
www.elektrisola.co.th
www.mail.elektrisola.co.th
www.elektrisola.co.th
www.luxola.co.th
www.sfcplubpla.co.th
www.webdisk.sfcplubpla.co.th
www.cpanel.sfcplubpla.co.th
www.webmail.sfcplubpla.co.th
www.sla.co.th
www.tesla.co.th
www.crm.tesla.co.th
www.tesla.co.th
www.trisla.co.th
www.mail.trisla.co.th
www.trisla.co.th
www.formula.co.th
www.webdisk.formula.co.th
www.cpanel.formula.co.th
www.webmail.formula.co.th
www.crystalformula.co.th
www.ns1.crystalformula.co.th
www.ns2.crystalformula.co.th
www.mail.crystalformula.co.th
www.hyla.co.th
www.mail.hyla.co.th
www.hyla.co.th
www.mistyla.co.th
www.ma.co.th
www.sc-ma.co.th
www.owa.sc-ma.co.th
www.sc-ma.co.th
www.ma.co.th
www.hahama.co.th
www.mail.hahama.co.th
www.hahama.co.th
www.kama.co.th
www.mail.kama.co.th
www.mama.co.th
www.tfbkkmsa01.mama.co.th
www.mail.mama.co.th
www.webmail.mama.co.th
www.tf-macserver.mama.co.th
www.mama.co.th
www.manamama.co.th
www.mail.indorama.co.th
www.panorama.co.th
www.mail.panorama.co.th
www.panorama.co.th
www.sama.co.th
www.mail.sama.co.th
www.sama.co.th
www.tama.co.th
www.mail.tama.co.th
www.tama.co.th
www.kayama.co.th
www.vayama.co.th
www.mail.vayama.co.th
www.vayama.co.th
www.miyama.co.th
www.mail.miyama.co.th
www.cma.co.th
www.dema.co.th
www.ns.dema.co.th
www.myeczema.co.th
www.fma.co.th
www.webdisk.fma.co.th
www.cpanel.fma.co.th
www.webmail.fma.co.th
www.pragma.co.th
www.ns1.pragma.co.th
www.ns2.pragma.co.th
www.mailgw2.pragma.co.th
www.ns3.pragma.co.th
www.ns4.pragma.co.th
www.mail.pragma.co.th
www.exmail.pragma.co.th
www.vpn.pragma.co.th
www.autodiscover.pragma.co.th
www.mailgw.pragma.co.th
www.pragma.co.th
www.mail1.daima.co.th
www.mail.daima.co.th
www.tb-kawashima.co.th
www.mail.tb-kawashima.co.th
www.mishima.co.th
www.toshima.co.th
www.toshima.co.th
www.vpn.kajima.co.th
www.sslvpn.kajima.co.th
www.sp.kajima.co.th
www.kajima.co.th
www.klima.co.th
www.mail.klima.co.th
www.prima.co.th
www.prima.co.th
www.fatima.co.th
www.ultima.co.th
www.mail.ultima.co.th
www.ultima.co.th
www.chutima.co.th
www.en.chutima.co.th
www.en.chutima.co.th
www.animatejma.co.th
www.animatejma.co.th
www.gamma.co.th
www.mail.panomma.co.th
www.summa.co.th
www.tenma.co.th
www.gw2.tenma.co.th
www.gw.tenma.co.th
www.tenma.co.th
www.oma.co.th
www.loma.co.th
www.mail.loma.co.th
www.loma.co.th
www.becker-acroma.co.th
www.deroma.co.th
www.mail.deroma.co.th
www.broroma.co.th
www.soma.co.th
www.mail.soma.co.th
www.soma.co.th
www.mail.medapharma.co.th
www.extrapharma.co.th
www.medicpharma.co.th
www.demo.medicpharma.co.th
www.demo.medicpharma.co.th
www.alliancepharma.co.th
www.mgpharma.co.th
www.mail.mgpharma.co.th
www.sip.mundipharma.co.th
www.lyncdiscover.mundipharma.co.th
www.mundipharma.co.th
www.apmpharma.co.th
www.webdisk.apmpharma.co.th
www.cpanel.apmpharma.co.th
www.webmail.apmpharma.co.th
www.autodiscover.apmpharma.co.th
www.smpharma.co.th
www.mail.smpharma.co.th
www.tmanpharma.co.th
www.ns1.tmanpharma.co.th
www.ns2.tmanpharma.co.th
www.mail.tmanpharma.co.th
www.mail.modernpharma.co.th
www.appharma.co.th
www.mail.appharma.co.th
www.jppharma.co.th
www.interpharma.co.th
www.interpharma.co.th
www.cpspharma.co.th
www.cpspharma.co.th
www.karma.co.th
www.bioderma.co.th
www.ferma.co.th
www.ns.ferma.co.th
www.mail.wisma.co.th
www.wisma.co.th
www.tma.co.th
www.atma.co.th
www.mail.atma.co.th
www.atma.co.th
www.ktma.co.th
www.pneuma.co.th
www.mail.pneuma.co.th
www.okuma.co.th
www.webdisk.okuma.co.th
www.cpanel.okuma.co.th
www.webmail.okuma.co.th
www.autodiscover.okuma.co.th
www.thaienuma.co.th
www.webdisk.thaienuma.co.th
www.webmail.thaienuma.co.th
www.azuma.co.th
www.mazuma.co.th
www.na.co.th
www.na.co.th
www.mail.ana.co.th
www.ana.co.th
www.phangancabana.co.th
www.webdisk.phangancabana.co.th
www.cpanel.phangancabana.co.th
www.webmail.phangancabana.co.th
www.autodiscover.phangancabana.co.th
www.cana.co.th
www.mail.cana.co.th
www.ns.cana.co.th
www.americana.co.th
www.webdisk.americana.co.th
www.cpanel.americana.co.th
www.webmail.americana.co.th
www.autodiscover.americana.co.th
www.hana.co.th
www.nekohana.co.th
www.mail.nekohana.co.th
www.nekohana.co.th
www.sinthana.co.th
www.mail.sinthana.co.th
www.sinthana.co.th
www.diana.co.th
www.diana.co.th
www.lana.co.th
www.mail.lana.co.th
www.salana.co.th
www.salana.co.th
www.solana.co.th
www.mana.co.th
www.nana.co.th
www.banana.co.th
www.moana.co.th
www.prana.co.th
www.burana.co.th
www.mail.burana.co.th
www.vipassana.co.th
www.natana.co.th
www.mail.natana.co.th
www.patana.co.th
www.phothi-ratana.co.th
www.webdisk.phothi-ratana.co.th
www.cpanel.phothi-ratana.co.th
www.mail.phothi-ratana.co.th
www.webmail.phothi-ratana.co.th
www.checkmail.phothi-ratana.co.th
www.checkmail.phothi-ratana.co.th
www.phothi-ratana.co.th
www.sirivatana.co.th
www.mail.sirivatana.co.th
www.srm.sirivatana.co.th
www.mailgw.sirivatana.co.th
www.sirivatana.co.th
www.kantana.co.th
www.mail.kantana.co.th
www.kantana.co.th
www.dev.montana.co.th
www.kiattana.co.th
www.pattana.co.th
www.mail.pattana.co.th
www.pscmail.pattana.co.th
www.smtp.pattana.co.th
www.pattana.co.th
www.cpattana.co.th
www.mail.cpattana.co.th
www.bumbudpattana.co.th
www.leepattana.co.th
www.siripattana.co.th
www.mail2.siripattana.co.th
www.mail.siripattana.co.th
www.pitakpattana.co.th
www.webdisk.pitakpattana.co.th
www.cpanel.pitakpattana.co.th
www.webmail.pitakpattana.co.th
www.chokpattana.co.th
www.mail.chokpattana.co.th
www.centralpattana.co.th
www.wattana.co.th
www.siriwattana.co.th
www.mail.siriwattana.co.th
www.siriwattana.co.th
www.locktonwattana.co.th
www.ns1.locktonwattana.co.th
www.mail.locktonwattana.co.th
www.locktonwattana.co.th
www.jswattana.co.th
www.webdisk.jswattana.co.th
www.cpanel.jswattana.co.th
www.webmail.jswattana.co.th
www.mongkutwattana.co.th
www.mail.mongkutwattana.co.th
www.mongkutwattana.co.th
www.sync.tawana.co.th
www.arwana.co.th
www.ns1.ramayana.co.th
www.ns2.ramayana.co.th
www.mail.ramayana.co.th
www.ramayana.co.th
www.digitaldna.co.th
www.mail.digitaldna.co.th
www.rprp.digitaldna.co.th
www.zdna.co.th
www.mail.zdna.co.th
www.zdna.co.th
www.a-bena.co.th
www.dena.co.th
www.edit.neutrogena.co.th
www.athena.co.th
www.mail.athena.co.th
www.athena.co.th
www.mena.co.th
www.apptaxi.mena.co.th
www.apptaxi.mena.co.th
www.garena.co.th
www.lculanding.garena.co.th
www.garena.co.th
www.verena.co.th
www.verena.co.th
www.sena.co.th
www.piti-ekkamai.sena.co.th
www.mail.sena.co.th
www.sena.co.th
www.vena.co.th
www.magna.co.th
www.cigna.co.th
www.eservice.cigna.co.th
www.partnerservice.cigna.co.th
www.social.cigna.co.th
www.onlineportal.cigna.co.th
www.travel.cigna.co.th
www.uat.cigna.co.th
www.eserviceuat.cigna.co.th
www.partnerserviceuat.cigna.co.th
www.socialuat.cigna.co.th
www.traveluat.cigna.co.th
www.cigna.co.th
www.bangna.co.th
www.techna.co.th
www.mail.techna.co.th
www.techna.co.th
www.sabina.co.th
www.online.sabina.co.th
www.mail.sabina.co.th
www.crmservices.sabina.co.th
www.sabina.co.th
www.combina.co.th
www.mail.combina.co.th
www.asiacucina.co.th
www.regina.co.th
www.grandchina.co.th
www.mail.grandchina.co.th
www.airchina.co.th
www.korchina.co.th
www.mail.korchina.co.th
www.mail.energychina.co.th
www.webmail.energychina.co.th
www.mina.co.th
www.webdisk.mina.co.th
www.cpanel.mina.co.th
www.webmail.mina.co.th
www.promina.co.th
www.mail.promina.co.th
www.cosmina.co.th
www.mail.cosmina.co.th
www.apina.co.th
www.ns.apina.co.th
www.epina.co.th
www.mail.epina.co.th
www.epina.co.th
www.charina.co.th
www.veterina.co.th
www.scortina.co.th
www.ns1.scortina.co.th
www.ns2.scortina.co.th
www.cristina.co.th
www.cristina.co.th
www.lookna.co.th
www.116.68.148.211.nna.co.th
www.116.68.148.212.nna.co.th
www.116.68.148.213.nna.co.th
www.116.68.148.214.nna.co.th
www.bc.nna.co.th
www.router.nna.co.th
www.nw.nna.co.th
www.hachanna.co.th
www.hachanna.co.th
www.lanna.co.th
www.ns1.lanna.co.th
www.openedx1.lanna.co.th
www.moodle.lanna.co.th
www.mail.lanna.co.th
www.accessedgepool.lanna.co.th
www.ns.lanna.co.th
www.lanna.co.th
www.openedx.lanna.co.th
www.thailanna.co.th
www.panna.co.th
www.mail.panna.co.th
www.lightenna.co.th
www.mail.antenna.co.th
www.kaona.co.th
www.raona.co.th
www.modona.co.th
www.sirona.co.th
www.sirona.co.th
www.pasona.co.th
www.belzona.co.th
www.pna.co.th
www.pna.co.th
www.eterna.co.th
www.w3.eterna.co.th
www.w3.eterna.co.th
www.lily-co-th.eterna.co.th
www.lily-co-th.eterna.co.th
www.tjanimal.eterna.co.th
www.vetnovel.eterna.co.th
www.vetnovel.eterna.co.th
www.mail.eterna.co.th
www.msna.co.th
www.aetna.co.th
www.remote.aetna.co.th
www.webuat.aetna.co.th
www.aetna.co.th
www.stna.co.th
www.kuna.co.th
www.webdisk.kuna.co.th
www.cpanel.kuna.co.th
www.mail.kuna.co.th
www.webmail.kuna.co.th
www.kuna.co.th
www.aruna.co.th
www.lesuna.co.th
www.webdisk.lesuna.co.th
www.cpanel.lesuna.co.th
www.webmail.lesuna.co.th
www.pctuna.co.th
www.reverse.pctuna.co.th
www.mail.pctuna.co.th
www.pctuna.co.th
www.cptuna.co.th
www.kaowna.co.th
www.ns1.kaowna.co.th
www.ns2.kaowna.co.th
www.kaowna.co.th
www.strudyna.co.th
www.oa.co.th
www.mail.oa.co.th
www.108oa.co.th
www.jumboa.co.th
www.mail.jumboa.co.th
www.foa.co.th
www.thaioa.co.th
www.mail.thaioa.co.th
www.webmail.thaioa.co.th
www.sloa.co.th
www.mail.sloa.co.th
www.spoa.co.th
www.mail.spoa.co.th
www.soa.co.th
www.mail.soa.co.th
www.ns.soa.co.th
www.soa.co.th
www.itoa.co.th
www.itoa.co.th
www.nastoa.co.th
www.svoa.co.th
www.iwebmail.svoa.co.th
www.anti-spam.svoa.co.th
www.svoa.co.th
www.proxy.svoa.co.th
www.webdisk.woa.co.th
www.cpanel.woa.co.th
www.webmail.woa.co.th
www.woa.co.th
www.pa.co.th
www.mail.pa.co.th
www.smap.pa.co.th
www.apa.co.th
www.capa.co.th
www.napa.co.th
www.tanapa.co.th
www.mail.tanapa.co.th
www.snapa.co.th
www.webmail.snapa.co.th
www.papa.co.th
www.mail.papa.co.th
www.rapa.co.th
www.mail.rapa.co.th
www.rapa.co.th
www.trapa.co.th
www.zuiiorganic.trapa.co.th
www.zuiiorganic.trapa.co.th
www.nissanreishi.trapa.co.th
www.nissanreishi.trapa.co.th
www.youshi.trapa.co.th
www.youshi.trapa.co.th
www.webdisk.trapa.co.th
www.cpanel.trapa.co.th
www.webmail.trapa.co.th
www.trapatrainingplus.trapa.co.th
www.trapatrainingplus.trapa.co.th
www.trapa.co.th
www.brburapa.co.th
www.mail.brburapa.co.th
www.epa.co.th
www.mfpa.co.th
www.mfpa.co.th
www.healthcare-ipac.ipa.co.th
www.eclaim.ipa.co.th
www.marcuat.ipa.co.th
www.eclaimuat.ipa.co.th
www.eclientuat.ipa.co.th
www.eclient.ipa.co.th
www.fipa.co.th
www.fipa.co.th
www.nipa.co.th
www.tns00.nipa.co.th
www.md10.nipa.co.th
www.smtp10.nipa.co.th
www.md20.nipa.co.th
www.md30.nipa.co.th
www.md40.nipa.co.th
www.api0.nipa.co.th
www.md01.nipa.co.th
www.md11.nipa.co.th
www.md21.nipa.co.th
www.md31.nipa.co.th
www.media1.nipa.co.th
www.se1.nipa.co.th
www.sql-g1.nipa.co.th
www.api1.nipa.co.th
www.sql1.nipa.co.th
www.sql-g1-n1.nipa.co.th
www.ns1.nipa.co.th
www.tns1.nipa.co.th
www.md02.nipa.co.th
www.md12.nipa.co.th
www.md22.nipa.co.th
www.md32.nipa.co.th
www.db2.nipa.co.th
www.speed2.nipa.co.th
www.sql-g2.nipa.co.th
www.sql2.nipa.co.th
www.sql-g1-n2.nipa.co.th
www.ns2.nipa.co.th
www.md03.nipa.co.th
www.md13.nipa.co.th
www.prtg13.nipa.co.th
www.md23.nipa.co.th
www.md33.nipa.co.th
www.db3.nipa.co.th
www.ns3.nipa.co.th
www.md04.nipa.co.th
www.md14.nipa.co.th
www.mta24.nipa.co.th
www.md24.nipa.co.th
www.md34.nipa.co.th
www.db4.nipa.co.th
www.apc4.nipa.co.th
www.ppc4.nipa.co.th
www.md05.nipa.co.th
www.md15.nipa.co.th
www.mta25.nipa.co.th
www.md25.nipa.co.th
www.md35.nipa.co.th
www.md06.nipa.co.th
www.md16.nipa.co.th
www.mta26.nipa.co.th
www.md26.nipa.co.th
www.md36.nipa.co.th
www.smtp6.nipa.co.th
www.md07.nipa.co.th
www.md17.nipa.co.th
www.md27.nipa.co.th
www.md37.nipa.co.th
www.smtp7.nipa.co.th
www.md08.nipa.co.th
www.md18.nipa.co.th
www.md28.nipa.co.th
www.md38.nipa.co.th
www.smtp8.nipa.co.th
www.md09.nipa.co.th
www.md19.nipa.co.th
www.md29.nipa.co.th
www.md39.nipa.co.th
www.smtp9.nipa.co.th
www.media.nipa.co.th
www.easyweb.nipa.co.th
www.job.nipa.co.th
www.apc.nipa.co.th
www.support-apc.nipa.co.th
www.ppc.nipa.co.th
www.md.nipa.co.th
www.office.nipa.co.th
www.ads.google.nipa.co.th
www.nsg.nipa.co.th
www.sql.nipa.co.th
www.instagram.nipa.co.th
www.apcm.nipa.co.th
www.ppcm.nipa.co.th
www.lb1p.nipa.co.th
www.lb2p.nipa.co.th
www.lb3p.nipa.co.th
www.lb4p.nipa.co.th
www.nipagroup.nipa.co.th
www.toolbar.nipa.co.th
www.pr.nipa.co.th
www.jobs.nipa.co.th
www.facebookads.nipa.co.th
www.targetads.nipa.co.th
www.mds.nipa.co.th
www.tgs.nipa.co.th
www.tns.nipa.co.th
www.afoss.nipa.co.th
www.target.nipa.co.th
www.nipa.co.th
www.chindasilpa.co.th
www.kalampa.co.th
www.kalampa.co.th
www.onpa.co.th
www.ns.onpa.co.th
www.europa.co.th
www.nippa.co.th
www.mail.nippa.co.th
www.nippa.co.th
www.uppa.co.th
www.kuppa.co.th
www.charpa.co.th
www.bathroomdesigni-spa.co.th
www.erandaspa.co.th
www.mail.erandaspa.co.th
www.truespa.co.th
www.vespa.co.th
www.mail.vespa.co.th
www.vespa.co.th
www.palmherbalspa.co.th
www.mail.palmherbalspa.co.th
www.smedicalspa.co.th
www.mail.smedicalspa.co.th
www.m.peacetropicalspa.co.th
www.coolspa.co.th
www.coolspa.co.th
www.poolspa.co.th
www.webdisk.poolspa.co.th
www.cpanel.poolspa.co.th
www.webmail.poolspa.co.th
www.oasisspa.co.th
www.ns1.osotspa.co.th
www.ns2.osotspa.co.th
www.gw.osotspa.co.th
www.osotspa.co.th
www.tpa.co.th
www.mail.tpa.co.th
www.bupa.co.th
www.mail2.bupa.co.th
www.remote.bupa.co.th
www.mail.bupa.co.th
www.extmail.bupa.co.th
www.autodiscover.bupa.co.th
www.webuat.bupa.co.th
www.bupa.co.th
www.inoxpa.co.th
www.ypa.co.th
www.qa.co.th
www.webdisk.qa.co.th
www.cpanel.qa.co.th
www.webmail.qa.co.th
www.autodiscover.qa.co.th
www.sqa.co.th
www.mail.sqa.co.th
www.ra.co.th
www.ebara.co.th
www.mail.ebara.co.th
www.ebara.co.th
www.lebara.co.th
www.sakakibara.co.th
www.webdisk.sakakibara.co.th
www.cpanel.sakakibara.co.th
www.webmail.sakakibara.co.th
www.adara.co.th
www.mail.adara.co.th
www.nagara.co.th
www.nagara.co.th
www.hara.co.th
www.mail.hara.co.th
www.ihara.co.th
www.ogihara.co.th
www.dmogihara.ogihara.co.th
www.mail.ogihara.co.th
www.thaimihara.co.th
www.kurihara.co.th
www.mail.kurihara.co.th
www.ns.kurihara.co.th
www.pathara.co.th
www.pathara.co.th
www.7makara.co.th
www.mail.7makara.co.th
www.7makara.co.th
www.pakara.co.th
www.mail.pakara.co.th
www.ns.pakara.co.th
www.mokara.co.th
www.mail.mokara.co.th
www.vollara.co.th
www.vollara.co.th
www.samara.co.th
www.mail.samara.co.th
www.webmail.samara.co.th
www.samara.co.th
www.demo.marmara.co.th
www.sis.marmara.co.th
www.apara.co.th
www.apara.co.th
www.maithai-isara.co.th
www.maithai-isara.co.th
www.charnissara.co.th
www.charnissara.co.th
www.ketsara.co.th
www.webdisk.ketsara.co.th
www.cpanel.ketsara.co.th
www.webmail.ketsara.co.th
www.tara.co.th
www.panyatara.co.th
www.e-testing.panyatara.co.th
www.docs.panyatara.co.th
www.survey.panyatara.co.th
www.anantara.co.th
www.centara.co.th
www.mohintara.co.th
www.webmail.mohintara.co.th
www.montara.co.th
www.mail.montara.co.th
www.ais.montara.co.th
www.anvara.co.th
www.anvara.co.th
www.yara.co.th
www.iyara.co.th
www.ns1.iyara.co.th
www.ns2.iyara.co.th
www.mail.iyara.co.th
www.aiyara.co.th
www.office.aiyara.co.th
www.member.aiyara.co.th
www.administrator.aiyara.co.th
www.aismart.aiyara.co.th
www.aismart.aiyara.co.th
www.aiyara.co.th
www.zara.co.th
www.seabra.co.th
www.sbmail01-dc.seabra.co.th
www.seabra.co.th
www.bluezebra.co.th
www.mail.bluezebra.co.th
www.bluezebra.co.th
www.toyotalibra.co.th
www.mail.toyotalibra.co.th
www.olivibra.co.th
www.cobra.co.th
www.cameobra.co.th
www.fluidra.co.th
www.en.fluidra.co.th
www.en.fluidra.co.th
www.fluidra.co.th
www.era.co.th
www.mail.era.co.th
www.era.co.th
www.cera.co.th
www.ns.cera.co.th
www.cera.co.th
www.suncera.co.th
www.mail.suncera.co.th
www.theera.co.th
www.jeera.co.th
www.mail.jeera.co.th
www.pop.jeera.co.th
www.ftp.jeera.co.th
www.smtp.jeera.co.th
www.jeera.co.th
www.veera.co.th
www.mail.veera.co.th
www.veera.co.th
www.panthera.co.th
www.mail.panthera.co.th
www.panthera.co.th
www.riviera.co.th
www.webdisk.riviera.co.th
www.cpanel.riviera.co.th
www.webmail.riviera.co.th
www.autodiscover.riviera.co.th
www.krabiriviera.co.th
www.worldcamera.co.th
www.mail.worldcamera.co.th
www.shop.worldcamera.co.th
www.worldcamera.co.th
www.bigcamera.co.th
www.bcc-fed.bigcamera.co.th
www.nextcloud.bigcamera.co.th
www.office.bigcamera.co.th
www.webmail.bigcamera.co.th
www.bcc-fep.bigcamera.co.th
www.faq.bigcamera.co.th
www.bcc-feq.bigcamera.co.th
www.bigcamera.co.th
www.xcamera.co.th
www.webdisk.xcamera.co.th
www.cpanel.xcamera.co.th
www.webmail.xcamera.co.th
www.opera.co.th
www.ferera.co.th
www.insightera.co.th
www.theviable.insightera.co.th
www.dns.insightera.co.th
www.git.insightera.co.th
www.chatbot.insightera.co.th
www.mx.insightera.co.th
www.proxy.insightera.co.th
www.gps.devera.co.th
www.infra.co.th
www.ngiinfra.co.th
www.ns2.ngiinfra.co.th
www.mail.ngiinfra.co.th
www.integra.co.th
www.mail.integra.co.th
www.rueanthai-raminthra.co.th
www.mail.rueanthai-raminthra.co.th
www.mail1.aira.co.th
www.pre.aira.co.th
www.mail.aira.co.th
www.aira.co.th
www.bira.co.th
www.bira.co.th
www.shimohira.co.th
www.poonjira.co.th
www.mail.poonjira.co.th
www.ns.poonjira.co.th
www.mail.nira.co.th
www.sira.co.th
www.webdisk.sira.co.th
www.webmail.sira.co.th
www.tira.co.th
www.tira.co.th
www.elvira.co.th
www.crm.elvira.co.th
www.elvira.co.th
www.inra.co.th
www.ex2010.inra.co.th
www.mx1.inra.co.th
www.inra.co.th
www.mx2.inra.co.th
www.stage.inra.co.th
www.api.inra.co.th
www.flask.inra.co.th
www.mail.inra.co.th
www.hq.inra.co.th
www.inra.co.th
www.rabora.co.th
www.rabora.co.th
www.fracora.co.th
www.mail.fracora.co.th
www.webmail.fracora.co.th
www.fracora.co.th
www.mail.pandora.co.th
www.sephora.co.th
www.virtual-artist.sephora.co.th
www.zalora.co.th
www.lora.sclora.co.th
www.io.sclora.co.th
www.permaflora.co.th
www.mail.permaflora.co.th
www.ns.permaflora.co.th
www.interflora.co.th
www.interflora.co.th
www.aurora.co.th
www.goldonline.aurora.co.th
www.corporate.aurora.co.th
www.corporate.aurora.co.th
www.goldsaving.aurora.co.th
www.goldsaving.aurora.co.th
www.mail.aurora.co.th
www.aurora.co.th
www.tora.co.th
www.tr1.tora.co.th
www.tr2.tora.co.th
www.mail.tora.co.th
www.webmail.tora.co.th
www.estora.co.th
www.wora.co.th
www.webdisk.wora.co.th
www.cpanel.wora.co.th
www.webmail.wora.co.th
www.pra.co.th
www.mail.pra.co.th
www.seminar.pra.co.th
www.seminar.pra.co.th
www.pra.co.th
www.synterra.co.th
www.asra.co.th
www.eosra.co.th
www.singhaphatra.co.th
www.mail.singhaphatra.co.th
www.avitra.co.th
www.webdisk.avitra.co.th
www.cpanel.avitra.co.th
www.webmail.avitra.co.th
www.ultra.co.th
www.mail.ultra.co.th
www.mantra.co.th
www.slideramintra.co.th
www.astra.co.th
www.ns1.astra.co.th
www.dns1.astra.co.th
www.online.astra.co.th
www.vpn.astra.co.th
www.pbx.astra.co.th
www.vistra.co.th
www.mail.vistra.co.th
www.vistra.co.th
www.nsetmail.nidec-shibaura.co.th
www.acura.co.th
www.webdisk.acura.co.th
www.cpanel.acura.co.th
www.webmail.acura.co.th
www.autodiscover.acura.co.th
www.accura.co.th
www.webdisk.accura.co.th
www.cpanel.accura.co.th
www.webmail.accura.co.th
www.secura.co.th
www.webdisk.secura.co.th
www.cpanel.secura.co.th
www.webmail.secura.co.th
www.infura.co.th
www.nitigura.co.th
www.router-ine.nitigura.co.th
www.net.nitigura.co.th
www.bcast.nitigura.co.th
www.gw.nitigura.co.th
www.nitigura.co.th
www.itakura.co.th
www.mail.itakura.co.th
www.fujizakura.co.th
www.mail.fujizakura.co.th
www.fujizakura.co.th
www.fujikura.co.th
www.fthai.fujikura.co.th
www.fw.fujikura.co.th
www.fujikura.co.th
www.tokura.co.th
www.trial-nakamura.co.th
www.webdisk.trial-nakamura.co.th
www.cpanel.trial-nakamura.co.th
www.webmail.trial-nakamura.co.th
www.emura.co.th
www.mail.emura.co.th
www.ns.emura.co.th
www.umemura.co.th
www.umemura.co.th
www.shuuemura.co.th
www.morimura.co.th
www.webdisk.morimura.co.th
www.cpanel.morimura.co.th
www.webmail.morimura.co.th
www.arkitektura.co.th
www.mail.arkitektura.co.th
www.sa.co.th
www.mail.sa.co.th
www.sa.co.th
www.asa.co.th
www.asa.co.th
www.casa.co.th
www.mail.casa.co.th
www.lacasa.co.th
www.lacasa.co.th
www.macasa.co.th
www.macasa.co.th
www.klangcasa.co.th
www.klangcasa.co.th
www.mufasa.co.th
www.mikasa.co.th
www.mail.mikasa.co.th
www.rasa.co.th
www.mail.rasa.co.th
www.virasa.co.th
www.ns1.virasa.co.th
www.ns2.virasa.co.th
www.toyotasasa.co.th
www.toyotasasa.co.th
www.gs-yuasa.co.th
www.116.68.148.70.yuasa.co.th
www.116.68.148.69.yuasa.co.th
www.bc.yuasa.co.th
www.yuasasri.yuasa.co.th
www.yuasabkk.yuasa.co.th
www.s0-0-0.yuasa-rt.yuasa.co.th
www.fe0-0.yuasa-fw.yuasa.co.th
www.nw.yuasa.co.th
www.csa.co.th
www.accsa.co.th
www.mcsa.co.th
www.mcsautomation.mcsa.co.th
www.mcsautomation.mcsa.co.th
www.hamaesa.co.th
www.fesa.co.th
www.mesa.co.th
www.mail.mesa.co.th
www.hormesa.co.th
www.amaresa.co.th
www.mail.amaresa.co.th
www.adisa.co.th
www.visa.co.th
www.visa.co.th
www.siamvisa.co.th
www.mail.siamvisa.co.th
www.siamvisa.co.th
www.ppvisa.co.th
www.mail.ppvisa.co.th
www.ppvisa.co.th
www.ksa.co.th
www.webdisk.ksa.co.th
www.cpanel.ksa.co.th
www.webmail.ksa.co.th
www.taksa.co.th
www.taksa.co.th
www.ivalsa.co.th
www.msa.co.th
www.mail.msa.co.th
www.nsa.co.th
www.gw.nsa.co.th
www.nsa.co.th
www.consa.co.th
www.webdisk.consa.co.th
www.cpanel.consa.co.th
www.webmail.consa.co.th
www.autodiscover.consa.co.th
www.apoolosa.co.th
www.mail.apoolosa.co.th
www.apoolosa.co.th
www.mimosa.co.th
www.mail.mimosa.co.th
www.mimosa.co.th
www.shop.formosa.co.th
www.psa.co.th
www.kfc.qsa.co.th
www.assa.co.th
www.mail.assa.co.th
www.tsa.co.th
www.mail.tsa.co.th
www.atsa.co.th
www.mail.atsa.co.th
www.ta.co.th
www.ns1.ta.co.th
www.ns2.ta.co.th
www.mail.ta.co.th
www.webmail.ta.co.th
www.test.ta.co.th
www.ns1.test.ta.co.th
www.ns2.test.ta.co.th
www.mail.test.ta.co.th
www.ata.co.th
www.webdisk.ata.co.th
www.cpanel.ata.co.th
www.webmail.ata.co.th
www.whm.ata.co.th
www.bata.co.th
www.ns1.bata.co.th
www.ns2.bata.co.th
www.ns3.bata.co.th
www.ns4.bata.co.th
www.mail.bata.co.th
www.shibata.co.th
www.cascata.co.th
www.ns.cascata.co.th
www.cascata.co.th
www.3data.co.th
www.mail.3data.co.th
www.asiadata.co.th
www.ns.asiadata.co.th
www.dtteledata.co.th
www.dtteledata.co.th
www.thaidata.co.th
www.cloud-mx01.thaidata.co.th
www.cloud-mx02.thaidata.co.th
www.cloud-mx03.thaidata.co.th
www.google.thaidata.co.th
www.wiki.thaidata.co.th
www.google-email.thaidata.co.th
www.sip.thaidata.co.th
www.thaidata.co.th
www.controldata.co.th
www.productregister.controldata.co.th
www.controldata.co.th
www.icontroldata.co.th
www.erp.icontroldata.co.th
www.hsseq.icontroldata.co.th
www.filecabinet.icontroldata.co.th
www.siamdata.co.th
www.hl1.siamdata.co.th
www.lin1.siamdata.co.th
www.ns1.siamdata.co.th
www.mailgw1.siamdata.co.th
www.smtp02.siamdata.co.th
www.ns2.siamdata.co.th
www.mailgw2.siamdata.co.th
www.smtp03.siamdata.co.th
www.smtp04.siamdata.co.th
www.webdisk.siamdata.co.th
www.cpanel.siamdata.co.th
www.mail.siamdata.co.th
www.webmail.siamdata.co.th
www.scan.siamdata.co.th
www.autodiscover.siamdata.co.th
www.mirror.siamdata.co.th
www.siamdata.co.th
www.powerdata.co.th
www.expressdata.co.th
www.lab.expressdata.co.th
www.template.expressdata.co.th
www.blog.expressdata.co.th
www.samui.expressdata.co.th
www.webdisk.expressdata.co.th
www.cpanel.expressdata.co.th
www.webmail.expressdata.co.th
www.ssl.expressdata.co.th
www.m.expressdata.co.th
www.m.expressdata.co.th
www.whm.expressdata.co.th
www.seminar.expressdata.co.th
www.support.expressdata.co.th
www.expressdata.co.th
www.mx.expressdata.co.th
www.nttdata.co.th
www.portal.nttdata.co.th
www.svn.nttdata.co.th
www.intranet.nttdata.co.th
www.trudata.co.th
www.keydata.co.th
www.infinitydata.co.th
www.mail.infinitydata.co.th
www.gata.co.th
www.mail.gata.co.th
www.gata.co.th
www.kr-kanagata.co.th
www.webdisk.kr-kanagata.co.th
www.cpanel.kr-kanagata.co.th
www.webmail.kr-kanagata.co.th
www.autodiscover.kr-kanagata.co.th
www.munekata.co.th
www.munekata.co.th
www.mikata.co.th
www.mail.mikata.co.th
www.mikata.co.th
www.amata.co.th
www.mail.amata.co.th
www.rramata.co.th
www.mail.rramata.co.th
www.hirata.co.th
www.webdisk.hirata.co.th
www.cpanel.hirata.co.th
www.webmail.hirata.co.th
www.summitkurata.co.th
www.mail.summitkurata.co.th
www.murata.co.th
www.mail.murata.co.th
www.katata.co.th
www.vpn.katata.co.th
www.gw.katata.co.th
www.kawata.co.th
www.kawata.co.th
www.yawata.co.th
www.mail.yawata.co.th
www.yawata.co.th
www.yata.co.th
www.pmiyata.co.th
www.cta.co.th
www.eta.co.th
www.psbtg.eta.co.th
www.psbtg.eta.co.th
www.webdisk.eta.co.th
www.cpanel.eta.co.th
www.beta.co.th
www.ceta.co.th
www.teeta.co.th
www.mail.teeta.co.th
www.teeta.co.th
www.feta.co.th
www.meta.co.th
www.mail.meta.co.th
www.mdm.meta.co.th
www.sstp.meta.co.th
www.autodiscover.meta.co.th
www.moneta.co.th
www.webdisk.moneta.co.th
www.cpanel.moneta.co.th
www.webmail.moneta.co.th
www.peta.co.th
www.softa.co.th
www.vincita.co.th
www.vincita.co.th
www.iwashita.co.th
www.ns.iwashita.co.th
www.morishita.co.th
www.manage.makita.co.th
www.makita.co.th
www.sanita.co.th
www.kurita.co.th
www.sita.co.th
www.nesvita.co.th
www.jta.co.th
www.kta.co.th
www.360truck.alta.co.th
www.otium.alta.co.th
www.axalta.co.th
www.konicaminolta.co.th
www.smdm.konicaminolta.co.th
www.konicaminolta.co.th
www.bmta.co.th
www.mgw1.bmta.co.th
www.mgw2.bmta.co.th
www.mail.bmta.co.th
www.internet.bmta.co.th
www.bmta.co.th
www.fanta.co.th
www.trakanta.co.th
www.mail.trakanta.co.th
www.trakanta.co.th
www.atlanta.co.th
www.mrsanta.co.th
www.ns31.yuanta.co.th
www.sso1.yuanta.co.th
www.ns1.yuanta.co.th
www.www1.yuanta.co.th
www.wmail2.yuanta.co.th
www.sso2.yuanta.co.th
www.bulkmail3.yuanta.co.th
www.mx3.yuanta.co.th
www.mx4.yuanta.co.th
www.gslb.yuanta.co.th
www.ytb.yuanta.co.th
www.itrade.yuanta.co.th
www.wealth.yuanta.co.th
www.mail.yuanta.co.th
www.wmail.yuanta.co.th
www.sso.yuanta.co.th
www.smtp.yuanta.co.th
www.ytbuat.yuanta.co.th
www.sensify.yuanta.co.th
www.studiomagenta.co.th
www.private.studiomagenta.co.th
www.mail.studiomagenta.co.th
www.studiomagenta.co.th
www.mbox.studiomagenta.co.th
www.syngenta.co.th
www.penta.co.th
www.ns1.penta.co.th
www.ns2.penta.co.th
www.pscloud.penta.co.th
www.panel.penta.co.th
www.zpanel.penta.co.th
www.coloserv.penta.co.th
www.aminta.co.th
www.siamkubota.co.th
www.websale.siamkubota.co.th
www.mail.siamkubota.co.th
www.smtp.siamkubota.co.th
www.yokota.co.th
www.mail.yokota.co.th
www.ftp.yokota.co.th
www.smtp.yokota.co.th
www.yokota.co.th
www.sumota.co.th
www.birota.co.th
www.vota.co.th
www.vota.co.th
www.tangyota.co.th
www.toyota.co.th
www.ssrdasalp01.toyota.co.th
www.maillookup1.toyota.co.th
www.ns1.toyota.co.th
www.mx1.toyota.co.th
www.ns2.toyota.co.th
www.mx2.toyota.co.th
www.mx3.toyota.co.th
www.dms-la.toyota.co.th
www.tsic.toyota.co.th
www.primarymail.toyota.co.th
www.sip.toyota.co.th
www.lyncdiscover.toyota.co.th
www.autodiscover.toyota.co.th
www.dms.toyota.co.th
www.ddms.toyota.co.th
www.dms1-ps.toyota.co.th
www.dms-ps.toyota.co.th
www.towass.toyota.co.th
www.meet.toyota.co.th
www.ddms-dev.toyota.co.th
www.towass-dev.toyota.co.th
www.sstdasalp01.siamtoyota.co.th
www.maillookup1.siamtoyota.co.th
www.mx1.siamtoyota.co.th
www.mail2.siamtoyota.co.th
www.mx2.siamtoyota.co.th
www.mx3.siamtoyota.co.th
www.mail.siamtoyota.co.th
www.sip.siamtoyota.co.th
www.lyncdiscover.siamtoyota.co.th
www.autodiscover.siamtoyota.co.th
www.meet.siamtoyota.co.th
www.magnacarta.co.th
www.mrta.co.th
www.mail2.mrta.co.th
www.edoc.mrta.co.th
www.crime.mrta.co.th
www.mail.mrta.co.th
www.km.mrta.co.th
www.vpn.mrta.co.th
www.cmms-app.mrta.co.th
www.vpndr.mrta.co.th
www.las.mrta.co.th
www.ppms.mrta.co.th
www.mrta.co.th
www.comforta.co.th
www.allerpdb.comforta.co.th
www.op.comforta.co.th
www.pasta.co.th
www.mail.pasta.co.th
www.pasta.co.th
www.esta.co.th
www.exc1.avesta.co.th
www.ubp-fw1.avesta.co.th
www.tfs2018.avesta.co.th
www.avesta.co.th
www.registry.avesta.co.th
www.vacaylista.co.th
www.mail.vacaylista.co.th
www.vacaylista.co.th
www.laflorista.co.th
www.naturista.co.th
www.mail.naturista.co.th
www.thaivista.co.th
www.nsta.co.th
www.webdisk.nsta.co.th
www.cpanel.nsta.co.th
www.webmail.nsta.co.th
www.opsta.co.th
www.ns3.opsta.co.th
www.ns4.opsta.co.th
www.gitlab.opsta.co.th
www.grafana.glo.opsta.co.th
www.influxdb.glo.opsta.co.th
www.grafana.demo.opsta.co.th
www.uchiwa.demo.opsta.co.th
www.influxdb.demo.opsta.co.th
www.sensu-grid.demo.opsta.co.th
www.sonarqube.demo.opsta.co.th
www.graylog.demo.opsta.co.th
www.registry-mirror.demo.opsta.co.th
www.jenkins.demo.opsta.co.th
www.nexus.demo.opsta.co.th
www.git.demo.opsta.co.th
www.registry.demo.opsta.co.th
www.prometheus.opsta.co.th
www.git.opsta.co.th
www.mattermost.opsta.co.th
www.opsta.co.th
www.registry.opsta.co.th
www.poompatta.co.th
www.project.poompatta.co.th
www.watta.co.th
www.mail.watta.co.th
www.stats.watta.co.th
www.watta.co.th
www.nitta.co.th
www.mail.nitta.co.th
www.spitta.co.th
www.mail.spitta.co.th
www.spitta.co.th
www.smtpscan1.ritta.co.th
www.lbwan1.ritta.co.th
www.lbwan2.ritta.co.th
www.finance.ritta.co.th
www.message.ritta.co.th
www.hr-time.ritta.co.th
www.smtpscan.ritta.co.th
www.vpn.ritta.co.th
www.dms.ritta.co.th
www.intranet.ritta.co.th
www.ritta.co.th
www.twitta.co.th
www.mitsuta.co.th
www.mail.mitsuta.co.th
www.hevta.co.th
www.exta.co.th
www.mail.exta.co.th
www.exta.co.th
www.kwanghua.co.th
www.leehyonghua.co.th
www.mail.leehyonghua.co.th
www.thaihua.co.th
www.thaihua.co.th
www.blhua.co.th
www.mail.blhua.co.th
www.blhua.co.th
www.aqua.co.th
www.mail.aqua.co.th
www.aqua.co.th
www.tramaekrua.co.th
www.ava.co.th
www.mail.ava.co.th
www.ava.co.th
www.nava.co.th
www.mail.nava.co.th
www.ceva.co.th
www.dev-www.ceva.co.th
www.inceva.co.th
www.inceva.co.th
www.deva.co.th
www.mail.deva.co.th
www.deva.co.th
www.diva.co.th
www.mail.diva.co.th
www.ns.diva.co.th
www.codediva.co.th
www.ariva.co.th
www.aviva.co.th
www.mail.aviva.co.th
www.reviva.co.th
www.lviva.co.th
www.lviva.co.th
www.mva.co.th
www.ns.mva.co.th
www.enva.co.th
www.webdisk.enva.co.th
www.cpanel.enva.co.th
www.webmail.enva.co.th
www.enova.co.th
www.mail.enova.co.th
www.webmail.enova.co.th
www.renova.co.th
www.enginova.co.th
www.mail.plannova.co.th
www.ns.plannova.co.th
www.d-innova.co.th
www.mail.d-innova.co.th
www.innova.innova.co.th
www.smtp.innova.co.th
www.s-smtp.innova.co.th
www.innova.co.th
www.infonova.co.th
www.magic.infonova.co.th
www.mail.infonova.co.th
www.pova.co.th
www.mail.pova.co.th
www.pova.co.th
www.minerva.co.th
www.mail.minerva.co.th
www.vva.co.th
www.mail.vva.co.th
www.hyva.co.th
www.mail.hyva.co.th
www.pop.hyva.co.th
www.smtp.hyva.co.th
www.hyva.co.th
www.kagawa.co.th
www.mail.kagawa.co.th
www.kagawa.co.th
www.mail.sagawa.co.th
www.mail.kinugawa.co.th
www.pop.kinugawa.co.th
www.smtp.kinugawa.co.th
www.mail.nakawa.co.th
www.hayakawa.co.th
www.vpn.hayakawa.co.th
www.ichikawa.co.th
www.webdisk.ichikawa.co.th
www.cpanel.ichikawa.co.th
www.webmail.ichikawa.co.th
www.shinkawa.co.th
www.mail.shinkawa.co.th
www.yaskawa.co.th
www.mail.yaskawa.co.th
www.betsukawa.co.th
www.webdisk.betsukawa.co.th
www.cpanel.betsukawa.co.th
www.webmail.betsukawa.co.th
www.nisseifujisawa.co.th
www.database.nisseifujisawa.co.th
www.database.nisseifujisawa.co.th
www.webdisk.nisseifujisawa.co.th
www.cpanel.nisseifujisawa.co.th
www.webmail.nisseifujisawa.co.th
www.customer.nisseifujisawa.co.th
www.customer.nisseifujisawa.co.th
www.autodiscover.nisseifujisawa.co.th
www.assawa.co.th
www.mail.assawa.co.th
www.assawa.co.th
www.chawalwitsawa.co.th
www.webdisk.chawalwitsawa.co.th
www.cpanel.chawalwitsawa.co.th
www.webmail.chawalwitsawa.co.th
www.autodiscover.chawalwitsawa.co.th
www.mail.ikazawa.co.th
www.tomizawa.co.th
www.mail2.tomizawa.co.th
www.shinozawa.co.th
www.newweb2017.shinozawa.co.th
www.newweb2017.shinozawa.co.th
www.webdisk.shinozawa.co.th
www.cpanel.shinozawa.co.th
www.webmail.shinozawa.co.th
www.cewa.co.th
www.cewa.co.th
www.reangwa.co.th
www.asg1.reangwa.co.th
www.postoffice.reangwa.co.th
www.mail.reangwa.co.th
www.gdatams.reangwa.co.th
www.gw.reangwa.co.th
www.reangwa.co.th
www.sehwa.co.th
www.mail.sehwa.co.th
www.ilhwa.co.th
www.mail.ilhwa.co.th
www.samhwa.co.th
www.mail.samhwa.co.th
www.thaisohwa.co.th
www.meiwa.co.th
www.gw.meiwa.co.th
www.seiwa.co.th
www.home.seiwa.co.th
www.home.seiwa.co.th
www.webdisk.seiwa.co.th
www.cpanel.seiwa.co.th
www.webmail.seiwa.co.th
www.autodiscover.seiwa.co.th
www.shiwa.co.th
www.mail.shiwa.co.th
www.mwa.co.th
www.gw1.mwa.co.th
www.extranet2.mwa.co.th
www.cisnet2.mwa.co.th
www.papa.mwa.co.th
www.obtweb.mwa.co.th
www.job.mwa.co.th
www.rwc.mwa.co.th
www.twqonline.mwa.co.th
www.gisportal.mwa.co.th
www.mail.mwa.co.th
www.eservicesapp.mwa.co.th
www.water.mwa.co.th
www.authorizer.mwa.co.th
www.docs.mwa.co.th
www.extranet.mwa.co.th
www.my.mwa.co.th
www.nwa.co.th
www.hanwa.co.th
www.thanwa.co.th
www.webdisk.thanwa.co.th
www.cpanel.thanwa.co.th
www.webmail.thanwa.co.th
www.sripanwa.co.th
www.sripanwa.co.th
www.sanwa.co.th
www.sanwa.co.th
www.howa.co.th
www.device.howa.co.th
www.mobileapi.howa.co.th
www.mail.howa.co.th
www.mobileapplication.howa.co.th
www.payment.howa.co.th
www.howa.co.th
www.summit-showa.co.th
www.mail3.summit-showa.co.th
www.mail.summit-showa.co.th
www.mail.siamshowa.co.th
www.kyowa.co.th
www.webdisk.kyowa.co.th
www.cpanel.kyowa.co.th
www.mail.kyowa.co.th
www.webmail.kyowa.co.th
www.autodiscover.kyowa.co.th
www.pwa.co.th
www.reg10.pwa.co.th
www.region10.pwa.co.th
www.vnode0.pwa.co.th
www.cdn-1.pwa.co.th
www.ncweb1.pwa.co.th
www.gisweb1.pwa.co.th
www.vnode1.pwa.co.th
www.reg1.pwa.co.th
www.dc-mirror1.pwa.co.th
www.ns1.pwa.co.th
www.cdn-2.pwa.co.th
www.call1662.pwa.co.th
www.contact1662.pwa.co.th
www.gisweb2.pwa.co.th
www.vnode2.pwa.co.th
www.reg2.pwa.co.th
www.pm2.pwa.co.th
www.dc-mirror2.pwa.co.th
www.ns2.pwa.co.th
www.reg3.pwa.co.th
www.dc-mirror3.pwa.co.th
www.ns3.pwa.co.th
www.reg4.pwa.co.th
www.reg5.pwa.co.th
www.reg6.pwa.co.th
www.reg7.pwa.co.th
www.reg8.pwa.co.th
www.reg9.pwa.co.th
www.da.pwa.co.th
www.dmama.pwa.co.th
www.gitlab.pwa.co.th
www.gisweb.pwa.co.th
www.job.pwa.co.th
www.webdc.pwa.co.th
www.itdc.pwa.co.th
www.scadamc.pwa.co.th
www.doc.pwa.co.th
www.wrs-wqc.pwa.co.th
www.download.pwa.co.th
www.gold.pwa.co.th
www.welfare-fund.pwa.co.th
www.tele-wrd.pwa.co.th
www.conference.pwa.co.th
www.vmanage.pwa.co.th
www.apache.pwa.co.th
www.pronline.pwa.co.th
www.dc-release.pwa.co.th
www.clouddrive.pwa.co.th
www.streaming.pwa.co.th
www.elearning.pwa.co.th
www.pwameeting.pwa.co.th
www.dmask.pwa.co.th
www.plesk.pwa.co.th
www.wqc-portal.pwa.co.th
www.pwachannel.pwa.co.th
www.pwamail.pwa.co.th
www.zmail.pwa.co.th
www.pwaebill.pwa.co.th
www.vcontrol.pwa.co.th
www.dmasl.pwa.co.th
www.dbm.pwa.co.th
www.pwascan.pwa.co.th
www.mscan.pwa.co.th
www.cdn.pwa.co.th
www.en.pwa.co.th
www.customer-application.pwa.co.th
www.construction.pwa.co.th
www.ldap.pwa.co.th
www.mmmap.pwa.co.th
www.voip.pwa.co.th
www.coop.pwa.co.th
www.wrp.pwa.co.th
www.acumanager.pwa.co.th
www.checkwater.pwa.co.th
www.bl2center.pwa.co.th
www.datacenter.pwa.co.th
www.infocenter.pwa.co.th
www.counter.pwa.co.th
www.computer.pwa.co.th
www.anticor.pwa.co.th
www.wr.pwa.co.th
www.dbs.pwa.co.th
www.cis.pwa.co.th
www.gis.pwa.co.th
www.ois.pwa.co.th
www.swls.pwa.co.th
www.pms.pwa.co.th
www.rms.pwa.co.th
www.forms.pwa.co.th
www.rwmrs.pwa.co.th
www.ostats.pwa.co.th
www.intranet.pwa.co.th
www.dmareport.pwa.co.th
www.broadcast.pwa.co.th
www.div.pwa.co.th
www.mrelay.pwa.co.th
www.mail.sswa.co.th
www.twa.co.th
www.mail.twa.co.th
www.ttwa.co.th
www.webdisk.ttwa.co.th
www.cpanel.ttwa.co.th
www.webmail.ttwa.co.th
www.houwa.co.th
www.webdisk.houwa.co.th
www.cpanel.houwa.co.th
www.webmail.houwa.co.th
www.wwa.co.th
www.shop.wwa.co.th
www.axa.co.th
www.krungthai-axa.co.th
www.eaxa04.krungthai-axa.co.th
www.tc.krungthai-axa.co.th
www.wealthcare.krungthai-axa.co.th
www.wealthcare.krungthai-axa.co.th
www.guestwifi.krungthai-axa.co.th
www.api.krungthai-axa.co.th
www.sandbox.api.krungthai-axa.co.th
www.mail.krungthai-axa.co.th
www.ssl.krungthai-axa.co.th
www.mdm.krungthai-axa.co.th
www.vpn.krungthai-axa.co.th
www.webmq.krungthai-axa.co.th
www.distributors.krungthai-axa.co.th
www.uat-distributors.krungthai-axa.co.th
www.payment.uat.krungthai-axa.co.th
www.payment.krungthai-axa.co.th
www.thuat2.axa.co.th
www.insure.axa.co.th
www.umcsmartclaimsth.axa.co.th
www.mail.axa.co.th
www.vp-uat1.smartclaims.axa.co.th
www.vp-np.smartclaims.axa.co.th
www.vp.smartclaims.axa.co.th
www.axaconnect.axa.co.th
www.uatconnect.axa.co.th
www.thsit.axa.co.th
www.mgw.axa.co.th
www.axa.co.th
www.mep-hexa.co.th
www.gw.mep-hexa.co.th
www.aya.co.th
www.sabaya.co.th
www.rachaya.co.th
www.rachaya.co.th
www.ochaya.co.th
www.mail.ochaya.co.th
www.namphaya.co.th
www.namphaya.co.th
www.anantajaya.co.th
www.prabkaya.co.th
www.webdisk.prabkaya.co.th
www.cpanel.prabkaya.co.th
www.webmail.prabkaya.co.th
www.thearokaya.co.th
www.mail.maya.co.th
www.siamtakashimaya.co.th
www.siamtakashimaya.co.th
www.kimaya.co.th
www.mail.kimaya.co.th
www.kimaya.co.th
www.primaya.co.th
www.primaya.co.th
www.manmaya.co.th
www.mail.manmaya.co.th
www.pop.manmaya.co.th
www.ftp.manmaya.co.th
www.smtp.manmaya.co.th
www.manmaya.co.th
www.nangpaya.co.th
www.nangpaya.co.th
www.dhipaya.co.th
www.policyprinting.dhipaya.co.th
www.vdi.dhipaya.co.th
www.mail.dhipaya.co.th
www.webmail.dhipaya.co.th
www.eclaim.dhipaya.co.th
www.autodiscover.dhipaya.co.th
www.smartagent.dhipaya.co.th
www.dhipaya.co.th
www.tipsociety.dhipaya.co.th
www.naraya.co.th
www.ns1.naraya.co.th
www.mail.naraya.co.th
www.witaya.co.th
www.pattaya.co.th
www.mail.pattaya.co.th
www.areeya.co.th
www.club2.areeya.co.th
www.k2.areeya.co.th
www.test2003.areeya.co.th
www.test2008.areeya.co.th
www.club.areeya.co.th
www.moodle.areeya.co.th
www.acare.areeya.co.th
www.mail.areeya.co.th
www.revamp.areeya.co.th
www.callcenter.areeya.co.th
www.projects.areeya.co.th
www.intranet.areeya.co.th
www.salekit.areeya.co.th
www.report.areeya.co.th
www.k2-test.areeya.co.th
www.mobileapi-test.areeya.co.th
www.tsax-test.areeya.co.th
www.k2dev.areeya.co.th
www.dailybyareeya.co.th
www.dailybyareeya.co.th
www.bhagya.co.th
www.mail.bhagya.co.th
www.chaophya.co.th
www.tsuchiya.co.th
www.gw-bkk.tsuchiya.co.th
www.gw.tsuchiya.co.th
www.deliya.co.th
www.bskamiya.co.th
www.mail.bskamiya.co.th
www.tamiya.co.th
www.mail.tamiya.co.th
www.tamiya.co.th
www.piya.co.th
www.mail.hondapiya.co.th
www.ariya.co.th
www.mail.ariya.co.th
www.thaikriya.co.th
www.jetiya.co.th
www.gritiya.co.th
www.webdisk.gritiya.co.th
www.cpanel.gritiya.co.th
www.webmail.gritiya.co.th
www.surintomya.co.th
www.surintomya.co.th
www.anya.co.th
www.senya.co.th
www.webdisk.senya.co.th
www.cpanel.senya.co.th
www.webmail.senya.co.th
www.patinya.co.th
www.webdisk.patinya.co.th
www.cpanel.patinya.co.th
www.mail.patinya.co.th
www.webmail.patinya.co.th
www.patinya.co.th
www.namoya.co.th
www.investor.namoya.co.th
www.pasoya.co.th
www.ootoya.co.th
www.mail.ootoya.co.th
www.yoya.co.th
www.mail.yoya.co.th
www.yoya.co.th
www.morya.co.th
www.morya.co.th
www.hakueisya.co.th
www.gw.hakueisya.co.th
www.aysya.co.th
www.mail.aysya.co.th
www.aysya.co.th
www.kikuya.co.th
www.gomuya.co.th
www.hanuya.co.th
www.furuya.co.th
www.mail.furuya.co.th
www.mizuya.co.th
www.mail.mizuya.co.th
www.plaza.co.th
www.plaza.co.th
www.pizzaplaza.co.th
www.snowiceplaza.co.th
www.mail.snowiceplaza.co.th
www.ns.snowiceplaza.co.th
www.imperialplaza.co.th
www.mail.imperialplaza.co.th
www.imperialplaza.co.th
www.centralplaza.co.th
www.mail2.centralplaza.co.th
www.mail.centralplaza.co.th
www.smtp.centralplaza.co.th
www.centralplaza.co.th
www.royalgardenplaza.co.th
www.mail.royalgardenplaza.co.th
www.royalgardenplaza.co.th
www.itplaza.co.th
www.mail.itplaza.co.th
www.centerpointplaza.co.th
www.mail.centerpointplaza.co.th
www.fairyplaza.co.th
www.mail.fairyplaza.co.th
www.ns.fairyplaza.co.th
www.gza.co.th
www.alianza.co.th
www.alianza.co.th
www.lasenza.co.th
www.azza.co.th
www.pizza.co.th
www.web1.pizza.co.th
www.web2.pizza.co.th
www.uat.pizza.co.th
www.webuat.pizza.co.th
www.webtest.pizza.co.th
www.webdev.pizza.co.th
www.newyorkpizza.co.th
www.mail.newyorkpizza.co.th
www.newyorkpizza.co.th
www.dominospizza.co.th
www.dominospizza.co.th
www.silver-b.co.th
www.webdisk.silver-b.co.th
www.cpanel.silver-b.co.th
www.mail.silver-b.co.th
www.webmail.silver-b.co.th
www.silver-b.co.th
www.ab.co.th
www.bookmycab.co.th
www.webdisk.bookmycab.co.th
www.cpanel.bookmycab.co.th
