www.sesa10.go.th
www.sesa10.sesa10.go.th
www.sesa10.go.th
www.mhc10.go.th
www.sesa20.go.th
www.office.sesa20.go.th
www.myoffice.sesa20.go.th
www.myoffice.sesa20.go.th
www.phone.sesa20.go.th
www.phone.sesa20.go.th
www.linux.sesa20.go.th
www.linux.sesa20.go.th
www.sesao30.go.th
www.km.sesao30.go.th
www.sesao30.go.th
www.sec40.go.th
www.ns1.sec40.go.th
www.ns.sec40.go.th
www.nongphok101.go.th
www.mail.nongphok101.go.th
www.nongphok101.go.th
www.nom101.go.th
www.mail.nom101.go.th
www.nom101.go.th
www.khonkaen101.go.th
www.mail.khonkaen101.go.th
www.policeforensics01.go.th
www.webdisk.policeforensics01.go.th
www.cpanel.policeforensics01.go.th
www.webmail.policeforensics01.go.th
www.1111.go.th
www.web1.1111.go.th
www.mail2.1111.go.th
www.mail.1111.go.th
www.opm.1111.go.th
www.1111.go.th
www.ns2.rdc11.go.th
www.rdc11.go.th
www.hpc11.go.th
www.hpc11.go.th
www.ns1.reo11.go.th
www.reo11.go.th
www.ns1.secondary11.go.th
www.secondary11.go.th
www.sesao21.go.th
www.sesao21.go.th
www.mattayom31.go.th
www.bpp41.go.th
www.mail.bpp41.go.th
www.bpp41.go.th
www.secondary41.go.th
www.mail.secondary41.go.th
www.ns.secondary41.go.th
www.chiangmaiarea1.go.th
www.chiangmaiarea1.go.th
www.mkarea1.go.th
www.mkarea1.go.th
www.surinarea1.go.th
www.sakonarea1.go.th
www.ns1.sakonarea1.go.th
www.ska1.go.th
www.plan.ska1.go.th
www.ska1.go.th
www.yala1.go.th
www.me-office.yala1.go.th
www.smart.yala1.go.th
www.yala1.go.th
www.takesa1.go.th
www.takesa1.go.th
www.aya1.go.th
www.mail.aya1.go.th
www.km.aya1.go.th
www.mail.km.aya1.go.th
www.admin.aya1.go.th
www.amss.aya1.go.th
www.mail.amss.aya1.go.th
www.aya1.go.th
www.nb1.go.th
www.srb1.go.th
www.mail.srb1.go.th
www.srb1.go.th
www.hpc1.go.th
www.ns1.hpc1.go.th
www.cloud.hpc1.go.th
www.mail.hpc1.go.th
www.webapp.hpc1.go.th
www.csd1.go.th
www.utd1.go.th
www.ns1.utd1.go.th
www.ict1.utd1.go.th
www.audutd.utd1.go.th
www.ank.utd1.go.th
www.supplies.utd1.go.th
www.utd1.go.th
www.phrae1.go.th
www.phrae1.go.th
www.police1.go.th
www.kkzone1.go.th
www.db.kkzone1.go.th
www.clound.kkzone1.go.th
www.home.kkzone1.go.th
www.trang1.go.th
www.rayong1.go.th
www.wind.rayong1.go.th
www.symbian.rayong1.go.th
www.green.rayong1.go.th
www.zero.rayong1.go.th
www.rayong1.go.th
www.phatthalung1.go.th
www.ns1.phatthalung1.go.th
www.phatthalung1.go.th
www.sukhothai1.go.th
www.server1.sukhothai1.go.th
www.amssplusskt1.sukhothai1.go.th
www.sukhothai1.go.th
www.loei1.go.th
www.lib.loei1.go.th
www.e-office.loei1.go.th
www.siteschool.loei1.go.th
www.km.loei1.go.th
www.sornorpragun.loei1.go.th
www.appeals.loei1.go.th
www.amss.loei1.go.th
www.loei1.go.th
www.pattani1.go.th
www.ns1.pattani1.go.th
www.ns2.pattani1.go.th
www.pattani1.go.th
www.cluster16.cri1.go.th
www.cri1.go.th
www.lopburi1.go.th
www.certificate.lopburi1.go.th
www.certificate.lopburi1.go.th
www.mail.lopburi1.go.th
www.amss.lopburi1.go.th
www.amss.lopburi1.go.th
www.event.lopburi1.go.th
www.event.lopburi1.go.th
www.lopburi1.go.th
www.pck1.go.th
www.ns1.pck1.go.th
www.pck1.go.th
www.phitsanulok1.go.th
www.planning.phitsanulok1.go.th
www.financial.phitsanulok1.go.th
www.personnel.phitsanulok1.go.th
www.administration.phitsanulok1.go.th
www.evaluation.phitsanulok1.go.th
www.promotion.phitsanulok1.go.th
www.develop.phitsanulok1.go.th
www.phitsanulok1.go.th
www.technology.phitsanulok1.go.th
www.buriram1.go.th
www.buriram1.go.th
www.chaiyaphum1.go.th
www.amss2.chaiyaphum1.go.th
www.amss.chaiyaphum1.go.th
www.pathum1.go.th
www.mail.pathum1.go.th
www.pathum1.go.th
www.chan1.go.th
www.suphan1.go.th
www.suphan1.go.th
www.kan1.go.th
www.ednan1.go.th
www.itnan1.ednan1.go.th
www.ns1.ednan1.go.th
www.mx1.ednan1.go.th
www.eoffice.ednan1.go.th
www.plannan.ednan1.go.th
www.ckn.ednan1.go.th
www.cms.ednan1.go.th
www.amss.ednan1.go.th
www.account.ednan1.go.th
www.test.ednan1.go.th
www.ednan1.go.th
www.ubn1.go.th
www.old.ubn1.go.th
www.ubn1.go.th
www.udn1.go.th
www.ns1.udn1.go.th
www.chon1.go.th
www.ns1.chon1.go.th
www.db.chon1.go.th
www.mail.chon1.go.th
www.chon1.go.th
www.cpn1.go.th
www.cpn1.go.th
www.office.cpn1.go.th
www.eoffice.cpn1.go.th
www.moral.cpn1.go.th
www.app.cpn1.go.th
www.smss.cpn1.go.th
www.abts.cpn1.go.th
www.abtsmt.cpn1.go.th
www.ereport.cpn1.go.th
www.cpn1.go.th
www.salary.cpn1.go.th
www.ksn1.go.th
www.mail.ksn1.go.th
www.ksn1.go.th
www.web1.phetchabun1.go.th
www.web2.phetchabun1.go.th
www.edu.phetchabun1.go.th
www.phetchabun1.go.th
www.spbkk1.sesao1.go.th
www.ns1.sesao1.go.th
www.eoffice2.sesao1.go.th
www.insignia.sesao1.go.th
www.joomla.sesao1.go.th
www.ita.sesao1.go.th
www.eoffice.sesao1.go.th
www.guidance.sesao1.go.th
www.eoffoce.sesao1.go.th
www.certificate.sesao1.go.th
www.training.sesao1.go.th
www.portal.sesao1.go.th
www.plan.sesao1.go.th
www.login.sesao1.go.th
www.phpmyadmin.sesao1.go.th
www.admission.sesao1.go.th
www.permission.sesao1.go.th
www.eslip.sesao1.go.th
www.develop.sesao1.go.th
www.books.sesao1.go.th
www.hrms.sesao1.go.th
www.internet.sesao1.go.th
www.e-report.sesao1.go.th
www.scout.sesao1.go.th
www.new.sesao1.go.th
www.sesao1.go.th
www.pyo1.go.th
www.inno.pyo1.go.th
www.ns.pyo1.go.th
www.hotspot.pyo1.go.th
www.pyo1.go.th
www.mx.pyo1.go.th
www.p1.go.th
www.bpp1.go.th
www.mail.bpp1.go.th
www.bpp1.go.th
www.e-missive.mhs1.go.th
www.pracharath.mhs1.go.th
www.ns.mhs1.go.th
www.smart.mhs1.go.th
www.mhs1.go.th
www.surat1.go.th
www.ns2.surat1.go.th
www.ns.surat1.go.th
www.roiet1.go.th
www.ns1.roiet1.go.th
www.ns2.roiet1.go.th
www.mail.roiet1.go.th
www.roiet1.go.th
www.phichit1.go.th
www.roommeeting.phichit1.go.th
www.mail.phichit1.go.th
www.comrepair.phichit1.go.th
www.phichit1.go.th
www.kpt1.go.th
www.mail.kpt1.go.th
www.kpt1.go.th
www.esanpt1.go.th
www.esanpt1.go.th
www.webserver01.nst1.go.th
www.www1.yst1.go.th
www.yst1.go.th
www.m-data.yst1.go.th
www.mind.yst1.go.th
www.office.yst1.go.th
www.y-tech.yst1.go.th
www.km.yst1.go.th
www.yst1.go.th
www.salary.yst1.go.th
www.nkedu1.go.th
www.mail.nkedu1.go.th
www.nkedu1.go.th
www.sisaketedu1.go.th
www.ns8.sisaketedu1.go.th
www.ns9.sisaketedu1.go.th
www.mail.sisaketedu1.go.th
www.sisaketedu1.go.th
www.sea12.go.th
www.ns1.sea12.go.th
www.ns2.sea12.go.th
www.office.sea12.go.th
www.mhc12.go.th
www.mail.mhc12.go.th
www.secondary22.go.th
www.secondary22.go.th
www.secondary22.go.th
www.bpp42.go.th
www.dc-74d801041589.bpp42.go.th
www.bpp42.go.th
www.km.mkarea2.go.th
www.mkarea2.go.th
www.localhost.skarea2.go.th
www.skarea2.go.th
www.osea2.go.th
www.aoc.osea2.go.th
www.old.osea2.go.th
www.suthep.osea2.go.th
www.web.ska2.go.th
www.ska2.go.th
www.jelapan.yala2.go.th
www.yala2.go.th
www.udesa2.go.th
www.webud2.udesa2.go.th
www.udesa2.go.th
www.takesa2.go.th
www.ns2.takesa2.go.th
www.myoffice.takesa2.go.th
www.takesa2.go.th
www.ayutthaya2.go.th
www.ns1.ayutthaya2.go.th
www.nb2.go.th
www.esdc.nb2.go.th
www.eoffice.nb2.go.th
www.moodle.nb2.go.th
www.ns.nb2.go.th
www.mhc2.go.th
www.mhc2.go.th
www.ns1.utd2.go.th
www.ict1.utd2.go.th
www.nited.utd2.go.th
www.eoffice.utd2.go.th
www.ict.utd2.go.th
www.utd2.go.th
www.cme2.go.th
www.eoffice61.cme2.go.th
www.ns1.cme2.go.th
www.ns2.cme2.go.th
www.km.cme2.go.th
www.eoffices.cme2.go.th
www.cme2.go.th
www.trang2.go.th
www.myoffice.trang2.go.th
www.amssplus.trang2.go.th
www.trang2.go.th
www.rayong2.go.th
www.phatthalung2.go.th
www.ns1.phatthalung2.go.th
www.ns2.phatthalung2.go.th
www.smart.phatthalung2.go.th
www.phatthalung2.go.th
www.ns1.rh2.go.th
www.rh2.go.th
www.nongkhai2.go.th
www.obec.nongkhai2.go.th
www.emis.nongkhai2.go.th
www.nongkhai2.go.th
www.sukhothai2.go.th
www.nites2.sukhothai2.go.th
www.e-missive58.sukhothai2.go.th
www.nongbua.sukhothai2.go.th
www.salakaifub.sukhothai2.go.th
www.itec.sukhothai2.go.th
www.private.sukhothai2.go.th
www.e-missive.sukhothai2.go.th
www.nongchang.sukhothai2.go.th
www.praprang.sukhothai2.go.th
www.monsong.sukhothai2.go.th
www.thachai.sukhothai2.go.th
www.wangyaimark.sukhothai2.go.th
www.personel.sukhothai2.go.th
www.mail.sukhothai2.go.th
www.talingchan.sukhothai2.go.th
www.plan.sukhothai2.go.th
www.banmuangkao.sukhothai2.go.th
www.kotopono.sukhothai2.go.th
www.amss.sukhothai2.go.th
www.audit.sukhothai2.go.th
www.management.sukhothai2.go.th
www.support.sukhothai2.go.th
www.test.sukhothai2.go.th
www.host.sukhothai2.go.th
www.scout.sukhothai2.go.th
www.sukhothai2.go.th
www.pakluay.sukhothai2.go.th
www.money.sukhothai2.go.th
www.pbi2.go.th
www.loei2.go.th
www.loei2.go.th
www.pattani2.go.th
www.pattani2.go.th
www.cri2.go.th
www.cri2.go.th
www.ori2.go.th
www.ori2.go.th
www.saraburi2.go.th
www.lopburi2.go.th
www.lopburi2.go.th
www.ns1.phetburi2.go.th
www.ns2.phetburi2.go.th
www.ns.phetburi2.go.th
www.phitsanulok2.go.th
www.ns1.chaiyaphum2.go.th
www.kan2.go.th
www.score60.kan2.go.th
www.mail.kan2.go.th
www.kan.kan2.go.th
www.pr.kan2.go.th
www.kan2.go.th
www.ssnan2.nan2.go.th
www.smartarea.nan2.go.th
www.plan.nan2.go.th
www.nan2.go.th
www.pbn2.go.th
www.kalasin2.go.th
www.pkn2.go.th
www.ns1.pkn2.go.th
www.56pkn2.pkn2.go.th
www.bannongkra.pkn2.go.th
www.e-data.pkn2.go.th
www.bta.pkn2.go.th
www.banhauyplub.pkn2.go.th
www.bkd.pkn2.go.th
www.300yod.pkn2.go.th
www.myoffice.pkn2.go.th
www.nitade.pkn2.go.th
www.sample.pkn2.go.th
www.bannongkang.pkn2.go.th
www.ban-parkmuang.pkn2.go.th
www.samrhong.pkn2.go.th
www.nongyaplong.pkn2.go.th
www.abh.pkn2.go.th
www.ban-ruamthai.pkn2.go.th
www.ban-nongpai.pkn2.go.th
www.ban-nongsai.pkn2.go.th
www.bhk.pkn2.go.th
www.personnel.pkn2.go.th
www.bandonmakham.pkn2.go.th
www.hatkham.pkn2.go.th
www.englishprogram.pkn2.go.th
www.pathalom.pkn2.go.th
www.banyangchum.pkn2.go.th
www.ban-donboukhum.pkn2.go.th
www.nym.pkn2.go.th
www.cholpran.pkn2.go.th
www.banbon.pkn2.go.th
www.education.pkn2.go.th
www.administration.pkn2.go.th
www.wtn.pkn2.go.th
www.nongthapao.pkn2.go.th
www.bkp.pkn2.go.th
www.nrsp.pkn2.go.th
www.ntp.pkn2.go.th
www.tup.pkn2.go.th
www.bannongsor.pkn2.go.th
www.nkt.pkn2.go.th
www.scout.pkn2.go.th
www.bangpu.pkn2.go.th
www.ban-tumru.pkn2.go.th
www.nongkaonuew.pkn2.go.th
www.btw.pkn2.go.th
www.pkn2.go.th
www.bpy.pkn2.go.th
www.anusy.pkn2.go.th
www.nty.pkn2.go.th
www.bwy.pkn2.go.th
www.schoolweb1.chon2.go.th
www.schoolweb2.chon2.go.th
www.schoolweb3.chon2.go.th
www.bothong.chon2.go.th
www.ns1.bothong.chon2.go.th
www.chon2.go.th
www.sakon2.go.th
www.web.sakon2.go.th
www.e-office.sakon2.go.th
www.km.sakon2.go.th
www.sakon2.go.th
www.srn2.go.th
www.surin2.srn2.go.th
www.smart.srn2.go.th
www.srn2.go.th
www.phayao2.go.th
www.itec.phayao2.go.th
www.logbook.phayao2.go.th
www.phayao2.go.th
www.p2.go.th
www.cwpc.p2.go.th
www.police.p2.go.th
www.server.police.p2.go.th
www.police.p2.go.th
www.server.p2.go.th
www.gw.p2.go.th
www.p2.go.th
www.nkp2.go.th
www.lp2.go.th
www.lp2.go.th
www.bpp2.go.th
www.kpp2.go.th
www.sp2.go.th
www.sp2.go.th
www.br2.go.th
www.ns1.br2.go.th
www.ccs2.go.th
www.mhs2.go.th
www.mhs2.go.th
www.korat2.go.th
www.ns1.korat2.go.th
www.dc.korat2.go.th
www.personnel.korat2.go.th
www.amss.korat2.go.th
www.korat2.go.th
www.ns1.surat2.go.th
www.ns2.surat2.go.th
www.eoffice.surat2.go.th
www.myoffice.surat2.go.th
www.personnel.surat2.go.th
www.km.surat2.go.th
www.amss.surat2.go.th
www.surat2.go.th
www.narathiwat2.go.th
www.narathiwat2.go.th
www.ret2.go.th
www.nst2.go.th
www.amss2.nst2.go.th
www.amss.nst2.go.th
www.nst2.go.th
www.yst2.go.th
www.ptt2.go.th
www.utt2.go.th
www.utt2.go.th
www.nsw2.go.th
www.nsw2.go.th
www.mhc03.go.th
www.mail.mhc03.go.th
www.myoffice.matthayom13.go.th
www.eschool.matthayom13.go.th
www.matthayom13.go.th
www.salary.matthayom13.go.th
www.reo13.go.th
www.reo13.go.th
www.bpp13.go.th
www.sesarea23.go.th
www.secondary33.go.th
www.online.secondary33.go.th
www.smss.secondary33.go.th
www.secondary33.go.th
www.mkarea3.go.th
www.mkarea3.go.th
www.cmarea3.go.th
www.cmarea3.go.th
www.yala3.go.th
www.mail.yala3.go.th
www.amssplus.yala3.go.th
www.yala3.go.th
www.spb3.go.th
www.ns1.kaned3.go.th
www.ns2.kaned3.go.th
www.kaned3.go.th
www.lpg3.go.th
www.loei3.go.th
www.loei3.go.th
www.udonthani3.go.th
www.ns1.udonthani3.go.th
www.info.udonthani3.go.th
www.udonthani3.go.th
www.pattani3.go.th
www.mail.pattani3.go.th
www.pattani3.go.th
www.phitsanulok3.go.th
www.sysplk3.phitsanulok3.go.th
www.iud.phitsanulok3.go.th
www.mail.phitsanulok3.go.th
www.webmail.phitsanulok3.go.th
www.sk3.go.th
www.sk3.go.th
www.ssk3.go.th
www.brm3.go.th
www.chaiyaphum3.go.th
www4.chaiyaphum3.go.th
www.data.chaiyaphum3.go.th
www.training.chaiyaphum3.go.th
www.smss.chaiyaphum3.go.th
www.smart.chaiyaphum3.go.th
www.chaiyaphum3.go.th
www.pbn3.go.th
www.ubn3.go.th
www.surin3.go.th
www.ns1.surin3.go.th
www.ns2.surin3.go.th
www.web.surin3.go.th
www.myoffice.surin3.go.th
www.fl.surin3.go.th
www.smart.surin3.go.th
www.surin3.go.th
www.kalasin3.go.th
www.eoffice.kalasin3.go.th
www.idplan.kalasin3.go.th
www.pension.kalasin3.go.th
www.ns.kalasin3.go.th
www.amssplus.kalasin3.go.th
www.salary.kalasin3.go.th
www.kkn3.go.th
www.ns1.kkn3.go.th
www.eoffice.chon3.go.th
www.chon3.go.th
www.sakonnakhon3.go.th
www.ns1.sakonnakhon3.go.th
www.efiling.sakonnakhon3.go.th
www.meeting.sakonnakhon3.go.th
www.ns.sakonnakhon3.go.th
www.reo3.go.th
www.ns1.reo3.go.th
www.ns2.reo3.go.th
www.smtp.reo3.go.th
www.reo3.go.th
www.cr3.go.th
www.cr3.go.th
www.ppr3.go.th
www.mail.ppr3.go.th
www.ppr3.go.th
www.korat3.go.th
www.km.korat3.go.th
www.korat3.go.th
www.ns1.surat3.go.th
www.ns2.surat3.go.th
www.narathiwat3.go.th
www.localhost.narathiwat3.go.th
www.roiet3.go.th
www.roiet3.go.th
www.ns1.nst3.go.th
www.ns2.nst3.go.th
www.amss2.nst3.go.th
www.ns3.nst3.go.th
www.e-office.nst3.go.th
www.pracharath.nst3.go.th
www.km.nst3.go.th
www.amss.nst3.go.th
www.nst3.go.th
www.nsw3.go.th
www.nsw3.go.th
www.secondary3.go.th
www.secondary3.go.th
www.isoc04.go.th
www.reo14.go.th
www.bpp14.go.th
www.mail.bpp14.go.th
www.bpp14.go.th
www.sesao24.go.th
www.mail.sesao24.go.th
www.sesao24.go.th
www.secondary34.go.th
www.bpp44.go.th
www.bpp44.go.th
www.sdc64.go.th
www.hpc4.go.th
www.hpc4.go.th
www.ns1.police4.go.th
www.ns2.police4.go.th
www.maha.police4.go.th
www.udon.police4.go.th
www.cmi4.go.th
www.ns1.cmi4.go.th
www.ns2.cmi4.go.th
www.cmi4.go.th
www.cri4.go.th
www.mail.cri4.go.th
www.news.cri4.go.th
www.cri4.go.th
www.buriram4.go.th
www.webdisk.buriram4.go.th
www.cpanel.buriram4.go.th
www.webmail.buriram4.go.th
www.kan4.go.th
www.mail.kan4.go.th
www.kan4.go.th
www.ns1.ubn4.go.th
www.ubn4.go.th
www.khonkaen4.go.th
www.khonkaen4.go.th
www.udon4.go.th
www.announce.udon4.go.th
www.udon4.go.th
www.reo4.go.th
www.mail.reo4.go.th
www.reo4.go.th
www.br4.go.th
www.br4.go.th
www.ssps4.go.th
www.ns1.ssps4.go.th
www.ssps4.go.th
www.korat4.go.th
www.ns1.korat4.go.th
www.amss.korat4.go.th
www.smss.korat4.go.th
www.korat4.go.th
www.pnst4.go.th
www.mail.pnst4.go.th
www.ns.pnst4.go.th
www.sesao15.go.th
www.secondary35.go.th
www.ns1.secondary35.go.th
www.ns2.secondary35.go.th
www.chiangmaiarea5.go.th
www.webgis.chiangmaiarea5.go.th
www.ns.chiangmaiarea5.go.th
www.police5.go.th
www.tactics.police5.go.th
www.swt.police5.go.th
www.police5.go.th
www.ooh5.go.th
www.webdisk.ooh5.go.th
www.cpanel.ooh5.go.th
www.mail.ooh5.go.th
www.webmail.ooh5.go.th
www.ooh5.go.th
www.kkn5.go.th
www.kkn5cloud.kkn5.go.th
www.main.kkn5.go.th
www.host.kkn5.go.th
www.kkn5.go.th
www.ubon5.go.th
www.ns1.ubon5.go.th
www.ubon5.go.th
www.rio5.go.th
www.korat5.go.th
www.korat5.go.th
www.secondary5.go.th
www.sea16.go.th
www.inoffice.sea16.go.th
www.myoffice.sea16.go.th
www.ns.sea16.go.th
www.ses26.go.th
www.ns1.ses26.go.th
www.ns2.ses26.go.th
www.web.ses26.go.th
www.web.ses26.go.th
www.sias.ses26.go.th
www.ns.ses26.go.th
www.amss.ses26.go.th
www.chiangmaiarea6.go.th
www.ns.chiangmaiarea6.go.th
www.psdg-obec.nma6.go.th
www.psdg-obec.nma6.go.th
www.nd.nma6.go.th
www.scout.nma6.go.th
www.nma6.go.th
www.mhc6.go.th
www.mail.mhc6.go.th
www.mhc6.go.th
www.mail.police6.go.th
www.police6.go.th
www.spm6.go.th
www.mail.spm6.go.th
www.spm6.go.th
www.immigrationdiv6.go.th
www.mail.immigrationdiv6.go.th
www.sesa17.go.th
www.mail.sesa17.go.th
www.sesa17.go.th
www.secondary27.go.th
www.ns1.secondary27.go.th
www.ns2.secondary27.go.th
www.secondary27.go.th
www.sesa37.go.th
www.mhc7.go.th
www.police7.go.th
www.p7web.police7.go.th
www.kjb.police7.go.th
www.cid.police7.go.th
www.ktband.police7.go.th
www.tupsakae.police7.go.th
www.huiyang.police7.go.th
www.tch.police7.go.th
www.ych.police7.go.th
www.kuiburi.police7.go.th
www.pranburi.police7.go.th
www.thmk.police7.go.th
www.mail.police7.go.th
www.school.police7.go.th
www.skm.police7.go.th
www.huahin.police7.go.th
www.pkn.police7.go.th
www.mpkn.police7.go.th
www.skn.police7.go.th
www.aon.police7.go.th
www.bspn.police7.go.th
www.bnp.police7.go.th
www.pnp.police7.go.th
www.thpp.police7.go.th
www.bsp.police7.go.th
www.watp.police7.go.th
www.car.police7.go.th
www.rbr.police7.go.th
www.rbr.police7.go.th
www.mrbr.police7.go.th
www.gis.police7.go.th
www.surat.police7.go.th
www.contact.police7.go.th
www.pet.police7.go.th
www.skt.police7.go.th
www.accident.police7.go.th
www.npt.police7.go.th
www.cctv.police7.go.th
www.kw.police7.go.th
www.police7.go.th
www.sry.police7.go.th
www.klong7.go.th
www.ns1.spm7.go.th
www.spm7.go.th
www.ns.korat7.go.th
www.smss.korat7.go.th
www.korat7.go.th
www.spm18.go.th
www.spm18.go.th
www.ns1.secondary28.go.th
www.ns2.secondary28.go.th
www.secondary28.go.th
www.salary.secondary28.go.th
www.host2.spm38.go.th
www.support.spm38.go.th
www.spm38.go.th
www.fmlc8.go.th
www.mail.fmlc8.go.th
www.rid8.go.th
www.data8.rid8.go.th
www.mail.rid8.go.th
www.water.rid8.go.th
www.rid8.go.th
www.oard8.go.th
www.mail.oard8.go.th
www.oard8.go.th
www.police8.go.th
www.sesao8.go.th
www.news.sesao8.go.th
www.sesao19.go.th
www.eoffice.sesao19.go.th
www.km.sesao19.go.th
www.ns.sesao19.go.th
www.secondary29.go.th
www.narinukun.secondary29.go.th
www.smss.secondary29.go.th
www.secondary29.go.th
www.secondary39.go.th
www.secondary39.go.th
www.1359.go.th
www.police9.go.th
www.mathayom9.go.th
www.plaba.go.th
www.kohsaba.go.th
www.mail.kohsaba.go.th
www.obtba.go.th
www.mail.obtba.go.th
www.bcca.go.th
www.eoffice.bcca.go.th
www.projectbase.bcca.go.th
www.tqf.bcca.go.th
www.e-meeting.bcca.go.th
www.mail.bcca.go.th
www.asean.bcca.go.th
www.register.bcca.go.th
www.eis.bcca.go.th
www.ns.bcca.go.th
www.bcca.go.th
www.library.bcca.go.th
www.nrca.go.th
www.mx0.nrca.go.th
www.webtest.nrca.go.th
www.nrca.go.th
www.dongmada.go.th
www.mail.dongmada.go.th
www.rasada.go.th
www.mail.rasada.go.th
www.pop.rasada.go.th
www.ftp.rasada.go.th
www.smtp.rasada.go.th
www.events.rasada.go.th
www.rasada.go.th
www.nongyaida.go.th
www.ns1.nongyaida.go.th
www.ns2.nongyaida.go.th
www.mail.nongyaida.go.th
www.phontongsida.go.th
www.mail.phontongsida.go.th
www.tambonsida.go.th
www.klongjinda.go.th
www.phangngaedarea.go.th
www.phangngaedarea.go.th
www.phuketarea.go.th
www.phuketarea.go.th
www.yanmutsea.go.th
www.ns1.yanmutsea.go.th
www.ns2.yanmutsea.go.th
www.mail.yanmutsea.go.th
www.thaduea.go.th
www.mail.thaduea.go.th
www.bangduea.go.th
www.mail.bangduea.go.th
www.banmakluea.go.th
www.ns1.banmakluea.go.th
www.ns2.banmakluea.go.th
www.mail.banmakluea.go.th
www.nakluea.go.th
www.mail.nakluea.go.th
www.wisai-nuea.go.th
www.mail.wisai-nuea.go.th
www.nanuea.go.th
www.mail.nanuea.go.th
www.luangnuea.go.th
www.mail.luangnuea.go.th
www.luangnuea.go.th
www.wangnuea.go.th
www.mail.wangnuea.go.th
www.phimainuea.go.th
www.huainuea.go.th
www.mail.huainuea.go.th
www.pop.huainuea.go.th
www.ftp.huainuea.go.th
www.smtp.huainuea.go.th
www.huainuea.go.th
www.kaluwonuea.go.th
www.mail.kaluwonuea.go.th
www.huaruea.go.th
www.bakruea.go.th
www.mail.bakruea.go.th
www.pop.bakruea.go.th
www.ftp.bakruea.go.th
www.smtp.bakruea.go.th
www.bakruea.go.th
www.banruea.go.th
www.banraiauruea.go.th
www.huasuea.go.th
www.ns1.huasuea.go.th
www.ns2.huasuea.go.th
www.mail.huasuea.go.th
www.nongyangsuea.go.th
www.ns1.nongyangsuea.go.th
www.ns2.nongyangsuea.go.th
www.mail.nongyangsuea.go.th
www.nongbuarawea.go.th
www.thongfa.go.th
www.ns1.thongfa.go.th
www.ns2.thongfa.go.th
www.mail.thongfa.go.th
www.lantakfa.go.th
www.mail.lantakfa.go.th
www.mfa.go.th
www.ns1.mfa.go.th
www.ns2.mfa.go.th
www.csca.mfa.go.th
www.aspa.mfa.go.th
www.mb.mfa.go.th
www.job.mfa.go.th
www.eprivilege.mfa.go.th
www.sameaf.mfa.go.th
www.uswatch.mfa.go.th
www.moi.mfa.go.th
www.sslbkk.mfa.go.th
www.outlook.mfa.go.th
www.mail.mfa.go.th
www.ol.mfa.go.th
www.saranrom.mfa.go.th
www.e-legalization.mfa.go.th
www.autodiscover.mfa.go.th
www.as.mfa.go.th
www.difa-tes.mfa.go.th
www.difa-uat.mfa.go.th
www.mfa.go.th
www.khoksanga.go.th
www.bangnga.go.th
www.mail.bangnga.go.th
www.kradangnga.go.th
www.mail.kradangnga.go.th
www.phangnga.go.th
www.mail.phangnga.go.th
www.phangnga.go.th
www.yaha.go.th
www.mail.yaha.go.th
www.yaha.go.th
www.pra-intaracha.go.th
www.mail.pra-intaracha.go.th
www.pra-intaracha.go.th
www.phraeksriracha.go.th
www.ns1.phraeksriracha.go.th
www.ns2.phraeksriracha.go.th
www.mail.phraeksriracha.go.th
www.yaicha.go.th
www.mail.yaicha.go.th
www.bangchaocha.go.th
www.leamsingha.go.th
www.mail.leamsingha.go.th
www.leamsingha.go.th
www.nongha.go.th
www.phanthongnongkakha.go.th
www.makha.go.th
www.nakha.go.th
www.mail.nakha.go.th
www.nakha.go.th
www.pakha.go.th
www.ns1.pakha.go.th
www.ns2.pakha.go.th
www.mail.pakha.go.th
www.prakha.go.th
www.mail.prakha.go.th
www.prakha.go.th
www.tadkha.go.th
www.ns1.tadkha.go.th
www.ns2.tadkha.go.th
www.mail.tadkha.go.th
www.kudkha.go.th
www.maekha.go.th
www.ns1.maekha.go.th
www.ns2.maekha.go.th
www.mail.maekha.go.th
www.sobmaekha.go.th
www.mail.sobmaekha.go.th
www.nongkha.go.th
www.mail.nongkha.go.th
www.bungkha.go.th
www.ns1.bungkha.go.th
www.ns2.bungkha.go.th
www.mail.bungkha.go.th
www.kohkha.go.th
www.mail.kohkha.go.th
www.kohkha.go.th
www.donkha.go.th
www.mail.donkha.go.th
www.phonkha.go.th
www.nonkha.go.th
www.mail.nonkha.go.th
www.nonkha.go.th
www.abtnonkha.go.th
www.mail.abtnonkha.go.th
www.hunkha.go.th
www.ns1.hunkha.go.th
www.ns2.hunkha.go.th
www.mail.hunkha.go.th
www.sukdueanha.go.th
www.ns1.sukdueanha.go.th
www.ns2.sukdueanha.go.th
www.mail.sukdueanha.go.th
www.laemfhapha.go.th
www.thepha.go.th
www.mail.thepha.go.th
www.sakomthepha.go.th
www.mail.sakomthepha.go.th
www.sangpha.go.th
www.phimpha.go.th
www.kaengsopha.go.th
www.kormorha.go.th
www.mail.kormorha.go.th
www.kormorha.go.th
www.buapaktha.go.th
www.nongnoktha.go.th
www.chaotha.go.th
www.mail.chaotha.go.th
www.phayuha.go.th
www.mail.phayuha.go.th
www.maehia.go.th
www.mail.maehia.go.th
www.keophia.go.th
www.mail.keophia.go.th
www.keophia.go.th
www.nia.go.th
www.comm.nia.go.th
www.mx.comm.nia.go.th
www.nia.go.th
www.secnia.go.th
www.muangpia.go.th
www.klongpia.go.th
www.mail.klongpia.go.th
www.nakhaosia.go.th
www.mail.nakhaosia.go.th
www.nakhaosia.go.th
www.muangtia.go.th
www.ns1.muangtia.go.th
www.ns2.muangtia.go.th
www.mail.muangtia.go.th
www.sritia.go.th
www.kaboktia.go.th
www.dc-20f5ccfca75e.kaboktia.go.th
www.makhamtia.go.th
www.mail.makhamtia.go.th
www.makhamtia.go.th
www.danmakhamtia.go.th
www.mail.danmakhamtia.go.th
www.danmakhamtia.go.th
www.takhiantia.go.th
www.tantia.go.th
www.mail.tantia.go.th
www.lavia.go.th
www.mail.lavia.go.th
www.mail.nayia.go.th
www.bangkaja.go.th
www.thapaja.go.th
www.mail.thapaja.go.th
www.tungbenja.go.th
www.tungbenja.go.th
www.oja.go.th
www.mailoja.oja.go.th
www.web.oja.go.th
www.mail.oja.go.th
www.vpn-palo.oja.go.th
www.smtp.oja.go.th
www.appserver.oja.go.th
www.intranet.oja.go.th
www.oja.go.th
www.yothaka.go.th
www.thamaka.go.th
www.tamaka.go.th
www.naka.go.th
www.mail.naka.go.th
www.naka.go.th
www.maeraka.go.th
www.ns1.maeraka.go.th
www.ns2.maeraka.go.th
www.mail.maeraka.go.th
www.lansaka.go.th
www.mail.lansaka.go.th
www.lansaka.go.th
www.taka.go.th
www.mail.taka.go.th
www.bka.go.th
www.thadueamuedka.go.th
www.maeka.go.th
www.mail.maeka.go.th
www.wangka.go.th
www.krisdika.go.th
www.mail1.krisdika.go.th
www.mailgw1.krisdika.go.th
www.mail2.krisdika.go.th
www.mailgw2.krisdika.go.th
www.app-thca.krisdika.go.th
www.web.krisdika.go.th
www.sal.krisdika.go.th
www.mail.krisdika.go.th
www.lawforasean.krisdika.go.th
www.dbserv.krisdika.go.th
www.mailgw.krisdika.go.th
www.krisdika.go.th
www.sarika.go.th
www.chongsarika.go.th
www.ns1.chongsarika.go.th
www.ns2.chongsarika.go.th
www.mail.chongsarika.go.th
www.saolamlukka.go.th
www.mail.saolamlukka.go.th
www.saolamlukka.go.th
www.donka.go.th
www.mail.donka.go.th
www.maepuka.go.th
www.mail.maepuka.go.th
www.bala.go.th
www.mail.bala.go.th
www.bala.go.th
www.phaikala.go.th
www.mail.phaikala.go.th
www.khaokala.go.th
www.ns1.khaokala.go.th
www.ns2.khaokala.go.th
www.mail.khaokala.go.th
www.kamala.go.th
www.mail.kamala.go.th
www.kamala.go.th
www.sala.go.th
www.ns1.sala.go.th
www.ns2.sala.go.th
www.mail.sala.go.th
www.thasala.go.th
www.mail.thasala.go.th
www.thasala.go.th
www.thammasala.go.th
www.mail.thammasala.go.th
www.bangsala.go.th
www.mail.bangsala.go.th
www.bangsala.go.th
www.nongsala.go.th
www.mail.nongsala.go.th
www.nongsala.go.th
www.nernsala.go.th
www.ns1.nernsala.go.th
www.ns2.nernsala.go.th
www.mail.nernsala.go.th
www.yala.go.th
www.mail.yala.go.th
www.yala.go.th
www.tazala.go.th
www.ltax3000.dla.go.th
www.conference.dla.go.th
www.ele.dla.go.th
www.welfare.dla.go.th
www.conbooking.dla.go.th
www.mail.dla.go.th
www.e-plan.dla.go.th
www.sarabun.dla.go.th
www.info.dla.go.th
www.lhr.dla.go.th
www.ccis.dla.go.th
www.mis.dla.go.th
www.sis.dla.go.th
www.ns.dla.go.th
www.intranet.dla.go.th
www.ereport.dla.go.th
www.dla.go.th
www.sufficiency.dla.go.th
www.koratdla.go.th
www.koratdla.go.th
www.maela.go.th
www.mail.maela.go.th
www.maehla.go.th
www.ns1.maehla.go.th
www.ns2.maehla.go.th
www.mail.maehla.go.th
www.bangkhla.go.th
www.mail.bangkhla.go.th
www.huasaibangkhla.go.th
www.songkhla.go.th
www.mail.songkhla.go.th
www.oss.songkhla.go.th
www.oss.songkhla.go.th
www.songkhla.go.th
www.dolsongkhla.go.th
www.mail.dolsongkhla.go.th
www.damrongthamsongkhla.go.th
www.mail.damrongthamsongkhla.go.th
www.naphla.go.th
www.donsila.go.th
www.mail.donsila.go.th
www.nonsila.go.th
www.khamtakla.go.th
www.nongsrapla.go.th
www.plubpla.go.th
www.tambonplubpla.go.th
www.mail.tambonplubpla.go.th
www.bangpla.go.th
www.saobangpla.go.th
www.mail.saobangpla.go.th
www.saobangpla.go.th
www.wangchula.go.th
www.mail.wangchula.go.th
www.srichula.go.th
www.ns1.srichula.go.th
www.ns2.srichula.go.th
www.mail.srichula.go.th
www.nongkula.go.th
www.ns1.nongkula.go.th
www.ns2.nongkula.go.th
www.mail.nongkula.go.th
www.sama.go.th
www.mail.sama.go.th
www.wangma.go.th
www.ns1.wangma.go.th
www.ns2.wangma.go.th
www.mail.wangma.go.th
www.nongma.go.th
www.saima.go.th
www.mail.saima.go.th
www.nakhonratchasima.go.th
www.mail.nakhonratchasima.go.th
www.nakhonratchasima.go.th
www.banma.go.th
www.ns1.banma.go.th
www.ns2.banma.go.th
www.mail.banma.go.th
www.thapma.go.th
www.namorma.go.th
www.bana.go.th
www.mail.bana.go.th
www.talingchan-chana.go.th
www.mail.talingchan-chana.go.th
www.phana.go.th
www.thana.go.th
www.mail.thana.go.th
www.thana.go.th
www.kanjana.go.th
www.ns1.kanjana.go.th
www.ns2.kanjana.go.th
www.mail.kanjana.go.th
www.krissana.go.th
www.mail.krissana.go.th
www.kritsana.go.th
www.mail.kritsana.go.th
www.ns.kritsana.go.th
www.sapattana.go.th
www.mail.sapattana.go.th
www.khongchaipattana.go.th
www.dc-4e95b543c954.khongchaipattana.go.th
www.pripattana.go.th
www.bangrakpattana.go.th
www.ns1.bangrakpattana.go.th
www.ns2.bangrakpattana.go.th
www.mail.bangrakpattana.go.th
www.samngampattana.go.th
www.ns1.samngampattana.go.th
www.ns2.samngampattana.go.th
www.mail.samngampattana.go.th
www.palmpattana.go.th
www.ns1.palmpattana.go.th
www.ns2.palmpattana.go.th
www.mail.palmpattana.go.th
www.webmail.palmpattana.go.th
www.nikhompattana.go.th
www.mail.nikhompattana.go.th
www.nikompattana.go.th
www.ns1.nikompattana.go.th
www.ns2.nikompattana.go.th
www.mail.nikompattana.go.th
www.khlonglanpattana.go.th
www.ns1.khlonglanpattana.go.th
www.ns2.khlonglanpattana.go.th
www.mail.khlonglanpattana.go.th
www.kaodinpattana.go.th
www.ns1.kaodinpattana.go.th
www.ns2.kaodinpattana.go.th
www.mail.kaodinpattana.go.th
www.naphopattana.go.th
www.mail.naphopattana.go.th
www.naphopattana.go.th
www.huaikrotpattana.go.th
www.ns1.huaikrotpattana.go.th
www.ns2.huaikrotpattana.go.th
www.mail.huaikrotpattana.go.th
www.toom-srirattana.go.th
www.wattana.go.th
www.buawattana.go.th
www.ns1.buawattana.go.th
www.ns2.buawattana.go.th
www.mail.buawattana.go.th
www.taweewattana.go.th
www.dc-1626329c7737.taweewattana.go.th
www.taweewattana.go.th
www.thawornwattana.go.th
www.mail.thawornwattana.go.th
www.mail.huana.go.th
www.maena.go.th
www.ns1.maena.go.th
www.ns2.maena.go.th
www.mail.maena.go.th
www.bangna.go.th
www.ns1.bangna.go.th
www.ns2.bangna.go.th
www.mail.bangna.go.th
www.muangna.go.th
www.plaina.go.th
www.ns1.plaina.go.th
www.ns2.plaina.go.th
www.mail.plaina.go.th
www.baanna.go.th
www.mail.baanna.go.th
www.baanna.go.th
www.banna.go.th
www.pakha-banna.go.th
www.mail.banna.go.th
www.maelanna.go.th
www.ns1.maelanna.go.th
www.ns2.maelanna.go.th
www.mail.maelanna.go.th
www.prudinna.go.th
www.mail.prudinna.go.th
www.prudinna.go.th
www.doa.go.th
www.ns2.doa.go.th
www.aglib.doa.go.th
www.job.doa.go.th
www.organic.doa.go.th
www.edoc.doa.go.th
www.e-service.doa.go.th
www.me.doa.go.th
www.el.doa.go.th
www.gap.doa.go.th
www.dpis.doa.go.th
www.at.doa.go.th
www.doa.go.th
www.khamthoa.go.th
www.mail.khamthoa.go.th
www.pop.khamthoa.go.th
www.ftp.khamthoa.go.th
www.smtp.khamthoa.go.th
www.khamthoa.go.th
www.nakoa.go.th
www.ns1.nakoa.go.th
www.ns2.nakoa.go.th
www.mail.nakoa.go.th
www.nongpakoa.go.th
www.pakumkoa.go.th
www.ns1.pakumkoa.go.th
www.ns2.pakumkoa.go.th
www.mail.pakumkoa.go.th
www.maejaroa.go.th
www.ns1.maejaroa.go.th
www.ns2.maejaroa.go.th
www.mail.maejaroa.go.th
www.tanoamaeroa.go.th
www.mail.tanoamaeroa.go.th
www.tanoamaeroa.go.th
www.laemfhapa.go.th
www.mail.laemfhapa.go.th
www.thapa.go.th
www.rattanapa.go.th
www.mail.rattanapa.go.th
www.rattanapa.go.th
www.cpa.go.th
www.cpa.go.th
www.bangsaipa.go.th
www.ns1.bangsaipa.go.th
www.ns2.bangsaipa.go.th
www.mail.bangsaipa.go.th
www.banpa.go.th
www.ns1.banpa.go.th
www.ns2.banpa.go.th
www.mail.banpa.go.th
www.dopa.go.th
www.pab1.dopa.go.th
www.ns1.dopa.go.th
www.edoc2.dopa.go.th
www.e-form2.dopa.go.th
www.ns2.dopa.go.th
www.intranet2.dopa.go.th
www.e-report2.dopa.go.th
www.pab3.dopa.go.th
www.ns3.dopa.go.th
www3.dopa.go.th
www.ns4.dopa.go.th
www.ns5.dopa.go.th
www.dpa.dopa.go.th
www.bora.dopa.go.th
www.smtp250.bora.dopa.go.th
www.smtp251.bora.dopa.go.th
www.ns1.bora.dopa.go.th
www.ns2.bora.dopa.go.th
www.ns3.bora.dopa.go.th
www.ns4.bora.dopa.go.th
www.dopa.bora.dopa.go.th
www.bora.bora.dopa.go.th
www.idcard.bora.dopa.go.th
www.auth-nl.bora.dopa.go.th
www.emscan.bora.dopa.go.th
www.linkagecentergin.bora.dopa.go.th
www.linkagecenter.bora.dopa.go.th
www.moihousegis.bora.dopa.go.th
www.proxycat.bora.dopa.go.th
www.ironport.bora.dopa.go.th
www.bora.dopa.go.th
www.asa.dopa.go.th
www.pab.dopa.go.th
www.isab.dopa.go.th
www.job.dopa.go.th
www.hajthailand.dopa.go.th
www.sod.dopa.go.th
www.tspd.dopa.go.th
www.province.dopa.go.th
www.social.dopa.go.th
www.sml.dopa.go.th
www.kamnan.dopa.go.th
www.e-registration.dopa.go.th
www.person.dopa.go.th
www.ncpo.dopa.go.th
www.esar.dopa.go.th
www.ics.dopa.go.th
www.eis.dopa.go.th
www.stat.dopa.go.th
www.intranet.dopa.go.th
www.tv.dopa.go.th
www.dopa.go.th
www.songkhladopa.go.th
www.mail.songkhladopa.go.th
www.nonsangdopa.go.th
www.mail.nonsangdopa.go.th
www.nonsangdopa.go.th
www.pattanidopa.go.th
www.mail.pattanidopa.go.th
www.pattanidopa.go.th
www.surindopa.go.th
www.mail.surindopa.go.th
www.surindopa.go.th
www.cppa.go.th
www.thaispa.go.th
www.mail.thaispa.go.th
www.watpa.go.th
www.mail.watpa.go.th
www.opecnara.go.th
www.mail.opecnara.go.th
www.opecnara.go.th
www.thampannara.go.th
www.mail.thampannara.go.th
www.thampannara.go.th
www.dra.go.th
www.ns1.dra.go.th
www.ns2.dra.go.th
www.saraban-dra.dra.go.th
www.nmpc.dra.go.th
www.e-service.dra.go.th
www.bpf.dra.go.th
www.ns.dra.go.th
www.sys.dra.go.th
www.konghra.go.th
www.mail.konghra.go.th
www.konghra.go.th
www.thangphra.go.th
www.buengphra.go.th
www.ns1.buengphra.go.th
www.ns2.buengphra.go.th
www.mail.buengphra.go.th
www.jatingphra.go.th
www.mail.jatingphra.go.th
www.phaiphra.go.th
www.pakphra.go.th
www.ns1.pakphra.go.th
www.ns2.pakphra.go.th
www.mail.pakphra.go.th
www.khokphra.go.th
www.ns1.khokphra.go.th
www.ns2.khokphra.go.th
www.mail.khokphra.go.th
www.krokphra.go.th
www.ns1.krokphra.go.th
www.ns2.krokphra.go.th
www.mail.krokphra.go.th
www.chomphra.go.th
www.mail.chomphra.go.th
www.chomphra.go.th
www.khaophra.go.th
www.mail.khaophra.go.th
www.phopphra.go.th
www.ns1.phopphra.go.th
www.ns2.phopphra.go.th
www.mail.phopphra.go.th
www.kuhra.go.th
www.mail.kuhra.go.th
www.saira.go.th
www.mail.saira.go.th
www.saira.go.th
www.hora.go.th
www.mail.hora.go.th
www.hora.go.th
www.donmanora.go.th
www.thapra.go.th
www.mail.thapra.go.th
www.thapra.go.th
www.khaothapra.go.th
www.ns1.khaothapra.go.th
www.ns2.khaothapra.go.th
www.mail.khaothapra.go.th
www.sathingpra.go.th
www.mail.sathingpra.go.th
www.ongpra.go.th
www.ns1.ongpra.go.th
www.ns2.ongpra.go.th
www.mail.ongpra.go.th
www.nongpra.go.th
www.ns1.nongpra.go.th
www.ns2.nongpra.go.th
www.mail.nongpra.go.th
www.khanongpra.go.th
www.mail.khanongpra.go.th
www.chompra.go.th
www.kaopra.go.th
www.mail.kaopra.go.th
www.phopra.go.th
www.mail.phopra.go.th
www.huaypra.go.th
www.mail.huaypra.go.th
www.huaypra.go.th
www.nongsra.go.th
www.ns1.nongsra.go.th
www.ns2.nongsra.go.th
www.mail.nongsra.go.th
www.maitra.go.th
www.klongniyomyattra.go.th
www.kototeura.go.th
www.mail.kototeura.go.th
www.kototeura.go.th
www.kura.go.th
www.mail.kura.go.th
www.pudsa.go.th
www.maesa.go.th
www.mail.maesa.go.th
www.maesa.go.th
www.khlongsa.go.th
www.mail.khlongsa.go.th
www.khlongsa.go.th
www.sueksa.go.th
www.app1.sueksa.go.th
www.ns1.sueksa.go.th
www.server2.sueksa.go.th
www.ns2.sueksa.go.th
www.invoice.sueksa.go.th
www.phone.sueksa.go.th
www.phonemoe.sueksa.go.th
www.dsinfo-api.sueksa.go.th
www.bpi.sueksa.go.th
www.kpi.sueksa.go.th
www.bgm.sueksa.go.th
www.asean.sueksa.go.th
www.dbadmin.sueksa.go.th
www.udon.sueksa.go.th
www.udon.sueksa.go.th
www.dsinfo.sueksa.go.th
www.sso.sueksa.go.th
www.psr.sueksa.go.th
www.lcs.sueksa.go.th
www.kms.sueksa.go.th
www.kms.sueksa.go.th
www.ns.sueksa.go.th
www.collect.sueksa.go.th
www.ebudget.sueksa.go.th
www.sueksa.go.th
www.thepruksa.go.th
www.mail.thepruksa.go.th
www.khiansa.go.th
www.posa.go.th
www.hadarsa.go.th
www.ns1.hadarsa.go.th
www.ns2.hadarsa.go.th
www.mail.hadarsa.go.th
www.donphutsa.go.th
www.thaputsa.go.th
www.mail.thaputsa.go.th
www.thaputsa.go.th
www.paputsa.go.th
www.ns1.paputsa.go.th
www.ns2.paputsa.go.th
www.mail.paputsa.go.th
www.sabputsa.go.th
www.ns1.sabputsa.go.th
www.ns2.sabputsa.go.th
www.mail.sabputsa.go.th
www.data.go.th
www.govspending.data.go.th
www.bcp.govspending.data.go.th
www.bigdata.go.th
www.wangkata.go.th
www.mail.wangkata.go.th
www.pop.wangkata.go.th
www.ftp.wangkata.go.th
www.smtp.wangkata.go.th
www.wangkata.go.th
www.bannangsata.go.th
www.mail.bannangsata.go.th
www.yata.go.th
www.mail.yata.go.th
www.yata.go.th
www.nongpanta.go.th
www.mail.nongpanta.go.th
www.sampanta.go.th
www.mail.sampanta.go.th
www.bannungsta.go.th
www.mail.bannungsta.go.th
www.bannungsta.go.th
www.metta.go.th
www.ns02.metta.go.th
www.nursing.metta.go.th
www.metta.go.th
www.muang-bua.go.th
www.nabua.go.th
www.ns1.nabua.go.th
www.ns2.nabua.go.th
www.mail.nabua.go.th
www.rangbua.go.th
www.wangbua.go.th
www.ns1.wangbua.go.th
www.ns2.wangbua.go.th
www.mail.wangbua.go.th
www.nongbua.go.th
www.mail.nongbua.go.th
www.tsbnongbua.go.th
www.mail.hnongbua.go.th
www.saonongbua.go.th
www.thungbua.go.th
www.mail.thungbua.go.th
www.banbua.go.th
www.mail.banbua.go.th
www.klongmadua.go.th
www.nangua.go.th
www.mail.nangua.go.th
www.udnangua.go.th
www.mail.udnangua.go.th
www.udnangua.go.th
www.maechua.go.th
www.ns1.maechua.go.th
www.ns2.maechua.go.th
www.mail.maechua.go.th
www.nongmakhua.go.th
www.maejua.go.th
www.ns1.maejua.go.th
www.ns2.maejua.go.th
www.mail.maejua.go.th
www.naklua.go.th
www.mail.naklua.go.th
www.naklua.go.th
www.bangklua.go.th
www.gen1.mua.go.th
www.inter2.mua.go.th
www.data3.mua.go.th
www.cheqa.mua.go.th
www.data.mua.go.th
www.job.mua.go.th
www.cc.mua.go.th
www.basd.mua.go.th
www.entrance.mua.go.th
www.bme.mua.go.th
www.ubi.mua.go.th
www.gotouni.mua.go.th
www.kpi.mua.go.th
www.mail.mua.go.th
www.webmail.mua.go.th
www.mailscan.mua.go.th
www.saturn.mua.go.th
www.checo.mua.go.th
www.info.mua.go.th
www.info.mua.go.th
www.scho.mua.go.th
www.cio.mua.go.th
www.nap.mua.go.th
www.interapp.mua.go.th
www.inter.mua.go.th
www.inter.mua.go.th
www.tbs.mua.go.th
www.mis.mua.go.th
www.entrance.mis.mua.go.th
www.entrance.mis.mua.go.th
www.minimis.mua.go.th
www.aps.mua.go.th
www.stat.mua.go.th
www.satit.mua.go.th
www.mua.go.th
www.survey.mua.go.th
www.employ.mua.go.th
www.nua.go.th
www.samednua.go.th
www.samrongnua.go.th
www.bangphonua.go.th
www.tharua.go.th
www.mail.tharua.go.th
www.tharua.go.th
www.salongrua.go.th
www.mail.salongrua.go.th
www.nongrua.go.th
www.khokkhrua.go.th
www.jdmaekrua.go.th
www.mail.jdmaekrua.go.th
www.tessabanphurua.go.th
www.tessabanphurua.go.th
www.sanphisua.go.th
www.sanphisua.go.th
www.bangwua.go.th
www.mail.bangwua.go.th
www.bangwua.go.th
www.nongnomwua.go.th
www.ns1.nongnomwua.go.th
www.ns2.nongnomwua.go.th
www.mail.nongnomwua.go.th
www.nava.go.th
www.sadawa.go.th
www.mail.sadawa.go.th
www.sadawa.go.th
www.amphawa.go.th
www.mail.amphawa.go.th
www.janjawa.go.th
www.mail.janjawa.go.th
www.nawa.go.th
www.mail.nawa.go.th
www.srinawa.go.th
www.pawa.go.th
www.bangtawa.go.th
www.mail.bangtawa.go.th
www.bangtawa.go.th
www.rachathewa.go.th
www.mail.rachathewa.go.th
www.rachathewa.go.th
www.wangwa.go.th
www.mail.wangwa.go.th
www.saowangwa.go.th
www.nongwa.go.th
www.mail.nongwa.go.th
www.khuannongkhwa.go.th
www.mail.khuannongkhwa.go.th
www.khuannongkhwa.go.th
www.banhwa.go.th
www.jakwa.go.th
www.mail.jakwa.go.th
www.jakwa.go.th
www.yuwa.go.th
www.mail.yuwa.go.th
www.yuwa.go.th
www.otep-aya.go.th
www.lumphaya.go.th
www.phophaya.go.th
www.ns1.phophaya.go.th
www.ns2.phophaya.go.th
www.mail.phophaya.go.th
www.ayothaya.go.th
www.ayutthaya.go.th
www.ns1.ayutthaya.go.th
www.ns2.ayutthaya.go.th
www.ww2.ayutthaya.go.th
www.mail.ayutthaya.go.th
www.ayutthaya.go.th
www.naya.go.th
www.mail.naya.go.th
www.naya.go.th
www.thapaya.go.th
www.mail.thapaya.go.th
www.thapaya.go.th
www.wangpaya.go.th
www.mail.wangpaya.go.th
www.wangpaya.go.th
www.lumpaya.go.th
www.mail.lumpaya.go.th
www.lumpaya.go.th
www.plaipraya.go.th
www.mail.plaipraya.go.th
www.sawanpraya.go.th
www.mail.sawanpraya.go.th
www.pattaya.go.th
www.ns1.pattaya.go.th
www.webboard.pattaya.go.th
www.4more.pattaya.go.th
www.exch.pattaya.go.th
www.mail.pattaya.go.th
www.webmail.pattaya.go.th
www.info.pattaya.go.th
www.go.pattaya.go.th
www.demo.pattaya.go.th
www.gis.pattaya.go.th
www.cctv.pattaya.go.th
www.pattaya.go.th
www.infoblox.pattaya.go.th
www.tubya.go.th
www.mail.tubya.go.th
www.ns.tubya.go.th
www.maiya.go.th
www.mail.maiya.go.th
www.banya.go.th
www.mail.banya.go.th
www.thanya.go.th
www.srithanya.go.th
www.mail.srithanya.go.th
www.mpis.srithanya.go.th
www.srithanya.go.th
www.khaoya.go.th
www.mail.khaoya.go.th
www.khaoya.go.th
www.kohsriboya.go.th
www.ns1.kohsriboya.go.th
www.ns2.kohsriboya.go.th
www.mail.kohsriboya.go.th
www.padangbeza.go.th
www.mail.padangbeza.go.th
www.krachab.go.th
www.mail.krachab.go.th
www.krachab.go.th
www.chongkab.go.th
www.ns1.chongkab.go.th
www.ns2.chongkab.go.th
www.mail.chongkab.go.th
www.klongmaplab.go.th
www.ns1.klongmaplab.go.th
www.ns2.klongmaplab.go.th
www.mail.klongmaplab.go.th
www.onab.go.th
www.www1.onab.go.th
www.nma.onab.go.th
www.pna.onab.go.th
www.sta.onab.go.th
www.deb.onab.go.th
www.pnb.onab.go.th
www.spb.onab.go.th
www.bbc.onab.go.th
www.gdc.onab.go.th
www.ic.onab.go.th
www.ssc.onab.go.th
www.pre.onab.go.th
www.pte.onab.go.th
www.wg.onab.go.th
www.search.onab.go.th
www.mdh.onab.go.th
www.kbi.onab.go.th
www.nbi.onab.go.th
www.pbi.onab.go.th
www.lei.onab.go.th
www.nki.onab.go.th
www.cmi.onab.go.th
www.cri.onab.go.th
www.lri.onab.go.th
www.sri.onab.go.th
www.plk.onab.go.th
www.spk.onab.go.th
www.ssk.onab.go.th
www.nyk.onab.go.th
www.mail.onab.go.th
www.budkm.onab.go.th
www.cpm.onab.go.th
www.npm.onab.go.th
www.brm.onab.go.th
www.clean.onab.go.th
www.ubn.onab.go.th
www.udn.onab.go.th
www.lpn.onab.go.th
www.srn.onab.go.th
www.msn.onab.go.th
www.nsn.onab.go.th
www.ptn.onab.go.th
www.poro.onab.go.th
www.acr.onab.go.th
www.ret.onab.go.th
www.pkt.onab.go.th
www.cnt.onab.go.th
www.nrt.onab.go.th
www.yst.onab.go.th
www.utt.onab.go.th
www.onab.go.th
www.sakaerab.go.th
www.bb.go.th
www.bis55.bb.go.th
www.server169.bb.go.th
www.virtualbb.bb.go.th
www.mailgwbb.bb.go.th
www.wwwdb.bb.go.th
www.owncloud.bb.go.th
www.publichearing.bb.go.th
www.mail.bb.go.th
www.bbmail.bb.go.th
www.ns.bb.go.th
www.bbproject.bb.go.th
www.mailgw.bb.go.th
www.bb.go.th
www.mailgateway.bb.go.th
www.library.bb.go.th
www.npbb.go.th
www.lcb.go.th
www.mail.lcb.go.th
www.lcb.go.th
www.oncb.go.th
www.kongtunmae-oncb.go.th
www.ns1.oncb.go.th
www.conference2.oncb.go.th
www.mail2.oncb.go.th
www.ns2.oncb.go.th
www.315.oncb.go.th
www.or5.oncb.go.th
www.1386.oncb.go.th
www.media.oncb.go.th
www.apioncb.oncb.go.th
www.pponcb.oncb.go.th
www.appsoncb.oncb.go.th
www.lmsweb.oncb.go.th
www.pnarsweb.oncb.go.th
www.job.oncb.go.th
www.expesub.oncb.go.th
www.undc.oncb.go.th
www.ric.oncb.go.th
www.moc.oncb.go.th
www.nctc.oncb.go.th
www.ncfund.oncb.go.th
www.assservice.oncb.go.th
www.finance.oncb.go.th
www.conference.oncb.go.th
www.nccde.oncb.go.th
www.mobile.oncb.go.th
www.oncbmobile.oncb.go.th
www.expe.oncb.go.th
www.welfare.oncb.go.th
www.narcof.oncb.go.th
www.pdg.oncb.go.th
www.meeting.oncb.go.th
www.blog.oncb.go.th
www.ncsmi.oncb.go.th
www.webmail.oncb.go.th
www.drugfreeschool.oncb.go.th
www.km.oncb.go.th
www.tm.oncb.go.th
www.oncbasean.oncb.go.th
www.dn.oncb.go.th
www.en.oncb.go.th
www.admn.oncb.go.th
www.information.oncb.go.th
www.oncbvpn.oncb.go.th
www.aseannarco.oncb.go.th
www.co-op.oncb.go.th
www.ncs.oncb.go.th
www.rewards.oncb.go.th
www.domaindnszones.oncb.go.th
www.dais.oncb.go.th
www.oois.oncb.go.th
www.bris.oncb.go.th
www.apiams.oncb.go.th
www.lms.oncb.go.th
www.pnars.oncb.go.th
www.ors.oncb.go.th
www.ass.oncb.go.th
www.oncbbudget.oncb.go.th
www.extranet.oncb.go.th
www.audit.oncb.go.th
www.cydot.oncb.go.th
www.inisdev.oncb.go.th
www.law.oncb.go.th
www.oncb.go.th
www.transparency.oncb.go.th
www.survey.oncb.go.th
www.elibrary.oncb.go.th
www.nesdbcucm1.nesdb.go.th
www.nesdbcuimp1.nesdb.go.th
www.ce.nesdb.go.th
www.brainbank.nesdb.go.th
www.mail.nesdb.go.th
www.webmail.nesdb.go.th
www.webkm.nesdb.go.th
www.vpn.nesdb.go.th
www.sslvpn.nesdb.go.th
www.nesto.nesdb.go.th
www.emenscr.nesdb.go.th
www.autodiscover.nesdb.go.th
www.globaldns.nesdb.go.th
www.nesdb.go.th
www.elibrary.nesdb.go.th
www.tdb.go.th
www.banheeb.go.th
www.thatakieb.go.th
www.mail.thatakieb.go.th
www.thatakieb.go.th
www.dns2.doeb.go.th
www.mail3.doeb.go.th
www.dns3.doeb.go.th
www.eoffspec.doeb.go.th
www.efuel.doeb.go.th
www.mail.doeb.go.th
www.eexam.doeb.go.th
www.eexim.doeb.go.th
www.dns.doeb.go.th
www.status.doeb.go.th
www.intranet.doeb.go.th
www.efueltest.doeb.go.th
www.eeximtest.doeb.go.th
www.elaw.doeb.go.th
www.doeb.go.th
www.muangsamsib.go.th
www.mail.muangsamsib.go.th
www.pop.muangsamsib.go.th
www.ftp.muangsamsib.go.th
www.smtp.muangsamsib.go.th
www.muangsamsib.go.th
www.kb.go.th
www.mail.kb.go.th
www.kb.go.th
www.bkb.go.th
www.nonmuang-nb.go.th
www.mail.nb.go.th
www.nb.go.th
www.thadob.go.th
www.ngob.go.th
www.mail.ngob.go.th
www.ngob.go.th
www.nong-kob.go.th
www.prakob.go.th
www.mail.prakob.go.th
www.nongkob.go.th
www.obt-namlob.go.th
www.ns1.obt-namlob.go.th
www.ns2.obt-namlob.go.th
www.mail.obt-namlob.go.th
www.tamnob.go.th
www.mail.tamnob.go.th
www.bangroob.go.th
www.mail.bangroob.go.th
www.bangroob.go.th
www.namrob.go.th
www.mail.namrob.go.th
www.wangpong-pb.go.th
www.knowledge.ocpb.go.th
www.mail.ocpb.go.th
www.sam.ocpb.go.th
www.complain.ocpb.go.th
www.dbcenter.ocpb.go.th
www.mes.ocpb.go.th
www.ccms.ocpb.go.th
www.intranet.ocpb.go.th
www.ocpb.go.th
www.km.rdpb.go.th
www.petition.rdpb.go.th
www.thvn.rdpb.go.th
www.prvn.rdpb.go.th
www.eproject.rdpb.go.th
www.cockpit.rdpb.go.th
www.rdpb.go.th
www.e-library.rdpb.go.th
www.danchangspb.go.th
www.mail.danchangspb.go.th
www.danchangspb.go.th
www.wangmuang-sb.go.th
www.ns1.wangmuang-sb.go.th
www.ns2.wangmuang-sb.go.th
www.mail.wangmuang-sb.go.th
www.dns-01.ocsb.go.th
www.dns-02.ocsb.go.th
www.dns-second.ocsb.go.th
www.dns-dr.ocsb.go.th
www.ocsb.go.th
www.dns-primary.ocsb.go.th
www.mail.ktb.go.th
www.wtb.go.th
www.mail.wtb.go.th
www.wtb.go.th
www.kudjub.go.th
www.lub.go.th
www.bangplub.go.th
www.abtbangplub.go.th
www.mail.abtbangplub.go.th
www.pop.abtbangplub.go.th
www.ftp.abtbangplub.go.th
www.smtp.abtbangplub.go.th
www.abtbangplub.go.th
www.banplub.go.th
www.ns1.banplub.go.th
www.ns2.banplub.go.th
www.mail.banplub.go.th
www.wangnamsub.go.th
www.ns1.wangnamsub.go.th
www.ns2.wangnamsub.go.th
www.mail.wangnamsub.go.th
www.natub.go.th
www.bantub.go.th
www.ns1.bantub.go.th
www.ns2.bantub.go.th
www.mail.bantub.go.th
www.cityub.go.th
www.mail.cityub.go.th
www.cityub.go.th
www.ocac.go.th
www.mail.ocac.go.th
www.ftp.ocac.go.th
www.ocac.go.th
www.moac.go.th
www.ns1.moac.go.th
www.ns2.moac.go.th
www.moac.go.th
www.moac2aec.moac.go.th
www.sc.moac.go.th
www.service.moac.go.th
www.royalrainmaking.moac.go.th
www.contractfarming.moac.go.th
www.mail.moac.go.th
www.warroom.moac.go.th
www.complain.moac.go.th
www.ns.moac.go.th
www.net.moac.go.th
www.drought.moac.go.th
www.moac.go.th
www.opsmoac.go.th
www.ns1.opsmoac.go.th
www.ns2.opsmoac.go.th
www.appfaf.opsmoac.go.th
www.mail.opsmoac.go.th
www.km.opsmoac.go.th
www.cms.opsmoac.go.th
www.intranet.opsmoac.go.th
www.opsmoac.go.th
www.sbpac.go.th
www.wp60.sbpac.go.th
www.ns1.sbpac.go.th
www.pmqa.sbpac.go.th
www.data.sbpac.go.th
www.oldweb.sbpac.go.th
www.thstudentscc.sbpac.go.th
www.sanjaithai.sbpac.go.th
www.api.sbpac.go.th
www.hajj.sbpac.go.th
www.portal.sbpac.go.th
www.help-portal.sbpac.go.th
www.help.sbpac.go.th
www.studentregister.sbpac.go.th
www.pr.sbpac.go.th
www.budgets.sbpac.go.th
www.prnews.sbpac.go.th
www.e-project.sbpac.go.th
www.intranet.sbpac.go.th
www.bandit.sbpac.go.th
www.sbpac.go.th
www.nesac.go.th
www.mail.nesac.go.th
www.nesac.go.th
www.nacc.go.th
www.jabber-01.nacc.go.th
www.jabber-02.nacc.go.th
www.acic.nacc.go.th
www.mail.nacc.go.th
www.webmail.nacc.go.th
www.nacc.go.th
www.pacc.go.th
www.pacc.go.th
www.jabber.pacc.go.th
www.pacc.go.th
www.gcc.go.th
www.mail.gcc.go.th
www.gcc.go.th
www.nicc.go.th
www.mail.nicc.go.th
www.center.nicc.go.th
www.ddc.go.th
www.mail.ddc.go.th
www.ddc.go.th
www.pdc.go.th
www.pdc.go.th
www.opdc.go.th
www.pa1.opdc.go.th
www.opdc.go.th
www.gkc.opdc.go.th
www.paecthai.opdc.go.th
www.webmail.opdc.go.th
www.po.opdc.go.th
www.esar.opdc.go.th
www.datacenter.opdc.go.th
www.awards.opdc.go.th
www.eos.opdc.go.th
www.pmqa40assessment.opdc.go.th
www.smart.opdc.go.th
www.pracharatreport.opdc.go.th
www.opdc.go.th
www.obec.go.th
www.psdg-obec.go.th
www.ars2.psdg-obec.go.th
www.krs2.psdg-obec.go.th
www.mail.psdg-obec.go.th
www.ns.psdg-obec.go.th
www.ars.psdg-obec.go.th
www.krs.psdg-obec.go.th
www.ska1.obec.go.th
www.eme1.obec.go.th
www.pre1.obec.go.th
www.pre1.obec.go.th
www.lpg1.obec.go.th
www.cri1.obec.go.th
www.cti1.obec.go.th
www.uti1.obec.go.th
www.plk1.obec.go.th
www.vportal1.obec.go.th
www.brm1.obec.go.th
www.pbn1.obec.go.th
www.office.ubn1.obec.go.th
www.ubn1.obec.go.th
www.lpn1.obec.go.th
www.spn1.obec.go.th
www.ksn1.obec.go.th
www.pyo1.obec.go.th
www.ns1.obec.go.th
www.kpt1.obec.go.th
www.yst1.obec.go.th
www.ptt1.obec.go.th
www.utt1.obec.go.th
www.utt1.obec.go.th
www.www1.obec.go.th
www.secondary22.obec.go.th
www.secondary32.obec.go.th
www.secondary42.obec.go.th
www.ska2.obec.go.th
www.eme2.obec.go.th
www.pre2.obec.go.th
www.plg2.obec.go.th
www.lpg2.obec.go.th
www.pbi2.obec.go.th
www.pbi2.obec.go.th
www.nki2.obec.go.th
www.nki2.obec.go.th
www.cmi2.obec.go.th
www.cri2.obec.go.th
www.cti2.obec.go.th
www.mail2.obec.go.th
www.chan2.obec.go.th
www.pbn2.obec.go.th
www.ubn2.obec.go.th
www.kkn2.obec.go.th
www.srn2.obec.go.th
www.pyo2.obec.go.th
www.pyo2.obec.go.th
www.ns2.obec.go.th
www.pct2.obec.go.th
www.ret2.obec.go.th
www.nst2.obec.go.th
www.ptt2.obec.go.th
www.nsw2.obec.go.th
www.secondary2.obec.go.th
www.secondary2.obec.go.th
www.spb3.obec.go.th
www.eme3.obec.go.th
www.lpg3.obec.go.th
www.nki3.obec.go.th
www.cri3.obec.go.th
www.sri3.obec.go.th
www.plk3.obec.go.th
www.mail3.obec.go.th
www.brm3.obec.go.th
www.ubn3.obec.go.th
www.kkn3.obec.go.th
www.kkn3.obec.go.th
www.nst3.obec.go.th
www.eme4.obec.go.th
www.cri4.obec.go.th
www.brm4.obec.go.th
www.kkn4.obec.go.th
www.nst4.obec.go.th
www.secondary35.obec.go.th
www.tkk2555.obec.go.th
www.db5.obec.go.th
www.ubn5.obec.go.th
www.kkn5.obec.go.th
www.secondary5.obec.go.th
www.secondary36.obec.go.th
www.area.obec.go.th
www.ns.alpha.obec.go.th
www.sesa.obec.go.th
www.mail-mta.obec.go.th
www.eva.obec.go.th
www.lib.obec.go.th
www.lib.obec.go.th
www.cache.idc.obec.go.th
www.pdc.obec.go.th
www.esdc.obec.go.th
www.rec.obec.go.th
www.academic.obec.go.th
www.academic.obec.go.th
www.dlc.obec.go.th
www.doc.obec.go.th
www.genad.obec.go.th
www.ced.obec.go.th
www.eduhighland.obec.go.th
www.hrd.obec.go.th
www.cssd.obec.go.th
www.cssd.obec.go.th
www.guidance.obec.go.th
www.finance.obec.go.th
www.tumboldee.obec.go.th
www.training.obec.go.th
www.training.obec.go.th
www.obecmeeting.obec.go.th
www.atg.obec.go.th
www.gtech.obec.go.th
www.schoollunch.obec.go.th
www.mdh.obec.go.th
www.mdh.obec.go.th
www.english.obec.go.th
www.english.obec.go.th
www.scimath.obec.go.th
www.edsouth.obec.go.th
www.vinai.obec.go.th
www.pri.obec.go.th
www.mcmk.obec.go.th
www.webseal.obec.go.th
www.trialwebseal.obec.go.th
www.special.obec.go.th
www.financial.obec.go.th
www.social.obec.go.th
www.external.obec.go.th
www.portal.obec.go.th
www.personnel.obec.go.th
www.mail.obec.go.th
www.ns1.obecmail.obec.go.th
www.mailgw1.obecmail.obec.go.th
www.mailgw2.obecmail.obec.go.th
www.oa.obecmail.obec.go.th
www.register.obecmail.obec.go.th
www.autodiscover.obecmail.obec.go.th
www.mailgw.obecmail.obec.go.th
www.obecmail.obec.go.th
www.school.obec.go.th
www.school.obec.go.th
www.smallschool.obec.go.th
www.km.obec.go.th
www.techcom.obec.go.th
www.plan.obec.go.th
www.plan.obec.go.th
www.design.obec.go.th
www.skn.obec.go.th
www.evaluation.obec.go.th
www.inno.obec.go.th
www.sip.obec.go.th
www.speaker.obec.go.th
www.mediacenter.obec.go.th
www.contentcenter.obec.go.th
www.smartcenter.obec.go.th
www.kormor.obec.go.th
www.pr.obec.go.th
www.pcshs.obec.go.th
www.pcshs.obec.go.th
www.lifeskills.obec.go.th
www.hrms.obec.go.th
www.ns.obec.go.th
www.ars.obec.go.th
www.krs.obec.go.th
www.amss.obec.go.th
www.boyscouts.obec.go.th
www.sportact.obec.go.th
www.bet.obec.go.th
www.bet.obec.go.th
www.audit.obec.go.th
www.pkt.obec.go.th
www.pkt.obec.go.th
www.cnt.obec.go.th
www.cont.obec.go.th
www.smart.obec.go.th
www.beta-smart.obec.go.th
www.gisedu.obec.go.th
www.new.obec.go.th
www.esx.obec.go.th
www.portalgateway.obec.go.th
www.secondary.obec.go.th
www.secondary.obec.go.th
www.diary.obec.go.th
www.mail.diary.obec.go.th
www.diary.obec.go.th
www.proxy.obec.go.th
www.onec.go.th
www.backoffice.onec.go.th
www.opec.go.th
www.ns1.opec.go.th
www.ns2.opec.go.th
www.edocv2.opec.go.th
www.pdc.opec.go.th
www.edoc.opec.go.th
www.idoc.opec.go.th
www.old.opec.go.th
www.webboard.opec.go.th
www.kpi.opec.go.th
www.psis.opec.go.th
www.student.opec.go.th
www.report.opec.go.th
www.vreport.opec.go.th
www.dropout.opec.go.th
www.opec.go.th
www.yalaopec.go.th
www.yaha.yalaopec.go.th
www.bannangsta.yalaopec.go.th
www.kabang.yalaopec.go.th
www.krongpinang.yalaopec.go.th
www.muang.yalaopec.go.th
www.betong.yalaopec.go.th
www.mail.yalaopec.go.th
www.raman.yalaopec.go.th
www.tanto.yalaopec.go.th
www.yalaopec.go.th
www.kksec.go.th
www.ns.kksec.go.th
www.ictinn21.vec.go.th
www.ns1.vec.go.th
www.mx1.vec.go.th
www.boc2.vec.go.th
www.bme2.vec.go.th
www.psdg2.vec.go.th
www.e-training2.vec.go.th
www.bpp2.vec.go.th
www.bsq2.vec.go.th
www.ns2.vec.go.th
www.iau2.vec.go.th
www.vec.go.th
www.e-training3.vec.go.th
www.ipa38.vec.go.th
www.boga.vec.go.th
www.media.vec.go.th
www.testmedia.vec.go.th
www.ipa.vec.go.th
www.vecrsa.vec.go.th
www.ipata.vec.go.th
www.imsva.vec.go.th
www.job.vec.go.th
www.eec.vec.go.th
www.dvec.vec.go.th
www.ivec.vec.go.th
www.civec.vec.go.th
www.ipovec.vec.go.th
www.sbd.vec.go.th
www.bpcd.vec.go.th
www.innobpcd.vec.go.th
www.nited.vec.go.th
www.eoffice.vec.go.th
www.ie.vec.go.th
www.bme.vec.go.th
www.nitedonline.vec.go.th
www.lmsprototype.vec.go.th
www.psdg.vec.go.th
www.e-training.vec.go.th
www.e-learning.vec.go.th
www.elearning.vec.go.th
www.ivec-elearning.vec.go.th
www.vecrspg.vec.go.th
www.12aug.vec.go.th
www.mactech.vec.go.th
www.hmk.vec.go.th
www.statepersonal.vec.go.th
www.mail.vec.go.th
www.admission.vec.go.th
www.pdo.vec.go.th
www.techno.vec.go.th
www.vecp.vec.go.th
www.lp.vec.go.th
www.personnel-develop.vec.go.th
www.bsq.vec.go.th
www.datacenter.vec.go.th
www.ver.vec.go.th
www.monitor.vec.go.th
www.vdis.vec.go.th
www.gfmis.vec.go.th
www.pvis.vec.go.th
www.bms.vec.go.th
www.lms.vec.go.th
www.rlms.vec.go.th
www.stat.vec.go.th
www.vecstat.vec.go.th
www.budget.vec.go.th
www.benet.vec.go.th
www.rkaset.vec.go.th
www.tvet.vec.go.th
www.fixit.vec.go.th
www.fixit.vec.go.th
www.cert.vec.go.th
www.iau.vec.go.th
www.dev.vec.go.th
www.edltv.vec.go.th
www.new.vec.go.th
www.vec.go.th
www.svec.go.th
www.ns1.svec.go.th
www.svec.go.th
www.nakhonphc.go.th
www.mail.nakhonphc.go.th
www.nakhonphc.go.th
www.highwaytraffic.go.th
www.api.toc.highwaytraffic.go.th
www.publicapi.toc.highwaytraffic.go.th
www.linebot.toc.highwaytraffic.go.th
www.ns1.nic.go.th
www.statv2.nic.go.th
www.convert.moc.nic.go.th
www.report.moc.nic.go.th
www.osthailand.nic.go.th
www.service.nic.go.th
www.report.mof.nic.go.th
www.uddi.nic.go.th
www.mail.nic.go.th
www.analytics.nic.go.th
www.report.nic.go.th
www.nic.go.th
www.lakha-munic.go.th
www.banmai-munic.go.th
www.chanmunic.go.th
www.mail.chanmunic.go.th
www.chanmunic.go.th
www.noppakoonmunic.go.th
www.mail.noppakoonmunic.go.th
www.noppakoonmunic.go.th
www.oic.go.th
www.cifsdns.mpic.go.th
www.mpic.go.th
www.nric.go.th
www.ns1.nric.go.th
www.ns2.nric.go.th
www.nric.go.th
www.laokhaun-kc.go.th
www.kkc.go.th
www.pkc.go.th
www.dc-7d8bfe363580.pkc.go.th
www.www1.stkc.go.th
www.web2.stkc.go.th
www.elearn2.stkc.go.th
www.vlib.stkc.go.th
www.backend.stkc.go.th
www.elearning.stkc.go.th
www.wiki.stkc.go.th
www.mail.stkc.go.th
www.museum.stkc.go.th
www.nwmc.go.th
www.mail.nwmc.go.th
www.sanc.go.th
www.antidrug.sanc.go.th
www.mail.sanc.go.th
www.sanc.go.th
www.ahnc.go.th
www.ahnc.go.th
www.odloc.go.th
www.moc.go.th
www.mail1.moc.go.th
www.ns1.moc.go.th
www.pmoc2.moc.go.th
www.ns2.moc.go.th
www.ops3.moc.go.th
www3.moc.go.th
www.organic.moc.go.th
www.ad.moc.go.th
www.eoffice.moc.go.th
www.price.moc.go.th
www.opswarehouse.moc.go.th
www.pcni.moc.go.th
www.opsportal.moc.go.th
www.webmail.moc.go.th
www.outmail.moc.go.th
www.km.moc.go.th
www.bbkmain.moc.go.th
www.tpso.moc.go.th
www.dd.tpso.moc.go.th
www.sim.tpso.moc.go.th
www.e-less.tpso.moc.go.th
www.tpso.moc.go.th
www.indexpr.moc.go.th
www.thaiherbs.moc.go.th
www.tis.moc.go.th
www.ictc.ops.moc.go.th
www.inforack.ops.moc.go.th
www.form.ops.moc.go.th
www.ops.moc.go.th
www.e-less.moc.go.th
www.tradereport.moc.go.th
www.law.moc.go.th
www.moc.go.th
www.index.moc.go.th
www.mex.moc.go.th
www.e-library.moc.go.th
www.ubpoc.go.th
www.ns1.ubpoc.go.th
www.ns2.ubpoc.go.th
www.mail.ubpoc.go.th
www.edocument.ubpoc.go.th
www.mail.edocument.ubpoc.go.th
www.edocument.ubpoc.go.th
www.ubpoc.go.th
www.phuketpoc.go.th
www.soc.go.th
www.ratchakitcha.soc.go.th
www.ratchakitcha.soc.go.th
www.mratchakitcha.soc.go.th
www.soc.soc.go.th
www.soc.soc.go.th
www.socgg.soc.go.th
www.socgg.soc.go.th
www.publishing.soc.go.th
www.publishing.soc.go.th
www.ssl.soc.go.th
www.mdm.soc.go.th
www.thanundon.soc.go.th
www.decoration.soc.go.th
www.mobileiron.soc.go.th
www.vpn.soc.go.th
www.socinfo.soc.go.th
www.socinfo.soc.go.th
www.cplo.soc.go.th
www.datacenter.soc.go.th
www.cabnet.soc.go.th
www.cabnet.soc.go.th
www.cabinet.soc.go.th
www.cabinet.soc.go.th
www.pmdu.soc.go.th
www.soc.go.th
www.isoc.go.th
www.rc-isoc.go.th
www.ns1.isoc.go.th
www.ns2.isoc.go.th
www.isoc5.isoc.go.th
www.isoc.go.th
www.photalepc.go.th
www.ns1.photalepc.go.th
www.ns2.photalepc.go.th
www.mail.photalepc.go.th
www.otepc.go.th
www.webportal60.otepc.go.th
www.qualification60.otepc.go.th
www.test-circular61.otepc.go.th
www.circular59.otepc.go.th
www.cmss-beta.otepc.go.th
www.researchotepc.otepc.go.th
www.logbook-cloud.otepc.go.th
www.e-office.otepc.go.th
www.qualification.otepc.go.th
www.logbook-teacher.otepc.go.th
www.api-logbook-teacher.otepc.go.th
www.test-lteacher.otepc.go.th
www.otepc.go.th
www.hpc.go.th
www.apps.hpc.go.th
www.hpc.go.th
www.nongyasaipc.go.th
www.ns1.nongyasaipc.go.th
www.ns2.nongyasaipc.go.th
www.mail.nongyasaipc.go.th
www.klongsaipc.go.th
www.ns1.klongsaipc.go.th
www.ns2.klongsaipc.go.th
www.mail.klongsaipc.go.th
www.krc.go.th
www.mail.krc.go.th
www.nakhonsivrc.go.th
www.mail.nakhonsivrc.go.th
www.nakhonsivrc.go.th
www.app1.ocsc.go.th
www.job2.ocsc.go.th
www.scholar2.ocsc.go.th
www.ocsc.go.th
www.job3.ocsc.go.th
www.job.ocsc.go.th
www.moc.ocsc.go.th
www.mspc.ocsc.go.th
www.sesc.ocsc.go.th
www.govid.ocsc.go.th
www.brd.ocsc.go.th
www.owncloud.ocsc.go.th
www.linkage.ocsc.go.th
www.jumkunjai.ocsc.go.th
www.wiki.ocsc.go.th
www.ebook.ocsc.go.th
www.webmail.ocsc.go.th
www.accreditation.ocsc.go.th
www.sep.ocsc.go.th
www.scholarship.ocsc.go.th
www.scholar.ocsc.go.th
www.register.ocsc.go.th
www.seis.ocsc.go.th
www.gmis.ocsc.go.th
www.dpis.ocsc.go.th
www.uis.ocsc.go.th
www.ihrms.ocsc.go.th
www.ocsc.go.th
www.survey.ocsc.go.th
www.misc.go.th
www.mda.misc.go.th
www.exchange.misc.go.th
www.training.misc.go.th
www.mail.misc.go.th
www.oilspill.misc.go.th
www.map.misc.go.th
www.labour.misc.go.th
www.ns.misc.go.th
www.chat.misc.go.th
www.misc.go.th
www.stex.misc.go.th
www.db-natsec.nsc.go.th
www.sinclair.nsc.go.th
www.rumor.nsc.go.th
www.nsc.go.th
www.butterfly.nsc.go.th
www.tc.go.th
www.mail.tc.go.th
www.tc.go.th
www.nbtc.go.th
www.1200.nbtc.go.th
www.standard1.nbtc.go.th
www.tcbsvr1.nbtc.go.th
www.gis1.nbtc.go.th
www.mail2.nbtc.go.th
www.vapp2.nbtc.go.th
www.gis2.nbtc.go.th
www.ns3.nbtc.go.th
www.mail04.nbtc.go.th
www.ns4.nbtc.go.th
www.dtvservicearea.nbtc.go.th
www.fpma.nbtc.go.th
www.lib.nbtc.go.th
www.ic.nbtc.go.th
www.nbtc.nbtc.go.th
www.prepaid.nbtc.go.th
www.wifiid.nbtc.go.th
www.standard.nbtc.go.th
www.w1service.nbtc.go.th
www.w2service.nbtc.go.th
www.licensefee.nbtc.go.th
www.1secure.nbtc.go.th
www.house.nbtc.go.th
www.xn--72c4a6a8aaub8aycc4gte.nbtc.go.th
www.communique.nbtc.go.th
www.emf.nbtc.go.th
www.streaming.nbtc.go.th
www.telelearning.nbtc.go.th
www.numbering.nbtc.go.th
www.meeting.nbtc.go.th
www.broadcasting.nbtc.go.th
www.search.nbtc.go.th
www.digital.nbtc.go.th
www.portal.nbtc.go.th
www.mail.nbtc.go.th
www.afm.nbtc.go.th
www.dsim.nbtc.go.th
www.usotelecom.nbtc.go.th
www.asean.nbtc.go.th
www.auction.nbtc.go.th
www.vpn.nbtc.go.th
www.pso.nbtc.go.th
www.uso.nbtc.go.th
www.bcp.nbtc.go.th
www.tcp.nbtc.go.th
www.btfp.nbtc.go.th
www.vapp.nbtc.go.th
www.smtp.nbtc.go.th
www.ar.nbtc.go.th
www.m-traveler.nbtc.go.th
www.infocenter.nbtc.go.th
www.qr.nbtc.go.th
www.gmtr.nbtc.go.th
www.spur.nbtc.go.th
www.tracking.funds.nbtc.go.th
www.bios.nbtc.go.th
www.3steps.nbtc.go.th
www.test.3steps.nbtc.go.th
www.operator-test.3steps.nbtc.go.th
www.apps.nbtc.go.th
www.oss.nbtc.go.th
www.complain-status.nbtc.go.th
www.cabinet.nbtc.go.th
www.usonet.nbtc.go.th
www.broadcast.nbtc.go.th
www.speedtest.nbtc.go.th
www.nbtc.thaigenedu.nbtc.go.th
www.snilms.thaigenedu.nbtc.go.th
www.pktlms.thaigenedu.nbtc.go.th
www.thaigenedu.nbtc.go.th
www.dtv.nbtc.go.th
www.row.nbtc.go.th
www.nbtc.go.th
www.gallery.nbtc.go.th
www.datacenternbtc.go.th
www.nbtcmail.datacenternbtc.go.th
www.sdtc.go.th
www.mail.sdtc.go.th
www.sdtc.go.th
www.nonsaaad.go.th
www.non-saad.go.th
www.mail.non-saad.go.th
www.non-saad.go.th
www.cad.go.th
www.region10.cad.go.th
www.web52.cad.go.th
www.web54.cad.go.th
www.region5.cad.go.th
www.songkhla.cad.go.th
www.nakhonratchasima.cad.go.th
www.correspondence.cad.go.th
www.accounting.cad.go.th
www.nongkhai.cad.go.th
www.sukhothai.cad.go.th
www.chiangmai.cad.go.th
www.auditing-school.cad.go.th
www.aspsql.cad.go.th
www.smart4m.cad.go.th
www.nakhonpathom.cad.go.th
www.buengkan.cad.go.th
www.kalasin.cad.go.th
www.chumphon.cad.go.th
www.yasothon.cad.go.th
www.information.cad.go.th
www.innovation.cad.go.th
www.phayao.cad.go.th
www.dpis.cad.go.th
www.ns.cad.go.th
www.phuket.cad.go.th
www.intranet.cad.go.th
www.accsoft.cad.go.th
www.docflow.cad.go.th
www.cad.go.th
www.padad.go.th
www.mail.padad.go.th
www.padad.go.th
www.klangdad.go.th
www.ns1.klangdad.go.th
www.ns2.klangdad.go.th
www.mail.klangdad.go.th
www.maidad.go.th
www.ns1.maidad.go.th
www.ns2.maidad.go.th
www.mail.maidad.go.th
www.takdad.go.th
www.mail.takdad.go.th
www.takdad.go.th
www.hindad.go.th
www.kapead.go.th
www.mail.kapead.go.th
www.kapead.go.th
www.kahad.go.th
www.mail.kahad.go.th
www.yodchad.go.th
www.mail.yodchad.go.th
www.ns.yodchad.go.th
www.keumchad.go.th
www.thaihad.go.th
www.mail.thaihad.go.th
www.thanonkhad.go.th
www.nongkhukhad.go.th
www.mail.nongkhukhad.go.th
www.nongkhukhad.go.th
www.banhad.go.th
www.mail.banhad.go.th
www.naprathad.go.th
www.mail.naprathad.go.th
www.ncjad.go.th
www.banrakad.go.th
www.talad.go.th
www.mail.talad.go.th
www.yangtalad.go.th
www.kudlad.go.th
www.munglad.go.th
www.wangnamlad.go.th
www.mail.wangnamlad.go.th
www.hinlad.go.th
www.ns1.hinlad.go.th
www.ns2.hinlad.go.th
www.mail.hinlad.go.th
www.wunghinlad.go.th
www.mail.wunghinlad.go.th
www.maeramad.go.th
www.ns1.maeramad.go.th
www.ns2.maeramad.go.th
www.mail.maeramad.go.th
www.charad.go.th
www.mail.charad.go.th
www.tepparad.go.th
www.mail.tepparad.go.th
www.phangrad.go.th
www.mail.phangrad.go.th
www.plakrad.go.th
www.ns1.plakrad.go.th
www.ns2.plakrad.go.th
www.mail.plakrad.go.th
www.mabkrad.go.th
www.mail.mabkrad.go.th
www.bangtorad.go.th
www.mail.bangtorad.go.th
www.bangtorad.go.th
www.nongtad.go.th
www.mail.nongtad.go.th
www.kohthuad.go.th
www.mail.kohthuad.go.th
www.kohthuad.go.th
www.tasailuad.go.th
www.ns1.tasailuad.go.th
www.ns2.tasailuad.go.th
www.mail.tasailuad.go.th
www.kokkruad.go.th
www.mail.kokkruad.go.th
www.suksawad.go.th
www.maewad.go.th
www.mail.maewad.go.th
www.maewad.go.th
www.dbd.go.th
www.mail1.dbd.go.th
www.smtp02.dbd.go.th
www.esecured.dbd.go.th
www.webservice.dbd.go.th
www.eservice.dbd.go.th
www.magazine.dbd.go.th
www.knowledgebase.dbd.go.th
www.datawarehouse.dbd.go.th
www.ereg.dbd.go.th
www.efiling.dbd.go.th
www.estarting.dbd.go.th
www.mail.dbd.go.th
www.regcom.dbd.go.th
www.newsletter.dbd.go.th
www.dbdws.dbd.go.th
www.ereguat.dbd.go.th
www.prompt.dbd.go.th
www.eregist.dbd.go.th
www.dbd.go.th
www.focc1.nccd.go.th
www.nispa.nccd.go.th
www.forensic.nccd.go.th
www.mail.nccd.go.th
www.nccdmap.nccd.go.th
www.hr.nccd.go.th
www.nccdor.nccd.go.th
www.nccd.go.th
www.ricd.go.th
www.mail.ricd.go.th
www.jhos.ricd.go.th
www.ricd.go.th
www.pcd.go.th
www.phayao-pcd.go.th
www.mail.phayao-pcd.go.th
www.phayao-pcd.go.th
www.pcdv1.pcd.go.th
www.msdsv1.pcd.go.th
www.edra.pcd.go.th
www.edta.pcd.go.th
www.lab.pcd.go.th
www.gendb.pcd.go.th
www.job.pcd.go.th
www.cac.pcd.go.th
www.doc.pcd.go.th
www.edoc.pcd.go.th
www.kmpcd.pcd.go.th
www.ccee.pcd.go.th
www.infofile.pcd.go.th
www.wqmonline.pcd.go.th
www.disclosure.pcd.go.th
www.greenbuilding.pcd.go.th
www.ptech.pcd.go.th
www.air4thai.pcd.go.th
www.pasak.pcd.go.th
www.basel.pcd.go.th
www.wqm.pcd.go.th
www.mailclean.pcd.go.th
www.plan.pcd.go.th
www.ecap.pcd.go.th
www.gp.pcd.go.th
www.newsclip.pcd.go.th
www.hr.pcd.go.th
www.prtr.pcd.go.th
www.msds.pcd.go.th
www.is.pcd.go.th
www.aqnis.pcd.go.th
www.aqnis.pcd.go.th
www.iwis.pcd.go.th
www.pops.pcd.go.th
www.groups.pcd.go.th
www.intranet.pcd.go.th
www.forecast.pcd.go.th
www.workflow.pcd.go.th
www.pcd.go.th
www.edx.pcd.go.th
www.library.pcd.go.th
www.cdd.go.th
www.ns1.cdd.go.th
www.app2.cdd.go.th
www.ns2.cdd.go.th
www3.cdd.go.th
www.cddata.cdd.go.th
www.provinceweb.cdd.go.th
www.centralweb.cdd.go.th
www.ww.province.cdd.go.th
www.mail.cdd.go.th
www.ww.center.cdd.go.th
www.webcenter.cdd.go.th
www.district.cdd.go.th
www.apps2u.cdd.go.th
www.antiserv.cdd.go.th
www.cdd.go.th
www.centwww.cdd.go.th
www.ldd.go.th
www.r10.ldd.go.th
www.r10.ldd.go.th
www.giswebr10.ldd.go.th
www.giswebr10.ldd.go.th
www.fid101.ldd.go.th
www.pld101.ldd.go.th
www.ord101.ldd.go.th
www.osd101.ldd.go.th
www.psd101.ldd.go.th
www.osl101.ldd.go.th
www.olp101.ldd.go.th
www.ofs101.ldd.go.th
www.oss101.ldd.go.th
www.irw101.ldd.go.th
www.r01.ldd.go.th
www.r01.ldd.go.th
www.giswebr01.ldd.go.th
www.giswebr01.ldd.go.th
www.r11.ldd.go.th
www.r11.ldd.go.th
www.giswebr11.ldd.go.th
www.giswebr11.ldd.go.th
www.www1.ldd.go.th
www.pld102.ldd.go.th
www.r02.ldd.go.th
www.r02.ldd.go.th
www.giswebr02.ldd.go.th
www.giswebr02.ldd.go.th
www.r12.ldd.go.th
www.r12.ldd.go.th
www.giswebr12.ldd.go.th
www.giswebr12.ldd.go.th
www.ldd.go.th
www.r03.ldd.go.th
www.r03.ldd.go.th
www.giswebr03.ldd.go.th
www.giswebr03.ldd.go.th
www.r04.ldd.go.th
www.r04.ldd.go.th
www.giswebr04.ldd.go.th
www.giswebr04.ldd.go.th
www.r05.ldd.go.th
www.r05.ldd.go.th
www.giswebr05.ldd.go.th
www.giswebr05.ldd.go.th
www.r06.ldd.go.th
www.r06.ldd.go.th
www.giswebr06.ldd.go.th
www.giswebr06.ldd.go.th
www.r07.ldd.go.th
www.r07.ldd.go.th
www.giswebr07.ldd.go.th
www.giswebr07.ldd.go.th
www.r08.ldd.go.th
www.r08.ldd.go.th
www.giswebr08.ldd.go.th
www.giswebr08.ldd.go.th
www.r09.ldd.go.th
www.r09.ldd.go.th
www.giswebr09.ldd.go.th
www.giswebr09.ldd.go.th
www.osb.ldd.go.th
www.giswebldd.ldd.go.th
www.giswebldd.ldd.go.th
www.eoffice.ldd.go.th
www.lddsoilguide.ldd.go.th
www.o-agriculture.ldd.go.th
www.ardsomrang.ldd.go.th
www.lddetraining.ldd.go.th
www.elearning.ldd.go.th
www.emeeting.ldd.go.th
www.ckh.ldd.go.th
www.ckh.ldd.go.th
www.mail.ldd.go.th
www.lddmail.ldd.go.th
www.sql.ldd.go.th
www.osm.ldd.go.th
www.mordin.ldd.go.th
www.info.ldd.go.th
www.gisinfo.ldd.go.th
www.sso.ldd.go.th
www.zoningbyagrimap.ldd.go.th
www.giswater.ldd.go.th
www.qcenter.ldd.go.th
www.ldd-server.ldd.go.th
www.lddmapserver.ldd.go.th
www.eis.ldd.go.th
www.hris.ldd.go.th
www.dns.ldd.go.th
www.antivirus.ldd.go.th
www.intranet.ldd.go.th
www.lddtestkit.ldd.go.th
www.cpt.ldd.go.th
www.cpt.ldd.go.th
www.ldd.go.th
www.library.ldd.go.th
www.e-library.ldd.go.th
www.ubon2-ed.go.th
www.ns1.ubon2-ed.go.th
www.ubon2-ed.go.th
www.non-ed.go.th
www.amnat-ed.go.th
www.e-network.amnat-ed.go.th
www.smss.amnat-ed.go.th
www.e-news.amnat-ed.go.th
www.ict.amnat-ed.go.th
www.smart.amnat-ed.go.th
www.amnat-ed.go.th
www.salary.amnat-ed.go.th
www.banmaed.go.th
www.banmaed.go.th
www.ced.go.th
www.hed.go.th
www.hed.go.th
www.kached.go.th
www.buached.go.th
www.buached.go.th
www.chumhed.go.th
www.nongkied.go.th
www.bangkrajed.go.th
www.jaojed.go.th
www.karaked.go.th
www.mail.karaked.go.th
www.karaked.go.th
www.led.go.th
www.web2.led.go.th
www.intra.led.go.th
www.job.led.go.th
www.sub.led.go.th
www.notice.led.go.th
www.ledwebsite.led.go.th
www.live.led.go.th
www.branch.led.go.th
www.nsinternal.led.go.th
www.qcivil.led.go.th
www.lom.led.go.th
www.elearn.led.go.th
www.vdo.led.go.th
www.svbankr.led.go.th
www.ledreportjas.led.go.th
www.services.led.go.th
www.svwebuat.led.go.th
www.ledbotuat.led.go.th
www.asset.led.go.th
www.appointment.led.go.th
www.ledbot.led.go.th
www.test.led.go.th
www.leeled.go.th
www.mail.leeled.go.th
www.amed.go.th
www.amed.go.th
www.thasamed.go.th
www.mail.thasamed.go.th
www.thasamed.go.th
www.tambonsamed.go.th
www.mail.tambonsamed.go.th
www.bangteenped.go.th
www.aomkred.go.th
www.homkred.go.th
www.mail.homkred.go.th
www.homkred.go.th
www.moungthued.go.th
www.webdisk.moungthued.go.th
www.mail.moungthued.go.th
www.autodiscover.moungthued.go.th
www.numjued.go.th
www.mail.numjued.go.th
www.numjued.go.th
www.lbdns01.cgd.go.th
www.iimmail1.cgd.go.th
www.lbdns02.cgd.go.th
www.cgd.go.th
www.egpuat7108.cgd.go.th
www.gaqa.cgd.go.th
www.mbdb.cgd.go.th
www.cfodb.cgd.go.th
www.debtdb.cgd.go.th
www.job.cgd.go.th
www.welcgd.cgd.go.th
www.alertservice.cgd.go.th
www.govwelfare.cgd.go.th
www.klang.cgd.go.th
www.tclstraining.cgd.go.th
www.ibook.cgd.go.th
www.cfowork.cgd.go.th
www.mail.cgd.go.th
www.cgd-web-mail.cgd.go.th
www.epayroll.cgd.go.th
www.mail.opm.cgd.go.th
www.sip.cgd.go.th
www.mail-vip.cgd.go.th
www.epayrolldr.cgd.go.th
www.ffmis.cgd.go.th
www.tcls.cgd.go.th
www.dims.cgd.go.th
www.rps.cgd.go.th
www.wss.cgd.go.th
www.pws.cgd.go.th
www.govwelfareuat.cgd.go.th
www.epayment.cgd.go.th
www.speedtest.cgd.go.th
www.saraban-law.cgd.go.th
www.mail.nw.cgd.go.th
www.cgd.go.th
www.mx.cgd.go.th
www.whd.go.th
www.maesalid.go.th
www.ns1.maesalid.go.th
www.ns2.maesalid.go.th
www.mail.maesalid.go.th
www.nid.go.th
www.nid.go.th
www.rid.go.th
www.hydro-1.rid.go.th
www.www11.rid.go.th
www.webhosting1.rid.go.th
www.ns1.rid.go.th
www.floodinfo2.rid.go.th
www.ns2.rid.go.th
www.rid.go.th
www.rio6.rid.go.th
www.swoc8.rid.go.th
www.scada.rid.go.th
www.pmqa.rid.go.th
www.web.rid.go.th
www.eisweb.rid.go.th
www.job.rid.go.th
www.swoc.rid.go.th
www.wmsc.rid.go.th
www.fad.rid.go.th
www.bid.rid.go.th
www.irrigation-cloud.rid.go.th
www.province.rid.go.th
www.irricollege.rid.go.th
www.ome.rid.go.th
www.online.rid.go.th
www.irrigationstructure.rid.go.th
www.wuse.rid.go.th
www.irrigate.rid.go.th
www.cytcff.rid.go.th
www.inwepf.rid.go.th
www.e-learning.rid.go.th
www.wmug.rid.go.th
www.research.rid.go.th
www.idi.rid.go.th
www.monitorlink.rid.go.th
www.phonebook.rid.go.th
www.network.rid.go.th
www.helpdesk.rid.go.th
www.royal.rid.go.th
www.ridchannel.rid.go.th
www.mail.rid.go.th
www.email.rid.go.th
www.kromchol.rid.go.th
www.opm.rid.go.th
www.oopm.rid.go.th
www.irrigation.rid.go.th
www.information.rid.go.th
www.person.rid.go.th
www.uppermun.rid.go.th
www.ridceo.rid.go.th
www.floodinfo.rid.go.th
www.slip.rid.go.th
www.fadslip.rid.go.th
www.damp.rid.go.th
www.epp.rid.go.th
www.hydrowq.rid.go.th
www.water.rid.go.th
www.kmcenter.rid.go.th
www.ppncenter.rid.go.th
www.nfs.rid.go.th
www.gis.rid.go.th
www.lproject.rid.go.th
www.royalproject.rid.go.th
www.cenproject.rid.go.th
www.ict.rid.go.th
www.intranet.rid.go.th
www.procurement.rid.go.th
www.rid.go.th
www.survey.rid.go.th
www.hydrology.rid.go.th
www.supply.rid.go.th
www.library.rid.go.th
www.koha-library.rid.go.th
www.kohastaff-library.rid.go.th
www.archives-library.rid.go.th
www.secretary.rid.go.th
www.tkd.go.th
www.mail.tkd.go.th
www.dld.go.th
www.gisdata.dld.go.th
www.biotech-web.dld.go.th
www.lib.dld.go.th
www.amr.afvc.dld.go.th
www.epay.afvc.dld.go.th
www.nid.dld.go.th
www.flood.dld.go.th
www.trace.dld.go.th
www.docimage.dld.go.th
www.manage.dld.go.th
www.emove.dld.go.th
www.breeding.dld.go.th
www.zoning.dld.go.th
www.biotech.dld.go.th
www.pvlo-cmi.dld.go.th
www.aqi.dld.go.th
www.pvlo-tak.dld.go.th
www.milk.dld.go.th
www.royal.dld.go.th
www.extension.dld.go.th
www.information.dld.go.th
www.eop.dld.go.th
www.req.dld.go.th
www.emovereq.dld.go.th
www.lclb-lbr.dld.go.th
www.pvlo-ccs.dld.go.th
www.regislives.dld.go.th
www.gis.dld.go.th
www.dpis.dld.go.th
www.ict.dld.go.th
www.predict.dld.go.th
www.pvlo-hkt.dld.go.th
www.rpt.dld.go.th
www.dldsmart.dld.go.th
www.adreport.dld.go.th
www.adreport.dld.go.th
www.dev.nsw.dld.go.th
www.dld.go.th
www.survey.dld.go.th
www.salary.dld.go.th
www.secretary.dld.go.th
www.md.go.th
www.tswel.md.go.th
www.sso.md.go.th
www.app.md.go.th
www.webserviceinter.md.go.th
www.ns.md.go.th
www.md.go.th
www.nmd.go.th
www.nmdlb1.nmd.go.th
www.nmdlb2.nmd.go.th
www.phis2.nmd.go.th
www.nmd.go.th
www.healthnmd.nmd.go.th
www.cloud.nmd.go.th
www.finance.nmd.go.th
www.knowledge.nmd.go.th
www.wifi.nmd.go.th
www.li.nmd.go.th
www.api.nmd.go.th
www.medical.nmd.go.th
www.app.nmd.go.th
www.ethics.nmd.go.th
www.phis.nmd.go.th
www.rest.nmd.go.th
www.nmd.go.th
www.tmd.go.th
www.mail2.tmd.go.th
www.tmd.go.th
www.satda.tmd.go.th
www.songkhla.tmd.go.th
www.metnara.tmd.go.th
www.data.tmd.go.th
www.hydroweb.tmd.go.th
www.nsweb.tmd.go.th
www.mob.tmd.go.th
www.rnd.tmd.go.th
www.earthquake.tmd.go.th
www.marine.tmd.go.th
www.ozone.tmd.go.th
www.climate.tmd.go.th
www.wis-bangkok.tmd.go.th
www.mail.tmd.go.th
www.metcom.tmd.go.th
www.metalarm.tmd.go.th
www.khonkaen.tmd.go.th
www.aws-observation.tmd.go.th
www.radio.tmd.go.th
www.wmo.tmd.go.th
www.voip.tmd.go.th
www.tmdapp.tmd.go.th
www.disasterradar.tmd.go.th
www.weather.tmd.go.th
www.cdds.tmd.go.th
www.radargis.tmd.go.th
www.cdms.tmd.go.th
www.arcims.tmd.go.th
www.secdns.tmd.go.th
www.pridns.tmd.go.th
www.pdns.tmd.go.th
www.gts.tmd.go.th
www.thaimet.tmd.go.th
www.cmmet.tmd.go.th
www.ubonmet.tmd.go.th
www.hydromet.tmd.go.th
www.aeromet.tmd.go.th
www.phuketmet.tmd.go.th
www.sattmet.tmd.go.th
www.mail.metnet.tmd.go.th
www.mars.metnet.tmd.go.th
www.ppmetnet.tmd.go.th
www.metcit.tmd.go.th
www.instrument.tmd.go.th
www.wamwatt.tmd.go.th
www.tmd.go.th
www.seismology.tmd.go.th
www.oceansky.tmd.go.th
www.nd.go.th
www.ns1.nd.go.th
www.ns2.nd.go.th
www.mail.nd.go.th
www.ricethailand.go.th
www.organicsfarm-61.ricethailand.go.th
www.bca.ricethailand.go.th
www.dric.ricethailand.go.th
www.doc.ricethailand.go.th
www.edoc.ricethailand.go.th
www.drpc.ricethailand.go.th
www.cpa-rrc.ricethailand.go.th
www.rbr-rsc.ricethailand.go.th
www.kls-rsc.ricethailand.go.th
www.nsw-rsc.ricethailand.go.th
www.ictc.ricethailand.go.th
www.brpd.ricethailand.go.th
www.brrd.ricethailand.go.th
www.brpe.ricethailand.go.th
www.iag.ricethailand.go.th
www.adg.ricethailand.go.th
www.trsi.ricethailand.go.th
www.rice-ecertification.ricethailand.go.th
www.gap.ricethailand.go.th
www.e-gap.ricethailand.go.th
www.dpis.ricethailand.go.th
www.sims.ricethailand.go.th
www.rsms.ricethailand.go.th
www.brps.ricethailand.go.th
www.brs.ricethailand.go.th
www.rmrs.ricethailand.go.th
www.ricethailand.go.th
www.amazingthailand.go.th
www.mail.amazingthailand.go.th
www.amazingthailand.go.th
www.ipthailand.go.th
www.job.ipthailand.go.th
www.eoffice.ipthailand.go.th
www.tmonline.ipthailand.go.th
www.cpronline.ipthailand.go.th
www.patentonline.ipthailand.go.th
www.elearning.ipthailand.go.th
www.patentsearch.ipthailand.go.th
www.esaraban.ipthailand.go.th
www.sso.ipthailand.go.th
www.ipidecenter.ipthailand.go.th
www.stat.ipthailand.go.th
www.vdi-connect.ipthailand.go.th
www.epatent.ipthailand.go.th
www.ipthailand.go.th
www.elibrary.ipthailand.go.th
www.frdfund.go.th
www.webmail.frdfund.go.th
www.frdfund.go.th
www.enconfund.go.th
www.test-epm.enconfund.go.th
www.project.enconfund.go.th
www.itenconfund60project.enconfund.go.th
www.enconfund.go.th
www.erfund.go.th
www.groundwaterfund.go.th
www.mail.groundwaterfund.go.th
www.longkhod.go.th
www.mail.longkhod.go.th
www.huayjod.go.th
www.mail.huayjod.go.th
www.koosalod.go.th
www.mod.go.th
www.odb1.mod.go.th
www.sd1.mod.go.th
www.dist1.mod.go.th
www.www1.mod.go.th
www.mail2.mod.go.th
www.rfm2.mod.go.th
www.odb.mod.go.th
www.rocc.mod.go.th
www.npdc.mod.go.th
www.mrdc.mod.go.th
www.diec.mod.go.th
www.ded.mod.go.th
www.omd.mod.go.th
www.sd.mod.go.th
www.opsd.mod.go.th
www.savings-opsd.mod.go.th
www.mopsd.mod.go.th
www.dstd.mod.go.th
www.heritage.mod.go.th
www.g4share.mod.go.th
www.opsdapp.mod.go.th
www.thaiveterans.mod.go.th
www.thaiveterans.mod.go.th
www.dist.mod.go.th
www.space.dist.mod.go.th
www.plan.dist.mod.go.th
www.aspgw.mod.go.th
www.bangkhamod.go.th
www.ns1.bangkhamod.go.th
www.ns2.bangkhamod.go.th
www.mail.bangkhamod.go.th
www.chanod.go.th
www.bangpood.go.th
www.mairood.go.th
www.nongkrod.go.th
www.ns1.nongkrod.go.th
www.ns2.nongkrod.go.th
www.mail.nongkrod.go.th
www.huaikrod.go.th
www.ns1.huaikrod.go.th
www.ns2.huaikrod.go.th
www.mail.huaikrod.go.th
www.dankhuntod.go.th
www.mail.dankhuntod.go.th
www.dankhuntod.go.th
www.subsamotod.go.th
www.ns1.subsamotod.go.th
www.ns2.subsamotod.go.th
www.mail.subsamotod.go.th
www.cpd.go.th
www.bma-cpd.go.th
www.bma-cpd.go.th
www.data1.cpd.go.th
www.finance1.cpd.go.th
www.app1.cpd.go.th
www.it1.cpd.go.th
www.www1.cpd.go.th
www.web2.cpd.go.th
www.m2.cpd.go.th
www.app2.cpd.go.th
www.it2.cpd.go.th
www.it4.cpd.go.th
www.web.cpd.go.th
www.cdc.cpd.go.th
www.analytic.cpd.go.th
www.e-service.cpd.go.th
www.profile.cpd.go.th
www.saving.cpd.go.th
www.m.cpd.go.th
www.km.cpd.go.th
www.myapp.cpd.go.th
www.member.cpd.go.th
www.register.cpd.go.th
www.monitor.cpd.go.th
www.goods.cpd.go.th
www.host.cpd.go.th
www.webhost.cpd.go.th
www.cpdhost.cpd.go.th
www.cow.cpd.go.th
www.cpd.go.th
www.ocipa.rlpd.go.th
www.emeeting.rlpd.go.th
www.rlpd.go.th
www.atpd.go.th
www.helpdesk01.rd.go.th
www.ns1.rd.go.th
www.interapp2.rd.go.th
www.ns2.rd.go.th
www.rdsrv2.rd.go.th
www.interapp3.rd.go.th
www.rdsrv3.rd.go.th
www.interapp4.rd.go.th
www.rdsrv4.rd.go.th
www.vrtweb.rd.go.th
www.noc.rd.go.th
www.download.rd.go.th
www.etaxservice.rd.go.th
www.govwelfare.rd.go.th
www.refundedcheque.rd.go.th
www.vsreg.rd.go.th
www.befiling.rd.go.th
www.rdmeeting.rd.go.th
www.pasi.rd.go.th
www.mail.rd.go.th
www.efilingmail.rd.go.th
www.relaymail.rd.go.th
www.edonation.rd.go.th
www.webco.rd.go.th
www.rdepo.rd.go.th
www.ramp.rd.go.th
www.newstartup.rd.go.th
www.career.rd.go.th
www.register.rd.go.th
www.rdserver.rd.go.th
www.eis.rd.go.th
www.whtwss.rd.go.th
www.whtsvs.rd.go.th
www.nidws.rd.go.th
www.rdws.rd.go.th
www.edss.sys.rd.go.th
www.webchat.rd.go.th
www.vatstat.rd.go.th
www.taxaudit.rd.go.th
www.epit.rd.go.th
www.oneaccount.rd.go.th
www.taxpayeraccount.rd.go.th
www.vrt.rd.go.th
www.epittest.rd.go.th
www.rdsmarttaxtest.rd.go.th
www.rd.go.th
www.etax.rd.go.th
www.rdetax.rd.go.th
www.rdsmarttax.rd.go.th
www.vatgx.rd.go.th
www.discovery.rd.go.th
www.khoksaard.go.th
www.mail.khoksaard.go.th
www.nonsaard.go.th
www.mail.nonsaard.go.th
www.krahard.go.th
www.mail.krahard.go.th
www.nongkhayard.go.th
www.mrd.go.th
www.prd.go.th
www.tv11.prd.go.th
www.region1.prd.go.th
www.ns1.prd.go.th
www.region2.prd.go.th
www.ns2.prd.go.th
www.region3.prd.go.th
www.king84.prd.go.th
www.region4.prd.go.th
www.region5.prd.go.th
www.region6.prd.go.th
www.region7.prd.go.th
www.region8.prd.go.th
www.yeawya.prd.go.th
www.micollab.prd.go.th
www.prdpublic.prd.go.th
www.nbtworld.prd.go.th
www.nntworld.prd.go.th
www.thailand.prd.go.th
www.province.prd.go.th
www.prd7online.prd.go.th
www.prdonline.prd.go.th
www.gphone.prd.go.th
www.training.prd.go.th
www.prdsharing.prd.go.th
www.tel.prd.go.th
www.sarabun.prd.go.th
www.radio.prd.go.th
www.flagship.prd.go.th
www.prdapp.prd.go.th
www.center.prd.go.th
www.contentcenter.prd.go.th
www.pr.prd.go.th
www.mms.prd.go.th
www.ws.prd.go.th
www.thainews.prd.go.th
www.nbt.prd.go.th
www.intranet.prd.go.th
www.npnt.prd.go.th
www.nwnt.prd.go.th
www.ewt.prd.go.th
www.av.prd.go.th
www.dtv.prd.go.th
www.nbttv.prd.go.th
www.prd.go.th
www.prministry.prd.go.th
www.csd.go.th
www.mail.csd.go.th
www.tcsd.go.th
www.mail.tcsd.go.th
www.tcsd.go.th
www.sdqa.dsd.go.th
www.e-service.dsd.go.th
www.home.dsd.go.th
www.datacenter.dsd.go.th
www.tss.dsd.go.th
www.eit.dsd.go.th
www.e-report.dsd.go.th
www.dev.dsd.go.th
www.dsd.go.th
www.library.dsd.go.th
www.ubisd.go.th
www.mail.ubisd.go.th
www.ubisd.go.th
www.nakha-ud.go.th
www.banchiang-ud.go.th
www.nachumsaeng-ud.go.th
www.nathom-ud.go.th
www.phaichaleaud.go.th
www.phaichaleaud.go.th
www.bangnumjeud.go.th
www.bangnumjeud.go.th
www.bangkhud.go.th
www.ns1.bangkhud.go.th
www.ns2.bangkhud.go.th
www.mail.bangkhud.go.th
www.klongkhud.go.th
www.tumnumphud.go.th
www.ns1.tumnumphud.go.th
www.ns2.tumnumphud.go.th
www.mail.tumnumphud.go.th
www.donphud.go.th
www.ns1.donphud.go.th
www.ns2.donphud.go.th
www.mail.donphud.go.th
www.klongkud.go.th
www.kukud.go.th
www.mail.kukud.go.th
www.khoksalud.go.th
www.ns1.khoksalud.go.th
www.ns2.khoksalud.go.th
www.mail.khoksalud.go.th
www.watlamud.go.th
www.tanud.go.th
www.thasailoud.go.th
www.ns1.thasailoud.go.th
www.ns2.thasailoud.go.th
www.mail.thasailoud.go.th
www.numpud.go.th
www.mail.numpud.go.th
www.numpud.go.th
www.krud.go.th
www.mail.krud.go.th
www.krud.go.th
www.bangkurud.go.th
www.ns1.bangkurud.go.th
www.ns2.bangkurud.go.th
www.mail.bangkurud.go.th
www.tyrud.go.th
www.namsud.go.th
www.ns1.namsud.go.th
www.ns2.namsud.go.th
www.mail.namsud.go.th
www.jompratud.go.th
www.khamcha-e.go.th
www.sa-ae.go.th
www.mail.sa-ae.go.th
www.sa-ae.go.th
www.laae.go.th
www.mail.laae.go.th
www.laae.go.th
www.pangae.go.th
www.kudhae.go.th
www.khae.go.th
www.mail.khae.go.th
www.banbangkhae.go.th
www.nongkhae.go.th
www.tambonkhae.go.th
www.mail.tambonkhae.go.th
www.pop.tambonkhae.go.th
www.ftp.tambonkhae.go.th
www.smtp.tambonkhae.go.th
www.tambonkhae.go.th
www.samokhae.go.th
www.ns1.samokhae.go.th
www.ns2.samokhae.go.th
www.mail.samokhae.go.th
www.banhae.go.th
www.chohae.go.th
www.ns1.chohae.go.th
www.ns2.chohae.go.th
www.mail.chohae.go.th
www.thaphae.go.th
www.mail.thaphae.go.th
www.bangphae.go.th
www.tessabanchumphae.go.th
www.thothae.go.th
www.ns1.thothae.go.th
www.ns2.thothae.go.th
www.mail.thothae.go.th
www.kae.go.th
www.nong-kae.go.th
www.mail.nong-kae.go.th
www.nong-kae.go.th
www.tessabannakae.go.th
www.klongsakae.go.th
www.thapsakae.go.th
www.mail.thapsakae.go.th
www.thapsakae.go.th
www.mabkae.go.th
www.ns1.mabkae.go.th
www.ns2.mabkae.go.th
www.mail.mabkae.go.th
www.kaengkae.go.th
www.chongkae.go.th
www.ns1.chongkae.go.th
www.ns2.chongkae.go.th
www.mail.chongkae.go.th
www.lukkae.go.th
www.mail.lukkae.go.th
www.huaykae.go.th
www.chalae.go.th
www.dc-a316fef3b8b5.chalae.go.th
www.nanglae.go.th
www.mail.nanglae.go.th
www.rusamilae.go.th
www.mail.rusamilae.go.th
www.rusamilae.go.th
www.lamae.go.th
www.mail.lamae.go.th
www.lamae.go.th
www.banmae.go.th
www.chanae.go.th
www.nongnae.go.th
www.bangoycinae.go.th
www.mail.bangoycinae.go.th
www.bangoycinae.go.th
www.oae.go.th
www.dns1.oae.go.th
www.dns2.oae.go.th
www.oae.go.th
www.dns4.oae.go.th
www.opendata.oae.go.th
www.oldweb.oae.go.th
www.lib.oae.go.th
www.asead.oae.go.th
www.e-office.oae.go.th
www.oaezone.oae.go.th
www.warning.oae.go.th
www.kiosk.oae.go.th
www.mail.oae.go.th
www.spscan.oae.go.th
www.virusscan.oae.go.th
www.vpn.oae.go.th
www.afsis.oae.go.th
www.gms.oae.go.th
www.oae.go.th
www.doae.go.th
www.aopdh10.doae.go.th
www.aopdt10.doae.go.th
www.bigfarm60.doae.go.th
www.aopdb01.doae.go.th
www.haec01.doae.go.th
www.pmc01.doae.go.th
www.aepd01.doae.go.th
www.aopdh01.doae.go.th
www.ayp01.doae.go.th
www.aopdr01.doae.go.th
www.aopdt01.doae.go.th
www.aopdh11.doae.go.th
www.aopdb02.doae.go.th
www.haec02.doae.go.th
www.pmc02.doae.go.th
www.aepd02.doae.go.th
www.aopdh02.doae.go.th
www.aopdt02.doae.go.th
www.aopdh12.doae.go.th
www.clinic2.doae.go.th
www.ecorice2.doae.go.th
www.stream2.doae.go.th
www.disaster2.doae.go.th
www.aopdb03.doae.go.th
www.haec03.doae.go.th
www.pmc03.doae.go.th
www.aepd03.doae.go.th
www.aopdh03.doae.go.th
www.aopdt03.doae.go.th
www.aopdb04.doae.go.th
www.haec04.doae.go.th
www.pmc04.doae.go.th
www.aepd04.doae.go.th
www.aopdh04.doae.go.th
www.aopdt04.doae.go.th
www.aopdb05.doae.go.th
www.haec05.doae.go.th
www.pmc05.doae.go.th
www.aopdh05.doae.go.th
www.aopdt05.doae.go.th
www.site2015.doae.go.th
www.dpis35.doae.go.th
www.haec06.doae.go.th
www.pmc06.doae.go.th
www.aopdh06.doae.go.th
www.aopdt06.doae.go.th
www.am1386.doae.go.th
www.pmc07.doae.go.th
www.aopdh07.doae.go.th
www.aopdt07.doae.go.th
www.haec08.doae.go.th
www.pmc08.doae.go.th
www.aopdh08.doae.go.th
www.aopdt08.doae.go.th
www.pmc09.doae.go.th
www.aopdh09.doae.go.th
www.aopdt09.doae.go.th
www.dns-a.doae.go.th
www.phangnga.doae.go.th
www.sunha.doae.go.th
www.yala.doae.go.th
www.bangklam.songkhla.doae.go.th
www.songkhla.doae.go.th
www.secreta.doae.go.th
www.agriqua.doae.go.th
www.ayutthaya.doae.go.th
www.ayutthaya.doae.go.th
www.dns-b.doae.go.th
www.sceb.doae.go.th
www.job.doae.go.th
www.dns-c.doae.go.th
www.rnc.doae.go.th
www.atsc.doae.go.th
www.atsc.doae.go.th
www.ictc.doae.go.th
www.psdd.doae.go.th
www.need.doae.go.th
www.sarabanold.doae.go.th
www.aepd.doae.go.th
www.kaset.webboard.doae.go.th
www.fruitboard.doae.go.th
www.hrd.doae.go.th
www.cdoae.doae.go.th
www.edoae.doae.go.th
www.nedoae.doae.go.th
www.ndoae.doae.go.th
www.sndoae.doae.go.th
www.sdoae.doae.go.th
www.nesdoae.doae.go.th
www.wdoae.doae.go.th
www.phrae.doae.go.th
www.nongmuangkhai.phrae.doae.go.th
www.phrae.doae.go.th
www.eoffice.doae.go.th
www.service.doae.go.th
www.smce.doae.go.th
www.finance.doae.go.th
www.ppsf.doae.go.th
www.lampang.doae.go.th
www.trang.doae.go.th
www.e-learning.doae.go.th
www.register.e-learning.doae.go.th
www.new.e-learning.doae.go.th
www.e-learning.doae.go.th
www.angthong.doae.go.th
www.ranong.doae.go.th
www.rayong.doae.go.th
www.phatthalung.doae.go.th
www.agtech.doae.go.th
www.agrimedia.agritech.doae.go.th
www.esc.agritech.doae.go.th
www.actech.agritech.doae.go.th
www.technotrain.agritech.doae.go.th
www.pr.agritech.doae.go.th
www.agritech.doae.go.th
www.research.doae.go.th
www.nongkhai.doae.go.th
www.sawankhalok.sukhothai.doae.go.th
www.sukhothai.doae.go.th
www.chiangmai.doae.go.th
www.chiangmai.doae.go.th
www.chiangrai.doae.go.th
www.krabi.doae.go.th
www.phuruea.loei.doae.go.th
www.loei.doae.go.th
www.sewii.doae.go.th
www.phosai.ubonratchathani.doae.go.th
www.ubonratchathani.doae.go.th
www.uthaithani.doae.go.th
www.pathumthani.doae.go.th
www.nongwuaso.udonthani.doae.go.th
www.udonthani.doae.go.th
www.thachana.suratthani.doae.go.th
www.wiangsa.suratthani.doae.go.th
www.khiansa.suratthani.doae.go.th
www.chaiya.suratthani.doae.go.th
www.mueang.suratthani.doae.go.th
www.thachang.suratthani.doae.go.th
www.phrasaeng.suratthani.doae.go.th
www.vibhavadi.suratthani.doae.go.th
www.chaiburi.suratthani.doae.go.th
www.kosamui.suratthani.doae.go.th
www.donsak.suratthani.doae.go.th
www.bannadoem.suratthani.doae.go.th
www.khiriratnikhom.suratthani.doae.go.th
www.phanom.suratthani.doae.go.th
www.kophangan.suratthani.doae.go.th
www.bannasan.suratthani.doae.go.th
www.phunphin.suratthani.doae.go.th
www.bantakhun.suratthani.doae.go.th
www.kanchanadit.suratthani.doae.go.th
