www.spk200.ac.th
www.kp10.ac.th
www.mail.kp10.ac.th
www.rpk20.ac.th
www.tr30.ac.th
www.mail.tr30.ac.th
www.tr30.ac.th
www.chalerm60.ac.th
www.mail.chalerm60.ac.th
www.sw101.ac.th
www.sw101.ac.th
www.rpk21.ac.th
www.mail.rpk21.ac.th
www.ns.rpk21.ac.th
www.bkl21.ac.th
www.rpg41.ac.th
www.racha1.ac.th
www.mail.racha1.ac.th
www.ivene1.ac.th
www.cvei1.ac.th
www.iven1.ac.th
www.rms.iven1.ac.th
www.congratulations.iven1.ac.th
www.iven1.ac.th
www.banharn1.ac.th
www.veis1.ac.th
www.pms1.ac.th
www.mail.pms1.ac.th
www.ts1.ac.th
www.mail.ts1.ac.th
www.ts1.ac.th
www.rpk22.ac.th
www.sapa2.ac.th
www.sapa2.ac.th
www.tsb2.ac.th
www.mail.tsb2.ac.th
www.pakphanang2.ac.th
www.mail.pakphanang2.ac.th
www.pakphanang2.ac.th
www.rtech2.ac.th
www.mail.rtech2.ac.th
www.rtech2.ac.th
www.rth2.ac.th
www.mail.rth2.ac.th
www.rth2.ac.th
www.bk2.ac.th
www.webdisk.bk2.ac.th
www.cpanel.bk2.ac.th
www.mail.bk2.ac.th
www.webmail.bk2.ac.th
www.tsk2.ac.th
www.swk2.ac.th
www.jongshop.swk2.ac.th
www.ns.swk2.ac.th
www.streechaiyaphum2.ac.th
www.mail.streechaiyaphum2.ac.th
www.ben2.ac.th
www.ben2.ac.th
www.samsen2.ac.th
www.mail.samsen2.ac.th
www.bodin2.ac.th
www.eoffice.bodin2.ac.th
www.e-exam.bodin2.ac.th
www.app.bodin2.ac.th
www.tutor.bodin2.ac.th
www.bodin2.ac.th
www.rn2.ac.th
www.sahakorn2.ac.th
www.ns.sahakorn2.ac.th
www.loadbalance.srp2.ac.th
www.srp2.ac.th
www.ivenr2.ac.th
www.webdisk.ivenr2.ac.th
www.cpanel.ivenr2.ac.th
www.webmail.ivenr2.ac.th
www.yorwor2.ac.th
www.moodle.yorwor2.ac.th
www.drive.yorwor2.ac.th
www.ldap.yorwor2.ac.th
www.lms.yorwor2.ac.th
www.yorwor2.ac.th
www.swr2.ac.th
www.mail.swr2.ac.th
www.swr2.ac.th
www.yes2.ac.th
www.veis2.ac.th
www.st2.ac.th
www.kkw2.ac.th
www.sw2.ac.th
www.dns01.sw2.ac.th
www.ns1.sw2.ac.th
www.ns2.sw2.ac.th
www.ns3.sw2.ac.th
www.pikulonline.sw2.ac.th
www.ssp.sw2.ac.th
www.ns1.senior.sw2.ac.th
www.ns2.senior.sw2.ac.th
www.student34366.senior.sw2.ac.th
www.ns1.student34366.senior.sw2.ac.th
www.ns2.student34366.senior.sw2.ac.th
www.mail.student34366.senior.sw2.ac.th
www.school-ict.sw2.ac.th
www.sw2.ac.th
www.nmrsw2.ac.th
www.eoffice2.nmrsw2.ac.th
www.nmrsw2.ac.th
www.eoffice.nmrsw2.ac.th
www.big.nmrsw2.ac.th
www.cardmg.nmrsw2.ac.th
www.surasak.nmrsw2.ac.th
www.tutor.nmrsw2.ac.th
www.nmrsw2.ac.th
www.mybox.nmrsw2.ac.th
www.betty2.ac.th
www.ns1.betty2.ac.th
www.ns2.betty2.ac.th
www.mail.betty2.ac.th
www.rpg23.ac.th
www.rpg23.ac.th
www.ansspm23.ac.th
www.mail.ansspm23.ac.th
www.ansspm23.ac.th
www.ivene3.ac.th
www.banhan3.ac.th
www.bodin3.ac.th
www.ns1.bodin3.ac.th
www.srv1.bodin3.ac.th
www.ns2.bodin3.ac.th
www.admission.bodin3.ac.th
www.computer.bodin3.ac.th
www.dlit.bodin3.ac.th
www.bodin3.ac.th
www.apssurin3.ac.th
www.mpp3.ac.th
www.ivenr3.ac.th
www.ives3.ac.th
www.rms.ives3.ac.th
www.ives3.ac.th
www.ts3.ac.th
www.satriwit3.ac.th
www.venr-4.ac.th
www.eng24.ac.th
www.eng24.ac.th
www.tb4.ac.th
www.ivec4.ac.th
www.mail.ivec4.ac.th
www.ivene4.ac.th
www.ns1.ivene4.ac.th
www.ivene4.ac.th
www.bodin4.ac.th
www.bodin4.ac.th
www.rpg15.ac.th
www.ns1.rpg15.ac.th
www.ns2.rpg15.ac.th
www.food.rpg15.ac.th
www.mail.food.rpg15.ac.th
www.unifi.rpg15.ac.th
www.mail.unifi.rpg15.ac.th
www.hotspot.rpg15.ac.th
www.rpg15.ac.th
www.thairathwithaya55.ac.th
www.mail.thairathwithaya55.ac.th
www.wattumru65.ac.th
www.thairath95.ac.th
www.mail.thairath95.ac.th
www.thairath95.ac.th
www.vei5.ac.th
www.ts5.ac.th
www.mail.ts5.ac.th
www.ts5.ac.th
www.st5.ac.th
www.mail.st5.ac.th
www.nw5.ac.th
www.mail.nw5.ac.th
www.nw5.ac.th
www.rpg26.ac.th
www.tesaban6.ac.th
www.ns.tesaban6.ac.th
www.npp6.ac.th
www.mail.npp6.ac.th
www.thairathvithaya37.ac.th
www.mail.thairathvithaya37.ac.th
www.rpk37.ac.th
www.mail.rpk37.ac.th
www.rpk37.ac.th
www.tesaban7.ac.th
www.mail.tesaban7.ac.th
www.tesaban7.ac.th
www.rpk38.ac.th
www.rpg39.ac.th
www.mail.rpg39.ac.th
www.thairathwittaya69.ac.th
www.mail.thairathwittaya69.ac.th
www.praram9.ac.th
www.mail.praram9.ac.th
www.praram9.ac.th
www.taa.ac.th
www.anantaa.ac.th
www.cba.ac.th
www.siba.ac.th
www.mail.siba.ac.th
www.siba.ac.th
www.nca.ac.th
www.ftp.nca.ac.th
www.nca.ac.th
www.rpca.ac.th
www.isb1.rpca.ac.th
www.ns2.rpca.ac.th
www.sapa.rpca.ac.th
www.qa.rpca.ac.th
www.lib.rpca.ac.th
www.vlib.rpca.ac.th
www.cnic.rpca.ac.th
www.forensic.rpca.ac.th
www.edoc.rpca.ac.th
www.ptsd.rpca.ac.th
www.policescience.rpca.ac.th
www.young-executive.rpca.ac.th
www.staff.rpca.ac.th
www.policetraining.rpca.ac.th
www.elearning.rpca.ac.th
www.social.rpca.ac.th
www.journal.rpca.ac.th
www.pirom.rpca.ac.th
www.mpa-sm.rpca.ac.th
www.admission.rpca.ac.th
www.webapp.rpca.ac.th
www.itar.rpca.ac.th
www.server.rpca.ac.th
www.ir.rpca.ac.th
www.es.rpca.ac.th
www.gis.rpca.ac.th
www.cadet.rpca.ac.th
www.precadet.rpca.ac.th
www.gist.rpca.ac.th
www.rpca.ac.th
www.sca.ac.th
www.sca.ac.th
www.rachada.ac.th
www.rachada.ac.th
www.ratchada.ac.th
www.webdisk.ratchada.ac.th
www.cpanel.ratchada.ac.th
www.webmail.ratchada.ac.th
www.budget.ratchada.ac.th
www.budget.ratchada.ac.th
www.teerapada.ac.th
www.parada.ac.th
www.ratsada.ac.th
www.ratsada.ac.th
www.teeratada.ac.th
www.mail.teeratada.ac.th
www.teeratada.ac.th
www.waseda.ac.th
www.webdisk.waseda.ac.th
www.cpanel.waseda.ac.th
www.new.waseda.ac.th
www.new.waseda.ac.th
www.thida.ac.th
www.nida.ac.th
www.student01.nida.ac.th
www.library1.nida.ac.th
www.dns2.nida.ac.th
www.library2.nida.ac.th
www.library3.nida.ac.th
www.www2014.nida.ac.th
www.mba.nida.ac.th
www.icada.nida.ac.th
www.libmedia.nida.ac.th
www.gspa.nida.ac.th
www.qa.nida.ac.th
www.isec.nida.ac.th
www.libmod.nida.ac.th
www.hrd.nida.ac.th
www.hrd.nida.ac.th
www.conference.nida.ac.th
www.ssde.nida.ac.th
www.mailgate.nida.ac.th
www.ief.nida.ac.th
www.reloff.nida.ac.th
www.reg.nida.ac.th
www.libreg.nida.ac.th
www.training.nida.ac.th
www.libsearch.nida.ac.th
www.journal.nida.ac.th
www.portal.nida.ac.th
www.personnel.nida.ac.th
www.nidapoll.nida.ac.th
www.nidabusinessschool.nida.ac.th
www.qol.nida.ac.th
www.km.nida.ac.th
www.km.nida.ac.th
www.vpn.nida.ac.th
www.ico.nida.ac.th
www.demo.nida.ac.th
www.law-demo.nida.ac.th
www.atsapp.nida.ac.th
www.tour.nida.ac.th
www.as.nida.ac.th
www.ics.nida.ac.th
www.cpcs.nida.ac.th
www.it-grads.nida.ac.th
www.ethesis.nida.ac.th
www.libdcms.nida.ac.th
www.lms.nida.ac.th
www.sms.nida.ac.th
www.dns.nida.ac.th
www.ers.nida.ac.th
www.css.nida.ac.th
www.ats.nida.ac.th
www.forecast.nida.ac.th
www.econ-test.nida.ac.th
www.gspahost.nida.ac.th
www.cydu.nida.ac.th
www.stu.nida.ac.th
www.law.nida.ac.th
www.nida.ac.th
www.library.nida.ac.th
www.repository.nida.ac.th
www.srifarida.ac.th
www.pramanda.ac.th
www.siriaunda.ac.th
www.bokluea.ac.th
www.nivea.ac.th
www.nkrafa.ac.th
www.ns2.nkrafa.ac.th
www.intra.nkrafa.ac.th
www.cadetwing.nkrafa.ac.th
www.zipgun.nkrafa.ac.th
www.nkrafa.ac.th
www.ns1.kaset-phangnga.ac.th
www.rms.kaset-phangnga.ac.th
www.ns.kaset-phangnga.ac.th
www.kaset-phangnga.ac.th
www.satreephangnga.ac.th
www.saha.ac.th
www.mis.saha.ac.th
www.saha.ac.th
www.rms.cvc-cha.ac.th
www.cvc-cha.ac.th
www.bungsriracha.ac.th
www.mail.bungsriracha.ac.th
www.technosriracha.ac.th
www.technosriracha.ac.th
www.sripracha.ac.th
www.sripracha.ac.th
www.tripracha.ac.th
www.mail.tripracha.ac.th
www.tripracha.ac.th
www.dupracha.ac.th
www.dupracha.ac.th
www.decha.ac.th
www.satidbuddha.ac.th
www.mail.satidbuddha.ac.th
www.nongmakha.ac.th
www.sangkha.ac.th
www.mail.sangkha.ac.th
www.sangkha.ac.th
www.tungkha.ac.th
www.mail.tungkha.ac.th
www.tungkha.ac.th
www.samkha.ac.th
www.mail.samkha.ac.th
www.t5denha.ac.th
www.mail.t5denha.ac.th
www.ns.t5denha.ac.th
www.burapha.ac.th
www.mail.burapha.ac.th
www.ns.burapha.ac.th
www.cpha.ac.th
www.punjatha.ac.th
www.mail.punjatha.ac.th
www.satha.ac.th
www.satha.ac.th
www.maetha.ac.th
www.mail.maetha.ac.th
www.maetha.ac.th
www.photha.ac.th
www.lib.photha.ac.th
www.elearning.photha.ac.th
www.pis.photha.ac.th
www.ns.photha.ac.th
www.photha.ac.th
www.sattha.ac.th
www.ns.sattha.ac.th
www.ns1.phayuha.ac.th
www.ns2.phayuha.ac.th
www.ns.phayuha.ac.th
www.avemaria.ac.th
www.technoasia.ac.th
www.technoasia.ac.th
www.nevia.ac.th
www.nevia.ac.th
www.svia.ac.th
www.graduate-vec.svia.ac.th
www.svia.ac.th
www.klongtaja.ac.th
www.sajja.ac.th
www.panja.ac.th
www.benja.ac.th
www.mail.benja.ac.th
www.ka.ac.th
www.mail.ka.ac.th
www.ka.ac.th
www.pomnaka.ac.th
www.pomnaka.ac.th
www.patumkongka.ac.th
www.ns.patumkongka.ac.th
www.aiyika.ac.th
www.summasikka.ac.th
www.lka.ac.th
www.lka.ac.th
www.ssv-asoka.ac.th
www.ns1.mala.ac.th
www.mala.ac.th
www.thasala.ac.th
www.thasala.ac.th
www.nongsala.ac.th
www.mail.nongsala.ac.th
www.nongsala.ac.th
www.yala.ac.th
www.mail.yala.ac.th
www.yala.ac.th
www.library.yala.ac.th
www.kbyala.ac.th
www.ipeyala.ac.th
www.ipeyala.ac.th
www.ns1.bcnyala.ac.th
www.bcnyala.ac.th
www.tepleela.ac.th
www.anubansongkhla.ac.th
www.tonkla.ac.th
www.chula.ac.th
www.cu100.chula.ac.th
www.aar2011.chula.ac.th
www.ntp1.chula.ac.th
www.proxy1.chula.ac.th
www.sat2.chula.ac.th
www.proxy2.chula.ac.th
www.w3.chula.ac.th
www.proxy3.chula.ac.th
www.cudson2017.chula.ac.th
www.score.chamchurigames38.chula.ac.th
www.chamchurigames38.chula.ac.th
www.satitsamakkee39.chula.ac.th
www.rspg9.chula.ac.th
www.faa.chula.ac.th
www.cca.chula.ac.th
www.cu-qa.chula.ac.th
www.m.mentor.sa.chula.ac.th
www.sa.chula.ac.th
www.acc.chula.ac.th
www.npi154710.acc.chula.ac.th
www.npi838910.acc.chula.ac.th
www.npiab8760.acc.chula.ac.th
www.sec001599439301.acc.chula.ac.th
www.npi144701.acc.chula.ac.th
www.rdwa01.acc.chula.ac.th
www.rdsh01.acc.chula.ac.th
www.finapp01.acc.chula.ac.th
www.findev01.acc.chula.ac.th
www.npif29311.acc.chula.ac.th
www.npifde321.acc.chula.ac.th
www.cbsweb1.acc.chula.ac.th
www.finbsd1.acc.chula.ac.th
www.statsrv1.acc.chula.ac.th
www.erp-ac2.acc.chula.ac.th
www.fxc09103.acc.chula.ac.th
www.npif5ae03.acc.chula.ac.th
www.npi22e423.acc.chula.ac.th
www.sec001599439363.acc.chula.ac.th
www.npia64cb3.acc.chula.ac.th
www.npi0102c3.acc.chula.ac.th
www.ds3.acc.chula.ac.th
www.ds4.acc.chula.ac.th
www.cbs75.acc.chula.ac.th
www.npi51ba46.acc.chula.ac.th
www.npif7b637.acc.chula.ac.th
www.npi10e888.acc.chula.ac.th
www.npi6af32a.acc.chula.ac.th
www.epsonb4434a.acc.chula.ac.th
www.npif7e65a.acc.chula.ac.th
www.npif50f5a.acc.chula.ac.th
www.npi24268a.acc.chula.ac.th
www.idba.acc.chula.ac.th
www.philosophia.acc.chula.ac.th
www.arthena.acc.chula.ac.th
www.c30190ta.acc.chula.ac.th
www.c10290ta.acc.chula.ac.th
www.c20490ta.acc.chula.ac.th
www.c20590ta.acc.chula.ac.th
www.npi6e489b.acc.chula.ac.th
www.c2049010s-imac.acc.chula.ac.th
www.c2049020s-imac.acc.chula.ac.th
www.c2049001s-imac.acc.chula.ac.th
www.c2049011s-imac.acc.chula.ac.th
www.c2049021s-imac.acc.chula.ac.th
www.c2049002s-imac.acc.chula.ac.th
www.c2049012s-imac.acc.chula.ac.th
www.c2049003s-imac.acc.chula.ac.th
www.c2049013s-imac.acc.chula.ac.th
www.c2049023s-imac.acc.chula.ac.th
www.c2049004s-imac.acc.chula.ac.th
www.c2049014s-imac.acc.chula.ac.th
www.c2049024s-imac.acc.chula.ac.th
www.c2049015s-imac.acc.chula.ac.th
www.c2049025s-imac.acc.chula.ac.th
www.c2049006s-imac.acc.chula.ac.th
www.c2049016s-imac.acc.chula.ac.th
www.c2049007s-imac.acc.chula.ac.th
www.c2049017s-imac.acc.chula.ac.th
www.c2049018s-imac.acc.chula.ac.th
www.c2049009s-imac.acc.chula.ac.th
www.c2049019s-imac.acc.chula.ac.th
www.bbc.acc.chula.ac.th
www.intl-acc.acc.chula.ac.th
www.sec001599439acc.acc.chula.ac.th
www.sapacc.acc.chula.ac.th
www.kwacc.acc.chula.ac.th
www.fic.acc.chula.ac.th
www.statpc.acc.chula.ac.th
www.acc-vc.acc.chula.ac.th
www.sec0015992fbc7d.acc.chula.ac.th
www.conference.acc.chula.ac.th
www.bloomberg.acc.chula.ac.th
www.mammoth.acc.chula.ac.th
www.staffvdi.acc.chula.ac.th
www.vcentervdi.acc.chula.ac.th
www.webcomm.acc.chula.ac.th
www.cnn.acc.chula.ac.th
www.bitsvn.acc.chula.ac.th
www.virgo.acc.chula.ac.th
www.the-zero.acc.chula.ac.th
www.p.acc.chula.ac.th
www.sap.acc.chula.ac.th
www.dr.acc.chula.ac.th
www.researchdr.acc.chula.ac.th
www.vrl-server.acc.chula.ac.th
www.accserver.acc.chula.ac.th
www.admserver.acc.chula.ac.th
www.wwwserver.acc.chula.ac.th
www.hermes.acc.chula.ac.th
www.hypothesis.acc.chula.ac.th
www.admissions.acc.chula.ac.th
www.minos.acc.chula.ac.th
www.wsus.acc.chula.ac.th
www.it.acc.chula.ac.th
www.webtest.acc.chula.ac.th
www.localhost.acc.chula.ac.th
www.stu.acc.chula.ac.th
www.student_srv.acc.chula.ac.th
www.dbsrv.acc.chula.ac.th
www.mailsrv.acc.chula.ac.th
www.intranetsv.acc.chula.ac.th
www.sapkw.acc.chula.ac.th
www.nox.acc.chula.ac.th
www.activity.acc.chula.ac.th
www.app.strec.chula.ac.th
www.cer.lic.chula.ac.th
www.lic.chula.ac.th
www.ejournal.academic.chula.ac.th
www.academic.chula.ac.th
www.eric.chula.ac.th
www.mooc.chula.ac.th
www.cybersoc.chula.ac.th
www.sunsv1.ppc.chula.ac.th
www.ppc-gw.ppc.chula.ac.th
www.ppc.chula.ac.th
www.origin3900.sc.chula.ac.th
www.origin350.sc.chula.ac.th
www.escience0.sc.chula.ac.th
www.perfsonar-cms-1.sc.chula.ac.th
www.asimmod2011.sc.chula.ac.th
www.tera1.sc.chula.ac.th
www.escience1.sc.chula.ac.th
www.radius1.sc.chula.ac.th
www.perfsonar-cms-2.sc.chula.ac.th
www.escience2.sc.chula.ac.th
www.biochem2.sc.chula.ac.th
www.escience3.sc.chula.ac.th
www.radical3.sc.chula.ac.th
www.mail3.sc.chula.ac.th
www.radical4.sc.chula.ac.th
www.365.sc.chula.ac.th
www.ad365.365.sc.chula.ac.th
www.achpr7.sc.chula.ac.th
www.physicslab.sc.chula.ac.th
www.sclvcc.sc.chula.ac.th
www.hp01.avic.sc.chula.ac.th
www.hp02.avic.sc.chula.ac.th
www.hp03.avic.sc.chula.ac.th
www.mail.avic.sc.chula.ac.th
www.avic.sc.chula.ac.th
www.cms-squid.sc.chula.ac.th
www.cms-ce.sc.chula.ac.th
www.hubble.sc.chula.ac.th
www.cms-se.sc.chula.ac.th
www.chemtech.sc.chula.ac.th
www.math.sc.chula.ac.th
www.db2server1.math.sc.chula.ac.th
www.gamma.math.sc.chula.ac.th
www.beta.math.sc.chula.ac.th
www.delta.math.sc.chula.ac.th
www.grad.math.sc.chula.ac.th
www.diamond.math.sc.chula.ac.th
www.service.math.sc.chula.ac.th
www.ising.math.sc.chula.ac.th
www.local.math.sc.chula.ac.th
www.wingman.math.sc.chula.ac.th
www.hp8000dn.math.sc.chula.ac.th
www.newton.math.sc.chula.ac.th
www.euler.math.sc.chula.ac.th
www.cps.math.sc.chula.ac.th
www.mat.math.sc.chula.ac.th
www.phichet.math.sc.chula.ac.th
www.math.sc.chula.ac.th
www.ruby.math.sc.chula.ac.th
www.topaz.math.sc.chula.ac.th
www.cms-apel.sc.chula.ac.th
www.mail.sc.chula.ac.th
www.freedom.sc.chula.ac.th
www.livingmuseum.sc.chula.ac.th
www.mail.geo.sc.chula.ac.th
www.dlis.geo.sc.chula.ac.th
www.db2ldap.sc.chula.ac.th
www.tabcluster.sc.chula.ac.th
www.sclvcs.sc.chula.ac.th
www.mis.sc.chula.ac.th
www.mis.sc.chula.ac.th
www.sclms.sc.chula.ac.th
www.lambda900.phys.sc.chula.ac.th
www.netlab10.phys.sc.chula.ac.th
www.room620.phys.sc.chula.ac.th
www.tabgate0.phys.sc.chula.ac.th
www.phys001.phys.sc.chula.ac.th
www.nat01.phys.sc.chula.ac.th
www.it01.phys.sc.chula.ac.th
www.room611.phys.sc.chula.ac.th
www.camera1.phys.sc.chula.ac.th
www.wijitmac1.phys.sc.chula.ac.th
www.teapc1.phys.sc.chula.ac.th
www.gradpc1.phys.sc.chula.ac.th
www.undergrdpc1.phys.sc.chula.ac.th
www.service1.phys.sc.chula.ac.th
www.tabgate1.phys.sc.chula.ac.th
www.cozmo1.phys.sc.chula.ac.th
www.elect1.phys.sc.chula.ac.th
www.prlprt1.phys.sc.chula.ac.th
www.phys002.phys.sc.chula.ac.th
www.lab602.phys.sc.chula.ac.th
www.room602.phys.sc.chula.ac.th
www.nat02.phys.sc.chula.ac.th
www.it02.phys.sc.chula.ac.th
www.netlab12.phys.sc.chula.ac.th
www.room622.phys.sc.chula.ac.th
www.phys042.phys.sc.chula.ac.th
www.physlib2.phys.sc.chula.ac.th
www.gradpc2.phys.sc.chula.ac.th
www.mbe2.phys.sc.chula.ac.th
www.service2.phys.sc.chula.ac.th
www.tabgate2.phys.sc.chula.ac.th
www.cmrg2.phys.sc.chula.ac.th
www.cozmo2.phys.sc.chula.ac.th
www.rctfp2.phys.sc.chula.ac.th
www.ns2.phys.sc.chula.ac.th
www.elect2.phys.sc.chula.ac.th
www.wisit2.phys.sc.chula.ac.th
www.prlprt2.phys.sc.chula.ac.th
www.nat03.phys.sc.chula.ac.th
www.it03.phys.sc.chula.ac.th
www.room613.phys.sc.chula.ac.th
www.netlab13.phys.sc.chula.ac.th
www.dl323.phys.sc.chula.ac.th
www.room623.phys.sc.chula.ac.th
www.physlib3.phys.sc.chula.ac.th
www.gradpc3.phys.sc.chula.ac.th
www.undergrdpc3.phys.sc.chula.ac.th
www.service3.phys.sc.chula.ac.th
www.elect3.phys.sc.chula.ac.th
www.it04.phys.sc.chula.ac.th
www.room614.phys.sc.chula.ac.th
www.netlab14.phys.sc.chula.ac.th
www.physlib4.phys.sc.chula.ac.th
www.undergrdpc4.phys.sc.chula.ac.th
www.elect4.phys.sc.chula.ac.th
www.it05.phys.sc.chula.ac.th
www.xray05.phys.sc.chula.ac.th
www.room625.phys.sc.chula.ac.th
www.physlib5.phys.sc.chula.ac.th
www.elect5.phys.sc.chula.ac.th
www.nat06.phys.sc.chula.ac.th
www.it06.phys.sc.chula.ac.th
www.room616.phys.sc.chula.ac.th
www.it16.phys.sc.chula.ac.th
www.physlib6.phys.sc.chula.ac.th
www.nat07.phys.sc.chula.ac.th
www.it07.phys.sc.chula.ac.th
www.room617.phys.sc.chula.ac.th
www.room627.phys.sc.chula.ac.th
www.it08.phys.sc.chula.ac.th
www.room618.phys.sc.chula.ac.th
www.phys028.phys.sc.chula.ac.th
www.netlab09.phys.sc.chula.ac.th
www.it09.phys.sc.chula.ac.th
www.room619.phys.sc.chula.ac.th
www.it19.phys.sc.chula.ac.th
www.lab629.phys.sc.chula.ac.th
www.phys199.phys.sc.chula.ac.th
www.lab34a.phys.sc.chula.ac.th
www.andromeda.phys.sc.chula.ac.th
www.alpha.phys.sc.chula.ac.th
www.nebula.phys.sc.chula.ac.th
www.gamma.phys.sc.chula.ac.th
www.plasma.phys.sc.chula.ac.th
www.jantana.phys.sc.chula.ac.th
www.corona.phys.sc.chula.ac.th
www.sriprapa.phys.sc.chula.ac.th
www.camera.phys.sc.chula.ac.th
www.beta.phys.sc.chula.ac.th
www.delta.phys.sc.chula.ac.th
www.kwanta.phys.sc.chula.ac.th
www.lab34b.phys.sc.chula.ac.th
www.netlab.phys.sc.chula.ac.th
www.advlab.phys.sc.chula.ac.th
www.physdb.phys.sc.chula.ac.th
www.kularb.phys.sc.chula.ac.th
www.dirac.phys.sc.chula.ac.th
www.academic.phys.sc.chula.ac.th
www.classic.phys.sc.chula.ac.th
www.zinc.phys.sc.chula.ac.th
www.applied.phys.sc.chula.ac.th
www.rietveld.phys.sc.chula.ac.th
www.gold.phys.sc.chula.ac.th
www.kud.phys.sc.chula.ac.th
www.physcloud.phys.sc.chula.ac.th
www.cvd.phys.sc.chula.ac.th
www.pvd.phys.sc.chula.ac.th
www.mbe.phys.sc.chula.ac.th
www.trace.phys.sc.chula.ac.th
www.office.phys.sc.chula.ac.th
www.zee.phys.sc.chula.ac.th
www.cme.phys.sc.chula.ac.th
www.winme.phys.sc.chula.ac.th
www.thitimine.phys.sc.chula.ac.th
www.qe.phys.sc.chula.ac.th
www.flare.phys.sc.chula.ac.th
www.physgate.phys.sc.chula.ac.th
www.laue.phys.sc.chula.ac.th
www.debye.phys.sc.chula.ac.th
www.bragg.phys.sc.chula.ac.th
www.meeting.phys.sc.chula.ac.th
www.pong.phys.sc.chula.ac.th
www.cmrg.phys.sc.chula.ac.th
www.chaisingh.phys.sc.chula.ac.th
www.forbush.phys.sc.chula.ac.th
www.hepth.phys.sc.chula.ac.th
www.earth.phys.sc.chula.ac.th
www.phi.phys.sc.chula.ac.th
www.fermi.phys.sc.chula.ac.th
www.choosri.phys.sc.chula.ac.th
www.shock.phys.sc.chula.ac.th
www.financial.phys.sc.chula.ac.th
www.crystal.phys.sc.chula.ac.th
www.angel.phys.sc.chula.ac.th
www.nickel.phys.sc.chula.ac.th
www.hall.phys.sc.chula.ac.th
www.sprl.phys.sc.chula.ac.th
www.spex500m.phys.sc.chula.ac.th
www.spex750m.phys.sc.chula.ac.th
www.afm.phys.sc.chula.ac.th
www.scrm.phys.sc.chula.ac.th
www.indium.phys.sc.chula.ac.th
www.helium.phys.sc.chula.ac.th
www.gallium.phys.sc.chula.ac.th
www.cadmium.phys.sc.chula.ac.th
www.selenium.phys.sc.chula.ac.th
www.tantalum.phys.sc.chula.ac.th
www.platinum.phys.sc.chula.ac.th
www.caribean.phys.sc.chula.ac.th
www.feynman.phys.sc.chula.ac.th
www.hydrogen.phys.sc.chula.ac.th
www.nitrogen.phys.sc.chula.ac.th
www.oxygen.phys.sc.chula.ac.th
www.tungsten.phys.sc.chula.ac.th
www.alfven.phys.sc.chula.ac.th
www.einstein.phys.sc.chula.ac.th
www.itadmin.phys.sc.chula.ac.th
www.tin.phys.sc.chula.ac.th
www.thitin.phys.sc.chula.ac.th
www.carbon.phys.sc.chula.ac.th
www.silicon.phys.sc.chula.ac.th
www.radon.phys.sc.chula.ac.th
www.neon.phys.sc.chula.ac.th
www.argon.phys.sc.chula.ac.th
www.fermion.phys.sc.chula.ac.th
www.education.phys.sc.chula.ac.th
www.epsilon.phys.sc.chula.ac.th
www.holon.phys.sc.chula.ac.th
www.inthanon.phys.sc.chula.ac.th
www.xenon.phys.sc.chula.ac.th
www.magnon.phys.sc.chula.ac.th
www.spinon.phys.sc.chula.ac.th
www.phonon.phys.sc.chula.ac.th
www.moon.phys.sc.chula.ac.th
www.boson.phys.sc.chula.ac.th
www.simpson.phys.sc.chula.ac.th
www.exciton.phys.sc.chula.ac.th
www.soliton.phys.sc.chula.ac.th
www.polariton.phys.sc.chula.ac.th
www.hamilton.phys.sc.chula.ac.th
www.krypton.phys.sc.chula.ac.th
www.procyon.phys.sc.chula.ac.th
www.anyon.phys.sc.chula.ac.th
www.modern.phys.sc.chula.ac.th
www.hp4350dtn.phys.sc.chula.ac.th
www.sun.phys.sc.chula.ac.th
www.bilbo.phys.sc.chula.ac.th
www.1pondo.phys.sc.chula.ac.th
www.galileo.phys.sc.chula.ac.th
www.pluto.phys.sc.chula.ac.th
www.phys610ap.phys.sc.chula.ac.th
www.phys504ap.phys.sc.chula.ac.th
www.phys118ap.phys.sc.chula.ac.th
www.sep.phys.sc.chula.ac.th
www.loop.phys.sc.chula.ac.th
www.solar.phys.sc.chula.ac.th
www.pulsar.phys.sc.chula.ac.th
www.skywalker.phys.sc.chula.ac.th
www.copper.phys.sc.chula.ac.th
www.bohr.phys.sc.chula.ac.th
www.zr.phys.sc.chula.ac.th
www.cmrgas.phys.sc.chula.ac.th
www.legolas.phys.sc.chula.ac.th
www.higgs.phys.sc.chula.ac.th
www.pspongs.phys.sc.chula.ac.th
www.hp4550ps.phys.sc.chula.ac.th
www.fl19ps.phys.sc.chula.ac.th
www.aps.phys.sc.chula.ac.th
www.officeps.phys.sc.chula.ac.th
www.sirius.phys.sc.chula.ac.th
www.nat.phys.sc.chula.ac.th
www.pirapat.phys.sc.chula.ac.th
www.elect.phys.sc.chula.ac.th
www.dft.phys.sc.chula.ac.th
www.somrit.phys.sc.chula.ac.th
www.aphisit.phys.sc.chula.ac.th
www.wisit.phys.sc.chula.ac.th
www.tokyohot.phys.sc.chula.ac.th
www.physprt.phys.sc.chula.ac.th
www.pongtest.phys.sc.chula.ac.th
www.gwt.phys.sc.chula.ac.th
www.gamow.phys.sc.chula.ac.th
www.phys.sc.chula.ac.th
www.registry.phys.sc.chula.ac.th
www.scibest.sc.chula.ac.th
www.esciencecu.sc.chula.ac.th
www.sc.chula.ac.th
www.cms-vobox.sc.chula.ac.th
www.chemistry3.chemistry.sc.chula.ac.th
www.chemistry.sc.chula.ac.th
www.spsc.chula.ac.th
www.admission2.atc.chula.ac.th
www.admission3.atc.chula.ac.th
www.register.atc.chula.ac.th
www.unicad.chula.ac.th
www.ethesis1.grad.chula.ac.th
www.data.grad.chula.ac.th
www.plag.grad.chula.ac.th
www.macmthai.grad.chula.ac.th
www.tip.grad.chula.ac.th
www.logistics.grad.chula.ac.th
www.thesis.grad.chula.ac.th
www.ithesis.grad.chula.ac.th
www.maeus.grad.chula.ac.th
www.grad.chula.ac.th
www.hednetucd.chula.ac.th
www.md.chula.ac.th
www.icd10.md.chula.ac.th
www.intra1.md.chula.ac.th
www.dc1.md.chula.ac.th
www.md1.md.chula.ac.th
www.hosting1.md.chula.ac.th
www.cuml1.md.chula.ac.th
www.aruba.cuml1.md.chula.ac.th
www.wifi.cuml1.md.chula.ac.th
www.login.cuml1.md.chula.ac.th
www.ns1.md.chula.ac.th
www.www1.md.chula.ac.th
www.booking2.md.chula.ac.th
www.e-learning2.md.chula.ac.th
www.hosting2.md.chula.ac.th
www.cuml2.md.chula.ac.th
www.login.cuml2.md.chula.ac.th
www.psm2.md.chula.ac.th
www.vpn2.md.chula.ac.th
www.ortho2.md.chula.ac.th
www.ns2.md.chula.ac.th
www.acsmdcu2.md.chula.ac.th
www.w2.md.chula.ac.th
www.md3.md.chula.ac.th
www.cuml3.md.chula.ac.th
www.w3.md.chula.ac.th
www.red5.md.chula.ac.th
www.hosting5.md.chula.ac.th
www.md9.md.chula.ac.th
www.aaa.md.chula.ac.th
www.aruba.md.chula.ac.th
www.orthochula.md.chula.ac.th
www.pharma.md.chula.ac.th
www.trauma.md.chula.ac.th
www.qa.md.chula.ac.th
www.rehab.md.chula.ac.th
www.skilllab.md.chula.ac.th
www.forensicdb.md.chula.ac.th
www.medlib.md.chula.ac.th
www.facultyclub.md.chula.ac.th
www.abc.md.chula.ac.th
www.cc.md.chula.ac.th
www.cmic.md.chula.ac.th
www.accounts.cmic.md.chula.ac.th
www.cumic.md.chula.ac.th
www.forensic.md.chula.ac.th
www.161.200.98.17.static.md.chula.ac.th
www.161.200.98.18.static.md.chula.ac.th
www.crc.md.chula.ac.th
www.msc.md.chula.ac.th
www.acad.md.chula.ac.th
www.grad.md.chula.ac.th
www.rehabmed.md.chula.ac.th
www.labmed.md.chula.ac.th
www.biomed.md.chula.ac.th
www.neuromed.md.chula.ac.th
www.cumed.md.chula.ac.th
www.itservice.md.chula.ac.th
www.medschedule.md.chula.ac.th
www.seajme.md.chula.ac.th
www.scanscope.md.chula.ac.th
www.graduate.md.chula.ac.th
www.parasite.md.chula.ac.th
www.chansue.md.chula.ac.th
www.live.md.chula.ac.th
www.staff.md.chula.ac.th
www.webconf.md.chula.ac.th
www.reg.md.chula.ac.th
www.acadreg.md.chula.ac.th
www.cubig.md.chula.ac.th
www.ageing.md.chula.ac.th
www.aging.md.chula.ac.th
www.booking.md.chula.ac.th
www.training.md.chula.ac.th
www.meeting.md.chula.ac.th
www.testing.md.chula.ac.th
www.hosting.md.chula.ac.th
www.th.md.chula.ac.th
www.path.md.chula.ac.th
www.cai.md.chula.ac.th
www.clinicalsci.md.chula.ac.th
www.wifi.md.chula.ac.th
www.alumni.md.chula.ac.th
www.cacti.md.chula.ac.th
www.exambank.md.chula.ac.th
www.ilogbook.md.chula.ac.th
www.backoffice.ilogbook.md.chula.ac.th
www.hormonal.md.chula.ac.th
www.hospital.md.chula.ac.th
www.cl.md.chula.ac.th
www.mail.md.chula.ac.th
www.stemcell.md.chula.ac.th
www.cuml.md.chula.ac.th
www.bodyandsoul.md.chula.ac.th
www.acm.md.chula.ac.th
www.pcm.md.chula.ac.th
www.biochem.md.chula.ac.th
www.chotiwan.md.chula.ac.th
www.cdn.md.chula.ac.th
www.en.md.chula.ac.th
www.admission.md.chula.ac.th
www.person.md.chula.ac.th
www.vpn.md.chula.ac.th
www.ortho.md.chula.ac.th
www.micro.md.chula.ac.th
www.hp.md.chula.ac.th
www.chulahp.md.chula.ac.th
www.rsapp.md.chula.ac.th
www.ftp.md.chula.ac.th
www.ktp.md.chula.ac.th
www.backup.md.chula.ac.th
www.molecular.md.chula.ac.th
www.acumanager.md.chula.ac.th
www.logger.md.chula.ac.th
www.cisco-capwap-controller.md.chula.ac.th
www.cisco-lwapp-controller.md.chula.ac.th
www.poster.md.chula.ac.th
www.pr.md.chula.ac.th
www.pacs.md.chula.ac.th
www.itcs.md.chula.ac.th
www.wcs.md.chula.ac.th
www.edu4kids.md.chula.ac.th
www.solarwinds.md.chula.ac.th
www.intranet.md.chula.ac.th
www.broadcast.md.chula.ac.th
www.mytest.md.chula.ac.th
www.handout.md.chula.ac.th
www.emagmdcu.md.chula.ac.th
www.acsmdcu.md.chula.ac.th
www.mcu.md.chula.ac.th
www.mediscu.md.chula.ac.th
www.stu.md.chula.ac.th
www.webserv.md.chula.ac.th
www.w.md.chula.ac.th
www.ironview.md.chula.ac.th
www.md-gw.md.chula.ac.th
www.mailgw.md.chula.ac.th
www.px.md.chula.ac.th
www.radiology.md.chula.ac.th
www.physiology.md.chula.ac.th
www.ophthalmology.md.chula.ac.th
www.anatomy.md.chula.ac.th
www.gallery.md.chula.ac.th
www.psychiatry.md.chula.ac.th
www.xyz.md.chula.ac.th
www.itd.chula.ac.th
www.office1.u-office.chula.ac.th
www.orafin1.u-office.chula.ac.th
www.general.u-office.chula.ac.th
www.chemsafe.chula.ac.th
www.senate.chula.ac.th
www.pps.pf.chula.ac.th
www.reg.chula.ac.th
www3.reg.chula.ac.th
www.chularegnet4.reg.chula.ac.th
www.chularegnet5.reg.chula.ac.th
www5.reg.chula.ac.th
www.chularegnet6.reg.chula.ac.th
www6.reg.chula.ac.th
www.www7.reg.chula.ac.th
www.cas.reg.chula.ac.th
www.ads.reg.chula.ac.th
www.dev.reg.chula.ac.th
www.reg.chula.ac.th
www.eng.chula.ac.th
www.me1.eng.chula.ac.th
www.metal1.eng.chula.ac.th
www.cubme2.eng.chula.ac.th
www.ise2.eng.chula.ac.th
www.reg2.eng.chula.ac.th
www.ej2.eng.chula.ac.th
www.ej2.eng.chula.ac.th
www.mail2.eng.chula.ac.th
www.sites2.eng.chula.ac.th
www.intranet2.eng.chula.ac.th
www.testintranet2.eng.chula.ac.th
www.apsec2013.eng.chula.ac.th
www.aotule2013.eng.chula.ac.th
www.eng2013.eng.chula.ac.th
www.cubme3.eng.chula.ac.th
www.sync365.eng.chula.ac.th
www.acm59.eng.chula.ac.th
www.cia.eng.chula.ac.th
www.qa.eng.chula.ac.th
www.centraldb.eng.chula.ac.th
www.meweb.eng.chula.ac.th
www.me2sub.eng.chula.ac.th
www.manage.ecc.eng.chula.ac.th
www.ecc.eng.chula.ac.th
www.tecc.eng.chula.ac.th
www.acec-aeec.eng.chula.ac.th
www.elec.eng.chula.ac.th
www.contest.acm-icpc.eng.chula.ac.th
www.acm-icpc.eng.chula.ac.th
www.esc.eng.chula.ac.th
www.vesc.eng.chula.ac.th
www.ecchd.eng.chula.ac.th
www.finance.eng.chula.ac.th
www.ee.eng.chula.ac.th
www.ie.eng.chula.ac.th
www.ne.eng.chula.ac.th
www.icare.eng.chula.ac.th
www.api.icare.eng.chula.ac.th
www.admin.icare.eng.chula.ac.th
www.bot.icare.eng.chula.ac.th
www.perture.eng.chula.ac.th
www.project-wre.eng.chula.ac.th
www.moodle.ise.eng.chula.ac.th
www.ise.eng.chula.ac.th
www.rcmse.eng.chula.ac.th
www.cuse.eng.chula.ac.th
www.ecccouse.eng.chula.ac.th
www.eye.eng.chula.ac.th
www.reg.eng.chula.ac.th
www.reg.eng.chula.ac.th
www.maileng.eng.chula.ac.th
www.planing.eng.chula.ac.th
www.mining.eng.chula.ac.th
www.ping.eng.chula.ac.th
www.imeeting.eng.chula.ac.th
www.defengtech.eng.chula.ac.th
www.pi.eng.chula.ac.th
www.ej.eng.chula.ac.th
www.network.eng.chula.ac.th
www.el.eng.chula.ac.th
www.personnel.eng.chula.ac.th
www.mail.eng.chula.ac.th
www.email.eng.chula.ac.th
www.fsadfsafmail.eng.chula.ac.th
www.civil.eng.chula.ac.th
www.linglham.eng.chula.ac.th
www.chem.eng.chula.ac.th
www.bio.chem.eng.chula.ac.th
www.chem.eng.chula.ac.th
www.nm.eng.chula.ac.th
www.isevm.eng.chula.ac.th
www.eccdomain.eng.chula.ac.th
www.dhcpwin.eng.chula.ac.th
www.tanakorn.eng.chula.ac.th
www.innovationexpo.eng.chula.ac.th
www.map.eng.chula.ac.th
www.dhcp-92-100.cp.eng.chula.ac.th
www.dhcp-93-100.cp.eng.chula.ac.th
www.dhcp-92-200.cp.eng.chula.ac.th
www.dhcp-92-110.cp.eng.chula.ac.th
www.dhcp-93-110.cp.eng.chula.ac.th
www.dhcp-92-210.cp.eng.chula.ac.th
www.dhcp-92-120.cp.eng.chula.ac.th
www.dhcp-93-120.cp.eng.chula.ac.th
www.dhcp-92-220.cp.eng.chula.ac.th
www.dhcp-92-030.cp.eng.chula.ac.th
www.dhcp-92-230.cp.eng.chula.ac.th
www.dhcp-92-040.cp.eng.chula.ac.th
www.dhcp-92-140.cp.eng.chula.ac.th
www.dhcp-93-140.cp.eng.chula.ac.th
www.dhcp-92-240.cp.eng.chula.ac.th
www.dhcp-92-050.cp.eng.chula.ac.th
www.dhcp-92-150.cp.eng.chula.ac.th
www.dhcp-93-150.cp.eng.chula.ac.th
www.dhcp-92-250.cp.eng.chula.ac.th
www.dhcp-92-060.cp.eng.chula.ac.th
www.dhcp-92-160.cp.eng.chula.ac.th
www.dhcp-93-160.cp.eng.chula.ac.th
www.dhcp-92-170.cp.eng.chula.ac.th
www.dhcp-93-170.cp.eng.chula.ac.th
www.dhcp-92-080.cp.eng.chula.ac.th
www.dhcp-93-080.cp.eng.chula.ac.th
www.dhcp-92-180.cp.eng.chula.ac.th
www.dhcp-93-180.cp.eng.chula.ac.th
www.dhcp-92-090.cp.eng.chula.ac.th
www.dhcp-93-090.cp.eng.chula.ac.th
www.dhcp-92-190.cp.eng.chula.ac.th
www.dhcp-92-101.cp.eng.chula.ac.th
www.dhcp-92-201.cp.eng.chula.ac.th
www.dhcp-92-111.cp.eng.chula.ac.th
www.dhcp-93-111.cp.eng.chula.ac.th
www.dhcp-92-211.cp.eng.chula.ac.th
www.dhcp-92-121.cp.eng.chula.ac.th
www.dhcp-93-121.cp.eng.chula.ac.th
www.dhcp-92-221.cp.eng.chula.ac.th
www.dhcp-92-031.cp.eng.chula.ac.th
www.dhcp-92-231.cp.eng.chula.ac.th
www.dhcp-92-041.cp.eng.chula.ac.th
www.dhcp-92-141.cp.eng.chula.ac.th
www.dhcp-93-141.cp.eng.chula.ac.th
www.dhcp-92-241.cp.eng.chula.ac.th
www.dhcp-92-051.cp.eng.chula.ac.th
www.dhcp-92-151.cp.eng.chula.ac.th
www.dhcp-93-151.cp.eng.chula.ac.th
www.dhcp-92-251.cp.eng.chula.ac.th
www.dhcp-92-061.cp.eng.chula.ac.th
www.dhcp-92-161.cp.eng.chula.ac.th
www.dhcp-93-161.cp.eng.chula.ac.th
www.dhcp-93-071.cp.eng.chula.ac.th
www.dhcp-92-171.cp.eng.chula.ac.th
www.dhcp-93-171.cp.eng.chula.ac.th
www.dhcp-92-081.cp.eng.chula.ac.th
www.dhcp-93-081.cp.eng.chula.ac.th
www.dhcp-92-181.cp.eng.chula.ac.th
www.dhcp-93-181.cp.eng.chula.ac.th
www.dhcp-92-091.cp.eng.chula.ac.th
www.dhcp-93-091.cp.eng.chula.ac.th
www.dhcp-92-191.cp.eng.chula.ac.th
www.aura1.cp.eng.chula.ac.th
www.esxi-cisco1.cp.eng.chula.ac.th
www.www1.cp.eng.chula.ac.th
www.dhcp-92-102.cp.eng.chula.ac.th
www.dhcp-93-102.cp.eng.chula.ac.th
www.dhcp-92-202.cp.eng.chula.ac.th
www.dhcp-92-112.cp.eng.chula.ac.th
www.dhcp-93-112.cp.eng.chula.ac.th
www.dhcp-92-212.cp.eng.chula.ac.th
www.dhcp-92-122.cp.eng.chula.ac.th
www.dhcp-93-122.cp.eng.chula.ac.th
www.dhcp-92-222.cp.eng.chula.ac.th
www.dhcp-92-032.cp.eng.chula.ac.th
www.dhcp-92-232.cp.eng.chula.ac.th
www.dhcp-92-042.cp.eng.chula.ac.th
www.dhcp-92-142.cp.eng.chula.ac.th
www.dhcp-93-142.cp.eng.chula.ac.th
www.dhcp-92-242.cp.eng.chula.ac.th
www.dhcp-92-052.cp.eng.chula.ac.th
www.dhcp-92-152.cp.eng.chula.ac.th
www.dhcp-93-152.cp.eng.chula.ac.th
www.dhcp-92-252.cp.eng.chula.ac.th
www.dhcp-92-162.cp.eng.chula.ac.th
www.dhcp-93-162.cp.eng.chula.ac.th
www.dhcp-93-072.cp.eng.chula.ac.th
www.dhcp-92-172.cp.eng.chula.ac.th
www.dhcp-93-172.cp.eng.chula.ac.th
www.dhcp-92-082.cp.eng.chula.ac.th
www.dhcp-93-082.cp.eng.chula.ac.th
www.dhcp-92-182.cp.eng.chula.ac.th
www.dhcp-93-182.cp.eng.chula.ac.th
www.dhcp-92-092.cp.eng.chula.ac.th
www.dhcp-93-092.cp.eng.chula.ac.th
www.dhcp-92-192.cp.eng.chula.ac.th
www.isl2.cp.eng.chula.ac.th
www.esxi-cisco2.cp.eng.chula.ac.th
www.webhost2.cp.eng.chula.ac.th
www.zabbix2.cp.eng.chula.ac.th
www.dhcp-92-103.cp.eng.chula.ac.th
www.dhcp-93-103.cp.eng.chula.ac.th
www.dhcp-92-203.cp.eng.chula.ac.th
www.dhcp-92-113.cp.eng.chula.ac.th
www.dhcp-93-113.cp.eng.chula.ac.th
www.dhcp-92-213.cp.eng.chula.ac.th
www.dhcp-92-023.cp.eng.chula.ac.th
www.dhcp-92-123.cp.eng.chula.ac.th
www.dhcp-93-123.cp.eng.chula.ac.th
www.dhcp-92-223.cp.eng.chula.ac.th
www.dhcp-92-033.cp.eng.chula.ac.th
www.dhcp-92-233.cp.eng.chula.ac.th
www.dhcp-92-043.cp.eng.chula.ac.th
www.dhcp-92-143.cp.eng.chula.ac.th
www.dhcp-93-143.cp.eng.chula.ac.th
www.dhcp-92-243.cp.eng.chula.ac.th
www.dhcp-92-053.cp.eng.chula.ac.th
www.dhcp-92-153.cp.eng.chula.ac.th
www.dhcp-93-153.cp.eng.chula.ac.th
www.dhcp-92-253.cp.eng.chula.ac.th
www.dhcp-92-163.cp.eng.chula.ac.th
www.dhcp-93-163.cp.eng.chula.ac.th
www.dhcp-93-073.cp.eng.chula.ac.th
www.dhcp-92-173.cp.eng.chula.ac.th
www.dhcp-93-173.cp.eng.chula.ac.th
www.dhcp-92-083.cp.eng.chula.ac.th
www.dhcp-92-183.cp.eng.chula.ac.th
www.dhcp-93-183.cp.eng.chula.ac.th
www.dhcp-92-093.cp.eng.chula.ac.th
www.dhcp-93-093.cp.eng.chula.ac.th
www.dhcp-92-193.cp.eng.chula.ac.th
www.dhcp-92-104.cp.eng.chula.ac.th
www.dhcp-93-104.cp.eng.chula.ac.th
www.dhcp-92-204.cp.eng.chula.ac.th
www.dhcp-92-114.cp.eng.chula.ac.th
www.dhcp-93-114.cp.eng.chula.ac.th
www.dhcp-92-214.cp.eng.chula.ac.th
www.dhcp-92-024.cp.eng.chula.ac.th
www.dhcp-92-124.cp.eng.chula.ac.th
www.dhcp-93-124.cp.eng.chula.ac.th
www.dhcp-92-224.cp.eng.chula.ac.th
www.dhcp-92-034.cp.eng.chula.ac.th
www.dhcp-92-234.cp.eng.chula.ac.th
www.dhcp-92-044.cp.eng.chula.ac.th
www.dhcp-92-144.cp.eng.chula.ac.th
www.dhcp-93-144.cp.eng.chula.ac.th
www.dhcp-92-244.cp.eng.chula.ac.th
www.dhcp-92-054.cp.eng.chula.ac.th
www.dhcp-92-154.cp.eng.chula.ac.th
www.dhcp-93-154.cp.eng.chula.ac.th
www.dhcp-92-164.cp.eng.chula.ac.th
www.dhcp-93-164.cp.eng.chula.ac.th
www.dhcp-93-074.cp.eng.chula.ac.th
www.dhcp-92-174.cp.eng.chula.ac.th
www.dhcp-93-174.cp.eng.chula.ac.th
www.dhcp-92-084.cp.eng.chula.ac.th
www.dhcp-93-084.cp.eng.chula.ac.th
www.dhcp-92-184.cp.eng.chula.ac.th
www.dhcp-93-184.cp.eng.chula.ac.th
www.dhcp-92-094.cp.eng.chula.ac.th
www.dhcp-93-094.cp.eng.chula.ac.th
www.dhcp-92-194.cp.eng.chula.ac.th
www.dhcp-92-105.cp.eng.chula.ac.th
www.dhcp-93-105.cp.eng.chula.ac.th
www.dhcp-92-205.cp.eng.chula.ac.th
www.dhcp-92-115.cp.eng.chula.ac.th
www.dhcp-93-115.cp.eng.chula.ac.th
www.dhcp-92-215.cp.eng.chula.ac.th
www.dhcp-92-025.cp.eng.chula.ac.th
www.dhcp-92-125.cp.eng.chula.ac.th
www.dhcp-93-125.cp.eng.chula.ac.th
www.dhcp-92-225.cp.eng.chula.ac.th
www.dhcp-92-035.cp.eng.chula.ac.th
www.dhcp-92-235.cp.eng.chula.ac.th
www.dhcp-92-045.cp.eng.chula.ac.th
www.dhcp-92-145.cp.eng.chula.ac.th
www.dhcp-93-145.cp.eng.chula.ac.th
www.dhcp-92-245.cp.eng.chula.ac.th
www.dhcp-92-055.cp.eng.chula.ac.th
www.dhcp-92-155.cp.eng.chula.ac.th
www.dhcp-92-165.cp.eng.chula.ac.th
www.dhcp-93-165.cp.eng.chula.ac.th
www.dhcp-92-075.cp.eng.chula.ac.th
www.dhcp-93-075.cp.eng.chula.ac.th
www.dhcp-92-175.cp.eng.chula.ac.th
www.dhcp-93-175.cp.eng.chula.ac.th
www.dhcp-92-085.cp.eng.chula.ac.th
www.dhcp-93-085.cp.eng.chula.ac.th
www.dhcp-92-185.cp.eng.chula.ac.th
www.dhcp-93-185.cp.eng.chula.ac.th
www.dhcp-92-095.cp.eng.chula.ac.th
www.dhcp-93-095.cp.eng.chula.ac.th
www.dhcp-92-195.cp.eng.chula.ac.th
www.dhcp-92-106.cp.eng.chula.ac.th
www.dhcp-93-106.cp.eng.chula.ac.th
www.dhcp-92-116.cp.eng.chula.ac.th
www.dhcp-93-116.cp.eng.chula.ac.th
www.dhcp-92-216.cp.eng.chula.ac.th
www.dhcp-92-026.cp.eng.chula.ac.th
www.dhcp-92-226.cp.eng.chula.ac.th
www.dhcp-92-036.cp.eng.chula.ac.th
www.dhcp-93-136.cp.eng.chula.ac.th
www.dhcp-92-236.cp.eng.chula.ac.th
www.dhcp-92-046.cp.eng.chula.ac.th
www.dhcp-92-146.cp.eng.chula.ac.th
www.dhcp-93-146.cp.eng.chula.ac.th
www.dhcp-92-246.cp.eng.chula.ac.th
www.dhcp-92-056.cp.eng.chula.ac.th
www.dhcp-92-156.cp.eng.chula.ac.th
www.dhcp-93-156.cp.eng.chula.ac.th
www.dhcp-92-166.cp.eng.chula.ac.th
www.dhcp-93-166.cp.eng.chula.ac.th
www.dhcp-92-076.cp.eng.chula.ac.th
www.dhcp-92-176.cp.eng.chula.ac.th
www.dhcp-93-176.cp.eng.chula.ac.th
www.dhcp-92-086.cp.eng.chula.ac.th
www.dhcp-93-086.cp.eng.chula.ac.th
www.dhcp-92-186.cp.eng.chula.ac.th
www.dhcp-93-186.cp.eng.chula.ac.th
www.dhcp-92-096.cp.eng.chula.ac.th
www.dhcp-93-096.cp.eng.chula.ac.th
www.dhcp-92-196.cp.eng.chula.ac.th
www.dhcp-92-107.cp.eng.chula.ac.th
www.dhcp-93-107.cp.eng.chula.ac.th
www.dhcp-92-207.cp.eng.chula.ac.th
www.dhcp-92-117.cp.eng.chula.ac.th
www.dhcp-93-117.cp.eng.chula.ac.th
www.dhcp-92-217.cp.eng.chula.ac.th
www.dhcp-92-027.cp.eng.chula.ac.th
www.dhcp-92-227.cp.eng.chula.ac.th
www.dhcp-92-037.cp.eng.chula.ac.th
www.dhcp-93-137.cp.eng.chula.ac.th
www.dhcp-92-047.cp.eng.chula.ac.th
www.dhcp-92-147.cp.eng.chula.ac.th
www.dhcp-93-147.cp.eng.chula.ac.th
www.dhcp-92-247.cp.eng.chula.ac.th
www.dhcp-92-057.cp.eng.chula.ac.th
www.dhcp-92-157.cp.eng.chula.ac.th
www.dhcp-93-157.cp.eng.chula.ac.th
www.dhcp-92-167.cp.eng.chula.ac.th
www.dhcp-93-167.cp.eng.chula.ac.th
www.dhcp-92-077.cp.eng.chula.ac.th
www.dhcp-93-077.cp.eng.chula.ac.th
www.dhcp-92-177.cp.eng.chula.ac.th
www.dhcp-93-177.cp.eng.chula.ac.th
www.dhcp-92-087.cp.eng.chula.ac.th
www.dhcp-93-087.cp.eng.chula.ac.th
www.dhcp-92-187.cp.eng.chula.ac.th
www.dhcp-93-187.cp.eng.chula.ac.th
www.dhcp-92-097.cp.eng.chula.ac.th
www.dhcp-93-097.cp.eng.chula.ac.th
www.dhcp-92-197.cp.eng.chula.ac.th
www.dhcp-92-108.cp.eng.chula.ac.th
www.dhcp-93-108.cp.eng.chula.ac.th
www.dhcp-92-208.cp.eng.chula.ac.th
www.dhcp-92-118.cp.eng.chula.ac.th
www.dhcp-93-118.cp.eng.chula.ac.th
www.dhcp-92-218.cp.eng.chula.ac.th
www.dhcp-92-028.cp.eng.chula.ac.th
www.dhcp-92-228.cp.eng.chula.ac.th
www.dhcp-92-038.cp.eng.chula.ac.th
www.dhcp-93-138.cp.eng.chula.ac.th
www.dhcp-92-238.cp.eng.chula.ac.th
www.dhcp-92-048.cp.eng.chula.ac.th
www.dhcp-92-148.cp.eng.chula.ac.th
www.dhcp-93-148.cp.eng.chula.ac.th
www.dhcp-92-248.cp.eng.chula.ac.th
www.dhcp-92-058.cp.eng.chula.ac.th
www.dhcp-92-158.cp.eng.chula.ac.th
www.dhcp-93-158.cp.eng.chula.ac.th
www.dhcp-92-168.cp.eng.chula.ac.th
www.dhcp-93-168.cp.eng.chula.ac.th
www.dhcp-92-078.cp.eng.chula.ac.th
www.dhcp-93-078.cp.eng.chula.ac.th
www.dhcp-92-178.cp.eng.chula.ac.th
www.dhcp-93-178.cp.eng.chula.ac.th
www.dhcp-92-088.cp.eng.chula.ac.th
www.dhcp-93-088.cp.eng.chula.ac.th
www.dhcp-92-188.cp.eng.chula.ac.th
www.dhcp-93-188.cp.eng.chula.ac.th
www.dhcp-92-098.cp.eng.chula.ac.th
www.dhcp-93-098.cp.eng.chula.ac.th
www.dhcp-92-198.cp.eng.chula.ac.th
www.dhcp-92-109.cp.eng.chula.ac.th
www.dhcp-93-109.cp.eng.chula.ac.th
www.dhcp-92-209.cp.eng.chula.ac.th
www.dhcp-92-119.cp.eng.chula.ac.th
www.dhcp-93-119.cp.eng.chula.ac.th
www.dhcp-92-219.cp.eng.chula.ac.th
www.dhcp-92-029.cp.eng.chula.ac.th
www.dhcp-92-229.cp.eng.chula.ac.th
www.dhcp-92-039.cp.eng.chula.ac.th
www.dhcp-92-139.cp.eng.chula.ac.th
www.dhcp-93-139.cp.eng.chula.ac.th
www.dhcp-92-239.cp.eng.chula.ac.th
www.dhcp-92-049.cp.eng.chula.ac.th
www.dhcp-92-149.cp.eng.chula.ac.th
www.dhcp-93-149.cp.eng.chula.ac.th
www.dhcp-92-249.cp.eng.chula.ac.th
www.dhcp-92-059.cp.eng.chula.ac.th
www.dhcp-92-159.cp.eng.chula.ac.th
www.dhcp-93-159.cp.eng.chula.ac.th
www.dhcp-92-169.cp.eng.chula.ac.th
www.dhcp-93-169.cp.eng.chula.ac.th
www.dhcp-92-079.cp.eng.chula.ac.th
www.dhcp-93-079.cp.eng.chula.ac.th
www.dhcp-93-179.cp.eng.chula.ac.th
www.dhcp-92-089.cp.eng.chula.ac.th
www.dhcp-93-089.cp.eng.chula.ac.th
www.dhcp-92-189.cp.eng.chula.ac.th
www.dhcp-93-189.cp.eng.chula.ac.th
www.dhcp-92-099.cp.eng.chula.ac.th
www.dhcp-93-099.cp.eng.chula.ac.th
www.db.cp.eng.chula.ac.th
www.generic.cp.eng.chula.ac.th
www.isl2-old.cp.eng.chula.ac.th
www.disk-std.cp.eng.chula.ac.th
www.space.cp.eng.chula.ac.th
www.mindspace.cp.eng.chula.ac.th
www.orange.cp.eng.chula.ac.th
www.oracle.cp.eng.chula.ac.th
www.isl2-file.cp.eng.chula.ac.th
www.neptune.cp.eng.chula.ac.th
www.infinite.cp.eng.chula.ac.th
www.dns-slave.cp.eng.chula.ac.th
www.sls-cg.cp.eng.chula.ac.th
www.fmg.cp.eng.chula.ac.th
www.cgci.cp.eng.chula.ac.th
www.jamjuri.cp.eng.chula.ac.th
www.vlsi.cp.eng.chula.ac.th
www.esxi.cp.eng.chula.ac.th
www.openstack.cp.eng.chula.ac.th
www.isl-dsel.cp.eng.chula.ac.th
www.isel.cp.eng.chula.ac.th
www.indian.cp.eng.chula.ac.th
www.docman.cp.eng.chula.ac.th
www.titan.cp.eng.chula.ac.th
www.mytambon.cp.eng.chula.ac.th
www.mango.cp.eng.chula.ac.th
www.dhcp.cp.eng.chula.ac.th
www.natcp.cp.eng.chula.ac.th
www.swq.cp.eng.chula.ac.th
www.mailer.cp.eng.chula.ac.th
www.dns-master.cp.eng.chula.ac.th
www.cp-router.cp.eng.chula.ac.th
www.se-server.cp.eng.chula.ac.th
www.sls-server.cp.eng.chula.ac.th
www.smr.cp.eng.chula.ac.th
www.ds.cp.eng.chula.ac.th
www.mis.cp.eng.chula.ac.th
www.artemis.cp.eng.chula.ac.th
www.elite-sls.cp.eng.chula.ac.th
www.pegasus.cp.eng.chula.ac.th
www.intranet.cp.eng.chula.ac.th
www.ubinet.cp.eng.chula.ac.th
www.fingerprint.cp.eng.chula.ac.th
www.disk-dept.cp.eng.chula.ac.th
www.isl2-dev.cp.eng.chula.ac.th
www.mail-gw.cp.eng.chula.ac.th
www.cp.eng.chula.ac.th
www.zabbix.cp.eng.chula.ac.th
www.sky.cp.eng.chula.ac.th
www.discovery.cp.eng.chula.ac.th
www.ilp.eng.chula.ac.th
www.ilp.eng.chula.ac.th
www.water.eng.chula.ac.th
www.register.eng.chula.ac.th
www.intarnet.ces.eng.chula.ac.th
www.ns.eng.chula.ac.th
www.studentaffairs.eng.chula.ac.th
www.studentaffairs.eng.chula.ac.th
www.radius.eng.chula.ac.th
www.intranet.eng.chula.ac.th
www.testintranet.eng.chula.ac.th
www.newintranet.eng.chula.ac.th
www.student.eng.chula.ac.th
www.helpdesktest.eng.chula.ac.th
www.dc2engcu.eng.chula.ac.th
www.watercu.eng.chula.ac.th
www.env.eng.chula.ac.th
www.cu-ocw.eng.chula.ac.th
www.fw.eng.chula.ac.th
www.eng.chula.ac.th
www.pheonix.eng.chula.ac.th
www.apply.eng.chula.ac.th
www.library.eng.chula.ac.th
www.vle.arch.chula.ac.th
www.arch.chula.ac.th
www.portal.research.chula.ac.th
www.unisearch.chula.ac.th
www.home.cph.chula.ac.th
www.sirius.cph.chula.ac.th
www.library.cph.chula.ac.th
www.mail.polsci.chula.ac.th
www.ids.polsci.chula.ac.th
www.tdw.polsci.chula.ac.th
www.pw.polsci.chula.ac.th
www.culi.chula.ac.th
www.mail.eri.chula.ac.th
www.mis.eri.chula.ac.th
www.eri.chula.ac.th
www.data.cusri.chula.ac.th
www.tri.chula.ac.th
www.cubook.cubook.chula.ac.th
www.wap.cubook.chula.ac.th
www.lgsvr1.legal.chula.ac.th
www.lgsvr2.legal.chula.ac.th
www.lgsvr4.legal.chula.ac.th
www.material.chula.ac.th
www.rural.chula.ac.th
www.memohall.chula.ac.th
www.km.chula.ac.th
www.cucqm.chula.ac.th
www.pharm.chula.ac.th
www.elearning.pharm.chula.ac.th
www.pharm.chula.ac.th
www.lms.hrm.chula.ac.th
www.recruit.hrm.chula.ac.th
www.prm.chula.ac.th
www.hsm.chula.ac.th
www.cheqa.osm.chula.ac.th
www.idms.osm.chula.ac.th
www.osm.chula.ac.th
www.satitm.chula.ac.th
www.bkkforum.chula.ac.th
www.sasa.sasin.chula.ac.th
www.sep.sasin.chula.ac.th
www.smtp.sasin.chula.ac.th
www.sasin.chula.ac.th
www.win.chula.ac.th
www.dc1.win.chula.ac.th
www.idm1.win.chula.ac.th
www.vault1.win.chula.ac.th
www.dc2.win.chula.ac.th
www.dc3.win.chula.ac.th
www.dc4.win.chula.ac.th
www.dc1-nan.win.chula.ac.th
www.dc2-nan.win.chula.ac.th
www.dc3-nan.win.chula.ac.th
www.a4lapsvr.win.chula.ac.th
www.econ.chula.ac.th
www.cudson.chula.ac.th
www.cudson.chula.ac.th
www.survey.cudson.chula.ac.th
www.survey.cudson.chula.ac.th
www.vpn.chula.ac.th
www.aun.chula.ac.th
www.live.curadio.chula.ac.th
www.curadio.chula.ac.th
www.cu3dmap.chula.ac.th
www.sav.co-op.chula.ac.th
www.login.cuerpapp.chula.ac.th
www.cuerpapp.chula.ac.th
www.bpp.chula.ac.th
www.cuerp.chula.ac.th
www.car.chula.ac.th
www.jubilee1.car.chula.ac.th
www.omega.car.chula.ac.th
www.thaiccweb.car.chula.ac.th
www.tic.car.chula.ac.th
www.eresource.car.chula.ac.th
www.jubilee.car.chula.ac.th
www.elsone.car.chula.ac.th
www.kaze.car.chula.ac.th
www.think.car.chula.ac.th
www.thailis-local.car.chula.ac.th
www.mail.car.chula.ac.th
www.vpnauthen.car.chula.ac.th
www.citation.car.chula.ac.th
www.cuirvpn.car.chula.ac.th
www.primo.car.chula.ac.th
www.cop.car.chula.ac.th
www.dbcar.car.chula.ac.th
www.ithesisir.car.chula.ac.th
www.cuir.car.chula.ac.th
www.ns.car.chula.ac.th
www.h0h.lepaknet.car.chula.ac.th
www.sfx.car.chula.ac.th
www.nttgateway.car.chula.ac.th
www.proxy.car.chula.ac.th
www.ezproxy.car.chula.ac.th
www.mis.inter.chula.ac.th
www.autodiscover.chula.ac.th
www.csr.chula.ac.th
www.cas.chula.ac.th
www.pettycash.ofas.chula.ac.th
www.finapp01.cbs.chula.ac.th
www.cbsweb1.cbs.chula.ac.th
www.tesco2.cbs.chula.ac.th
www.philosophia.cbs.chula.ac.th
www.fic.cbs.chula.ac.th
www.space.cbs.chula.ac.th
www.research.cbs.chula.ac.th
www.soin.cbs.chula.ac.th
www.ibo.cbs.chula.ac.th
www.cbsibo.cbs.chula.ac.th
www.tesco.cbs.chula.ac.th
www.statinfo.cbs.chula.ac.th
www.accserver.cbs.chula.ac.th
www.admserver.cbs.chula.ac.th
www.isan.clubs.chula.ac.th
www.thaistudies.chula.ac.th
www.pt.ahs.chula.ac.th
www.ahs.chula.ac.th
www.surveillance.cphs.chula.ac.th
www.jhr.cphs.chula.ac.th
www.cphs.chula.ac.th
www.library.cphs.chula.ac.th
www.manusya.journals.chula.ac.th
www.bems.chula.ac.th
www.admissions.chula.ac.th
www.data.cps.chula.ac.th
www.dataportal.cps.chula.ac.th
www.cps.chula.ac.th
www.wellness.chula.ac.th
www.sara.arts.chula.ac.th
www.hic.arts.chula.ac.th
www.stc.arts.chula.ac.th
www.ling.arts.chula.ac.th
www.elearning.arts.chula.ac.th
www.intranet.arts.chula.ac.th
www.arcofmemory.arts.chula.ac.th
www.jr.commarts.chula.ac.th
www.e-news.chula.ac.th
www.intranet.chula.ac.th
www.dbm.teenet.chula.ac.th
www.broadcast.teenet.chula.ac.th
www.cuvet3.vet.chula.ac.th
www.lib.vet.chula.ac.th
www.cestream.vet.chula.ac.th
www.vet.chula.ac.th
www.edmssvr10.it.chula.ac.th
www.prtsvr01.it.chula.ac.th
www.webcloud1.it.chula.ac.th
www.psnode1.it.chula.ac.th
www.search1.it.chula.ac.th
www.netauth1.it.chula.ac.th
www.webmail1.it.chula.ac.th
www.nettool1.it.chula.ac.th
www.form1.it.chula.ac.th
www.v-scan1.it.chula.ac.th
www.sysmon1.it.chula.ac.th
www.netmon1.it.chula.ac.th
www.ldap1.it.chula.ac.th
www.ftp1.it.chula.ac.th
www.miscsvr1.it.chula.ac.th
www.logsvr1.it.chula.ac.th
www.appsvr1.it.chula.ac.th
www.backupsvr1.it.chula.ac.th
www.edmssvr1.it.chula.ac.th
www.mail-rt1.it.chula.ac.th
www.webhost1.it.chula.ac.th
www.conference-mcu1.it.chula.ac.th
www.edmsdev1.it.chula.ac.th
www.mail2-gw1.it.chula.ac.th
www.mail-gw1.it.chula.ac.th
www.db2.it.chula.ac.th
www.psnode2.it.chula.ac.th
www.webmail2.it.chula.ac.th
www.v-scan2.it.chula.ac.th
www.sysmon2.it.chula.ac.th
www.netmon2.it.chula.ac.th
www.erpvpn2.it.chula.ac.th
www.backupsvr2.it.chula.ac.th
www.edmssvr2.it.chula.ac.th
www.lms2.it.chula.ac.th
www.nms2.it.chula.ac.th
www.ns2.it.chula.ac.th
www.radius2.it.chula.ac.th
www.vault2.it.chula.ac.th
www.webhost2.it.chula.ac.th
www.conference-mcu2.it.chula.ac.th
www.mail2-gw2.it.chula.ac.th
www.mail-gw2.it.chula.ac.th
www.psnode3.it.chula.ac.th
www.webmail3.it.chula.ac.th
www.sysmon3.it.chula.ac.th
www.logsvr3.it.chula.ac.th
www.radius3.it.chula.ac.th
www.vault3.it.chula.ac.th
www.webhost3.it.chula.ac.th
www.mail2-gw3.it.chula.ac.th
www.mail-gw3.it.chula.ac.th
www.db4.it.chula.ac.th
www.psnode4.it.chula.ac.th
www.edmssvr4.it.chula.ac.th
www.radius4.it.chula.ac.th
www.webhost4.it.chula.ac.th
www.mail2-gw4.it.chula.ac.th
www.mail-gw4.it.chula.ac.th
www.echo05.it.chula.ac.th
www.edmssvr5.it.chula.ac.th
www.webhost5.it.chula.ac.th
www.mail2-gw5.it.chula.ac.th
www.mail-gw5.it.chula.ac.th
www.edmssvr6.it.chula.ac.th
www.webhost6.it.chula.ac.th
www.mail-gw6.it.chula.ac.th
www.edmssvr7.it.chula.ac.th
www.webhost7.it.chula.ac.th
www.appsvr8.it.chula.ac.th
www.edmssvr8.it.chula.ac.th
www.webhost8.it.chula.ac.th
www.bb9.it.chula.ac.th
www.db9.it.chula.ac.th
www.webhost9.it.chula.ac.th
www.bbmedia.it.chula.ac.th
www.bi-db.it.chula.ac.th
www.kmweb.it.chula.ac.th
www.managepc.it.chula.ac.th
www.cloudid.it.chula.ac.th
www.cloud.it.chula.ac.th
www.dcs-surf.it.chula.ac.th
www.netauth.it.chula.ac.th
www.bi.it.chula.ac.th
www.wifi.it.chula.ac.th
www.userportal.it.chula.ac.th
www.crystal.it.chula.ac.th
www.webmail.it.chula.ac.th
www.pastmail.it.chula.ac.th
www.tam.it.chula.ac.th
www.webucm.it.chula.ac.th
www.adm.it.chula.ac.th
www.bi-spm.it.chula.ac.th
www.pelican.it.chula.ac.th
www.miscsvr1-nan.it.chula.ac.th
www.pigeon.it.chula.ac.th
www.pluto.it.chula.ac.th
www.webmail-tmp.it.chula.ac.th
www.pelicantmp.it.chula.ac.th
www.filedrop.it.chula.ac.th
www.calendar.it.chula.ac.th
www.bi-miner.it.chula.ac.th
www.lesspaper.it.chula.ac.th
www.acs.it.chula.ac.th
www.downloads.it.chula.ac.th
www.notes.it.chula.ac.th
www.logs.it.chula.ac.th
www.nms.it.chula.ac.th
www.ns.it.chula.ac.th
www.angelos.it.chula.ac.th
www.imaps.it.chula.ac.th
www.pops.it.chula.ac.th
www.smtps.it.chula.ac.th
www.ess.it.chula.ac.th
www.lists.it.chula.ac.th
www.radius.it.chula.ac.th
www.pylorus.it.chula.ac.th
www.conference-mgt.it.chula.ac.th
www.v-scanmgt.it.chula.ac.th
www.account.it.chula.ac.th
www.netreport.it.chula.ac.th
www.support.it.chula.ac.th
www.saprt.it.chula.ac.th
www.broadcast.it.chula.ac.th
www.netcast.it.chula.ac.th
www.speedtest.it.chula.ac.th
www.webdev.it.chula.ac.th
www.mail-gw.it.chula.ac.th
www.ldapgw.it.chula.ac.th
www.it.chula.ac.th
www.cloudbox.it.chula.ac.th
www.sharebox.it.chula.ac.th
www.internal-audit.chula.ac.th
www.othodon-1.dent.chula.ac.th
www.pharmaco-1.dent.chula.ac.th
www.othodon-2.dent.chula.ac.th
www.pharmaco-2.dent.chula.ac.th
www.othodon-3.dent.chula.ac.th
www.othodon-4.dent.chula.ac.th
www.othodon-5.dent.chula.ac.th
www.othodon-6.dent.chula.ac.th
www.pedia.dent.chula.ac.th
www.lib.dent.chula.ac.th
www.prosthodontic.dent.chula.ac.th
www.periodontic.dent.chula.ac.th
www.operative.dent.chula.ac.th
www.oral-diag.dent.chula.ac.th
www.biochem.dent.chula.ac.th
www.gum.dent.chula.ac.th
www.occlusion.dent.chula.ac.th
www.dent-info.dent.chula.ac.th
www.patho.dent.chula.ac.th
www.microbio.dent.chula.ac.th
www.radio.dent.chula.ac.th
www.physio.dent.chula.ac.th
www.webels.dent.chula.ac.th
www.dent.chula.ac.th
www.anatomy.dent.chula.ac.th
www.surgery.dent.chula.ac.th
www.dent-community.dent.chula.ac.th
www.webmail.student.chula.ac.th
www.carbonfootprint.chula.ac.th
www.atc2.atccu.chula.ac.th
www.atc.atccu.chula.ac.th
www.shecu.chula.ac.th
www.satit-e-edu.chula.ac.th
www.elearning.satit-e-edu.chula.ac.th
www.afterschool.satit-e-edu.chula.ac.th
www.db.edu.chula.ac.th
www.lib.edu.chula.ac.th
www.etec.edu.chula.ac.th
www.cced.edu.chula.ac.th
www.wiki.edu.chula.ac.th
www.portal.edu.chula.ac.th
www.ndlp.edu.chula.ac.th
www.proteacher.edu.chula.ac.th
www.satit.edu.chula.ac.th
www.siamclassview.edu.chula.ac.th
www.edu.chula.ac.th
www.hpu.chula.ac.th
www.pioneer1.netserv.chula.ac.th
www.student1.netserv.chula.ac.th
www.www1.netserv.chula.ac.th
www.misc.netserv.chula.ac.th
www.explorer.netserv.chula.ac.th
www.ns.netserv.chula.ac.th
www.law.chula.ac.th
www.law.chula.ac.th
www.library.law.chula.ac.th
www.chula.ac.th
www.connex.chula.ac.th
www.datagateway.chula.ac.th
www.cugateway.chula.ac.th
www.transparency.chula.ac.th
www.library.chula.ac.th
www.psy.chula.ac.th
www.property.chula.ac.th
www.benchama.ac.th
www.ns1.benchama.ac.th
www.ns2.benchama.ac.th
www.ns3.benchama.ac.th
www.ns4.benchama.ac.th
www.web.benchama.ac.th
www.online.benchama.ac.th
www.it.benchama.ac.th
www.benchama.ac.th
www.benjama.ac.th
www.benjama.ac.th
www.nawama.ac.th
www.mail.nawama.ac.th
www.nawama.ac.th
www.srisema.ac.th
www.egtechma.ac.th
www.web.egtechma.ac.th
www.egtechma.ac.th
www.rangsima.ac.th
www.ns2.rajsima.ac.th
www.building.rajsima.ac.th
www.inform.rajsima.ac.th
www.wadpon.rajsima.ac.th
www.posn.rajsima.ac.th
www.rajsima.ac.th
www.fatima.ac.th
www.mail.fatima.ac.th
www.fatima.ac.th
www.kma.ac.th
www.promma.ac.th
www.promma.ac.th
www.bd1.crma.ac.th
www.ns1.crma.ac.th
www.crma.ac.th
www.ns3.crma.ac.th
www.operation5.crma.ac.th
www.cyberclub.crma.ac.th
www.academic.crma.ac.th
www.classified.crma.ac.th
www.ece.crma.ac.th
www.ee.crma.ac.th
www.e-learning.crma.ac.th
www.research.crma.ac.th
www.hospital.crma.ac.th
www.webmail.crma.ac.th
www.arm.crma.ac.th
www.saraban.crma.ac.th
www.academic-sarabun.crma.ac.th
www.macs-sarabun.crma.ac.th
www.crmaradio.crma.ac.th
www.kmlo.crma.ac.th
www.gdap.crma.ac.th
www.larp.crma.ac.th
www.macs.crma.ac.th
www.iot.crma.ac.th
www.histdept.crma.ac.th
www.hmmwv.crma.ac.th
www.crma.ac.th
www.thachana.ac.th
www.thachana.ac.th
www.saengtamchana.ac.th
www.ns1.saengtamchana.ac.th
www.ns2.saengtamchana.ac.th
www.mail.saengtamchana.ac.th
www.saengtamchana.ac.th
www.phana.ac.th
www.minderpathana.ac.th
www.webdisk.minderpathana.ac.th
www.cpanel.minderpathana.ac.th
www.webmail.minderpathana.ac.th
www.autodiscover.minderpathana.ac.th
www.srithana.ac.th
www.mail.srithana.ac.th
www.srithana.ac.th
www.nanthana.ac.th
www.ns1.nanthana.ac.th
www.mail.nanthana.ac.th
www.nanthana.ac.th
www.burana.ac.th
www.burana.ac.th
www3.skburana.ac.th
www.file.skburana.ac.th
www.app.skburana.ac.th
www.skburana.ac.th
www.yothinburana.ac.th
www.yothinburana.ac.th
www.kritsana.ac.th
www.mail.kritsana.ac.th
www.patana.ac.th
www.pxgate1.patana-pxgate1.patana.ac.th
www.mail1.patana.ac.th
www.wan1.patana.ac.th
www.wan2.patana.ac.th
www.pxgate3.patana.ac.th
www.wan3.patana.ac.th
www.pop3.patana.ac.th
www.pxgate4.patana.ac.th
www.exchange.patana.ac.th
www.mailgate.patana.ac.th
www.alumni.patana.ac.th
www.bpsmail.patana.ac.th
www.autodiscover.patana.ac.th
www.mailcas.patana.ac.th
www.parents.patana.ac.th
www.patana.ac.th
www.legacy.patana.ac.th
www.library.patana.ac.th
www.community.patana.ac.th
www.kurupatana.ac.th
www.course.kurupatana.ac.th
www.digital.kurupatana.ac.th
www.samchukratana.ac.th
www.ns.samchukratana.ac.th
www.baanthaiwatana.ac.th
www.mail.baanthaiwatana.ac.th
www.pattana.ac.th
www.mail.pattana.ac.th
www.pattana.ac.th
www.mechaipattana.ac.th
www.pipattana.ac.th
www.nathonpattana.ac.th
www.mail.nathonpattana.ac.th
www.plearnpattana.ac.th
www.plearnpattana.ac.th
www.satitpattana.ac.th
www.ns1.satitpattana.ac.th
www.ns2.satitpattana.ac.th
www.mail.satitpattana.ac.th
www.ess.satitpattana.ac.th
www.satitpattana.ac.th
www.sotpattana.ac.th
www.webdisk.sotpattana.ac.th
www.webmail.sotpattana.ac.th
www.autodiscover.sotpattana.ac.th
www.lertpattana.ac.th
www.ns.lertpattana.ac.th
www.wattana.ac.th
www.web.wattana.ac.th
www.wattana.ac.th
www.siriwattana.ac.th
www.sena.ac.th
www.sena.ac.th
www.satitbangna.ac.th
www.mail.satitbangna.ac.th
www.regina.ac.th
www.mail.regina.ac.th
www.regina.ac.th
www.rna.ac.th
www.mail.rna.ac.th
www.rna.ac.th
www.kasemsasna.ac.th
www.phatna.ac.th
www.mispw.phatna.ac.th
www.mispw.phatna.ac.th
www.rtna.ac.th
www.reg.rtna.ac.th
www.mx.mail.rtna.ac.th
www.elect.rtna.ac.th
www.rtna.ac.th
www.library.rtna.ac.th
www.daruna.ac.th
www.ns.daruna.ac.th
www.anubandaruna.ac.th
www.mail.anubandaruna.ac.th
www.watboa.ac.th
www.somapa.ac.th
www.ns1.somapa.ac.th
www.mail.somapa.ac.th
www.somapa.ac.th
www.napa.ac.th
www.mail.napa.ac.th
www.napa.ac.th
www.burapa.ac.th
www.ekburapa.ac.th
www.ns1.ekburapa.ac.th
www.ns2.ekburapa.ac.th
www.mail.ekburapa.ac.th
www.ns.ekburapa.ac.th
www.office.epa.ac.th
www.whitelist.epa.ac.th
www.x.epa.ac.th
www.ns3.amnuaysilpa.ac.th
www.ns4.amnuaysilpa.ac.th
www.mdoc.amnuaysilpa.ac.th
www.staffzone.amnuaysilpa.ac.th
www.blogosphere.amnuaysilpa.ac.th
www.steam.amnuaysilpa.ac.th
www.parents.amnuaysilpa.ac.th
www.amnuaysilpa.ac.th
www.suanpa.ac.th
www.mail.suanpa.ac.th
www.ns1.spa.ac.th
www.websapa.spa.ac.th
www.obecspa.school.spa.ac.th
www.cgs.school.spa.ac.th
www.spa.ac.th
www.watpa.ac.th
www.watpa.ac.th
www.ra.ac.th
www.dara.ac.th
www.web1.dara.ac.th
www.dara.ac.th
www.hadammara.ac.th
www.pvnara.ac.th
www.mail.pvnara.ac.th
www.cra.ac.th
www.chandra.ac.th
www3.chandra.ac.th
www.ipv6.chandra.ac.th
www.mail9.chandra.ac.th
www.cheqa.chandra.ac.th
www.ora.chandra.ac.th
www.web.chandra.ac.th
www.opac.chandra.ac.th
www.elec.chandra.ac.th
www.music.chandra.ac.th
www.amc.chandra.ac.th
www.amc.chandra.ac.th
www.doc.chandra.ac.th
www.educ.chandra.ac.th
www.acad.chandra.ac.th
www.acad.chandra.ac.th
www.cptd.chandra.ac.th
www.ge.chandra.ac.th
www.chandraonline.chandra.ac.th
www.culture.chandra.ac.th
www.senate.chandra.ac.th
www.graduate.chandra.ac.th
www.ilove.chandra.ac.th
www.rspg.chandra.ac.th
www.sci.chandra.ac.th
www.sci.chandra.ac.th
www.msci.chandra.ac.th
www.msci.chandra.ac.th
www.datacentermsci.chandra.ac.th
www.regwifi.chandra.ac.th
www.jmk.chandra.ac.th
www.eadmission.chandra.ac.th
www.gpvpn.chandra.ac.th
www.apro.chandra.ac.th
www.huso.chandra.ac.th
www.op.chandra.ac.th
www.teacher.chandra.ac.th
www.enter.chandra.ac.th
www.cs.chandra.ac.th
www.ccs.chandra.ac.th
www.chainat.chandra.ac.th
www.musicnet.chandra.ac.th
www.archnet.chandra.ac.th
www.humannet.chandra.ac.th
www.artnet.chandra.ac.th
www.kaset.chandra.ac.th
www.it.chandra.ac.th
www.arit.chandra.ac.th
www.arit.chandra.ac.th
www.alt.chandra.ac.th
www.mult.chandra.ac.th
www.student.chandra.ac.th
www.art.chandra.ac.th
www.edu.chandra.ac.th
www.alu.chandra.ac.th
www.ctv.chandra.ac.th
www.chandra.ac.th
www.ns1.wachira.ac.th
www.school.wachira.ac.th
www.vajira.ac.th
www.mail.vajira.ac.th
www.km.vajira.ac.th
www.education.vajira.ac.th
www.vajira.ac.th
www.pra.ac.th
www.pra.ac.th
www.horpra.ac.th
www.mail.horpra.ac.th
www.horpra.ac.th
www.wsra.ac.th
www.vichitra.ac.th
www.ns.vichitra.ac.th
www.ektra.ac.th
www.mail.ektra.ac.th
www.learn.ektra.ac.th
www.schoolinfo.ektra.ac.th
www.schoolinfo.ektra.ac.th
www.legacy.ektra.ac.th
www.kantabutra.ac.th
www.mail.kantabutra.ac.th
www.sura.ac.th
www.krupaphada.sura.ac.th
www.kruparnpitcha.sura.ac.th
www.kruwatchara.sura.ac.th
www.krukawita.sura.ac.th
www.ampond.sura.ac.th
www.cloud.sura.ac.th
www.e-learning.sura.ac.th
www.krukung.sura.ac.th
www.supachai.sura.ac.th
www.chingchai.sura.ac.th
www.sci.sura.ac.th
www.school.sura.ac.th
www.lukprain.sura.ac.th
www.kridsadakorn.sura.ac.th
www.smss.sura.ac.th
www.krusumrit.sura.ac.th
www.st.sura.ac.th
www.contest.sura.ac.th
www.stu.sura.ac.th
www.sura.ac.th
www.gallery.sura.ac.th
www.ns1.sa.ac.th
www.pasa.ac.th
www.mail.pasa.ac.th
www.pasa.ac.th
www.bsa.ac.th
www.nakaesa.ac.th
www.theresa.ac.th
www.ns1.theresa.ac.th
www.mail.theresa.ac.th
www.wiangsa.ac.th
www.mail.wiangsa.ac.th
www.wiangsa.ac.th
www.sisa.ac.th
www.webdisk.sisa.ac.th
www.cpanel.sisa.ac.th
www.webmail.sisa.ac.th
www.wbac-pruksa.ac.th
www.suksa.ac.th
www.buranasuksa.ac.th
www.mail.buranasuksa.ac.th
www.phaiyaisuksa.ac.th
www.serisuksa.ac.th
www.mail.serisuksa.ac.th
www.strisuksa.ac.th
www.nongleksuksa.ac.th
www.mail.nongleksuksa.ac.th
www.nongleksuksa.ac.th
www.udomsuksa.ac.th
www.uss-dc.udomsuksa.ac.th
www.uss-email.udomsuksa.ac.th
www.phanomsuksa.ac.th
www.suntornphommakhunsuksa.ac.th
www.mail.suntornphommakhunsuksa.ac.th
www.suntornphommakhunsuksa.ac.th
www.ict.sumontarsuksa.ac.th
www.mail.ict.sumontarsuksa.ac.th
www.pop.ict.sumontarsuksa.ac.th
www.ftp.ict.sumontarsuksa.ac.th
www.smtp.ict.sumontarsuksa.ac.th
www.ict.sumontarsuksa.ac.th
www.kajonkietsuksa.ac.th
www.holysuksa.ac.th
www.mail.holysuksa.ac.th
www.cpsa.ac.th
www.lms.cpsa.ac.th
www.cpsa.ac.th
www.vanessa.ac.th
www.mail.vanessa.ac.th
www.vanessa.ac.th
www.nunta.ac.th
www.ns1.nunta.ac.th
www.ns2.nunta.ac.th
www.mail.nunta.ac.th
www.bannangsta.ac.th
www.mail.bannangsta.ac.th
www.metta.ac.th
www.jitta.ac.th
www.watrangbua.ac.th
www.mail.watrangbua.ac.th
www.watrangbua.ac.th
www.nongbua.ac.th
www.suanbua.ac.th
www.mail.suanbua.ac.th
www.phuketthaihua.ac.th
www.ns1.phuketthaihua.ac.th
www.ns2.phuketthaihua.ac.th
www.mail.phuketthaihua.ac.th
www.jianhua.ac.th
www.mail.jianhua.ac.th
www.bunlua.ac.th
www.mail.bunlua.ac.th
www.bunlua.ac.th
www.pua.ac.th
www.student61.pua.ac.th
www.sport61.pua.ac.th
www.test61.pua.ac.th
www.entrance.pua.ac.th
www.e-learning.pua.ac.th
www.certi.pua.ac.th
www.certificates.pua.ac.th
www.student.pua.ac.th
www.pua.ac.th
www.tharua.ac.th
www.tharua.ac.th
www.wattharua.ac.th
www.mail.wattharua.ac.th
www.nongsua.ac.th
www.niva.ac.th
www.mail.niva.ac.th
www.niva.ac.th
www.ampawa.ac.th
www.mail.ampawa.ac.th
www.ampawa.ac.th
www.nongwa.ac.th
www.pichaya.ac.th
www.pichaya.ac.th
www.srisutavithaya.ac.th
www.santivithaya.ac.th
www.mail.santivithaya.ac.th
www.ayothaya.ac.th
www.mail.ayothaya.ac.th
www.ayothaya.ac.th
www.solar.sasnowatwitthaya.ac.th
www.islamsriayutthaya.ac.th
www.mail.islamsriayutthaya.ac.th
www.islamsriayutthaya.ac.th
www.panaya.ac.th
www.tapraya.ac.th
www.chaopraya.ac.th
www.mail.chaopraya.ac.th
www.chaopraya.ac.th
www.pataravitaya.ac.th
www.ns.pataravitaya.ac.th
www.suksawadwitaya.ac.th
www.pholwitaya.ac.th
www.mail.pholwitaya.ac.th
www.pholwitaya.ac.th
www.pandonwitaya.ac.th
www.mail.pandonwitaya.ac.th
www.khanompittaya.ac.th
www.mail.khanompittaya.ac.th
www.pangkenpittaya.ac.th
www.mail.pangkenpittaya.ac.th
www.piyapornpittaya.ac.th
www.chai.traimitpittaya.ac.th
www.somkidvittaya.ac.th
www.mail.somkidvittaya.ac.th
www.sungtongvittaya.ac.th
www.mail.sungtongvittaya.ac.th
www.chinnugoolvittaya.ac.th
www.webdisk.chinnugoolvittaya.ac.th
www.cpanel.chinnugoolvittaya.ac.th
www.webmail.chinnugoolvittaya.ac.th
www.udomvittaya.ac.th
www.mail.udomvittaya.ac.th
www.piyajitvittaya.ac.th
www.mail.piyajitvittaya.ac.th
www.piyajitvittaya.ac.th
www.maethawittaya.ac.th
www.mail.maethawittaya.ac.th
www.maethawittaya.ac.th
www.yuwawittaya.ac.th
www.bangmodwittaya.ac.th
www.yangklonewittaya.ac.th
www.mail.yangklonewittaya.ac.th
www.yangklonewittaya.ac.th
www.banpaengwittaya.ac.th
www.mail.banpaengwittaya.ac.th
www.longwittaya.ac.th
www.rakwittaya.ac.th
www.mail.rakwittaya.ac.th
www.muaklekwittaya.ac.th
www.muaklekwittaya.ac.th
www.sakolwittaya.ac.th
www.mail.sakolwittaya.ac.th
www.sakolwittaya.ac.th
www.chanwittaya.ac.th
www.ftp.chanwittaya.ac.th
www.chanwittaya.ac.th
www.naphowittaya.ac.th
www.mail.naphowittaya.ac.th
www.ns.naphowittaya.ac.th
www.phatowittaya.ac.th
www.mail.phatowittaya.ac.th
www.phatowittaya.ac.th
www.waleeratwittaya.ac.th
www.mail.waleeratwittaya.ac.th
www.thepsathitwittaya.ac.th
www.dusitwittaya.ac.th
www.maneeya.ac.th
www.ns.maneeya.ac.th
www.sriayudhya.ac.th
www.chaiya.ac.th
www.mail.chaiya.ac.th
www.piya.ac.th
www.piya.ac.th
www.phrapiya.ac.th
www.suriya.ac.th
www.siya.ac.th
www.ns1.siya.ac.th
www.siya5.siya.ac.th
www.admission.siya.ac.th
www.siya.ac.th
www.rittiya.ac.th
www.gifted.rittiya.ac.th
www.chutiya.ac.th
www.nya.ac.th
www.ns1.nya.ac.th
www.com.nya.ac.th
www.chonkanya.ac.th
www.mail.chonkanya.ac.th
www.chonkanya.ac.th
www.saipanya.ac.th
www.mail.saipanya.ac.th
www.saipanya.ac.th
www.plookpanya.ac.th
www.mail.plookpanya.ac.th
www.plookpanya.ac.th
www.peampanya.ac.th
www.tharnpanya.ac.th
www.tharnpanya.ac.th
www.prateab.ac.th
www.mail.prateab.ac.th
www.maesalab.ac.th
www.mail.maesalab.ac.th
www.tab.ac.th
www.mail.tab.ac.th
www.bb.ac.th
www.wbb.ac.th
www.ns1.wbb.ac.th
www.mail.ns1.wbb.ac.th
www.ns2.wbb.ac.th
www.mail.wbb.ac.th
www.mwbb.ac.th
www.mwbb.ac.th
www.cb.ac.th
www.cb.ac.th
www.pcb.ac.th
www.mail.pcb.ac.th
www.lfib.ac.th
www.ns1.lfib.ac.th
www.pronote.lfib.ac.th
www.infos.lfib.ac.th
www.lfib.ac.th
www.hoksib.ac.th
www.sjb.ac.th
www.mail.sjb.ac.th
www.kb.ac.th
www.kb.ac.th
www.nkb.ac.th
www.mail.nkb.ac.th
www.skb.ac.th
www.skb.ac.th
www.tkb.ac.th
www.ns.tkb.ac.th
www.tkb.ac.th
www.asia-lb.ac.th
www.webdisk.asia-lb.ac.th
www.cpanel.asia-lb.ac.th
www.webmail.asia-lb.ac.th
www.asclb.ac.th
www.yada.asclb.ac.th
www.sutida.asclb.ac.th
www.phonsuda.asclb.ac.th
www.panpaka.asclb.ac.th
www.kitima.asclb.ac.th
www.kanchana.asclb.ac.th
www.wadsana.asclb.ac.th
www.yanisa.asclb.ac.th
www.pornjitta.asclb.ac.th
www.sopitta.asclb.ac.th
www.kitiya.asclb.ac.th
www.monruedee.asclb.ac.th
www.anchalee.asclb.ac.th
www.tassanee.asclb.ac.th
www.patcharee.asclb.ac.th
www.natnaree.asclb.ac.th
www.pornjittee.asclb.ac.th
www.janenarong.asclb.ac.th
www.supanich.asclb.ac.th
www.sudjai.asclb.ac.th
www.phonjittri.asclb.ac.th
www.saowaluck.asclb.ac.th
www.siriluck.asclb.ac.th
www.kanokluk.asclb.ac.th
www.nutchapim.asclb.ac.th
www.kasemsan.asclb.ac.th
www.tippawan.asclb.ac.th
www.sopin.asclb.ac.th
www.jakrin.asclb.ac.th
www.preeyaphon.asclb.ac.th
www.penphon.asclb.ac.th
www.phonwimon.asclb.ac.th
www.suwimon.asclb.ac.th
www.chutiporn.asclb.ac.th
www.arporn.asclb.ac.th
www.nawanun.asclb.ac.th
www.nannapas.asclb.ac.th
www.ns.asclb.ac.th
www.nisarat.asclb.ac.th
www.kanyarat.asclb.ac.th
www.amornrat.asclb.ac.th
www.nutchanart.asclb.ac.th
www.attapitchayut.asclb.ac.th
www.swlb.ac.th
www.nb.ac.th
www.mail.nb.ac.th
www.tsb2nb.ac.th
www.bnb.ac.th
www.bcnb.ac.th
www.ns1.bcnb.ac.th
www.kmutnb.ac.th
www.wh10.kmutnb.ac.th
www.ttm01.kmutnb.ac.th
www.monitor21.kmutnb.ac.th
www.stat51.kmutnb.ac.th
www.expc1.kmutnb.ac.th
www.gl3d1.kmutnb.ac.th
www.ee1.kmutnb.ac.th
www.expe1.kmutnb.ac.th
www.kbase1.kmutnb.ac.th
www.wh1.kmutnb.ac.th
www.ds1.kmutnb.ac.th
www.ns1.kmutnb.ac.th
www.ccx1.kmutnb.ac.th
www.wh12.kmutnb.ac.th
www.traffic2.kmutnb.ac.th
www.klogic2.kmutnb.ac.th
www.gl3d2.kmutnb.ac.th
www.expe2.kmutnb.ac.th
www.kbase2.kmutnb.ac.th
www.wh2.kmutnb.ac.th
www.mssql.wh2.kmutnb.ac.th
www.ftp.wh2.kmutnb.ac.th
www.mail2.kmutnb.ac.th
www.suanpalm2.kmutnb.ac.th
www.vpn2.kmutnb.ac.th
www.ds2.kmutnb.ac.th
www.stdadmis2.kmutnb.ac.th
www.ns2.kmutnb.ac.th
www.labnet2.kmutnb.ac.th
www.kmutnb.ac.th
www.wh3.kmutnb.ac.th
www.suanpalm3.kmutnb.ac.th
www.ns3.kmutnb.ac.th
www3.kmutnb.ac.th
www.kmitnb04.kmutnb.ac.th
www.www04.kmutnb.ac.th
www.suanpalm4.kmutnb.ac.th
www.ns4.kmutnb.ac.th
www4.kmutnb.ac.th
www.ns5.kmutnb.ac.th
www.forsythia.kmutnb.ac.th
www.ma.kmutnb.ac.th
www.mail.ma.kmutnb.ac.th
www.ftp.ma.kmutnb.ac.th
www.mathtest.ma.kmutnb.ac.th
www.ma.kmutnb.ac.th
www.proxy.ma.kmutnb.ac.th
www.ma-qa.kmutnb.ac.th
www.bsa.kmutnb.ac.th
www.bsa.kmutnb.ac.th
www.eva.kmutnb.ac.th
www.teva.kmutnb.ac.th
www.ise-pcb.kmutnb.ac.th
www.researchdb.kmutnb.ac.th
www.ns1.lib.kmutnb.ac.th
www.qa.lib.kmutnb.ac.th
www.vod.lib.kmutnb.ac.th
www.backoffice.lib.kmutnb.ac.th
www.iug.lib.kmutnb.ac.th
www.ejournal.lib.kmutnb.ac.th
www.etutor.lib.kmutnb.ac.th
www.virclass.lib.kmutnb.ac.th
www.news.lib.kmutnb.ac.th
www.engpjb.kmutnb.ac.th
www.engpjb.kmutnb.ac.th
www.textpub.kmutnb.ac.th
www.mesd.hpcc.kmutnb.ac.th
www.traffic.kmutnb.ac.th
www.smat_traffic.kmutnb.ac.th
www.bkktraffic.kmutnb.ac.th
www.ad.kmutnb.ac.th
www.pcb01.ad.kmutnb.ac.th
www.bkk01.ad.kmutnb.ac.th
www.ryo01.ad.kmutnb.ac.th
www.pcb02.ad.kmutnb.ac.th
www.bkk02.ad.kmutnb.ac.th
www.ryo02.ad.kmutnb.ac.th
www.unicad.kmutnb.ac.th
www.grad.kmutnb.ac.th
www.ced.kmutnb.ac.th
www.btct.ced.kmutnb.ac.th
www.mtct.ced.kmutnb.ac.th
www.biomed.kmutnb.ac.th
www.archd.kmutnb.ac.th
www.bid.kmutnb.ac.th
www.w1.cloud.kmutnb.ac.th
www.w2.cloud.kmutnb.ac.th
www.vm03.cloud.kmutnb.ac.th
www.vm04.cloud.kmutnb.ac.th
www.veeam-dc.cloud.kmutnb.ac.th
www.veeam-backup.cloud.kmutnb.ac.th
www.veeam-dr.cloud.kmutnb.ac.th
www.vcenter.cloud.kmutnb.ac.th
www.vc-ucs.cloud.kmutnb.ac.th
www.ftp.ce.kmutnb.ac.th
www.e-service.kmutnb.ac.th
www.tgde.kmutnb.ac.th
www.edu.tgde.kmutnb.ac.th
www.ee.kmutnb.ac.th
www.supada.ee.kmutnb.ac.th
www.gaillardia.ee.kmutnb.ac.th
www.zinnia.ee.kmutnb.ac.th
www.utopia.ee.kmutnb.ac.th
www.hpc.ee.kmutnb.ac.th
www.ag.hpc.ee.kmutnb.ac.th
www.bs.hpc.ee.kmutnb.ac.th
www.mobile.ee.kmutnb.ac.th
www.rose.ee.kmutnb.ac.th
www.tuberose.ee.kmutnb.ac.th
www.cave.ee.kmutnb.ac.th
www.wolf.ee.kmutnb.ac.th
www.3g.ee.kmutnb.ac.th
www.wcng.ee.kmutnb.ac.th
www.itg.ee.kmutnb.ac.th
www.firewall.ee.kmutnb.ac.th
www.maxwell.ee.kmutnb.ac.th
www.algorithm.ee.kmutnb.ac.th
www.sun.ee.kmutnb.ac.th
www.chaiyo.ee.kmutnb.ac.th
www.ldap.ee.kmutnb.ac.th
www.mp.ee.kmutnb.ac.th
www.gis.ee.kmutnb.ac.th
www.wireless.ee.kmutnb.ac.th
www.wireless.ee.kmutnb.ac.th
www.student.ee.kmutnb.ac.th
www.micee.kmutnb.ac.th
www.sciee.kmutnb.ac.th
www.med-image.kmutnb.ac.th
www.che.kmutnb.ac.th
www.hfe.ie.kmutnb.ac.th
www.ie.kmutnb.ac.th
www.me.kmutnb.ac.th
www.bme.kmutnb.ac.th
www.mbone.kmutnb.ac.th
www.pe.kmutnb.ac.th
www.pe.kmutnb.ac.th
www.e.welfare.kmutnb.ac.th
www.info.welfare.kmutnb.ac.th
www.welfare.kmutnb.ac.th
www.cpre.kmutnb.ac.th
www.pa.cpre.kmutnb.ac.th
www.data.cpre.kmutnb.ac.th
www.hpc.cpre.kmutnb.ac.th
www.grid.hpc.cpre.kmutnb.ac.th
www.grid.cpre.kmutnb.ac.th
www.service.cpre.kmutnb.ac.th
www.forum.cpre.kmutnb.ac.th
www.soap.cpre.kmutnb.ac.th
www.star.cpre.kmutnb.ac.th
www.pywebsvcs.cpre.kmutnb.ac.th
www.cpre.kmutnb.ac.th
www.jazz.cpre.kmutnb.ac.th
www.scibase.kmutnb.ac.th
www.kbase.kmutnb.ac.th
www.ciscoise.kmutnb.ac.th
www.vpn.te.kmutnb.ac.th
www.te.kmutnb.ac.th
www.fte.kmutnb.ac.th
www.qa.fte.kmutnb.ac.th
www.e-doc.fte.kmutnb.ac.th
www.ttc.fte.kmutnb.ac.th
www.elearning.ced.fte.kmutnb.ac.th
www.netmon.fte.kmutnb.ac.th
www.do.fte.kmutnb.ac.th
www.edu.fte.kmutnb.ac.th
www.mpte.kmutnb.ac.th
www.waf.kmutnb.ac.th
www.mgnt.waf.kmutnb.ac.th
www.dlf.kmutnb.ac.th
www.eng.kmutnb.ac.th
www.libra.eng.kmutnb.ac.th
www.ecc.eng.kmutnb.ac.th
www.mermaid.eng.kmutnb.ac.th
www.commu.ee.eng.kmutnb.ac.th
www.learningonline.eng.kmutnb.ac.th
www.rescue.eng.kmutnb.ac.th
www.rescue.eng.kmutnb.ac.th
www.research.eng.kmutnb.ac.th
www.alumni.eng.kmutnb.ac.th
www.onlinejournal.eng.kmutnb.ac.th
www.portal.eng.kmutnb.ac.th
www.palm.eng.kmutnb.ac.th
www.meatlm.eng.kmutnb.ac.th
www.lian.eng.kmutnb.ac.th
www.penguin.eng.kmutnb.ac.th
www.ciep.eng.kmutnb.ac.th
www.ciep.eng.kmutnb.ac.th
www.coop.eng.kmutnb.ac.th
www.coop.eng.kmutnb.ac.th
www.biorobots.eng.kmutnb.ac.th
www.walrus.eng.kmutnb.ac.th
www.iot.eng.kmutnb.ac.th
www.mest.eng.kmutnb.ac.th
www.eng.kmutnb.ac.th
www.security.eng.kmutnb.ac.th
www.grs.planning.kmutnb.ac.th
www.elearning.kmutnb.ac.th
www.research.kmutnb.ac.th
www.staffsearch.kmutnb.ac.th
www.kai.kmutnb.ac.th
www.sci.kmutnb.ac.th
www.qa.sci.kmutnb.ac.th
www.ma_grade.sci.kmutnb.ac.th
www.learning.sci.kmutnb.ac.th
www.journal.sci.kmutnb.ac.th
www.km.sci.kmutnb.ac.th
www.cs.sci.kmutnb.ac.th
www.sci.kmutnb.ac.th
www.imi.kmutnb.ac.th
www.stri.kmutnb.ac.th
www.vetrc.stri.kmutnb.ac.th
www.smartfarm.stri.kmutnb.ac.th
www.ise-bkk.kmutnb.ac.th
www.stdregis-bank.kmutnb.ac.th
www.rook.kmutnb.ac.th
www.vpn1.gl.kmutnb.ac.th
www.vpn.gl.kmutnb.ac.th
www.mail.kmutnb.ac.th
www.mailsec1.mail.kmutnb.ac.th
www.mailsec2.mail.kmutnb.ac.th
www.mgnt.mail.kmutnb.ac.th
www.payroll.kmutnb.ac.th
www.authen.eduroam.kmutnb.ac.th
www.epcm.kmutnb.ac.th
www.ridm.kmutnb.ac.th
www.km.kmutnb.ac.th
www.suanpalm.kmutnb.ac.th
www.npm.kmutnb.ac.th
www.rpm.kmutnb.ac.th
www.db.e-form.kmutnb.ac.th
www.tm.kmutnb.ac.th
www.dtm.kmutnb.ac.th
www.fitm.kmutnb.ac.th
www.pis.fitm.kmutnb.ac.th
www.ns.fitm.kmutnb.ac.th
www.mtm.kmutnb.ac.th
www.ttm.kmutnb.ac.th
www.gl3d-scan.kmutnb.ac.th
www.kbase-scan.kmutnb.ac.th
www.anchan.kmutnb.ac.th
www.injan.kmutnb.ac.th
www.loan.kmutnb.ac.th
www.authen.kmutnb.ac.th
www.dc-mon.kmutnb.ac.th
www.net-mon.kmutnb.ac.th
www.suwon.kmutnb.ac.th
www.vpn.kmutnb.ac.th
www.suwarn.kmutnb.ac.th
www.med-info.kmutnb.ac.th
www.k-radio.kmutnb.ac.th
www.ventuno.kmutnb.ac.th
www.micro.kmutnb.ac.th
www.itdipro.kmutnb.ac.th
www.ip.kmutnb.ac.th
www.op.kmutnb.ac.th
www.ad1.op.kmutnb.ac.th
www.ad2.op.kmutnb.ac.th
www.e-meeting.op.kmutnb.ac.th
www.oop.kmutnb.ac.th
www.cpd.oop.kmutnb.ac.th
www.procurement.oop.kmutnb.ac.th
www.e-doc.coop.kmutnb.ac.th
www.kapp.kmutnb.ac.th
www.dsp.kmutnb.ac.th
www.ntp.kmutnb.ac.th
www.chokidar.kmutnb.ac.th
www.blogger.kmutnb.ac.th
www.ir.kmutnb.ac.th
www.pr.kmutnb.ac.th
www.as.kmutnb.ac.th
www.anova.as.kmutnb.ac.th
www.package.as.kmutnb.ac.th
www.sampling.as.kmutnb.ac.th
www.bas.kmutnb.ac.th
www.bas.kmutnb.ac.th
www.mtbs.kmutnb.ac.th
www.cs.kmutnb.ac.th
www.mis.cs.kmutnb.ac.th
www.project.cs.kmutnb.ac.th
www.pacs.kmutnb.ac.th
www.mechatronics.kmutnb.ac.th
www.physics.kmutnb.ac.th
www.mcs.kmutnb.ac.th
www.services.kmutnb.ac.th
www.tggs.kmutnb.ac.th
www.svn.sse.tggs.kmutnb.ac.th
www.tggs.kmutnb.ac.th
www.services.regis.kmutnb.ac.th
www.regserv.regis.kmutnb.ac.th
www.stdregis.kmutnb.ac.th
www.kregis.kmutnb.ac.th
www.stdadmis.kmutnb.ac.th
www.upis.kmutnb.ac.th
www.api.upis.kmutnb.ac.th
www.lms.kmutnb.ac.th
www.ns.kmutnb.ac.th
www.ips.kmutnb.ac.th
www.gits.kmutnb.ac.th
www.arts.kmutnb.ac.th
www.indus.kmutnb.ac.th
www.simsys.kmutnb.ac.th
www.at.kmutnb.ac.th
www.ftp.at.kmutnb.ac.th
www.at.kmutnb.ac.th
www.eat.kmutnb.ac.th
www.stat.kmutnb.ac.th
www.uat.kmutnb.ac.th
www.ptact.kmutnb.ac.th
www.tct.kmutnb.ac.th
www.testing.met.kmutnb.ac.th
www.it.kmutnb.ac.th
www.it.kmutnb.ac.th
www.alumni.it.kmutnb.ac.th
www.cit.kmutnb.ac.th
www.ipac.cit.kmutnb.ac.th
www.meee.cit.kmutnb.ac.th
www.powereng.cit.kmutnb.ac.th
www.research.cit.kmutnb.ac.th
www.j.cit.kmutnb.ac.th
www.electrical.cit.kmutnb.ac.th
www.civil.cit.kmutnb.ac.th
www.tgschool.cit.kmutnb.ac.th
www.mm.cit.kmutnb.ac.th
www.iptm.cit.kmutnb.ac.th
www.information.cit.kmutnb.ac.th
www.ascs.cit.kmutnb.ac.th
www.dns.cit.kmutnb.ac.th
www.wdet.cit.kmutnb.ac.th
www.icit.kmutnb.ac.th
www.cadcam1.icit.kmutnb.ac.th
www.antivirus1.icit.kmutnb.ac.th
www.cadcam2.icit.kmutnb.ac.th
www.antivirus2.icit.kmutnb.ac.th
www.antivirus3.icit.kmutnb.ac.th
www.joomla.icit.kmutnb.ac.th
www.net-lab.icit.kmutnb.ac.th
www.mariadb.icit.kmutnb.ac.th
www.e-doc.icit.kmutnb.ac.th
www.net-office.icit.kmutnb.ac.th
www.grade.icit.kmutnb.ac.th
www.wh.icit.kmutnb.ac.th
www.helpdesk.icit.kmutnb.ac.th
www.dorm.icit.kmutnb.ac.th
www.kvm.icit.kmutnb.ac.th
www.dc-mon.icit.kmutnb.ac.th
www.zoomo.icit.kmutnb.ac.th
www.dhcp.icit.kmutnb.ac.th
www.ithelp.icit.kmutnb.ac.th
www.gl3dapp.icit.kmutnb.ac.th
www.spss.icit.kmutnb.ac.th
www.wvs.icit.kmutnb.ac.th
www.iot.icit.kmutnb.ac.th
www.grade-report.icit.kmutnb.ac.th
www.dwreport.icit.kmutnb.ac.th
www.mqtt.icit.kmutnb.ac.th
www.fw.icit.kmutnb.ac.th
www.loganaly.icit.kmutnb.ac.th
www.result.kmutnb.ac.th
www.procurement.kmutnb.ac.th
www.gradpayment.kmutnb.ac.th
www.account.kmutnb.ac.th
www.biobot.kmutnb.ac.th
www.ureport.kmutnb.ac.th
www.stdregis-test.kmutnb.ac.th
www.sci.test.kmutnb.ac.th
www.mitt.kmutnb.ac.th
www.edu.kmutnb.ac.th
www.acdserv.kmutnb.ac.th
www.cdds.acdserv.kmutnb.ac.th
www.fw.kmutnb.ac.th
www.kmutnb.ac.th
www.cds-gateway.kmutnb.ac.th
www.pdy.kmutnb.ac.th
www.ceremony.kmutnb.ac.th
www.library.kmutnb.ac.th
www.gallery.kmutnb.ac.th
www.dormitory.kmutnb.ac.th
www.ktwnb.ac.th
www.bankoob.ac.th
www.mail.bankoob.ac.th
www.pb.ac.th
www.mail.pb.ac.th
www.t1pb.ac.th
www.mail.t1pb.ac.th
www.t1pb.ac.th
www.t2pb.ac.th
www.mail.t2pb.ac.th
www.t2pb.ac.th
www.cpb.ac.th
www.mail.cpb.ac.th
www.ipepb.ac.th
www.pckpb.ac.th
www.ns.pckpb.ac.th
www.pckpb.ac.th
www.hkpb.ac.th
www.mpb.ac.th
www.mail.mpb.ac.th
www.mpb.ac.th
www.anubanpb.ac.th
www.bcnpb.ac.th
www.bcnpb.ac.th
www.ppb.ac.th
www.mail.ppb.ac.th
www.tpb.ac.th
www.tpb.ac.th
www.wpb.ac.th
www.mail.wpb.ac.th
www.rb.ac.th
www.rb.ac.th
www.hrb.ac.th
www.mail.hrb.ac.th
www.hrb.ac.th
www.tupsrb.ac.th
www.sb.ac.th
www.asb.ac.th
www.mail1.asb.ac.th
www.mail2.asb.ac.th
www.archive.asb.ac.th
www.wgsk.asb.ac.th
www.leeel.asb.ac.th
www.dimension.asb.ac.th
www.asbdo.asb.ac.th
www.wggv.asb.ac.th
www.asb.ac.th
www.isb.ac.th
www.inside.isb.ac.th
www.mail.isb.ac.th
www.powerschool.isb.ac.th
www.blogs.isb.ac.th
www.cms.isb.ac.th
www.studentdevelopers.isb.ac.th
www.sports.isb.ac.th
www.misb.ac.th
www.engage.misb.ac.th
www.mail.misb.ac.th
www.misb.ac.th
www.sisb.ac.th
www.hronline.sisb.ac.th
www.schoolbase.sisb.ac.th
www.ekkamai.sisb.ac.th
www.chiangmai.sisb.ac.th
www.suvarnabhumi.sisb.ac.th
www.thonburi.sisb.ac.th
www.mail.sisb.ac.th
www.autodiscover.sisb.ac.th
www.mailserver.sisb.ac.th
www.pracha-uthit.sisb.ac.th
www.sisb.ac.th
www.mail.sksb.ac.th
www.sksb.ac.th
www.nsb.ac.th
www.mail.nsb.ac.th
www.psb.ac.th
www.rsb.ac.th
www.rsb.ac.th
www.tsb.ac.th
www.mail.tsb.ac.th
www.rmutsb.ac.th
www.login1.rmutsb.ac.th
www.ns1.rmutsb.ac.th
www.www1.rmutsb.ac.th
www.plan2.rmutsb.ac.th
www.login2.rmutsb.ac.th
www.lms2.rmutsb.ac.th
www.ns2.rmutsb.ac.th
www.rmutsb.ac.th
www.plan3.rmutsb.ac.th
www.login3.rmutsb.ac.th
www.ns3.rmutsb.ac.th
www.bait3.rmutsb.ac.th
www.fea.rmutsb.ac.th
www.gitlab.rmutsb.ac.th
www.lyncweb.rmutsb.ac.th
www.lib.rmutsb.ac.th
www.rwmc.rmutsb.ac.th
www.lync.rmutsb.ac.th
www.edoc.rmutsb.ac.th
www.wc.rmutsb.ac.th
www.edoc-old.rmutsb.ac.th
www.hrd.rmutsb.ac.th
www.dspace.rmutsb.ac.th
www.eoffice.rmutsb.ac.th
www.service.rmutsb.ac.th
www.academicservice.rmutsb.ac.th
www.reg.rmutsb.ac.th
www.rditraining.rmutsb.ac.th
www.blog.rmutsb.ac.th
www.research.rmutsb.ac.th
www.auth.rmutsb.ac.th
www.rdi.rmutsb.ac.th
www.ebook.rmutsb.ac.th
www.journal.rmutsb.ac.th
www.spportal.rmutsb.ac.th
www.webmail.rmutsb.ac.th
www.mail.stdmail.rmutsb.ac.th
www.dcm.rmutsb.ac.th
www.km.rmutsb.ac.th
www.plan.rmutsb.ac.th
www.netman.rmutsb.ac.th
www.login.rmutsb.ac.th
www.ruscon.rmutsb.ac.th
www.rmutcon.rmutsb.ac.th
www.education.rmutsb.ac.th
www.vpn.rmutsb.ac.th
www.sip.rmutsb.ac.th
www.cop.rmutsb.ac.th
www.aritapp.rmutsb.ac.th
www.register.rmutsb.ac.th
www.lyncdiscover.rmutsb.ac.th
www.autodiscover.rmutsb.ac.th
www.mirror.rmutsb.ac.th
www.pr.rmutsb.ac.th
www.suvarnabhumigames.rmutsb.ac.th
www.eis.rmutsb.ac.th
www.fis.rmutsb.ac.th
www.gis.rmutsb.ac.th
www.mis.rmutsb.ac.th
www.dms.rmutsb.ac.th
www.lms.rmutsb.ac.th
www.admissions.rmutsb.ac.th
www.changepass.rmutsb.ac.th
www.access.rmutsb.ac.th
www.arts.rmutsb.ac.th
www.meet.rmutsb.ac.th
www.bait.rmutsb.ac.th
www.huntra.bait.rmutsb.ac.th
www.arit.rmutsb.ac.th
www.linebot.rmutsb.ac.th
www.mhost.rmutsb.ac.th
www.km9rmut.rmutsb.ac.th
www.av.rmutsb.ac.th
www.tv.rmutsb.ac.th
www.mailgw.rmutsb.ac.th
www.rmutsb.ac.th
www.speexx.rmutsb.ac.th
www.wsb.ac.th
www.swsb.ac.th
www.mail.swsb.ac.th
www.ratb.ac.th
www.ratb.ac.th
www.etb.ac.th
www.mail.etb.ac.th
www.sstb.ac.th
www.ttb.ac.th
www.mail.ttb.ac.th
www.scphub.ac.th
www.scphub.ac.th
www.rvb.ac.th
www.mail.rvb.ac.th
www.rvb.ac.th
www.svb.ac.th
www.mail.svb.ac.th
www.rwb.ac.th
www.language2.rwb.ac.th
www.mail.language2.rwb.ac.th
www.usanee.rwb.ac.th
www.math.rwb.ac.th
www.rwbportal.rwb.ac.th
www.mail.rwbportal.rwb.ac.th
www.admission.rwb.ac.th
www.mail.admission.rwb.ac.th
www.activities.rwb.ac.th
www.mail.activities.rwb.ac.th
www.krunisit.rwb.ac.th
www.mail.krunisit.rwb.ac.th
www.rwb.ac.th
www.swb.ac.th
www.mail.swb.ac.th
www.swb.ac.th
www.ns2.nice-c.ac.th
www.km.nice-c.ac.th
www.ns.nice-c.ac.th
www.nice-c.ac.th
www.bac.ac.th
www.j-bac.ac.th
www.k-bac.ac.th
www.mail.k-bac.ac.th
www.m-bac.ac.th
www.s-bac.ac.th
www.mail.s-bac.ac.th
www.v-bac.ac.th
www.ns1.v-bac.ac.th
www.ns2.v-bac.ac.th
www.sv.v-bac.ac.th
www.v-bac.ac.th
www.sbac.bac.ac.th
www.sbac.bac.ac.th
www.learning.bac.ac.th
www.learning.bac.ac.th
www.webdisk.bac.ac.th
www.cpanel.bac.ac.th
www.webmail.bac.ac.th
www.bacsystem.bac.ac.th
www.bacsystem.bac.ac.th
www.project.bac.ac.th
www.project.bac.ac.th
www.dbac.ac.th
www.dbac.ac.th
www.jbac.ac.th
www.mbac.ac.th
www.mail.mbac.ac.th
www.mbac.ac.th
www.nbac.ac.th
www.mail.nbac.ac.th
www.ns.nbac.ac.th
www.obac.ac.th
www.mail.obac.ac.th
www.pbac.ac.th
www.mpbac.ac.th
www.mail.mpbac.ac.th
www.rbac.ac.th
www.m1.rbac.ac.th
www.www1.rbac.ac.th
www.rbac.ac.th
www.elearning.sbac.ac.th
www.saphanmai.sbac.ac.th
www.nonthaburi.sbac.ac.th
www.mail.sbac.ac.th
www.mis.sbac.ac.th
www.sbac.ac.th
www.vbac.ac.th
www.mail.vbac.ac.th
www.tvbac.ac.th
www.mail.tvbac.ac.th
www.wbac.ac.th
www.ns1.wbac.ac.th
www.ns2.wbac.ac.th
www3.wbac.ac.th
www4.wbac.ac.th
www.www7.wbac.ac.th
www.data.wbac.ac.th
www.akrapol.wbac.ac.th
www.admin.wbac.ac.th
www.ajaun.wbac.ac.th
www.magnums.wbac.ac.th
www.ns.wbac.ac.th
www.wbac.ac.th
www.biac.ac.th
www.biac.ac.th
www.utac.ac.th
www.utac.ac.th
www.abc.ac.th
www.ftp.abc.ac.th
www.bbc.ac.th
www.ibc.ac.th
www.mail2.ibc.ac.th
www.elearning.ibc.ac.th
www.elearning.ibc.ac.th
www.webdisk.ibc.ac.th
www.cpanel.ibc.ac.th
www.webmail.ibc.ac.th
www.elibrary.ibc.ac.th
www.pbc.ac.th
www.mail.pbc.ac.th
www.ns.pbc.ac.th
www.t.ybc.ac.th
www.ybc.ac.th
www.sk-cc.ac.th
www.mail.sk-cc.ac.th
www.sk-cc.ac.th
www.acc.ac.th
www.auth.acc.ac.th
www.acc.ac.th
www.bcc.ac.th
www.bcc161.bcc.ac.th
www.rgo1.bcc.ac.th
www.ns1.bcc.ac.th
www.mx1.bcc.ac.th
www.courseonline2.bcc.ac.th
www.rgo2.bcc.ac.th
www.ns2.bcc.ac.th
www.rgo3.bcc.ac.th
www.iep3.bcc.ac.th
www.arc.bcc.ac.th
www.mdmipad.bcc.ac.th
www.courseonline.bcc.ac.th
www.bcc-channel.bcc.ac.th
www.academic-m.bcc.ac.th
www.eip-m.bcc.ac.th
www.rgo.bcc.ac.th
www.jnrgo.bcc.ac.th
www.academic-p.bcc.ac.th
www.eip-p.bcc.ac.th
www.iep.bcc.ac.th
www.ictwp.bcc.ac.th
www.member.bcc.ac.th
www.master.bcc.ac.th
www.hr.bcc.ac.th
www.itmirror.bcc.ac.th
www.eipwbls.bcc.ac.th
www.ict.bcc.ac.th
www.bccpoint.bcc.ac.th
www.bcc.ac.th
www.secondary.bcc.ac.th
www.primary.bcc.ac.th
www.library.bcc.ac.th
www.nbcc.ac.th
www.ccc.ac.th
www.ccc.ac.th
www.ns10.dcc.ac.th
www.dcc.ac.th
www.tesol.ecc.ac.th
www.ecc.ac.th
www.fgcc.ac.th
www.fgcc.ac.th
www.wangcc.ac.th
www.pngcc.ac.th
www.mail.pngcc.ac.th
www.pngcc.ac.th
www.hcc.ac.th
www.nk-icc.ac.th
www.ns1.uthaicc.ac.th
www.uthaicc.ac.th
www.ns2.cicc.ac.th
www.dtc.cicc.ac.th
www.elearning.cicc.ac.th
www.cicc.ac.th.cicc.ac.th
www.rms.cicc.ac.th
www.intrarms.cicc.ac.th
www.ww.cicc.ac.th
www.cicc.ac.th
www.rms.hicc.ac.th
www.hiccdns.hicc.ac.th
www.hicc.ac.th
www.nicc.ac.th
www.picc.ac.th
www.mail.picc.ac.th
www.picc.ac.th
www.spicc.ac.th
www.sticc.ac.th
www.takcc.ac.th
www.mail.takcc.ac.th
www.ns.takcc.ac.th
www.smkcc.ac.th
www.mail.smkcc.ac.th
www.smkcc.ac.th
www.skcc.ac.th
www.mukcc.ac.th
www.suriya.mukcc.ac.th
www.rwladmin.mukcc.ac.th
www.lms.mukcc.ac.th
www.ns.mukcc.ac.th
www.surat.mukcc.ac.th
www.mukcc.ac.th
www.lcc.ac.th
www.ns.lcc.ac.th
www.mcc.ac.th
www.mail.mcc.ac.th
www.ns.mcc.ac.th
www.ncc.ac.th
www.mail.ncc.ac.th
www.ncc.ac.th
www.nancc.ac.th
www.mail.nancc.ac.th
www.nancc.ac.th
www.bncc.ac.th
www.ns2.bncc.ac.th
www.moodle.bncc.ac.th
www.ns.bncc.ac.th
www.bncc.ac.th
www.pncc.ac.th
www.mis1.pncc.ac.th
www.pncc.ac.th
www.web.rncc.ac.th
www.mail.rncc.ac.th
www.ns.rncc.ac.th
www.ns1.yasocc.ac.th
www.yasocc.ac.th
www.server1.pcc.ac.th
www.server2.pcc.ac.th
www.server3.pcc.ac.th
www.server4.pcc.ac.th
www.bpcc.ac.th
www.ns1.bpcc.ac.th
www.login.bpcc.ac.th
www.bpcc.ac.th
www.rcc.ac.th
www.mail.rcc.ac.th
www.cc-buriram-s3.brcc.ac.th
www.phrcc.ac.th
www.tratcc.ac.th
www.mail.tratcc.ac.th
www.tratcc.ac.th
www.ns2.ptcc.ac.th
www.lib.stcc.ac.th
www.mail.stcc.ac.th
www.stcc.ac.th
www.utcc.ac.th
www.ictm20.utcc.ac.th
www.com360.utcc.ac.th
www.edge1.utcc.ac.th
www.onlinelearning1.utcc.ac.th
www.vpn1.utcc.ac.th
www.ns1.utcc.ac.th
www.utcc2.utcc.ac.th
www.edge2.utcc.ac.th
www.elearning2.utcc.ac.th
www.talk2.utcc.ac.th
www.utcc.ac.th
www.b123.utcc.ac.th
www.kingrama3.utcc.ac.th
www.reg3.utcc.ac.th
www.elearning3.utcc.ac.th
www.lirod2014.utcc.ac.th
www.mdm14.utcc.ac.th
www.reg5.utcc.ac.th
www.lirod2016.utcc.ac.th
www.reg6.utcc.ac.th
www.eecon38.utcc.ac.th
www.ncba.utcc.ac.th
www.dba.utcc.ac.th
www.globalmba.utcc.ac.th
www.idea.utcc.ac.th
www.elearningdb.utcc.ac.th
www.web.utcc.ac.th
www.honorary-doctorate-club.utcc.ac.th
www.p4c.utcc.ac.th
www.sealac.utcc.ac.th
www.webopac.utcc.ac.th
www.ucutcc.utcc.ac.th
www.aec.utcc.ac.th
www.cbrec.utcc.ac.th
www.ic.utcc.ac.th
www.erpdoc.utcc.ac.th
www.lrc.utcc.ac.th
www.ossc.utcc.ac.th
www.rtc.utcc.ac.th
www.uc.utcc.ac.th
www.uc.utcc.ac.th
www.link-feed.utcc.ac.th
www.riped.utcc.ac.th
www.amsarthailand.utcc.ac.th
www.familysecretsthailand.utcc.ac.th
www.newtrend.utcc.ac.th
www.ce.utcc.ac.th
www.trace.utcc.ac.th
www.guidance.utcc.ac.th
www.science.utcc.ac.th
www.change.utcc.ac.th
www.moodle.utcc.ac.th
www.mobile.utcc.ac.th
www.mbaonline.utcc.ac.th
www.ex-mbaonline.utcc.ac.th
www.gsbmbaonline.utcc.ac.th
www.lmsmbaonline.utcc.ac.th
www.evaonline.utcc.ac.th
www.accountingonline.utcc.ac.th
www.citsonline.utcc.ac.th
www.expe.utcc.ac.th
www.edsquare.utcc.ac.th
www.graduate.utcc.ac.th
www.newsite.utcc.ac.th
www.popularvote.utcc.ac.th
www.360executive.utcc.ac.th
www.sar-ingroove.utcc.ac.th
www.cebf.utcc.ac.th
www.reg.utcc.ac.th
www.ts01.reg.utcc.ac.th
www.ts02.reg.utcc.ac.th
www.eng.utcc.ac.th
www.onlinelearningeng.utcc.ac.th
www.etraining.utcc.ac.th
www.lmstraining.utcc.ac.th
www.councilmeeting.utcc.ac.th
www.cloudcomputing.utcc.ac.th
www.blog.utcc.ac.th
www.goldresearch.utcc.ac.th
www.demosch.utcc.ac.th
www.ubi.utcc.ac.th
www.55thalumni.utcc.ac.th
www.kpi.utcc.ac.th
www.ceomba.ebook.utcc.ac.th
www.socialnetwork.utcc.ac.th
www.social.utcc.ac.th
www.utccjournal.utcc.ac.th
www.email.utcc.ac.th
www.antimail.utcc.ac.th
www.viruswall.utcc.ac.th
www.thaivcml.utcc.ac.th
www.school.utcc.ac.th
www.dbdasep-m.utcc.ac.th
www.yoksairaikam.utcc.ac.th
www.exitexam.utcc.ac.th
www.utccmdm.utcc.ac.th
www.km.utcc.ac.th
www.marketingcomm.utcc.ac.th
www.marcomm.utcc.ac.th
www.classroom.utcc.ac.th
www.studyroom.utcc.ac.th
www.tourism.utcc.ac.th
www.latinforum.utcc.ac.th
www.webscan.utcc.ac.th
www.mailscan.utcc.ac.th
www.ocean.utcc.ac.th
www.wlan.utcc.ac.th
www.reservevan.utcc.ac.th
www.modeen.utcc.ac.th
www.econ.utcc.ac.th
www.extension.utcc.ac.th
www.admission.utcc.ac.th
www.chicago.utcc.ac.th
www.eportfolio.utcc.ac.th
www.samo.utcc.ac.th
www.mediapro.utcc.ac.th
www.digitalevo.utcc.ac.th
www.specialscholarship.utcc.ac.th
www.e-sar.utcc.ac.th
www.engineer.utcc.ac.th
www.lecturer.utcc.ac.th
www.aec-center.utcc.ac.th
www.idecenter.utcc.ac.th
www.brandthaicenter.utcc.ac.th
www.register.utcc.ac.th
www.youngentrepreneur.utcc.ac.th
www.kbs.utcc.ac.th
www.economics.utcc.ac.th
www.logistics.utcc.ac.th
www.mocs.utcc.ac.th
www.e-jmds.utcc.ac.th
www.archimedes.utcc.ac.th
www.humanities.utcc.ac.th
www.socrates.utcc.ac.th
www.gs.utcc.ac.th
www.savings.utcc.ac.th
www.ithesis.utcc.ac.th
www.kms.utcc.ac.th
www.rooms.utcc.ac.th
www.ns.utcc.ac.th
www.business.utcc.ac.th
www.dev-business.utcc.ac.th
www.utccwellness.utcc.ac.th
www.icts.utcc.ac.th
www.eprints.utcc.ac.th
www.commarts.utcc.ac.th
www.news.utcc.ac.th
www.smcproject.utcc.ac.th
www.email.ict.utcc.ac.th
www.budget.utcc.ac.th
www.procurement.utcc.ac.th
www.department.utcc.ac.th
www.utcc-event.utcc.ac.th
www.tepcot.utcc.ac.th
www.utccsmart.utcc.ac.th
www.law.utcc.ac.th
www.gsnew.utcc.ac.th
www.citsnew.utcc.ac.th
www.utcc.ac.th
www.accountancy.utcc.ac.th
www.library.utcc.ac.th
www.ezproxy.utcc.ac.th
www.login.ezproxy.utcc.ac.th
www.wcc.ac.th
www.mail.wcc.ac.th
www.wcc.ac.th
www.ycc.ac.th
www.ycc.ac.th
www.ns.bdc.ac.th
www.ict.bdc.ac.th
www.bdc.ac.th
www.bbandc.ac.th
www.mail.bbandc.ac.th
www.ns.bbandc.ac.th
www.pdc.ac.th
www.pydc.ac.th
www.bec.ac.th
www.bec.ac.th
www.piacec.ac.th
www.siacec.ac.th
www.sdc.siacec.ac.th
www.sdc.siacec.ac.th
www.webdisk.siacec.ac.th
www.cpanel.siacec.ac.th
www.webmail.siacec.ac.th
www.rms.roiet-icec.ac.th
www.ns.roiet-icec.ac.th
www.edltv.roiet-icec.ac.th
www.roiet-icec.ac.th
www.aicec.ac.th
www.mail.aicec.ac.th
www.sangkhaicec.ac.th
www.sangkhaicec.ac.th
www.sekaicec.ac.th
www.mail.sekaicec.ac.th
www.puaicec.ac.th
www.bicec.ac.th
www.bicec.ac.th
www.dns1.sbicec.ac.th
www.dns2.sbicec.ac.th
www.dns3.sbicec.ac.th
www.sbicec.ac.th
www.cicec.ac.th
www.ns1.cicec.ac.th
www.rms.cicec.ac.th
www.cicec.ac.th
www.kicec.ac.th
www.elearning.kicec.ac.th
www.teerapong.kicec.ac.th
www.rms.kicec.ac.th
www.licec.ac.th
www.ns1.licec.ac.th
www.smtp.licec.ac.th
www.ns.pranicec.ac.th
www.pranicec.ac.th
www.mx.pranicec.ac.th
www.rms.knicec.ac.th
www.ns.knicec.ac.th
www.knicec.ac.th
www.ptnicec.ac.th
www.mail.ptnicec.ac.th
www.ptnicec.ac.th
www.nricec.ac.th
www.ns1.nricec.ac.th
www.ns2.nricec.ac.th
www.bticec.ac.th
www.fm9650.bticec.ac.th
www.fm9650.bticec.ac.th
www.mail.bticec.ac.th
www.km.bticec.ac.th
www.km.bticec.ac.th
www.regis.bticec.ac.th
www.regis.bticec.ac.th
www.rms.bticec.ac.th
www.rms.bticec.ac.th
www.fixit.bticec.ac.th
www.pticec.ac.th
www.wicec.ac.th
www.mail.wicec.ac.th
www.wicec.ac.th
www.kwicec.ac.th
www.mail.kwicec.ac.th
www.rms.kwicec.ac.th
www.kwicec.ac.th
www.swicec.ac.th
www.mail.swicec.ac.th
www.rms.swicec.ac.th
www.swicec.ac.th
www.kycec.ac.th
www.mail.kycec.ac.th
www.kycec.ac.th
www.kiec.ac.th
www.dc-73cd406e774c.kiec.ac.th
www.kiec.ac.th
www.ns.kec.ac.th
www.kec.ac.th
www.mec.ac.th
www.ns1.mec.ac.th
www.ns2.mec.ac.th
www.std.mec.ac.th
www.ipec.ac.th
www.ns1.ipec.ac.th
www.ipec.ac.th
www.phayao-sec.ac.th
www.mail.phayao-sec.ac.th
www.phayao-sec.ac.th
www.pi-tec.ac.th
www.mail.pi-tec.ac.th
www.r-tec.ac.th
www.r-tec.ac.th
www.btec.ac.th
www.ns1.btec.ac.th
www.ns2.btec.ac.th
www.mail.btec.ac.th
www.btec.ac.th
www.dtec.ac.th
www.mail.dtec.ac.th
www.dtec.ac.th
www.thaitec.ac.th
www.mail.thaitec.ac.th
www.sipotec.ac.th
www.ns1.sipotec.ac.th
www.ns2.sipotec.ac.th
www.webmail.sipotec.ac.th
www.sipotec.ac.th
www.brain.vistec.ac.th
www.ist-fr.vistec.ac.th
www.ist.vistec.ac.th
www.vistec.ac.th
www.nkstec.ac.th
www.ns1.nkstec.ac.th
www.smis.nkstec.ac.th
www.nkstec.ac.th
www.sstec.ac.th
www.mail.sstec.ac.th
www.ns.sstec.ac.th
www.p-vec.ac.th
www.senavec.ac.th
www.mail.senavec.ac.th
www.senavec.ac.th
www.sip.klaengvec.ac.th
www.rms.klaengvec.ac.th
www.dns.klaengvec.ac.th
www.pcfc.ac.th
www.ns1.pcfc.ac.th
www.skfc.ac.th
www.ns.tfc.ac.th
www.tfc.ac.th
www.scphc.ac.th
www.ns1.scphc.ac.th
www.ns2.scphc.ac.th
www.phd.scphc.ac.th
www.manage.scphc.ac.th
www.lns.scphc.ac.th
www.scphc.ac.th
www.shc.ac.th
www.webapp.shc.ac.th
www.ftp.shc.ac.th
www.bic.ac.th
www.bic.ac.th
www.pasangic.ac.th
www.mail.pasangic.ac.th
www.pasangic.ac.th
www.kic.ac.th
www.lic.ac.th
www.lic.ac.th
www.promic.ac.th
www.ns1.nic.ac.th
www.rms.nic.ac.th
www.ns.nic.ac.th
www.nic.ac.th
www.polytechnic.ac.th
www.mail.polytechnic.ac.th
www.polytechnic.ac.th
www.authen.kknic.ac.th
www.ns.kknic.ac.th
www.internet.kknic.ac.th
www.kknic.ac.th
www.saintnic.ac.th
www.saintnic.ac.th
www.pic.ac.th
www.mail.pic.ac.th
www.pic.ac.th
www.bpic.ac.th
www.mail.bpic.ac.th
www.bpic.ac.th
www.cric.ac.th
www.data.cric.ac.th
www.itc.cric.ac.th
www.rms.cric.ac.th
www.cric.ac.th
www.sic.ac.th
www.learn.sic.ac.th
www.ns.sic.ac.th
www.nasic.ac.th
www.rms.nasic.ac.th
www.nasic.ac.th
www.tic.ac.th
www.tic.ac.th
www.ntic.ac.th
www.ns1.ntic.ac.th
www.web.ntic.ac.th
www.lms.ntic.ac.th
www.rms.ntic.ac.th
www.ntic.ac.th
www.stic.ac.th
www.network.stic.ac.th
www.disk.stic.ac.th
www.journal.stic.ac.th
www.mdl.stic.ac.th
www.mis.stic.ac.th
www.admis.stic.ac.th
www.talks.stic.ac.th
www.regist.stic.ac.th
www.stic.ac.th
www.apply.stic.ac.th
www.quiz.stic.ac.th
www.ns1.uic.ac.th
www.ns2.uic.ac.th
www.rms.uic.ac.th
www.uic.ac.th
www.wic.ac.th
www.mail.wic.ac.th
www.wic.ac.th
www.sjc.ac.th
www.mail.sjc.ac.th
www.sjc.ac.th
www.web2.kc.ac.th
www.lms2.kc.ac.th
www.kc.ac.th
www.reg.kc.ac.th
www.lms.kc.ac.th
www.ns.kc.ac.th
www.kc.ac.th
www.ckc.ac.th
www.schoolkc.ac.th
www.ns2.schoolkc.ac.th
www.mail.schoolkc.ac.th
www.mx.schoolkc.ac.th
www.mkc.ac.th
www.mail.mkc.ac.th
www.nkc.ac.th
www.pkc.ac.th
www.ns1.pkc.ac.th
www.old-e-office.pkc.ac.th
www.teenq.pkc.ac.th
www.pkc.ac.th
www.skc.ac.th
www.tkc.ac.th
www.mail.tkc.ac.th
www.tkc.ac.th
www.rms.lc.ac.th
www.lc.ac.th
www.clc.ac.th
www.slc.ac.th
www.newslc.slc.ac.th
www.doc.slc.ac.th
www.moodle.slc.ac.th
www.learn.slc.ac.th
www.regis.slc.ac.th
www.slc.ac.th
www.qa.mbuslc.ac.th
www.krupra.mbuslc.ac.th
www.web.mbuslc.ac.th
www.edoc.mbuslc.ac.th
www.rc.mbuslc.ac.th
www.med.mbuslc.ac.th
www.e-cope.mbuslc.ac.th
www.reg.mbuslc.ac.th
www.research.mbuslc.ac.th
www.wifi.mbuslc.ac.th
www.manual.mbuslc.ac.th
www.mbuslc.ac.th
www.tlc.ac.th
www.webdisk.tlc.ac.th
www.cpanel.tlc.ac.th
www.webmail.tlc.ac.th
www.autodiscover.tlc.ac.th
www.mc.ac.th
www.mail.mc.ac.th
www.mc.ac.th
www.cmc.ac.th
www.imc.ac.th
www.mail.imc.ac.th
www.imc.ac.th
www.nmc.ac.th
www.reg.nmc.ac.th
www.elearning.nmc.ac.th
www.lms.nmc.ac.th
www.ns.nmc.ac.th
www.nmc.ac.th
www.tftmc.ac.th
www.mail.tftmc.ac.th
www.tftmc.ac.th
www.nkptmc.ac.th
www.ns1.nc.ac.th
www.nc.ac.th
www.anc.ac.th
www.rtanc.ac.th
www.rtanc.ac.th
www.bnc.ac.th
www.elearning.bnc.ac.th
www.bnc.ac.th
www.bcnc.ac.th
www.bcnc.ac.th
www.knc.ac.th
www.academic.knc.ac.th
www.ns.knc.ac.th
www.hotspot.knc.ac.th
www.knc.ac.th
www.smnc.ac.th
www.smnc.ac.th
www.pnc.ac.th
www.ns1.pnc.ac.th
www.pnc.ac.th
www.snc.ac.th
www.snc.ac.th
www.unc.ac.th
www.ns1.unc.ac.th
www.unc.ac.th
www.lbvoc.ac.th
www.lbvoc.ac.th
www.nwvoc.ac.th
www.pc.ac.th
www.sukhothai-pc.ac.th
www.mail.sukhothai-pc.ac.th
www.sukhothai-pc.ac.th
www.mail.pc.ac.th
www.apc.ac.th
www.bpc.ac.th
www.mail.bpc.ac.th
www.cpc.ac.th
www.ca.cpc.ac.th
www.kidhod.cpc.ac.th
www.spice.cpc.ac.th
www.training.cpc.ac.th
www.elearning.cpc.ac.th
www.meeting.cpc.ac.th
www.wifi.cpc.ac.th
www.km.cpc.ac.th
www.cten.cpc.ac.th
www.login.cpc.ac.th
www.production.cpc.ac.th
www.sso.cpc.ac.th
www.ns.cpc.ac.th
www.mat.cpc.ac.th
www.dmat.cpc.ac.th
www.smartmat.cpc.ac.th
www.ct.cpc.ac.th
www.arit.cpc.ac.th
www.cpc.ac.th
www.ischool.chpc.ac.th
www.km.chpc.ac.th
www.ns.chpc.ac.th
www.chpc.ac.th
www.kpc.ac.th
www.kpc.ac.th
www.rms.nkpc.ac.th
www.nkpc.ac.th
www.lpc.ac.th
www.mail.lpc.ac.th
www.lpc.ac.th
www.mpc.ac.th
www.web2.mpc.ac.th
www.ns3.mpc.ac.th
www.krukai.mpc.ac.th
www.sunun.mpc.ac.th
www.lms.mpc.ac.th
www.ns.mpc.ac.th
www.technicians.mpc.ac.th
www.edltv.mpc.ac.th
www.mpc.ac.th
www.npc.ac.th
www.npc.ac.th
www.ppc.ac.th
www.ppc.ac.th
www.srpc.ac.th
www.mail.srpc.ac.th
www.srpc.ac.th
www.ns1.spc.ac.th
www.spc.ac.th
www.bspc.ac.th
www.tpc.ac.th
www.mail.tpc.ac.th
www.tpc.ac.th
www.upc.ac.th
www.login.upc.ac.th
www.upc.ac.th
www.tupc.ac.th
www.qc.ac.th
www.server1.qc.ac.th
www.ns.qc.ac.th
www.crc.ac.th
www.crc.ac.th
www.prc.ac.th
www.english.prc.ac.th
www.prc.ac.th
www.sc.ac.th
www.sc.ac.th
www.asc.ac.th
www.ns1.asc.ac.th
www.ns2.asc.ac.th
www.asc.ac.th
www.pbsc.ac.th
www.dsc.ac.th
www.mail.dsc.ac.th
www.dsc.ac.th
www.cdsc.ac.th
www.library-intra.cdsc.ac.th
www.cloud.cdsc.ac.th
www.task.cdsc.ac.th
www.helpdesk.cdsc.ac.th
www.chat.cdsc.ac.th
www.support.cdsc.ac.th
www.library.cdsc.ac.th
www.cgsc.ac.th
www.cgsc.ac.th
www.isc.ac.th
www.webdisk.isc.ac.th
www.cpanel.isc.ac.th
www.webmail.isc.ac.th
www.mbuisc.ac.th
www.plc.mbuisc.ac.th
www.grad.mbuisc.ac.th
www.phd.mbuisc.ac.th
www.satit.mbuisc.ac.th
www.mbuisc.ac.th
www.bksc.ac.th
www.mail.bksc.ac.th
www.kksc.ac.th
www.mail.kksc.ac.th
www.kksc.ac.th
www.wksc.ac.th
www.ns.wksc.ac.th
www.osc.ac.th
www.psc.ac.th
www.mpsc.ac.th
www.mpsc.ac.th
www.nrpsc.ac.th
www.lms.nrpsc.ac.th
www.nrpsc.ac.th
www.tpsc.ac.th
www.ns1.rsc.ac.th
www.rms.rsc.ac.th
www.rsc.ac.th
www.trsc.ac.th
www.mail.trsc.ac.th
www.nssc.ac.th
www.iis2.nssc.ac.th
www.a.nssc.ac.th
www.id.nssc.ac.th
www.rd.nssc.ac.th
www.announce.nssc.ac.th
www.sme.nssc.ac.th
www.math.nssc.ac.th
www.login.nssc.ac.th
www.admission.nssc.ac.th
www.s1.admission.nssc.ac.th
www.webapp.nssc.ac.th
www.ftp.nssc.ac.th
www.nssc-tv-server.nssc.ac.th
www.services.nssc.ac.th
www.services.nssc.ac.th
www.internet.nssc.ac.th
www.nssc.ac.th
www.proxy.nssc.ac.th
www.mail.proxy.nssc.ac.th
www.tssc.ac.th
www.mail.tssc.ac.th
www.tsc.ac.th
www.maesotsc.ac.th
www.mail.maesotsc.ac.th
www.wsc.ac.th
www.wsc.ac.th
www.cwsc.ac.th
www.kwsc.ac.th
www.mail.kwsc.ac.th
www.kwsc.ac.th
www.skwsc.ac.th
www.mail.skwsc.ac.th
www.skwsc.ac.th
www.blwsc.ac.th
www.blwsc.ac.th
www.atc.ac.th
www.atcpdc01.atc.ac.th
www.ns2.atc.ac.th
www.ns.atc.ac.th
www.atc.ac.th
www.ns1.chanatc.ac.th
www.ns.chanatc.ac.th
www.chanatc.ac.th
www.satunatc.ac.th
www.satunatc.ac.th
www.lib.tatc.ac.th
www.exam.tatc.ac.th
www.rms.tatc.ac.th
www.tatc.ac.th
www.suratatc.ac.th
www.suratatc.ac.th
www.kbtc.ac.th
www.sqa.kbtc.ac.th
www.lib.kbtc.ac.th
www.bc.kbtc.ac.th
www.cl.kbtc.ac.th
www.rms.kbtc.ac.th
www.ns.kbtc.ac.th
www.it.kbtc.ac.th
www.kbtc.ac.th
www.ntc.nbtc.ac.th
www.dpm.nbtc.ac.th
www.nbtc.ac.th
www.ns1.pbtc.ac.th
www.e-com.pbtc.ac.th
www.pbtc.ac.th
www.sbtc.ac.th
www.sbtc.ac.th
www.ctc.ac.th
www.veccr.ctc.ac.th
www.ns.ctc.ac.th
www.ctc.ac.th
www.bctc.ac.th
www.mail.bctc.ac.th
www.ns.kctc.ac.th
www.kctc.ac.th
www.pctc.ac.th
www.profile.pctc.ac.th
www.mail.profile.pctc.ac.th
www.ns.profile.pctc.ac.th
www.mail.pctc.ac.th
www.lms.pctc.ac.th
www.mail.lms.pctc.ac.th
www.ns.lms.pctc.ac.th
www.ns.pctc.ac.th
www.sctc.ac.th
www.ns1.sctc.ac.th
www.ns2.sctc.ac.th
www.sctc.ac.th
www.dtc.ac.th
www.reg.dtc.ac.th
www.lms.dtc.ac.th
www.dtc.ac.th
www.library.dtc.ac.th
www.reg.cdtc.ac.th
www.cdtc.ac.th
www.elibrary.cdtc.ac.th
www.elibrary.cdtc.ac.th
www.kdtc.ac.th
www.email.kdtc.ac.th
www.forum.kdtc.ac.th
www.lms.kdtc.ac.th
www.rms.kdtc.ac.th
www.kdtc.ac.th
www.sdtc.ac.th
www.ns1.sdtc.ac.th
www.mail.ns1.sdtc.ac.th
www.ns2.sdtc.ac.th
www.sdtc.ac.th
www.netc.ac.th
www.sisa.netc.ac.th
www.bc.netc.ac.th
www.payroll.netc.ac.th
www.it.netc.ac.th
www.netc.ac.th
www.retc.ac.th
www.mail.retc.ac.th
www.retc.ac.th
www.lampangtc.ac.th
www.ns1.lampangtc.ac.th
www.ns2.lampangtc.ac.th
www.rms.lampangtc.ac.th
www.lampangtc.ac.th
www.htc.ac.th
www.ns2.htc.ac.th
www.rad.htc.ac.th
www.itd.htc.ac.th
www.kampol.htc.ac.th
www.rms.htc.ac.th
www.htc.ac.th
www.aitc.ac.th
www.aitc.ac.th
www.sukhothaitc.ac.th
www.sukhothaitc.ac.th
www.pjtc.ac.th
www.ktc.ac.th
www.taktc.ac.th
www.nktc.ac.th
www.learning.pktc.ac.th
www.rms.pktc.ac.th
www.edltv.pktc.ac.th
www.pktc.ac.th
www.sktc.ac.th
www.mail.sktc.ac.th
www.ns.sktc.ac.th
www.ltc.ac.th
www.dns.ltc.ac.th
www.ltc.ac.th
www.cltc.ac.th
www.rms.cltc.ac.th
www.pltc.ac.th
www.ns2.pltc.ac.th
www.pltc.ac.th
www.ns3.pltc.ac.th
www.ns4.pltc.ac.th
www.elec.pltc.ac.th
www.noc.pltc.ac.th
www.mail.pltc.ac.th
www.rms.pltc.ac.th
